{"/home/ubuntu/workspace/entity-ci-core/index.js":{"path":"/home/ubuntu/workspace/entity-ci-core/index.js","s":{"1":1,"2":1,"3":1,"4":1,"5":1,"6":48,"7":48,"8":41,"9":7,"10":7,"11":0,"12":1,"13":1},"b":{"1":[41,7],"2":[7,0]},"f":{"1":1,"2":48},"fnMap":{"1":{"name":"(anonymous_1)","line":22,"loc":{"start":{"line":22,"column":28},"end":{"line":22,"column":40}}},"2":{"name":"(anonymous_2)","line":29,"loc":{"start":{"line":29,"column":30},"end":{"line":29,"column":44}}}},"statementMap":{"1":{"start":{"line":15,"column":0},"end":{"line":15,"column":26}},"2":{"start":{"line":17,"column":0},"end":{"line":19,"column":33}},"3":{"start":{"line":22,"column":0},"end":{"line":26,"column":3}},"4":{"start":{"line":25,"column":2},"end":{"line":25,"column":56}},"5":{"start":{"line":29,"column":0},"end":{"line":40,"column":3}},"6":{"start":{"line":32,"column":2},"end":{"line":32,"column":79}},"7":{"start":{"line":33,"column":2},"end":{"line":37,"column":3}},"8":{"start":{"line":34,"column":4},"end":{"line":34,"column":28}},"9":{"start":{"line":35,"column":9},"end":{"line":37,"column":3}},"10":{"start":{"line":36,"column":4},"end":{"line":36,"column":43}},"11":{"start":{"line":39,"column":2},"end":{"line":39,"column":15}},"12":{"start":{"line":42,"column":0},"end":{"line":42,"column":36}},"13":{"start":{"line":43,"column":0},"end":{"line":43,"column":58}}},"branchMap":{"1":{"line":33,"type":"if","locations":[{"start":{"line":33,"column":2},"end":{"line":33,"column":2}},{"start":{"line":33,"column":2},"end":{"line":33,"column":2}}]},"2":{"line":35,"type":"if","locations":[{"start":{"line":35,"column":9},"end":{"line":35,"column":9}},{"start":{"line":35,"column":9},"end":{"line":35,"column":9}}]}}},"/home/ubuntu/workspace/entity-ci-core/lib/index.js":{"path":"/home/ubuntu/workspace/entity-ci-core/lib/index.js","s":{"1":1,"2":1,"3":1,"4":1,"5":10,"6":10,"7":10,"8":10,"9":4,"10":10,"11":1,"12":1,"13":1,"14":1,"15":0,"16":1,"17":1,"18":6,"19":0,"20":1,"21":1,"22":1,"23":1,"24":6,"25":6,"26":6,"27":6,"28":6,"29":6,"30":6,"31":6,"32":6,"33":1,"34":4,"35":4,"36":1,"37":1,"38":1,"39":1,"40":1,"41":1,"42":1,"43":1,"44":1,"45":1,"46":1,"47":1,"48":1,"49":1,"50":1,"51":2,"52":2,"53":2,"54":2,"55":1,"56":2,"57":1,"58":1,"59":2,"60":1,"61":2,"62":1,"63":2,"64":2,"65":1,"66":2,"67":2,"68":4,"69":0,"70":68,"71":7,"72":0,"73":1,"74":1,"75":1},"b":{"1":[10,10],"2":[4,6],"3":[1,0],"4":[0,1],"5":[0,6],"6":[0,1],"7":[0,1],"8":[1,1],"9":[1,1]},"f":{"1":1,"2":1,"3":1,"4":6,"5":1,"6":6,"7":4,"8":1,"9":1,"10":1,"11":1,"12":1,"13":1,"14":1,"15":1,"16":2,"17":2,"18":1,"19":1,"20":1,"21":1,"22":2,"23":2,"24":4,"25":0,"26":68,"27":7,"28":0},"fnMap":{"1":{"name":"(anonymous_1)","line":28,"loc":{"start":{"line":28,"column":20},"end":{"line":28,"column":32}},"skip":true},"2":{"name":"defineProperties","line":28,"loc":{"start":{"line":28,"column":34},"end":{"line":28,"column":75}},"skip":true},"3":{"name":"(anonymous_3)","line":28,"loc":{"start":{"line":28,"column":358},"end":{"line":28,"column":406}},"skip":true},"4":{"name":"_classCallCheck","line":32,"loc":{"start":{"line":32,"column":0},"end":{"line":32,"column":48}},"skip":true},"5":{"name":"(anonymous_5)","line":62,"loc":{"start":{"line":62,"column":20},"end":{"line":62,"column":32}}},"6":{"name":"EntityCICore","line":68,"loc":{"start":{"line":68,"column":2},"end":{"line":68,"column":26}}},"7":{"name":"_loadConfig","line":100,"loc":{"start":{"line":100,"column":11},"end":{"line":100,"column":48}}},"8":{"name":"_connectToMongo","line":116,"loc":{"start":{"line":116,"column":11},"end":{"line":116,"column":42}}},"9":{"name":"connect","line":122,"loc":{"start":{"line":122,"column":6},"end":{"line":122,"column":29}}},"10":{"name":"(anonymous_10)","line":123,"loc":{"start":{"line":123,"column":15},"end":{"line":123,"column":31}}},"11":{"name":"(anonymous_11)","line":136,"loc":{"start":{"line":136,"column":26},"end":{"line":136,"column":41}}},"12":{"name":"_plugins","line":150,"loc":{"start":{"line":150,"column":11},"end":{"line":150,"column":35}}},"13":{"name":"(anonymous_13)","line":156,"loc":{"start":{"line":156,"column":17},"end":{"line":156,"column":33}}},"14":{"name":"(anonymous_14)","line":160,"loc":{"start":{"line":160,"column":17},"end":{"line":160,"column":33}}},"15":{"name":"(anonymous_15)","line":164,"loc":{"start":{"line":164,"column":26},"end":{"line":164,"column":41}}},"16":{"name":"initialize","line":178,"loc":{"start":{"line":178,"column":11},"end":{"line":178,"column":47}}},"17":{"name":"(anonymous_17)","line":184,"loc":{"start":{"line":184,"column":17},"end":{"line":184,"column":33}}},"18":{"name":"(anonymous_18)","line":188,"loc":{"start":{"line":188,"column":17},"end":{"line":188,"column":33}}},"19":{"name":"(anonymous_19)","line":192,"loc":{"start":{"line":192,"column":17},"end":{"line":192,"column":33}}},"20":{"name":"(anonymous_20)","line":197,"loc":{"start":{"line":197,"column":17},"end":{"line":197,"column":33}}},"21":{"name":"(anonymous_21)","line":201,"loc":{"start":{"line":201,"column":17},"end":{"line":201,"column":33}}},"22":{"name":"(anonymous_22)","line":207,"loc":{"start":{"line":207,"column":26},"end":{"line":207,"column":41}}},"23":{"name":"get","line":217,"loc":{"start":{"line":217,"column":9},"end":{"line":217,"column":24}}},"24":{"name":"get","line":230,"loc":{"start":{"line":230,"column":9},"end":{"line":230,"column":24}}},"25":{"name":"get","line":243,"loc":{"start":{"line":243,"column":9},"end":{"line":243,"column":24}}},"26":{"name":"get","line":256,"loc":{"start":{"line":256,"column":9},"end":{"line":256,"column":24}}},"27":{"name":"get","line":269,"loc":{"start":{"line":269,"column":9},"end":{"line":269,"column":24}}},"28":{"name":"get","line":282,"loc":{"start":{"line":282,"column":9},"end":{"line":282,"column":24}}}},"statementMap":{"1":{"start":{"line":23,"column":0},"end":{"line":25,"column":3}},"2":{"start":{"line":28,"column":0},"end":{"line":28,"column":566},"skip":true},"3":{"start":{"line":28,"column":34},"end":{"line":28,"column":350},"skip":true},"4":{"start":{"line":28,"column":77},"end":{"line":28,"column":348},"skip":true},"5":{"start":{"line":28,"column":118},"end":{"line":28,"column":144},"skip":true},"6":{"start":{"line":28,"column":145},"end":{"line":28,"column":200},"skip":true},"7":{"start":{"line":28,"column":201},"end":{"line":28,"column":232},"skip":true},"8":{"start":{"line":28,"column":233},"end":{"line":28,"column":287},"skip":true},"9":{"start":{"line":28,"column":260},"end":{"line":28,"column":287},"skip":true},"10":{"start":{"line":28,"column":288},"end":{"line":28,"column":346},"skip":true},"11":{"start":{"line":28,"column":351},"end":{"line":28,"column":560},"skip":true},"12":{"start":{"line":28,"column":408},"end":{"line":28,"column":476},"skip":true},"13":{"start":{"line":28,"column":424},"end":{"line":28,"column":476},"skip":true},"14":{"start":{"line":28,"column":477},"end":{"line":28,"column":537},"skip":true},"15":{"start":{"line":28,"column":494},"end":{"line":28,"column":537},"skip":true},"16":{"start":{"line":28,"column":538},"end":{"line":28,"column":557},"skip":true},"17":{"start":{"line":32,"column":0},"end":{"line":32,"column":153},"skip":true},"18":{"start":{"line":32,"column":50},"end":{"line":32,"column":151},"skip":true},"19":{"start":{"line":32,"column":92},"end":{"line":32,"column":149},"skip":true},"20":{"start":{"line":34,"column":0},"end":{"line":44,"column":53}},"21":{"start":{"line":46,"column":0},"end":{"line":54,"column":58}},"22":{"start":{"line":62,"column":0},"end":{"line":290,"column":5}},"23":{"start":{"line":68,"column":2},"end":{"line":81,"column":3}},"24":{"start":{"line":71,"column":4},"end":{"line":71,"column":40}},"25":{"start":{"line":73,"column":4},"end":{"line":73,"column":33}},"26":{"start":{"line":74,"column":4},"end":{"line":74,"column":25}},"27":{"start":{"line":75,"column":4},"end":{"line":75,"column":37}},"28":{"start":{"line":76,"column":4},"end":{"line":76,"column":41}},"29":{"start":{"line":77,"column":4},"end":{"line":77,"column":41}},"30":{"start":{"line":78,"column":4},"end":{"line":78,"column":45}},"31":{"start":{"line":79,"column":4},"end":{"line":79,"column":47}},"32":{"start":{"line":80,"column":4},"end":{"line":80,"column":100}},"33":{"start":{"line":89,"column":2},"end":{"line":287,"column":6}},"34":{"start":{"line":103,"column":6},"end":{"line":103,"column":43}},"35":{"start":{"line":104,"column":6},"end":{"line":104,"column":31}},"36":{"start":{"line":119,"column":6},"end":{"line":120,"column":21}},"37":{"start":{"line":122,"column":6},"end":{"line":131,"column":7}},"38":{"start":{"line":123,"column":8},"end":{"line":130,"column":10}},"39":{"start":{"line":124,"column":10},"end":{"line":127,"column":14}},"40":{"start":{"line":129,"column":10},"end":{"line":129,"column":17}},"41":{"start":{"line":134,"column":6},"end":{"line":134,"column":37}},"42":{"start":{"line":136,"column":6},"end":{"line":138,"column":9}},"43":{"start":{"line":137,"column":8},"end":{"line":137,"column":31}},"44":{"start":{"line":153,"column":6},"end":{"line":154,"column":21}},"45":{"start":{"line":156,"column":6},"end":{"line":158,"column":9}},"46":{"start":{"line":157,"column":8},"end":{"line":157,"column":111}},"47":{"start":{"line":160,"column":6},"end":{"line":162,"column":9}},"48":{"start":{"line":161,"column":8},"end":{"line":161,"column":84}},"49":{"start":{"line":164,"column":6},"end":{"line":166,"column":9}},"50":{"start":{"line":165,"column":8},"end":{"line":165,"column":31}},"51":{"start":{"line":181,"column":6},"end":{"line":182,"column":21}},"52":{"start":{"line":184,"column":6},"end":{"line":186,"column":9}},"53":{"start":{"line":185,"column":8},"end":{"line":185,"column":39}},"54":{"start":{"line":188,"column":6},"end":{"line":190,"column":9}},"55":{"start":{"line":189,"column":8},"end":{"line":189,"column":33}},"56":{"start":{"line":192,"column":6},"end":{"line":195,"column":9}},"57":{"start":{"line":193,"column":8},"end":{"line":193,"column":48}},"58":{"start":{"line":194,"column":8},"end":{"line":194,"column":68}},"59":{"start":{"line":197,"column":6},"end":{"line":199,"column":9}},"60":{"start":{"line":198,"column":8},"end":{"line":198,"column":26}},"61":{"start":{"line":201,"column":6},"end":{"line":205,"column":9}},"62":{"start":{"line":202,"column":8},"end":{"line":204,"column":11}},"63":{"start":{"line":207,"column":6},"end":{"line":213,"column":9}},"64":{"start":{"line":208,"column":8},"end":{"line":210,"column":9}},"65":{"start":{"line":209,"column":10},"end":{"line":209,"column":36}},"66":{"start":{"line":212,"column":8},"end":{"line":212,"column":31}},"67":{"start":{"line":220,"column":6},"end":{"line":220,"column":34}},"68":{"start":{"line":233,"column":6},"end":{"line":233,"column":27}},"69":{"start":{"line":246,"column":6},"end":{"line":246,"column":27}},"70":{"start":{"line":259,"column":6},"end":{"line":259,"column":29}},"71":{"start":{"line":272,"column":6},"end":{"line":272,"column":33}},"72":{"start":{"line":285,"column":6},"end":{"line":285,"column":34}},"73":{"start":{"line":289,"column":2},"end":{"line":289,"column":22}},"74":{"start":{"line":292,"column":0},"end":{"line":292,"column":34}},"75":{"start":{"line":293,"column":0},"end":{"line":293,"column":36}}},"branchMap":{"1":{"line":28,"type":"binary-expr","locations":[{"start":{"line":28,"column":169},"end":{"line":28,"column":190},"skip":true},{"start":{"line":28,"column":194},"end":{"line":28,"column":199},"skip":true}]},"2":{"line":28,"type":"if","locations":[{"start":{"line":28,"column":233},"end":{"line":28,"column":233},"skip":true},{"start":{"line":28,"column":233},"end":{"line":28,"column":233},"skip":true}]},"3":{"line":28,"type":"if","locations":[{"start":{"line":28,"column":408},"end":{"line":28,"column":408},"skip":true},{"start":{"line":28,"column":408},"end":{"line":28,"column":408},"skip":true}]},"4":{"line":28,"type":"if","locations":[{"start":{"line":28,"column":477},"end":{"line":28,"column":477},"skip":true},{"start":{"line":28,"column":477},"end":{"line":28,"column":477},"skip":true}]},"5":{"line":32,"type":"if","locations":[{"start":{"line":32,"column":50},"end":{"line":32,"column":50},"skip":true},{"start":{"line":32,"column":50},"end":{"line":32,"column":50},"skip":true}]},"6":{"line":137,"type":"cond-expr","locations":[{"start":{"line":137,"column":19},"end":{"line":137,"column":22}},{"start":{"line":137,"column":25},"end":{"line":137,"column":29}}]},"7":{"line":165,"type":"cond-expr","locations":[{"start":{"line":165,"column":19},"end":{"line":165,"column":22}},{"start":{"line":165,"column":25},"end":{"line":165,"column":29}}]},"8":{"line":208,"type":"if","locations":[{"start":{"line":208,"column":8},"end":{"line":208,"column":8}},{"start":{"line":208,"column":8},"end":{"line":208,"column":8}}]},"9":{"line":212,"type":"cond-expr","locations":[{"start":{"line":212,"column":19},"end":{"line":212,"column":22}},{"start":{"line":212,"column":25},"end":{"line":212,"column":29}}]}}},"/home/ubuntu/workspace/entity-ci-core/lib/Utils/Config.js":{"path":"/home/ubuntu/workspace/entity-ci-core/lib/Utils/Config.js","s":{"1":1,"2":1,"3":1,"4":1,"5":3,"6":3,"7":3,"8":3,"9":2,"10":3,"11":1,"12":1,"13":1,"14":1,"15":0,"16":1,"17":1,"18":25,"19":25,"20":25,"21":25,"22":25,"23":25,"24":25,"25":0,"26":25,"27":25,"28":0,"29":0,"30":0,"31":0,"32":0,"33":0,"34":0,"35":0,"36":25,"37":25,"38":0,"39":0,"40":0,"41":0,"42":1,"43":25,"44":0,"45":1,"46":1,"47":0,"48":1,"49":1,"50":1,"51":1,"52":1,"53":1,"54":1,"55":1,"56":25,"57":25,"58":25,"59":1,"60":3,"61":3,"62":8,"63":1,"64":7,"65":7,"66":7,"67":1,"68":6,"69":6,"70":5,"71":1,"72":20,"73":1,"74":1,"75":1},"b":{"1":[3,3],"2":[2,1],"3":[1,0],"4":[0,1],"5":[0,25],"6":[0,25],"7":[0,0],"8":[25,0],"9":[0,0],"10":[0,25],"11":[0,1],"12":[1,0],"13":[1,1],"14":[1,0],"15":[1,0],"16":[1,2],"17":[1,7],"18":[1,6]},"f":{"1":1,"2":1,"3":1,"4":25,"5":25,"6":1,"7":1,"8":25,"9":3,"10":3,"11":8,"12":7,"13":20},"fnMap":{"1":{"name":"(anonymous_1)","line":28,"loc":{"start":{"line":28,"column":20},"end":{"line":28,"column":32}},"skip":true},"2":{"name":"defineProperties","line":28,"loc":{"start":{"line":28,"column":34},"end":{"line":28,"column":75}},"skip":true},"3":{"name":"(anonymous_3)","line":28,"loc":{"start":{"line":28,"column":358},"end":{"line":28,"column":406}},"skip":true},"4":{"name":"get","line":32,"loc":{"start":{"line":32,"column":11},"end":{"line":32,"column":38}},"skip":true},"5":{"name":"_classCallCheck","line":36,"loc":{"start":{"line":36,"column":0},"end":{"line":36,"column":48}},"skip":true},"6":{"name":"_inherits","line":40,"loc":{"start":{"line":40,"column":0},"end":{"line":40,"column":41}},"skip":true},"7":{"name":"(anonymous_7)","line":54,"loc":{"start":{"line":54,"column":14},"end":{"line":54,"column":31}}},"8":{"name":"Config","line":63,"loc":{"start":{"line":63,"column":2},"end":{"line":63,"column":28}}},"9":{"name":"save","line":87,"loc":{"start":{"line":87,"column":11},"end":{"line":87,"column":31}}},"10":{"name":"(anonymous_10)","line":90,"loc":{"start":{"line":90,"column":61},"end":{"line":90,"column":76}}},"11":{"name":"load","line":103,"loc":{"start":{"line":103,"column":11},"end":{"line":103,"column":31}}},"12":{"name":"(anonymous_12)","line":111,"loc":{"start":{"line":111,"column":33},"end":{"line":111,"column":54}}},"13":{"name":"get","line":126,"loc":{"start":{"line":126,"column":9},"end":{"line":126,"column":24}}}},"statementMap":{"1":{"start":{"line":23,"column":0},"end":{"line":25,"column":3}},"2":{"start":{"line":28,"column":0},"end":{"line":28,"column":566},"skip":true},"3":{"start":{"line":28,"column":34},"end":{"line":28,"column":350},"skip":true},"4":{"start":{"line":28,"column":77},"end":{"line":28,"column":348},"skip":true},"5":{"start":{"line":28,"column":118},"end":{"line":28,"column":144},"skip":true},"6":{"start":{"line":28,"column":145},"end":{"line":28,"column":200},"skip":true},"7":{"start":{"line":28,"column":201},"end":{"line":28,"column":232},"skip":true},"8":{"start":{"line":28,"column":233},"end":{"line":28,"column":287},"skip":true},"9":{"start":{"line":28,"column":260},"end":{"line":28,"column":287},"skip":true},"10":{"start":{"line":28,"column":288},"end":{"line":28,"column":346},"skip":true},"11":{"start":{"line":28,"column":351},"end":{"line":28,"column":560},"skip":true},"12":{"start":{"line":28,"column":408},"end":{"line":28,"column":476},"skip":true},"13":{"start":{"line":28,"column":424},"end":{"line":28,"column":476},"skip":true},"14":{"start":{"line":28,"column":477},"end":{"line":28,"column":537},"skip":true},"15":{"start":{"line":28,"column":494},"end":{"line":28,"column":537},"skip":true},"16":{"start":{"line":28,"column":538},"end":{"line":28,"column":557},"skip":true},"17":{"start":{"line":32,"column":0},"end":{"line":32,"column":667},"skip":true},"18":{"start":{"line":32,"column":40},"end":{"line":32,"column":58},"skip":true},"19":{"start":{"line":32,"column":59},"end":{"line":32,"column":664},"skip":true},"20":{"start":{"line":32,"column":70},"end":{"line":32,"column":664},"skip":true},"21":{"start":{"line":32,"column":87},"end":{"line":32,"column":135},"skip":true},"22":{"start":{"line":32,"column":136},"end":{"line":32,"column":171},"skip":true},"23":{"start":{"line":32,"column":172},"end":{"line":32,"column":187},"skip":true},"24":{"start":{"line":32,"column":188},"end":{"line":32,"column":237},"skip":true},"25":{"start":{"line":32,"column":209},"end":{"line":32,"column":237},"skip":true},"26":{"start":{"line":32,"column":238},"end":{"line":32,"column":299},"skip":true},"27":{"start":{"line":32,"column":300},"end":{"line":32,"column":662},"skip":true},"28":{"start":{"line":32,"column":326},"end":{"line":32,"column":369},"skip":true},"29":{"start":{"line":32,"column":370},"end":{"line":32,"column":501},"skip":true},"30":{"start":{"line":32,"column":393},"end":{"line":32,"column":410},"skip":true},"31":{"start":{"line":32,"column":420},"end":{"line":32,"column":432},"skip":true},"32":{"start":{"line":32,"column":433},"end":{"line":32,"column":448},"skip":true},"33":{"start":{"line":32,"column":449},"end":{"line":32,"column":464},"skip":true},"34":{"start":{"line":32,"column":465},"end":{"line":32,"column":479},"skip":true},"35":{"start":{"line":32,"column":480},"end":{"line":32,"column":499},"skip":true},"36":{"start":{"line":32,"column":509},"end":{"line":32,"column":662},"skip":true},"37":{"start":{"line":32,"column":532},"end":{"line":32,"column":550},"skip":true},"38":{"start":{"line":32,"column":560},"end":{"line":32,"column":582},"skip":true},"39":{"start":{"line":32,"column":583},"end":{"line":32,"column":630},"skip":true},"40":{"start":{"line":32,"column":611},"end":{"line":32,"column":628},"skip":true},"41":{"start":{"line":32,"column":631},"end":{"line":32,"column":660},"skip":true},"42":{"start":{"line":36,"column":0},"end":{"line":36,"column":153},"skip":true},"43":{"start":{"line":36,"column":50},"end":{"line":36,"column":151},"skip":true},"44":{"start":{"line":36,"column":92},"end":{"line":36,"column":149},"skip":true},"45":{"start":{"line":40,"column":0},"end":{"line":40,"column":494},"skip":true},"46":{"start":{"line":40,"column":43},"end":{"line":40,"column":208},"skip":true},"47":{"start":{"line":40,"column":106},"end":{"line":40,"column":206},"skip":true},"48":{"start":{"line":40,"column":209},"end":{"line":40,"column":373},"skip":true},"49":{"start":{"line":40,"column":374},"end":{"line":40,"column":492},"skip":true},"50":{"start":{"line":40,"column":390},"end":{"line":40,"column":492},"skip":true},"51":{"start":{"line":42,"column":0},"end":{"line":44,"column":41}},"52":{"start":{"line":46,"column":0},"end":{"line":46,"column":48}},"53":{"start":{"line":54,"column":0},"end":{"line":134,"column":9}},"54":{"start":{"line":55,"column":2},"end":{"line":55,"column":27}},"55":{"start":{"line":63,"column":2},"end":{"line":70,"column":3}},"56":{"start":{"line":66,"column":4},"end":{"line":66,"column":34}},"57":{"start":{"line":68,"column":4},"end":{"line":68,"column":93}},"58":{"start":{"line":69,"column":4},"end":{"line":69,"column":37}},"59":{"start":{"line":78,"column":2},"end":{"line":131,"column":6}},"60":{"start":{"line":90,"column":6},"end":{"line":92,"column":9}},"61":{"start":{"line":91,"column":8},"end":{"line":91,"column":31}},"62":{"start":{"line":106,"column":6},"end":{"line":108,"column":7}},"63":{"start":{"line":107,"column":8},"end":{"line":107,"column":33}},"64":{"start":{"line":110,"column":6},"end":{"line":110,"column":20}},"65":{"start":{"line":111,"column":6},"end":{"line":122,"column":9}},"66":{"start":{"line":112,"column":8},"end":{"line":114,"column":9}},"67":{"start":{"line":113,"column":10},"end":{"line":113,"column":27}},"68":{"start":{"line":116,"column":8},"end":{"line":121,"column":9}},"69":{"start":{"line":117,"column":10},"end":{"line":117,"column":37}},"70":{"start":{"line":118,"column":10},"end":{"line":118,"column":21}},"71":{"start":{"line":120,"column":10},"end":{"line":120,"column":18}},"72":{"start":{"line":129,"column":6},"end":{"line":129,"column":35}},"73":{"start":{"line":133,"column":2},"end":{"line":133,"column":16}},"74":{"start":{"line":136,"column":0},"end":{"line":136,"column":28}},"75":{"start":{"line":137,"column":0},"end":{"line":137,"column":36}}},"branchMap":{"1":{"line":28,"type":"binary-expr","locations":[{"start":{"line":28,"column":169},"end":{"line":28,"column":190},"skip":true},{"start":{"line":28,"column":194},"end":{"line":28,"column":199},"skip":true}]},"2":{"line":28,"type":"if","locations":[{"start":{"line":28,"column":233},"end":{"line":28,"column":233},"skip":true},{"start":{"line":28,"column":233},"end":{"line":28,"column":233},"skip":true}]},"3":{"line":28,"type":"if","locations":[{"start":{"line":28,"column":408},"end":{"line":28,"column":408},"skip":true},{"start":{"line":28,"column":408},"end":{"line":28,"column":408},"skip":true}]},"4":{"line":28,"type":"if","locations":[{"start":{"line":28,"column":477},"end":{"line":28,"column":477},"skip":true},{"start":{"line":28,"column":477},"end":{"line":28,"column":477},"skip":true}]},"5":{"line":32,"type":"if","locations":[{"start":{"line":32,"column":188},"end":{"line":32,"column":188},"skip":true},{"start":{"line":32,"column":188},"end":{"line":32,"column":188},"skip":true}]},"6":{"line":32,"type":"if","locations":[{"start":{"line":32,"column":300},"end":{"line":32,"column":300},"skip":true},{"start":{"line":32,"column":300},"end":{"line":32,"column":300},"skip":true}]},"7":{"line":32,"type":"if","locations":[{"start":{"line":32,"column":370},"end":{"line":32,"column":370},"skip":true},{"start":{"line":32,"column":370},"end":{"line":32,"column":370},"skip":true}]},"8":{"line":32,"type":"if","locations":[{"start":{"line":32,"column":509},"end":{"line":32,"column":509},"skip":true},{"start":{"line":32,"column":509},"end":{"line":32,"column":509},"skip":true}]},"9":{"line":32,"type":"if","locations":[{"start":{"line":32,"column":583},"end":{"line":32,"column":583},"skip":true},{"start":{"line":32,"column":583},"end":{"line":32,"column":583},"skip":true}]},"10":{"line":36,"type":"if","locations":[{"start":{"line":36,"column":50},"end":{"line":36,"column":50},"skip":true},{"start":{"line":36,"column":50},"end":{"line":36,"column":50},"skip":true}]},"11":{"line":40,"type":"if","locations":[{"start":{"line":40,"column":43},"end":{"line":40,"column":43},"skip":true},{"start":{"line":40,"column":43},"end":{"line":40,"column":43},"skip":true}]},"12":{"line":40,"type":"binary-expr","locations":[{"start":{"line":40,"column":47},"end":{"line":40,"column":79},"skip":true},{"start":{"line":40,"column":83},"end":{"line":40,"column":102},"skip":true}]},"13":{"line":40,"type":"binary-expr","locations":[{"start":{"line":40,"column":244},"end":{"line":40,"column":254},"skip":true},{"start":{"line":40,"column":258},"end":{"line":40,"column":278},"skip":true}]},"14":{"line":40,"type":"if","locations":[{"start":{"line":40,"column":374},"end":{"line":40,"column":374},"skip":true},{"start":{"line":40,"column":374},"end":{"line":40,"column":374},"skip":true}]},"15":{"line":40,"type":"cond-expr","locations":[{"start":{"line":40,"column":414},"end":{"line":40,"column":457},"skip":true},{"start":{"line":40,"column":460},"end":{"line":40,"column":491},"skip":true}]},"16":{"line":91,"type":"cond-expr","locations":[{"start":{"line":91,"column":19},"end":{"line":91,"column":22}},{"start":{"line":91,"column":25},"end":{"line":91,"column":29}}]},"17":{"line":106,"type":"if","locations":[{"start":{"line":106,"column":6},"end":{"line":106,"column":6}},{"start":{"line":106,"column":6},"end":{"line":106,"column":6}}]},"18":{"line":112,"type":"if","locations":[{"start":{"line":112,"column":8},"end":{"line":112,"column":8}},{"start":{"line":112,"column":8},"end":{"line":112,"column":8}}]}}},"/home/ubuntu/workspace/entity-ci-core/lib/Utils/Data.js":{"path":"/home/ubuntu/workspace/entity-ci-core/lib/Utils/Data.js","s":{"1":1,"2":1,"3":1,"4":1,"5":7,"6":7,"7":7,"8":7,"9":5,"10":7,"11":1,"12":1,"13":1,"14":1,"15":0,"16":1,"17":1,"18":48,"19":0,"20":1,"21":1,"22":1,"23":48,"24":48,"25":48,"26":1,"27":41,"28":10,"29":10,"30":10,"31":16,"32":11,"33":16,"34":16,"35":16,"36":7,"37":7,"38":5,"39":5,"40":7,"41":7,"42":8,"43":8,"44":81,"45":5,"46":2,"47":1,"48":1,"49":1},"b":{"1":[7,7],"2":[5,2],"3":[1,0],"4":[0,1],"5":[0,48],"6":[48,25],"7":[48,22],"8":[11,5],"9":[2,3]},"f":{"1":1,"2":1,"3":1,"4":48,"5":1,"6":48,"7":41,"8":10,"9":16,"10":7,"11":8,"12":81,"13":5,"14":2},"fnMap":{"1":{"name":"(anonymous_1)","line":28,"loc":{"start":{"line":28,"column":20},"end":{"line":28,"column":32}},"skip":true},"2":{"name":"defineProperties","line":28,"loc":{"start":{"line":28,"column":34},"end":{"line":28,"column":75}},"skip":true},"3":{"name":"(anonymous_3)","line":28,"loc":{"start":{"line":28,"column":358},"end":{"line":28,"column":406}},"skip":true},"4":{"name":"_classCallCheck","line":32,"loc":{"start":{"line":32,"column":0},"end":{"line":32,"column":48}},"skip":true},"5":{"name":"(anonymous_5)","line":41,"loc":{"start":{"line":41,"column":12},"end":{"line":41,"column":24}}},"6":{"name":"Data","line":52,"loc":{"start":{"line":52,"column":2},"end":{"line":52,"column":27}}},"7":{"name":"_nameToXPath","line":78,"loc":{"start":{"line":78,"column":11},"end":{"line":78,"column":39}}},"8":{"name":"has","line":92,"loc":{"start":{"line":92,"column":11},"end":{"line":92,"column":30}}},"9":{"name":"get","line":119,"loc":{"start":{"line":119,"column":11},"end":{"line":119,"column":35}}},"10":{"name":"set","line":152,"loc":{"start":{"line":152,"column":11},"end":{"line":152,"column":37}}},"11":{"name":"del","line":185,"loc":{"start":{"line":185,"column":11},"end":{"line":185,"column":30}}},"12":{"name":"get","line":197,"loc":{"start":{"line":197,"column":9},"end":{"line":197,"column":24}}},"13":{"name":"set","line":208,"loc":{"start":{"line":208,"column":9},"end":{"line":208,"column":28}}},"14":{"name":"get","line":221,"loc":{"start":{"line":221,"column":9},"end":{"line":221,"column":24}}}},"statementMap":{"1":{"start":{"line":23,"column":0},"end":{"line":25,"column":3}},"2":{"start":{"line":28,"column":0},"end":{"line":28,"column":566},"skip":true},"3":{"start":{"line":28,"column":34},"end":{"line":28,"column":350},"skip":true},"4":{"start":{"line":28,"column":77},"end":{"line":28,"column":348},"skip":true},"5":{"start":{"line":28,"column":118},"end":{"line":28,"column":144},"skip":true},"6":{"start":{"line":28,"column":145},"end":{"line":28,"column":200},"skip":true},"7":{"start":{"line":28,"column":201},"end":{"line":28,"column":232},"skip":true},"8":{"start":{"line":28,"column":233},"end":{"line":28,"column":287},"skip":true},"9":{"start":{"line":28,"column":260},"end":{"line":28,"column":287},"skip":true},"10":{"start":{"line":28,"column":288},"end":{"line":28,"column":346},"skip":true},"11":{"start":{"line":28,"column":351},"end":{"line":28,"column":560},"skip":true},"12":{"start":{"line":28,"column":408},"end":{"line":28,"column":476},"skip":true},"13":{"start":{"line":28,"column":424},"end":{"line":28,"column":476},"skip":true},"14":{"start":{"line":28,"column":477},"end":{"line":28,"column":537},"skip":true},"15":{"start":{"line":28,"column":494},"end":{"line":28,"column":537},"skip":true},"16":{"start":{"line":28,"column":538},"end":{"line":28,"column":557},"skip":true},"17":{"start":{"line":32,"column":0},"end":{"line":32,"column":153},"skip":true},"18":{"start":{"line":32,"column":50},"end":{"line":32,"column":151},"skip":true},"19":{"start":{"line":32,"column":92},"end":{"line":32,"column":149},"skip":true},"20":{"start":{"line":34,"column":0},"end":{"line":35,"column":30}},"21":{"start":{"line":41,"column":0},"end":{"line":229,"column":5}},"22":{"start":{"line":52,"column":2},"end":{"line":59,"column":3}},"23":{"start":{"line":55,"column":4},"end":{"line":55,"column":32}},"24":{"start":{"line":57,"column":4},"end":{"line":57,"column":29}},"25":{"start":{"line":58,"column":4},"end":{"line":58,"column":28}},"26":{"start":{"line":67,"column":2},"end":{"line":226,"column":6}},"27":{"start":{"line":81,"column":6},"end":{"line":81,"column":49}},"28":{"start":{"line":95,"column":6},"end":{"line":95,"column":22}},"29":{"start":{"line":99,"column":6},"end":{"line":103,"column":8}},"30":{"start":{"line":106,"column":6},"end":{"line":106,"column":17}},"31":{"start":{"line":122,"column":6},"end":{"line":124,"column":7}},"32":{"start":{"line":123,"column":8},"end":{"line":123,"column":19}},"33":{"start":{"line":126,"column":6},"end":{"line":127,"column":14}},"34":{"start":{"line":131,"column":6},"end":{"line":137,"column":8}},"35":{"start":{"line":140,"column":6},"end":{"line":140,"column":17}},"36":{"start":{"line":155,"column":6},"end":{"line":156,"column":21}},"37":{"start":{"line":158,"column":6},"end":{"line":167,"column":7}},"38":{"start":{"line":159,"column":8},"end":{"line":159,"column":47}},"39":{"start":{"line":163,"column":8},"end":{"line":165,"column":10}},"40":{"start":{"line":171,"column":6},"end":{"line":171,"column":68}},"41":{"start":{"line":174,"column":6},"end":{"line":174,"column":18}},"42":{"start":{"line":190,"column":6},"end":{"line":190,"column":67}},"43":{"start":{"line":193,"column":6},"end":{"line":193,"column":18}},"44":{"start":{"line":200,"column":6},"end":{"line":200,"column":25}},"45":{"start":{"line":211,"column":6},"end":{"line":211,"column":25}},"46":{"start":{"line":224,"column":6},"end":{"line":224,"column":24}},"47":{"start":{"line":228,"column":2},"end":{"line":228,"column":14}},"48":{"start":{"line":231,"column":0},"end":{"line":231,"column":26}},"49":{"start":{"line":232,"column":0},"end":{"line":232,"column":36}}},"branchMap":{"1":{"line":28,"type":"binary-expr","locations":[{"start":{"line":28,"column":169},"end":{"line":28,"column":190},"skip":true},{"start":{"line":28,"column":194},"end":{"line":28,"column":199},"skip":true}]},"2":{"line":28,"type":"if","locations":[{"start":{"line":28,"column":233},"end":{"line":28,"column":233},"skip":true},{"start":{"line":28,"column":233},"end":{"line":28,"column":233},"skip":true}]},"3":{"line":28,"type":"if","locations":[{"start":{"line":28,"column":408},"end":{"line":28,"column":408},"skip":true},{"start":{"line":28,"column":408},"end":{"line":28,"column":408},"skip":true}]},"4":{"line":28,"type":"if","locations":[{"start":{"line":28,"column":477},"end":{"line":28,"column":477},"skip":true},{"start":{"line":28,"column":477},"end":{"line":28,"column":477},"skip":true}]},"5":{"line":32,"type":"if","locations":[{"start":{"line":32,"column":50},"end":{"line":32,"column":50},"skip":true},{"start":{"line":32,"column":50},"end":{"line":32,"column":50},"skip":true}]},"6":{"line":57,"type":"binary-expr","locations":[{"start":{"line":57,"column":18},"end":{"line":57,"column":22}},{"start":{"line":57,"column":26},"end":{"line":57,"column":28}}]},"7":{"line":58,"type":"binary-expr","locations":[{"start":{"line":58,"column":17},"end":{"line":58,"column":20}},{"start":{"line":58,"column":24},"end":{"line":58,"column":27}}]},"8":{"line":122,"type":"if","locations":[{"start":{"line":122,"column":6},"end":{"line":122,"column":6}},{"start":{"line":122,"column":6},"end":{"line":122,"column":6}}]},"9":{"line":159,"type":"cond-expr","locations":[{"start":{"line":159,"column":26},"end":{"line":159,"column":32}},{"start":{"line":159,"column":35},"end":{"line":159,"column":37}}]}}},"/home/ubuntu/workspace/entity-ci-core/lib/Locale/index.js":{"path":"/home/ubuntu/workspace/entity-ci-core/lib/Locale/index.js","s":{"1":1,"2":1,"3":1,"4":1,"5":11,"6":11,"7":11,"8":11,"9":9,"10":11,"11":1,"12":1,"13":1,"14":1,"15":0,"16":1,"17":1,"18":18,"19":0,"20":1,"21":1,"22":1,"23":1,"24":18,"25":18,"26":18,"27":1,"28":2,"29":2,"30":2,"31":0,"32":2,"33":1,"34":0,"35":1,"36":2,"37":16,"38":16,"39":16,"40":11,"41":16,"42":20,"43":5,"44":15,"45":16,"46":0,"47":6,"48":6,"49":3,"50":3,"51":6,"52":64,"53":64,"54":35,"55":3,"56":3,"57":3,"58":64,"59":6,"60":16,"61":3,"62":1,"63":9,"64":9,"65":3,"66":3,"67":0,"68":3,"69":3,"70":9,"71":9,"72":9,"73":3,"74":3,"75":13,"76":1,"77":12,"78":2,"79":2,"80":1,"81":1,"82":2,"83":2,"84":2,"85":2,"86":5,"87":5,"88":5,"89":0,"90":5,"91":4,"92":5,"93":5,"94":3,"95":5,"96":5,"97":5,"98":4,"99":1,"100":4,"101":8,"102":5,"103":1,"104":1,"105":1},"b":{"1":[11,11],"2":[9,2],"3":[1,0],"4":[0,1],"5":[0,18],"6":[0,2],"7":[0,1],"8":[11,5],"9":[5,15],"10":[3,32],"11":[3,61],"12":[0,3],"13":[9,0],"14":[9,9],"15":[0,3],"16":[1,12],"17":[1,1],"18":[2,1],"19":[0,2],"20":[0,5],"21":[4,1],"22":[3,2],"23":[0,5],"24":[1,3],"25":[4,2]},"f":{"1":1,"2":1,"3":1,"4":18,"5":1,"6":18,"7":2,"8":2,"9":1,"10":16,"11":6,"12":16,"13":3,"14":9,"15":9,"16":3,"17":9,"18":3,"19":13,"20":2,"21":1,"22":2,"23":2,"24":5,"25":5,"26":5,"27":4,"28":8,"29":5},"fnMap":{"1":{"name":"(anonymous_1)","line":8,"loc":{"start":{"line":8,"column":20},"end":{"line":8,"column":32}},"skip":true},"2":{"name":"defineProperties","line":8,"loc":{"start":{"line":8,"column":34},"end":{"line":8,"column":75}},"skip":true},"3":{"name":"(anonymous_3)","line":8,"loc":{"start":{"line":8,"column":358},"end":{"line":8,"column":406}},"skip":true},"4":{"name":"_classCallCheck","line":12,"loc":{"start":{"line":12,"column":0},"end":{"line":12,"column":48}},"skip":true},"5":{"name":"(anonymous_5)","line":26,"loc":{"start":{"line":26,"column":14},"end":{"line":26,"column":26}}},"6":{"name":"Locale","line":34,"loc":{"start":{"line":34,"column":2},"end":{"line":34,"column":28}}},"7":{"name":"_addFromDatabase","line":59,"loc":{"start":{"line":59,"column":11},"end":{"line":59,"column":43}}},"8":{"name":"(anonymous_8)","line":63,"loc":{"start":{"line":63,"column":53},"end":{"line":63,"column":74}}},"9":{"name":"(anonymous_9)","line":68,"loc":{"start":{"line":68,"column":21},"end":{"line":68,"column":36}}},"10":{"name":"_processFile","line":91,"loc":{"start":{"line":91,"column":11},"end":{"line":91,"column":49}}},"11":{"name":"_strtr","line":127,"loc":{"start":{"line":127,"column":11},"end":{"line":127,"column":40}}},"12":{"name":"addFromFile","line":171,"loc":{"start":{"line":171,"column":11},"end":{"line":171,"column":48}}},"13":{"name":"addFromDir","line":186,"loc":{"start":{"line":186,"column":11},"end":{"line":186,"column":42}}},"14":{"name":"processFile","line":191,"loc":{"start":{"line":191,"column":6},"end":{"line":191,"column":37}}},"15":{"name":"(anonymous_15)","line":192,"loc":{"start":{"line":192,"column":15},"end":{"line":192,"column":31}}},"16":{"name":"(anonymous_16)","line":197,"loc":{"start":{"line":197,"column":43},"end":{"line":197,"column":65}}},"17":{"name":"(anonymous_17)","line":203,"loc":{"start":{"line":203,"column":22},"end":{"line":203,"column":38}}},"18":{"name":"(anonymous_18)","line":210,"loc":{"start":{"line":210,"column":28},"end":{"line":210,"column":43}}},"19":{"name":"locales","line":225,"loc":{"start":{"line":225,"column":11},"end":{"line":225,"column":38}}},"20":{"name":"initialize","line":245,"loc":{"start":{"line":245,"column":11},"end":{"line":245,"column":42}}},"21":{"name":"(anonymous_21)","line":252,"loc":{"start":{"line":252,"column":19},"end":{"line":252,"column":35}}},"22":{"name":"(anonymous_22)","line":257,"loc":{"start":{"line":257,"column":17},"end":{"line":257,"column":33}}},"23":{"name":"(anonymous_23)","line":261,"loc":{"start":{"line":261,"column":26},"end":{"line":261,"column":41}}},"24":{"name":"translate","line":277,"loc":{"start":{"line":277,"column":11},"end":{"line":277,"column":64}}},"25":{"name":"(anonymous_25)","line":285,"loc":{"start":{"line":285,"column":9},"end":{"line":285,"column":29}}},"26":{"name":"(anonymous_26)","line":304,"loc":{"start":{"line":304,"column":54},"end":{"line":304,"column":70}}},"27":{"name":"t","line":320,"loc":{"start":{"line":320,"column":11},"end":{"line":320,"column":45}}},"28":{"name":"get","line":331,"loc":{"start":{"line":331,"column":9},"end":{"line":331,"column":24}}},"29":{"name":"get","line":344,"loc":{"start":{"line":344,"column":9},"end":{"line":344,"column":24}}}},"statementMap":{"1":{"start":{"line":3,"column":0},"end":{"line":5,"column":3}},"2":{"start":{"line":8,"column":0},"end":{"line":8,"column":566},"skip":true},"3":{"start":{"line":8,"column":34},"end":{"line":8,"column":350},"skip":true},"4":{"start":{"line":8,"column":77},"end":{"line":8,"column":348},"skip":true},"5":{"start":{"line":8,"column":118},"end":{"line":8,"column":144},"skip":true},"6":{"start":{"line":8,"column":145},"end":{"line":8,"column":200},"skip":true},"7":{"start":{"line":8,"column":201},"end":{"line":8,"column":232},"skip":true},"8":{"start":{"line":8,"column":233},"end":{"line":8,"column":287},"skip":true},"9":{"start":{"line":8,"column":260},"end":{"line":8,"column":287},"skip":true},"10":{"start":{"line":8,"column":288},"end":{"line":8,"column":346},"skip":true},"11":{"start":{"line":8,"column":351},"end":{"line":8,"column":560},"skip":true},"12":{"start":{"line":8,"column":408},"end":{"line":8,"column":476},"skip":true},"13":{"start":{"line":8,"column":424},"end":{"line":8,"column":476},"skip":true},"14":{"start":{"line":8,"column":477},"end":{"line":8,"column":537},"skip":true},"15":{"start":{"line":8,"column":494},"end":{"line":8,"column":537},"skip":true},"16":{"start":{"line":8,"column":538},"end":{"line":8,"column":557},"skip":true},"17":{"start":{"line":12,"column":0},"end":{"line":12,"column":153},"skip":true},"18":{"start":{"line":12,"column":50},"end":{"line":12,"column":151},"skip":true},"19":{"start":{"line":12,"column":92},"end":{"line":12,"column":149},"skip":true},"20":{"start":{"line":14,"column":0},"end":{"line":16,"column":29}},"21":{"start":{"line":18,"column":0},"end":{"line":19,"column":42}},"22":{"start":{"line":26,"column":0},"end":{"line":352,"column":5}},"23":{"start":{"line":34,"column":2},"end":{"line":41,"column":3}},"24":{"start":{"line":37,"column":4},"end":{"line":37,"column":34}},"25":{"start":{"line":39,"column":4},"end":{"line":39,"column":24}},"26":{"start":{"line":40,"column":4},"end":{"line":40,"column":31}},"27":{"start":{"line":49,"column":2},"end":{"line":349,"column":6}},"28":{"start":{"line":62,"column":6},"end":{"line":62,"column":20}},"29":{"start":{"line":63,"column":6},"end":{"line":77,"column":9}},"30":{"start":{"line":64,"column":8},"end":{"line":66,"column":9}},"31":{"start":{"line":65,"column":10},"end":{"line":65,"column":27}},"32":{"start":{"line":68,"column":8},"end":{"line":74,"column":11}},"33":{"start":{"line":69,"column":10},"end":{"line":71,"column":11}},"34":{"start":{"line":70,"column":12},"end":{"line":70,"column":44}},"35":{"start":{"line":73,"column":10},"end":{"line":73,"column":64}},"36":{"start":{"line":76,"column":8},"end":{"line":76,"column":19}},"37":{"start":{"line":94,"column":6},"end":{"line":113,"column":7}},"38":{"start":{"line":95,"column":8},"end":{"line":96,"column":46}},"39":{"start":{"line":98,"column":8},"end":{"line":100,"column":9}},"40":{"start":{"line":99,"column":10},"end":{"line":99,"column":40}},"41":{"start":{"line":102,"column":8},"end":{"line":108,"column":9}},"42":{"start":{"line":103,"column":10},"end":{"line":105,"column":11}},"43":{"start":{"line":104,"column":12},"end":{"line":104,"column":21}},"44":{"start":{"line":107,"column":10},"end":{"line":107,"column":54}},"45":{"start":{"line":110,"column":8},"end":{"line":110,"column":19}},"46":{"start":{"line":112,"column":8},"end":{"line":112,"column":18}},"47":{"start":{"line":130,"column":6},"end":{"line":137,"column":24}},"48":{"start":{"line":139,"column":6},"end":{"line":142,"column":7}},"49":{"start":{"line":140,"column":8},"end":{"line":140,"column":29}},"50":{"start":{"line":141,"column":8},"end":{"line":141,"column":29}},"51":{"start":{"line":144,"column":6},"end":{"line":156,"column":7}},"52":{"start":{"line":145,"column":8},"end":{"line":145,"column":22}},"53":{"start":{"line":146,"column":8},"end":{"line":153,"column":9}},"54":{"start":{"line":147,"column":10},"end":{"line":152,"column":11}},"55":{"start":{"line":148,"column":12},"end":{"line":148,"column":25}},"56":{"start":{"line":149,"column":12},"end":{"line":149,"column":39}},"57":{"start":{"line":151,"column":12},"end":{"line":151,"column":18}},"58":{"start":{"line":155,"column":8},"end":{"line":155,"column":45}},"59":{"start":{"line":158,"column":6},"end":{"line":158,"column":17}},"60":{"start":{"line":174,"column":6},"end":{"line":174,"column":40}},"61":{"start":{"line":189,"column":6},"end":{"line":189,"column":20}},"62":{"start":{"line":191,"column":6},"end":{"line":195,"column":7}},"63":{"start":{"line":192,"column":8},"end":{"line":194,"column":10}},"64":{"start":{"line":193,"column":10},"end":{"line":193,"column":41}},"65":{"start":{"line":197,"column":6},"end":{"line":213,"column":9}},"66":{"start":{"line":198,"column":8},"end":{"line":200,"column":9}},"67":{"start":{"line":199,"column":10},"end":{"line":199,"column":27}},"68":{"start":{"line":202,"column":8},"end":{"line":202,"column":23}},"69":{"start":{"line":203,"column":8},"end":{"line":208,"column":11}},"70":{"start":{"line":204,"column":10},"end":{"line":204,"column":37}},"71":{"start":{"line":205,"column":10},"end":{"line":207,"column":11}},"72":{"start":{"line":206,"column":12},"end":{"line":206,"column":42}},"73":{"start":{"line":210,"column":8},"end":{"line":212,"column":11}},"74":{"start":{"line":211,"column":10},"end":{"line":211,"column":33}},"75":{"start":{"line":228,"column":6},"end":{"line":230,"column":7}},"76":{"start":{"line":229,"column":8},"end":{"line":229,"column":26}},"77":{"start":{"line":232,"column":6},"end":{"line":232,"column":38}},"78":{"start":{"line":248,"column":6},"end":{"line":249,"column":21}},"79":{"start":{"line":251,"column":6},"end":{"line":255,"column":7}},"80":{"start":{"line":252,"column":8},"end":{"line":254,"column":11}},"81":{"start":{"line":253,"column":10},"end":{"line":253,"column":35}},"82":{"start":{"line":257,"column":6},"end":{"line":259,"column":9}},"83":{"start":{"line":258,"column":8},"end":{"line":258,"column":34}},"84":{"start":{"line":261,"column":6},"end":{"line":263,"column":9}},"85":{"start":{"line":262,"column":8},"end":{"line":262,"column":31}},"86":{"start":{"line":280,"column":6},"end":{"line":280,"column":20}},"87":{"start":{"line":282,"column":6},"end":{"line":307,"column":9}},"88":{"start":{"line":286,"column":8},"end":{"line":288,"column":9}},"89":{"start":{"line":287,"column":10},"end":{"line":287,"column":27}},"90":{"start":{"line":290,"column":8},"end":{"line":295,"column":9}},"91":{"start":{"line":291,"column":10},"end":{"line":294,"column":12}},"92":{"start":{"line":297,"column":8},"end":{"line":297,"column":38}},"93":{"start":{"line":299,"column":8},"end":{"line":301,"column":9}},"94":{"start":{"line":300,"column":10},"end":{"line":300,"column":38}},"95":{"start":{"line":302,"column":8},"end":{"line":302,"column":50}},"96":{"start":{"line":304,"column":8},"end":{"line":306,"column":11}},"97":{"start":{"line":305,"column":10},"end":{"line":305,"column":35}},"98":{"start":{"line":323,"column":6},"end":{"line":325,"column":7}},"99":{"start":{"line":324,"column":8},"end":{"line":324,"column":44}},"100":{"start":{"line":327,"column":6},"end":{"line":327,"column":38}},"101":{"start":{"line":334,"column":6},"end":{"line":334,"column":41}},"102":{"start":{"line":347,"column":6},"end":{"line":347,"column":29}},"103":{"start":{"line":351,"column":2},"end":{"line":351,"column":16}},"104":{"start":{"line":354,"column":0},"end":{"line":354,"column":28}},"105":{"start":{"line":355,"column":0},"end":{"line":355,"column":36}}},"branchMap":{"1":{"line":8,"type":"binary-expr","locations":[{"start":{"line":8,"column":169},"end":{"line":8,"column":190},"skip":true},{"start":{"line":8,"column":194},"end":{"line":8,"column":199},"skip":true}]},"2":{"line":8,"type":"if","locations":[{"start":{"line":8,"column":233},"end":{"line":8,"column":233},"skip":true},{"start":{"line":8,"column":233},"end":{"line":8,"column":233},"skip":true}]},"3":{"line":8,"type":"if","locations":[{"start":{"line":8,"column":408},"end":{"line":8,"column":408},"skip":true},{"start":{"line":8,"column":408},"end":{"line":8,"column":408},"skip":true}]},"4":{"line":8,"type":"if","locations":[{"start":{"line":8,"column":477},"end":{"line":8,"column":477},"skip":true},{"start":{"line":8,"column":477},"end":{"line":8,"column":477},"skip":true}]},"5":{"line":12,"type":"if","locations":[{"start":{"line":12,"column":50},"end":{"line":12,"column":50},"skip":true},{"start":{"line":12,"column":50},"end":{"line":12,"column":50},"skip":true}]},"6":{"line":64,"type":"if","locations":[{"start":{"line":64,"column":8},"end":{"line":64,"column":8}},{"start":{"line":64,"column":8},"end":{"line":64,"column":8}}]},"7":{"line":69,"type":"if","locations":[{"start":{"line":69,"column":10},"end":{"line":69,"column":10}},{"start":{"line":69,"column":10},"end":{"line":69,"column":10}}]},"8":{"line":98,"type":"if","locations":[{"start":{"line":98,"column":8},"end":{"line":98,"column":8}},{"start":{"line":98,"column":8},"end":{"line":98,"column":8}}]},"9":{"line":103,"type":"if","locations":[{"start":{"line":103,"column":10},"end":{"line":103,"column":10}},{"start":{"line":103,"column":10},"end":{"line":103,"column":10}}]},"10":{"line":147,"type":"if","locations":[{"start":{"line":147,"column":10},"end":{"line":147,"column":10}},{"start":{"line":147,"column":10},"end":{"line":147,"column":10}}]},"11":{"line":155,"type":"cond-expr","locations":[{"start":{"line":155,"column":23},"end":{"line":155,"column":28}},{"start":{"line":155,"column":31},"end":{"line":155,"column":44}}]},"12":{"line":198,"type":"if","locations":[{"start":{"line":198,"column":8},"end":{"line":198,"column":8}},{"start":{"line":198,"column":8},"end":{"line":198,"column":8}}]},"13":{"line":205,"type":"if","locations":[{"start":{"line":205,"column":10},"end":{"line":205,"column":10}},{"start":{"line":205,"column":10},"end":{"line":205,"column":10}}]},"14":{"line":205,"type":"binary-expr","locations":[{"start":{"line":205,"column":14},"end":{"line":205,"column":31}},{"start":{"line":205,"column":35},"end":{"line":205,"column":55}}]},"15":{"line":211,"type":"cond-expr","locations":[{"start":{"line":211,"column":21},"end":{"line":211,"column":24}},{"start":{"line":211,"column":27},"end":{"line":211,"column":31}}]},"16":{"line":228,"type":"if","locations":[{"start":{"line":228,"column":6},"end":{"line":228,"column":6}},{"start":{"line":228,"column":6},"end":{"line":228,"column":6}}]},"17":{"line":251,"type":"if","locations":[{"start":{"line":251,"column":6},"end":{"line":251,"column":6}},{"start":{"line":251,"column":6},"end":{"line":251,"column":6}}]},"18":{"line":251,"type":"binary-expr","locations":[{"start":{"line":251,"column":10},"end":{"line":251,"column":13}},{"start":{"line":251,"column":17},"end":{"line":251,"column":27}}]},"19":{"line":262,"type":"cond-expr","locations":[{"start":{"line":262,"column":19},"end":{"line":262,"column":22}},{"start":{"line":262,"column":25},"end":{"line":262,"column":29}}]},"20":{"line":286,"type":"if","locations":[{"start":{"line":286,"column":8},"end":{"line":286,"column":8}},{"start":{"line":286,"column":8},"end":{"line":286,"column":8}}]},"21":{"line":290,"type":"if","locations":[{"start":{"line":290,"column":8},"end":{"line":290,"column":8}},{"start":{"line":290,"column":8},"end":{"line":290,"column":8}}]},"22":{"line":299,"type":"if","locations":[{"start":{"line":299,"column":8},"end":{"line":299,"column":8}},{"start":{"line":299,"column":8},"end":{"line":299,"column":8}}]},"23":{"line":305,"type":"cond-expr","locations":[{"start":{"line":305,"column":22},"end":{"line":305,"column":26}},{"start":{"line":305,"column":29},"end":{"line":305,"column":33}}]},"24":{"line":323,"type":"if","locations":[{"start":{"line":323,"column":6},"end":{"line":323,"column":6}},{"start":{"line":323,"column":6},"end":{"line":323,"column":6}}]},"25":{"line":323,"type":"binary-expr","locations":[{"start":{"line":323,"column":10},"end":{"line":323,"column":34}},{"start":{"line":323,"column":38},"end":{"line":323,"column":67}}]}}},"/home/ubuntu/workspace/entity-ci-core/lib/Database/index.js":{"path":"/home/ubuntu/workspace/entity-ci-core/lib/Database/index.js","s":{"1":1,"2":1,"3":1,"4":1,"5":6,"6":6,"7":6,"8":6,"9":4,"10":6,"11":1,"12":1,"13":1,"14":1,"15":0,"16":1,"17":1,"18":95,"19":0,"20":1,"21":1,"22":1,"23":1,"24":95,"25":95,"26":95,"27":1,"28":109,"29":1,"30":108,"31":103,"32":108,"33":108,"34":104,"35":108,"36":98,"37":98,"38":1,"39":97,"40":97,"41":97,"42":97,"43":97,"44":5,"45":5,"46":3,"47":2,"48":380,"49":380,"50":1,"51":379,"52":282,"53":1,"54":0,"55":1,"56":14,"57":1,"58":1,"59":1},"b":{"1":[6,6],"2":[4,2],"3":[1,0],"4":[0,1],"5":[0,95],"6":[1,108],"7":[103,5],"8":[104,4],"9":[98,1],"10":[1,97],"11":[97,0],"12":[5,0],"13":[3,2],"14":[380,276],"15":[1,379],"16":[0,1]},"f":{"1":1,"2":1,"3":1,"4":95,"5":1,"6":95,"7":109,"8":98,"9":5,"10":380,"11":282,"12":1,"13":14},"fnMap":{"1":{"name":"(anonymous_1)","line":28,"loc":{"start":{"line":28,"column":20},"end":{"line":28,"column":32}},"skip":true},"2":{"name":"defineProperties","line":28,"loc":{"start":{"line":28,"column":34},"end":{"line":28,"column":75}},"skip":true},"3":{"name":"(anonymous_3)","line":28,"loc":{"start":{"line":28,"column":358},"end":{"line":28,"column":406}},"skip":true},"4":{"name":"_classCallCheck","line":32,"loc":{"start":{"line":32,"column":0},"end":{"line":32,"column":48}},"skip":true},"5":{"name":"(anonymous_5)","line":46,"loc":{"start":{"line":46,"column":16},"end":{"line":46,"column":28}}},"6":{"name":"Database","line":52,"loc":{"start":{"line":52,"column":2},"end":{"line":52,"column":22}}},"7":{"name":"connect","line":80,"loc":{"start":{"line":80,"column":11},"end":{"line":80,"column":47}}},"8":{"name":"disconnect","line":109,"loc":{"start":{"line":109,"column":11},"end":{"line":109,"column":37}}},"9":{"name":"connection","line":138,"loc":{"start":{"line":138,"column":11},"end":{"line":138,"column":37}}},"10":{"name":"collection","line":160,"loc":{"start":{"line":160,"column":11},"end":{"line":160,"column":49}}},"11":{"name":"get","line":172,"loc":{"start":{"line":172,"column":9},"end":{"line":172,"column":24}}},"12":{"name":"set","line":183,"loc":{"start":{"line":183,"column":9},"end":{"line":183,"column":28}}},"13":{"name":"get","line":200,"loc":{"start":{"line":200,"column":9},"end":{"line":200,"column":24}}}},"statementMap":{"1":{"start":{"line":23,"column":0},"end":{"line":25,"column":3}},"2":{"start":{"line":28,"column":0},"end":{"line":28,"column":566},"skip":true},"3":{"start":{"line":28,"column":34},"end":{"line":28,"column":350},"skip":true},"4":{"start":{"line":28,"column":77},"end":{"line":28,"column":348},"skip":true},"5":{"start":{"line":28,"column":118},"end":{"line":28,"column":144},"skip":true},"6":{"start":{"line":28,"column":145},"end":{"line":28,"column":200},"skip":true},"7":{"start":{"line":28,"column":201},"end":{"line":28,"column":232},"skip":true},"8":{"start":{"line":28,"column":233},"end":{"line":28,"column":287},"skip":true},"9":{"start":{"line":28,"column":260},"end":{"line":28,"column":287},"skip":true},"10":{"start":{"line":28,"column":288},"end":{"line":28,"column":346},"skip":true},"11":{"start":{"line":28,"column":351},"end":{"line":28,"column":560},"skip":true},"12":{"start":{"line":28,"column":408},"end":{"line":28,"column":476},"skip":true},"13":{"start":{"line":28,"column":424},"end":{"line":28,"column":476},"skip":true},"14":{"start":{"line":28,"column":477},"end":{"line":28,"column":537},"skip":true},"15":{"start":{"line":28,"column":494},"end":{"line":28,"column":537},"skip":true},"16":{"start":{"line":28,"column":538},"end":{"line":28,"column":557},"skip":true},"17":{"start":{"line":32,"column":0},"end":{"line":32,"column":153},"skip":true},"18":{"start":{"line":32,"column":50},"end":{"line":32,"column":151},"skip":true},"19":{"start":{"line":32,"column":92},"end":{"line":32,"column":149},"skip":true},"20":{"start":{"line":34,"column":0},"end":{"line":37,"column":79}},"21":{"start":{"line":39,"column":0},"end":{"line":40,"column":50}},"22":{"start":{"line":46,"column":0},"end":{"line":208,"column":5}},"23":{"start":{"line":52,"column":2},"end":{"line":59,"column":3}},"24":{"start":{"line":55,"column":4},"end":{"line":55,"column":36}},"25":{"start":{"line":57,"column":4},"end":{"line":57,"column":34}},"26":{"start":{"line":58,"column":4},"end":{"line":58,"column":28}},"27":{"start":{"line":67,"column":2},"end":{"line":205,"column":6}},"28":{"start":{"line":83,"column":6},"end":{"line":85,"column":7}},"29":{"start":{"line":84,"column":8},"end":{"line":84,"column":43}},"30":{"start":{"line":87,"column":6},"end":{"line":89,"column":7}},"31":{"start":{"line":88,"column":8},"end":{"line":88,"column":19}},"32":{"start":{"line":91,"column":6},"end":{"line":91,"column":62}},"33":{"start":{"line":92,"column":6},"end":{"line":94,"column":7}},"34":{"start":{"line":93,"column":8},"end":{"line":93,"column":40}},"35":{"start":{"line":96,"column":6},"end":{"line":96,"column":18}},"36":{"start":{"line":112,"column":6},"end":{"line":112,"column":44}},"37":{"start":{"line":114,"column":6},"end":{"line":116,"column":7}},"38":{"start":{"line":115,"column":8},"end":{"line":115,"column":45}},"39":{"start":{"line":118,"column":6},"end":{"line":118,"column":44}},"40":{"start":{"line":119,"column":6},"end":{"line":119,"column":38}},"41":{"start":{"line":121,"column":6},"end":{"line":123,"column":7}},"42":{"start":{"line":122,"column":8},"end":{"line":122,"column":38}},"43":{"start":{"line":125,"column":6},"end":{"line":125,"column":18}},"44":{"start":{"line":141,"column":6},"end":{"line":141,"column":44}},"45":{"start":{"line":142,"column":6},"end":{"line":144,"column":7}},"46":{"start":{"line":143,"column":8},"end":{"line":143,"column":45}},"47":{"start":{"line":146,"column":6},"end":{"line":146,"column":38}},"48":{"start":{"line":163,"column":6},"end":{"line":163,"column":56}},"49":{"start":{"line":164,"column":6},"end":{"line":166,"column":7}},"50":{"start":{"line":165,"column":8},"end":{"line":165,"column":51}},"51":{"start":{"line":168,"column":6},"end":{"line":168,"column":61}},"52":{"start":{"line":175,"column":6},"end":{"line":175,"column":38}},"53":{"start":{"line":186,"column":6},"end":{"line":188,"column":7}},"54":{"start":{"line":187,"column":8},"end":{"line":187,"column":45}},"55":{"start":{"line":190,"column":6},"end":{"line":190,"column":38}},"56":{"start":{"line":203,"column":6},"end":{"line":203,"column":45}},"57":{"start":{"line":207,"column":2},"end":{"line":207,"column":18}},"58":{"start":{"line":210,"column":0},"end":{"line":210,"column":30}},"59":{"start":{"line":211,"column":0},"end":{"line":211,"column":36}}},"branchMap":{"1":{"line":28,"type":"binary-expr","locations":[{"start":{"line":28,"column":169},"end":{"line":28,"column":190},"skip":true},{"start":{"line":28,"column":194},"end":{"line":28,"column":199},"skip":true}]},"2":{"line":28,"type":"if","locations":[{"start":{"line":28,"column":233},"end":{"line":28,"column":233},"skip":true},{"start":{"line":28,"column":233},"end":{"line":28,"column":233},"skip":true}]},"3":{"line":28,"type":"if","locations":[{"start":{"line":28,"column":408},"end":{"line":28,"column":408},"skip":true},{"start":{"line":28,"column":408},"end":{"line":28,"column":408},"skip":true}]},"4":{"line":28,"type":"if","locations":[{"start":{"line":28,"column":477},"end":{"line":28,"column":477},"skip":true},{"start":{"line":28,"column":477},"end":{"line":28,"column":477},"skip":true}]},"5":{"line":32,"type":"if","locations":[{"start":{"line":32,"column":50},"end":{"line":32,"column":50},"skip":true},{"start":{"line":32,"column":50},"end":{"line":32,"column":50},"skip":true}]},"6":{"line":83,"type":"if","locations":[{"start":{"line":83,"column":6},"end":{"line":83,"column":6}},{"start":{"line":83,"column":6},"end":{"line":83,"column":6}}]},"7":{"line":87,"type":"if","locations":[{"start":{"line":87,"column":6},"end":{"line":87,"column":6}},{"start":{"line":87,"column":6},"end":{"line":87,"column":6}}]},"8":{"line":92,"type":"if","locations":[{"start":{"line":92,"column":6},"end":{"line":92,"column":6}},{"start":{"line":92,"column":6},"end":{"line":92,"column":6}}]},"9":{"line":112,"type":"binary-expr","locations":[{"start":{"line":112,"column":13},"end":{"line":112,"column":17}},{"start":{"line":112,"column":21},"end":{"line":112,"column":43}}]},"10":{"line":114,"type":"if","locations":[{"start":{"line":114,"column":6},"end":{"line":114,"column":6}},{"start":{"line":114,"column":6},"end":{"line":114,"column":6}}]},"11":{"line":121,"type":"if","locations":[{"start":{"line":121,"column":6},"end":{"line":121,"column":6}},{"start":{"line":121,"column":6},"end":{"line":121,"column":6}}]},"12":{"line":141,"type":"binary-expr","locations":[{"start":{"line":141,"column":13},"end":{"line":141,"column":17}},{"start":{"line":141,"column":21},"end":{"line":141,"column":43}}]},"13":{"line":142,"type":"if","locations":[{"start":{"line":142,"column":6},"end":{"line":142,"column":6}},{"start":{"line":142,"column":6},"end":{"line":142,"column":6}}]},"14":{"line":163,"type":"binary-expr","locations":[{"start":{"line":163,"column":19},"end":{"line":163,"column":29}},{"start":{"line":163,"column":33},"end":{"line":163,"column":55}}]},"15":{"line":164,"type":"if","locations":[{"start":{"line":164,"column":6},"end":{"line":164,"column":6}},{"start":{"line":164,"column":6},"end":{"line":164,"column":6}}]},"16":{"line":186,"type":"if","locations":[{"start":{"line":186,"column":6},"end":{"line":186,"column":6}},{"start":{"line":186,"column":6},"end":{"line":186,"column":6}}]}}},"/home/ubuntu/workspace/entity-ci-core/lib/Database/Connection.js":{"path":"/home/ubuntu/workspace/entity-ci-core/lib/Database/Connection.js","s":{"1":1,"2":1,"3":1,"4":1,"5":5,"6":5,"7":5,"8":5,"9":3,"10":5,"11":1,"12":1,"13":1,"14":1,"15":0,"16":1,"17":1,"18":108,"19":0,"20":1,"21":1,"22":1,"23":1,"24":108,"25":108,"26":108,"27":108,"28":108,"29":108,"30":0,"31":108,"32":0,"33":1,"34":108,"35":108,"36":0,"37":0,"38":0,"39":0,"40":108,"41":108,"42":108,"43":108,"44":108,"45":379,"46":97,"47":97,"48":0,"49":0,"50":1,"51":1,"52":1},"b":{"1":[5,5],"2":[3,2],"3":[1,0],"4":[0,1],"5":[0,108],"6":[0,108],"7":[0,0],"8":[108,0],"9":[108,0]},"f":{"1":1,"2":1,"3":1,"4":108,"5":1,"6":108,"7":0,"8":0,"9":108,"10":379,"11":97,"12":0,"13":0},"fnMap":{"1":{"name":"(anonymous_1)","line":28,"loc":{"start":{"line":28,"column":20},"end":{"line":28,"column":32}},"skip":true},"2":{"name":"defineProperties","line":28,"loc":{"start":{"line":28,"column":34},"end":{"line":28,"column":75}},"skip":true},"3":{"name":"(anonymous_3)","line":28,"loc":{"start":{"line":28,"column":358},"end":{"line":28,"column":406}},"skip":true},"4":{"name":"_classCallCheck","line":32,"loc":{"start":{"line":32,"column":0},"end":{"line":32,"column":48}},"skip":true},"5":{"name":"(anonymous_5)","line":44,"loc":{"start":{"line":44,"column":18},"end":{"line":44,"column":30}}},"6":{"name":"Connection","line":58,"loc":{"start":{"line":58,"column":2},"end":{"line":58,"column":36}}},"7":{"name":"(anonymous_7)","line":72,"loc":{"start":{"line":72,"column":26},"end":{"line":72,"column":41}}},"8":{"name":"(anonymous_8)","line":79,"loc":{"start":{"line":79,"column":26},"end":{"line":79,"column":38}}},"9":{"name":"_configToURI","line":102,"loc":{"start":{"line":102,"column":11},"end":{"line":102,"column":41}}},"10":{"name":"collection","line":133,"loc":{"start":{"line":133,"column":11},"end":{"line":133,"column":37}}},"11":{"name":"disconnect","line":146,"loc":{"start":{"line":146,"column":11},"end":{"line":146,"column":33}}},"12":{"name":"get","line":154,"loc":{"start":{"line":154,"column":9},"end":{"line":154,"column":24}}},"13":{"name":"get","line":167,"loc":{"start":{"line":167,"column":9},"end":{"line":167,"column":24}}}},"statementMap":{"1":{"start":{"line":23,"column":0},"end":{"line":25,"column":3}},"2":{"start":{"line":28,"column":0},"end":{"line":28,"column":566},"skip":true},"3":{"start":{"line":28,"column":34},"end":{"line":28,"column":350},"skip":true},"4":{"start":{"line":28,"column":77},"end":{"line":28,"column":348},"skip":true},"5":{"start":{"line":28,"column":118},"end":{"line":28,"column":144},"skip":true},"6":{"start":{"line":28,"column":145},"end":{"line":28,"column":200},"skip":true},"7":{"start":{"line":28,"column":201},"end":{"line":28,"column":232},"skip":true},"8":{"start":{"line":28,"column":233},"end":{"line":28,"column":287},"skip":true},"9":{"start":{"line":28,"column":260},"end":{"line":28,"column":287},"skip":true},"10":{"start":{"line":28,"column":288},"end":{"line":28,"column":346},"skip":true},"11":{"start":{"line":28,"column":351},"end":{"line":28,"column":560},"skip":true},"12":{"start":{"line":28,"column":408},"end":{"line":28,"column":476},"skip":true},"13":{"start":{"line":28,"column":424},"end":{"line":28,"column":476},"skip":true},"14":{"start":{"line":28,"column":477},"end":{"line":28,"column":537},"skip":true},"15":{"start":{"line":28,"column":494},"end":{"line":28,"column":537},"skip":true},"16":{"start":{"line":28,"column":538},"end":{"line":28,"column":557},"skip":true},"17":{"start":{"line":32,"column":0},"end":{"line":32,"column":153},"skip":true},"18":{"start":{"line":32,"column":50},"end":{"line":32,"column":151},"skip":true},"19":{"start":{"line":32,"column":92},"end":{"line":32,"column":149},"skip":true},"20":{"start":{"line":34,"column":0},"end":{"line":35,"column":33}},"21":{"start":{"line":37,"column":0},"end":{"line":38,"column":38}},"22":{"start":{"line":44,"column":0},"end":{"line":175,"column":5}},"23":{"start":{"line":58,"column":2},"end":{"line":84,"column":3}},"24":{"start":{"line":61,"column":4},"end":{"line":61,"column":38}},"25":{"start":{"line":63,"column":4},"end":{"line":66,"column":7}},"26":{"start":{"line":68,"column":4},"end":{"line":68,"column":23}},"27":{"start":{"line":69,"column":4},"end":{"line":69,"column":51}},"28":{"start":{"line":71,"column":4},"end":{"line":71,"column":18}},"29":{"start":{"line":72,"column":4},"end":{"line":77,"column":7}},"30":{"start":{"line":73,"column":6},"end":{"line":76,"column":9}},"31":{"start":{"line":79,"column":4},"end":{"line":83,"column":7}},"32":{"start":{"line":80,"column":6},"end":{"line":82,"column":9}},"33":{"start":{"line":92,"column":2},"end":{"line":172,"column":6}},"34":{"start":{"line":105,"column":6},"end":{"line":105,"column":19}},"35":{"start":{"line":106,"column":6},"end":{"line":114,"column":7}},"36":{"start":{"line":107,"column":8},"end":{"line":107,"column":27}},"37":{"start":{"line":109,"column":8},"end":{"line":111,"column":9}},"38":{"start":{"line":110,"column":10},"end":{"line":110,"column":35}},"39":{"start":{"line":113,"column":8},"end":{"line":113,"column":19}},"40":{"start":{"line":116,"column":6},"end":{"line":116,"column":51}},"41":{"start":{"line":117,"column":6},"end":{"line":119,"column":7}},"42":{"start":{"line":118,"column":8},"end":{"line":118,"column":33}},"43":{"start":{"line":121,"column":6},"end":{"line":121,"column":31}},"44":{"start":{"line":122,"column":6},"end":{"line":122,"column":17}},"45":{"start":{"line":136,"column":6},"end":{"line":136,"column":40}},"46":{"start":{"line":149,"column":6},"end":{"line":149,"column":24}},"47":{"start":{"line":150,"column":6},"end":{"line":150,"column":18}},"48":{"start":{"line":157,"column":6},"end":{"line":157,"column":25}},"49":{"start":{"line":170,"column":6},"end":{"line":170,"column":23}},"50":{"start":{"line":174,"column":2},"end":{"line":174,"column":20}},"51":{"start":{"line":177,"column":0},"end":{"line":177,"column":32}},"52":{"start":{"line":178,"column":0},"end":{"line":178,"column":36}}},"branchMap":{"1":{"line":28,"type":"binary-expr","locations":[{"start":{"line":28,"column":169},"end":{"line":28,"column":190},"skip":true},{"start":{"line":28,"column":194},"end":{"line":28,"column":199},"skip":true}]},"2":{"line":28,"type":"if","locations":[{"start":{"line":28,"column":233},"end":{"line":28,"column":233},"skip":true},{"start":{"line":28,"column":233},"end":{"line":28,"column":233},"skip":true}]},"3":{"line":28,"type":"if","locations":[{"start":{"line":28,"column":408},"end":{"line":28,"column":408},"skip":true},{"start":{"line":28,"column":408},"end":{"line":28,"column":408},"skip":true}]},"4":{"line":28,"type":"if","locations":[{"start":{"line":28,"column":477},"end":{"line":28,"column":477},"skip":true},{"start":{"line":28,"column":477},"end":{"line":28,"column":477},"skip":true}]},"5":{"line":32,"type":"if","locations":[{"start":{"line":32,"column":50},"end":{"line":32,"column":50},"skip":true},{"start":{"line":32,"column":50},"end":{"line":32,"column":50},"skip":true}]},"6":{"line":106,"type":"if","locations":[{"start":{"line":106,"column":6},"end":{"line":106,"column":6}},{"start":{"line":106,"column":6},"end":{"line":106,"column":6}}]},"7":{"line":109,"type":"if","locations":[{"start":{"line":109,"column":8},"end":{"line":109,"column":8}},{"start":{"line":109,"column":8},"end":{"line":109,"column":8}}]},"8":{"line":116,"type":"cond-expr","locations":[{"start":{"line":116,"column":27},"end":{"line":116,"column":38}},{"start":{"line":116,"column":41},"end":{"line":116,"column":50}}]},"9":{"line":117,"type":"if","locations":[{"start":{"line":117,"column":6},"end":{"line":117,"column":6}},{"start":{"line":117,"column":6},"end":{"line":117,"column":6}}]}}},"/home/ubuntu/workspace/entity-ci-core/lib/Database/Errors/EUndefinedConnection.js":{"path":"/home/ubuntu/workspace/entity-ci-core/lib/Database/Errors/EUndefinedConnection.js","s":{"1":1,"2":1,"3":1,"4":1,"5":1,"6":1,"7":1,"8":1,"9":0,"10":1,"11":1,"12":1,"13":1,"14":1,"15":0,"16":1,"17":1,"18":5,"19":5,"20":5,"21":5,"22":5,"23":5,"24":5,"25":0,"26":5,"27":5,"28":0,"29":0,"30":0,"31":0,"32":0,"33":0,"34":0,"35":0,"36":5,"37":5,"38":0,"39":0,"40":0,"41":0,"42":1,"43":5,"44":0,"45":1,"46":1,"47":0,"48":1,"49":1,"50":1,"51":1,"52":1,"53":1,"54":1,"55":1,"56":5,"57":5,"58":5,"59":1,"60":0,"61":1,"62":1,"63":1},"b":{"1":[1,1],"2":[0,1],"3":[1,0],"4":[0,1],"5":[0,5],"6":[0,5],"7":[0,0],"8":[5,0],"9":[0,0],"10":[0,5],"11":[0,1],"12":[1,0],"13":[1,1],"14":[1,0],"15":[1,0]},"f":{"1":1,"2":1,"3":1,"4":5,"5":5,"6":1,"7":1,"8":5,"9":0},"fnMap":{"1":{"name":"(anonymous_1)","line":32,"loc":{"start":{"line":32,"column":20},"end":{"line":32,"column":32}},"skip":true},"2":{"name":"defineProperties","line":32,"loc":{"start":{"line":32,"column":34},"end":{"line":32,"column":75}},"skip":true},"3":{"name":"(anonymous_3)","line":32,"loc":{"start":{"line":32,"column":358},"end":{"line":32,"column":406}},"skip":true},"4":{"name":"get","line":36,"loc":{"start":{"line":36,"column":11},"end":{"line":36,"column":38}},"skip":true},"5":{"name":"_classCallCheck","line":40,"loc":{"start":{"line":40,"column":0},"end":{"line":40,"column":48}},"skip":true},"6":{"name":"_inherits","line":44,"loc":{"start":{"line":44,"column":0},"end":{"line":44,"column":41}},"skip":true},"7":{"name":"(anonymous_7)","line":58,"loc":{"start":{"line":58,"column":28},"end":{"line":58,"column":47}}},"8":{"name":"EUndefinedConnection","line":67,"loc":{"start":{"line":67,"column":2},"end":{"line":67,"column":38}}},"9":{"name":"get","line":84,"loc":{"start":{"line":84,"column":9},"end":{"line":84,"column":24}}}},"statementMap":{"1":{"start":{"line":27,"column":0},"end":{"line":29,"column":3}},"2":{"start":{"line":32,"column":0},"end":{"line":32,"column":566},"skip":true},"3":{"start":{"line":32,"column":34},"end":{"line":32,"column":350},"skip":true},"4":{"start":{"line":32,"column":77},"end":{"line":32,"column":348},"skip":true},"5":{"start":{"line":32,"column":118},"end":{"line":32,"column":144},"skip":true},"6":{"start":{"line":32,"column":145},"end":{"line":32,"column":200},"skip":true},"7":{"start":{"line":32,"column":201},"end":{"line":32,"column":232},"skip":true},"8":{"start":{"line":32,"column":233},"end":{"line":32,"column":287},"skip":true},"9":{"start":{"line":32,"column":260},"end":{"line":32,"column":287},"skip":true},"10":{"start":{"line":32,"column":288},"end":{"line":32,"column":346},"skip":true},"11":{"start":{"line":32,"column":351},"end":{"line":32,"column":560},"skip":true},"12":{"start":{"line":32,"column":408},"end":{"line":32,"column":476},"skip":true},"13":{"start":{"line":32,"column":424},"end":{"line":32,"column":476},"skip":true},"14":{"start":{"line":32,"column":477},"end":{"line":32,"column":537},"skip":true},"15":{"start":{"line":32,"column":494},"end":{"line":32,"column":537},"skip":true},"16":{"start":{"line":32,"column":538},"end":{"line":32,"column":557},"skip":true},"17":{"start":{"line":36,"column":0},"end":{"line":36,"column":667},"skip":true},"18":{"start":{"line":36,"column":40},"end":{"line":36,"column":58},"skip":true},"19":{"start":{"line":36,"column":59},"end":{"line":36,"column":664},"skip":true},"20":{"start":{"line":36,"column":70},"end":{"line":36,"column":664},"skip":true},"21":{"start":{"line":36,"column":87},"end":{"line":36,"column":135},"skip":true},"22":{"start":{"line":36,"column":136},"end":{"line":36,"column":171},"skip":true},"23":{"start":{"line":36,"column":172},"end":{"line":36,"column":187},"skip":true},"24":{"start":{"line":36,"column":188},"end":{"line":36,"column":237},"skip":true},"25":{"start":{"line":36,"column":209},"end":{"line":36,"column":237},"skip":true},"26":{"start":{"line":36,"column":238},"end":{"line":36,"column":299},"skip":true},"27":{"start":{"line":36,"column":300},"end":{"line":36,"column":662},"skip":true},"28":{"start":{"line":36,"column":326},"end":{"line":36,"column":369},"skip":true},"29":{"start":{"line":36,"column":370},"end":{"line":36,"column":501},"skip":true},"30":{"start":{"line":36,"column":393},"end":{"line":36,"column":410},"skip":true},"31":{"start":{"line":36,"column":420},"end":{"line":36,"column":432},"skip":true},"32":{"start":{"line":36,"column":433},"end":{"line":36,"column":448},"skip":true},"33":{"start":{"line":36,"column":449},"end":{"line":36,"column":464},"skip":true},"34":{"start":{"line":36,"column":465},"end":{"line":36,"column":479},"skip":true},"35":{"start":{"line":36,"column":480},"end":{"line":36,"column":499},"skip":true},"36":{"start":{"line":36,"column":509},"end":{"line":36,"column":662},"skip":true},"37":{"start":{"line":36,"column":532},"end":{"line":36,"column":550},"skip":true},"38":{"start":{"line":36,"column":560},"end":{"line":36,"column":582},"skip":true},"39":{"start":{"line":36,"column":583},"end":{"line":36,"column":630},"skip":true},"40":{"start":{"line":36,"column":611},"end":{"line":36,"column":628},"skip":true},"41":{"start":{"line":36,"column":631},"end":{"line":36,"column":660},"skip":true},"42":{"start":{"line":40,"column":0},"end":{"line":40,"column":153},"skip":true},"43":{"start":{"line":40,"column":50},"end":{"line":40,"column":151},"skip":true},"44":{"start":{"line":40,"column":92},"end":{"line":40,"column":149},"skip":true},"45":{"start":{"line":44,"column":0},"end":{"line":44,"column":494},"skip":true},"46":{"start":{"line":44,"column":43},"end":{"line":44,"column":208},"skip":true},"47":{"start":{"line":44,"column":106},"end":{"line":44,"column":206},"skip":true},"48":{"start":{"line":44,"column":209},"end":{"line":44,"column":373},"skip":true},"49":{"start":{"line":44,"column":374},"end":{"line":44,"column":492},"skip":true},"50":{"start":{"line":44,"column":390},"end":{"line":44,"column":492},"skip":true},"51":{"start":{"line":46,"column":0},"end":{"line":47,"column":39}},"52":{"start":{"line":49,"column":0},"end":{"line":49,"column":68}},"53":{"start":{"line":58,"column":0},"end":{"line":92,"column":11}},"54":{"start":{"line":59,"column":2},"end":{"line":59,"column":43}},"55":{"start":{"line":67,"column":2},"end":{"line":74,"column":3}},"56":{"start":{"line":70,"column":4},"end":{"line":70,"column":48}},"57":{"start":{"line":72,"column":4},"end":{"line":72,"column":96}},"58":{"start":{"line":73,"column":4},"end":{"line":73,"column":33}},"59":{"start":{"line":82,"column":2},"end":{"line":89,"column":6}},"60":{"start":{"line":87,"column":6},"end":{"line":87,"column":35}},"61":{"start":{"line":91,"column":2},"end":{"line":91,"column":30}},"62":{"start":{"line":94,"column":0},"end":{"line":94,"column":42}},"63":{"start":{"line":95,"column":0},"end":{"line":95,"column":36}}},"branchMap":{"1":{"line":32,"type":"binary-expr","locations":[{"start":{"line":32,"column":169},"end":{"line":32,"column":190},"skip":true},{"start":{"line":32,"column":194},"end":{"line":32,"column":199},"skip":true}]},"2":{"line":32,"type":"if","locations":[{"start":{"line":32,"column":233},"end":{"line":32,"column":233},"skip":true},{"start":{"line":32,"column":233},"end":{"line":32,"column":233},"skip":true}]},"3":{"line":32,"type":"if","locations":[{"start":{"line":32,"column":408},"end":{"line":32,"column":408},"skip":true},{"start":{"line":32,"column":408},"end":{"line":32,"column":408},"skip":true}]},"4":{"line":32,"type":"if","locations":[{"start":{"line":32,"column":477},"end":{"line":32,"column":477},"skip":true},{"start":{"line":32,"column":477},"end":{"line":32,"column":477},"skip":true}]},"5":{"line":36,"type":"if","locations":[{"start":{"line":36,"column":188},"end":{"line":36,"column":188},"skip":true},{"start":{"line":36,"column":188},"end":{"line":36,"column":188},"skip":true}]},"6":{"line":36,"type":"if","locations":[{"start":{"line":36,"column":300},"end":{"line":36,"column":300},"skip":true},{"start":{"line":36,"column":300},"end":{"line":36,"column":300},"skip":true}]},"7":{"line":36,"type":"if","locations":[{"start":{"line":36,"column":370},"end":{"line":36,"column":370},"skip":true},{"start":{"line":36,"column":370},"end":{"line":36,"column":370},"skip":true}]},"8":{"line":36,"type":"if","locations":[{"start":{"line":36,"column":509},"end":{"line":36,"column":509},"skip":true},{"start":{"line":36,"column":509},"end":{"line":36,"column":509},"skip":true}]},"9":{"line":36,"type":"if","locations":[{"start":{"line":36,"column":583},"end":{"line":36,"column":583},"skip":true},{"start":{"line":36,"column":583},"end":{"line":36,"column":583},"skip":true}]},"10":{"line":40,"type":"if","locations":[{"start":{"line":40,"column":50},"end":{"line":40,"column":50},"skip":true},{"start":{"line":40,"column":50},"end":{"line":40,"column":50},"skip":true}]},"11":{"line":44,"type":"if","locations":[{"start":{"line":44,"column":43},"end":{"line":44,"column":43},"skip":true},{"start":{"line":44,"column":43},"end":{"line":44,"column":43},"skip":true}]},"12":{"line":44,"type":"binary-expr","locations":[{"start":{"line":44,"column":47},"end":{"line":44,"column":79},"skip":true},{"start":{"line":44,"column":83},"end":{"line":44,"column":102},"skip":true}]},"13":{"line":44,"type":"binary-expr","locations":[{"start":{"line":44,"column":244},"end":{"line":44,"column":254},"skip":true},{"start":{"line":44,"column":258},"end":{"line":44,"column":278},"skip":true}]},"14":{"line":44,"type":"if","locations":[{"start":{"line":44,"column":374},"end":{"line":44,"column":374},"skip":true},{"start":{"line":44,"column":374},"end":{"line":44,"column":374},"skip":true}]},"15":{"line":44,"type":"cond-expr","locations":[{"start":{"line":44,"column":414},"end":{"line":44,"column":457},"skip":true},{"start":{"line":44,"column":460},"end":{"line":44,"column":491},"skip":true}]}}},"/home/ubuntu/workspace/entity-ci-core/lib/EError.js":{"path":"/home/ubuntu/workspace/entity-ci-core/lib/EError.js","s":{"1":1,"2":1,"3":1,"4":1,"5":2,"6":2,"7":2,"8":2,"9":0,"10":2,"11":1,"12":1,"13":1,"14":1,"15":0,"16":1,"17":1,"18":60,"19":60,"20":60,"21":60,"22":60,"23":60,"24":60,"25":0,"26":60,"27":60,"28":0,"29":0,"30":0,"31":0,"32":0,"33":0,"34":0,"35":0,"36":60,"37":60,"38":0,"39":0,"40":0,"41":0,"42":1,"43":60,"44":0,"45":1,"46":1,"47":0,"48":1,"49":1,"50":1,"51":1,"52":1,"53":1,"54":1,"55":60,"56":60,"57":60,"58":60,"59":1,"60":0,"61":0,"62":1,"63":1,"64":1},"b":{"1":[2,2],"2":[0,2],"3":[1,0],"4":[0,1],"5":[0,60],"6":[0,60],"7":[0,0],"8":[60,0],"9":[0,0],"10":[0,60],"11":[0,1],"12":[1,0],"13":[1,1],"14":[1,0],"15":[1,0]},"f":{"1":1,"2":1,"3":1,"4":60,"5":60,"6":1,"7":1,"8":60,"9":0,"10":0},"fnMap":{"1":{"name":"(anonymous_1)","line":28,"loc":{"start":{"line":28,"column":20},"end":{"line":28,"column":32}},"skip":true},"2":{"name":"defineProperties","line":28,"loc":{"start":{"line":28,"column":34},"end":{"line":28,"column":75}},"skip":true},"3":{"name":"(anonymous_3)","line":28,"loc":{"start":{"line":28,"column":358},"end":{"line":28,"column":406}},"skip":true},"4":{"name":"get","line":32,"loc":{"start":{"line":32,"column":11},"end":{"line":32,"column":38}},"skip":true},"5":{"name":"_classCallCheck","line":36,"loc":{"start":{"line":36,"column":0},"end":{"line":36,"column":48}},"skip":true},"6":{"name":"_inherits","line":40,"loc":{"start":{"line":40,"column":0},"end":{"line":40,"column":41}},"skip":true},"7":{"name":"(anonymous_7)","line":51,"loc":{"start":{"line":51,"column":14},"end":{"line":51,"column":32}}},"8":{"name":"EError","line":58,"loc":{"start":{"line":58,"column":2},"end":{"line":58,"column":20}}},"9":{"name":"get","line":77,"loc":{"start":{"line":77,"column":9},"end":{"line":77,"column":24}}},"10":{"name":"get","line":90,"loc":{"start":{"line":90,"column":9},"end":{"line":90,"column":24}}}},"statementMap":{"1":{"start":{"line":23,"column":0},"end":{"line":25,"column":3}},"2":{"start":{"line":28,"column":0},"end":{"line":28,"column":566},"skip":true},"3":{"start":{"line":28,"column":34},"end":{"line":28,"column":350},"skip":true},"4":{"start":{"line":28,"column":77},"end":{"line":28,"column":348},"skip":true},"5":{"start":{"line":28,"column":118},"end":{"line":28,"column":144},"skip":true},"6":{"start":{"line":28,"column":145},"end":{"line":28,"column":200},"skip":true},"7":{"start":{"line":28,"column":201},"end":{"line":28,"column":232},"skip":true},"8":{"start":{"line":28,"column":233},"end":{"line":28,"column":287},"skip":true},"9":{"start":{"line":28,"column":260},"end":{"line":28,"column":287},"skip":true},"10":{"start":{"line":28,"column":288},"end":{"line":28,"column":346},"skip":true},"11":{"start":{"line":28,"column":351},"end":{"line":28,"column":560},"skip":true},"12":{"start":{"line":28,"column":408},"end":{"line":28,"column":476},"skip":true},"13":{"start":{"line":28,"column":424},"end":{"line":28,"column":476},"skip":true},"14":{"start":{"line":28,"column":477},"end":{"line":28,"column":537},"skip":true},"15":{"start":{"line":28,"column":494},"end":{"line":28,"column":537},"skip":true},"16":{"start":{"line":28,"column":538},"end":{"line":28,"column":557},"skip":true},"17":{"start":{"line":32,"column":0},"end":{"line":32,"column":667},"skip":true},"18":{"start":{"line":32,"column":40},"end":{"line":32,"column":58},"skip":true},"19":{"start":{"line":32,"column":59},"end":{"line":32,"column":664},"skip":true},"20":{"start":{"line":32,"column":70},"end":{"line":32,"column":664},"skip":true},"21":{"start":{"line":32,"column":87},"end":{"line":32,"column":135},"skip":true},"22":{"start":{"line":32,"column":136},"end":{"line":32,"column":171},"skip":true},"23":{"start":{"line":32,"column":172},"end":{"line":32,"column":187},"skip":true},"24"
[...]
nd":{"line":29,"column":662},"skip":true},"13":{"start":{"line":29,"column":326},"end":{"line":29,"column":369},"skip":true},"14":{"start":{"line":29,"column":370},"end":{"line":29,"column":501},"skip":true},"15":{"start":{"line":29,"column":393},"end":{"line":29,"column":410},"skip":true},"16":{"start":{"line":29,"column":420},"end":{"line":29,"column":432},"skip":true},"17":{"start":{"line":29,"column":433},"end":{"line":29,"column":448},"skip":true},"18":{"start":{"line":29,"column":449},"end":{"line":29,"column":464},"skip":true},"19":{"start":{"line":29,"column":465},"end":{"line":29,"column":479},"skip":true},"20":{"start":{"line":29,"column":480},"end":{"line":29,"column":499},"skip":true},"21":{"start":{"line":29,"column":509},"end":{"line":29,"column":662},"skip":true},"22":{"start":{"line":29,"column":532},"end":{"line":29,"column":550},"skip":true},"23":{"start":{"line":29,"column":560},"end":{"line":29,"column":582},"skip":true},"24":{"start":{"line":29,"column":583},"end":{"line":29,"column":630},"skip":true},"25":{"start":{"line":29,"column":611},"end":{"line":29,"column":628},"skip":true},"26":{"start":{"line":29,"column":631},"end":{"line":29,"column":660},"skip":true},"27":{"start":{"line":33,"column":0},"end":{"line":33,"column":153},"skip":true},"28":{"start":{"line":33,"column":50},"end":{"line":33,"column":151},"skip":true},"29":{"start":{"line":33,"column":92},"end":{"line":33,"column":149},"skip":true},"30":{"start":{"line":37,"column":0},"end":{"line":37,"column":494},"skip":true},"31":{"start":{"line":37,"column":43},"end":{"line":37,"column":208},"skip":true},"32":{"start":{"line":37,"column":106},"end":{"line":37,"column":206},"skip":true},"33":{"start":{"line":37,"column":209},"end":{"line":37,"column":373},"skip":true},"34":{"start":{"line":37,"column":374},"end":{"line":37,"column":492},"skip":true},"35":{"start":{"line":37,"column":390},"end":{"line":37,"column":492},"skip":true},"36":{"start":{"line":39,"column":0},"end":{"line":40,"column":39}},"37":{"start":{"line":48,"column":0},"end":{"line":58,"column":11}},"38":{"start":{"line":49,"column":2},"end":{"line":49,"column":37}},"39":{"start":{"line":51,"column":2},"end":{"line":55,"column":3}},"40":{"start":{"line":52,"column":4},"end":{"line":52,"column":42}},"41":{"start":{"line":54,"column":4},"end":{"line":54,"column":102}},"42":{"start":{"line":57,"column":2},"end":{"line":57,"column":24}},"43":{"start":{"line":60,"column":0},"end":{"line":60,"column":36}},"44":{"start":{"line":61,"column":0},"end":{"line":61,"column":36}}},"branchMap":{"1":{"line":29,"type":"if","locations":[{"start":{"line":29,"column":188},"end":{"line":29,"column":188},"skip":true},{"start":{"line":29,"column":188},"end":{"line":29,"column":188},"skip":true}]},"2":{"line":29,"type":"if","locations":[{"start":{"line":29,"column":300},"end":{"line":29,"column":300},"skip":true},{"start":{"line":29,"column":300},"end":{"line":29,"column":300},"skip":true}]},"3":{"line":29,"type":"if","locations":[{"start":{"line":29,"column":370},"end":{"line":29,"column":370},"skip":true},{"start":{"line":29,"column":370},"end":{"line":29,"column":370},"skip":true}]},"4":{"line":29,"type":"if","locations":[{"start":{"line":29,"column":509},"end":{"line":29,"column":509},"skip":true},{"start":{"line":29,"column":509},"end":{"line":29,"column":509},"skip":true}]},"5":{"line":29,"type":"if","locations":[{"start":{"line":29,"column":583},"end":{"line":29,"column":583},"skip":true},{"start":{"line":29,"column":583},"end":{"line":29,"column":583},"skip":true}]},"6":{"line":33,"type":"if","locations":[{"start":{"line":33,"column":50},"end":{"line":33,"column":50},"skip":true},{"start":{"line":33,"column":50},"end":{"line":33,"column":50},"skip":true}]},"7":{"line":37,"type":"if","locations":[{"start":{"line":37,"column":43},"end":{"line":37,"column":43},"skip":true},{"start":{"line":37,"column":43},"end":{"line":37,"column":43},"skip":true}]},"8":{"line":37,"type":"binary-expr","locations":[{"start":{"line":37,"column":47},"end":{"line":37,"column":79},"skip":true},{"start":{"line":37,"column":83},"end":{"line":37,"column":102},"skip":true}]},"9":{"line":37,"type":"binary-expr","locations":[{"start":{"line":37,"column":244},"end":{"line":37,"column":254},"skip":true},{"start":{"line":37,"column":258},"end":{"line":37,"column":278},"skip":true}]},"10":{"line":37,"type":"if","locations":[{"start":{"line":37,"column":374},"end":{"line":37,"column":374},"skip":true},{"start":{"line":37,"column":374},"end":{"line":37,"column":374},"skip":true}]},"11":{"line":37,"type":"cond-expr","locations":[{"start":{"line":37,"column":414},"end":{"line":37,"column":457},"skip":true},{"start":{"line":37,"column":460},"end":{"line":37,"column":491},"skip":true}]}}},"/home/ubuntu/workspace/entity-ci-core/lib/EntityManager/Errors/EFailedEntity.js":{"path":"/home/ubuntu/workspace/entity-ci-core/lib/EntityManager/Errors/EFailedEntity.js","s":{"1":1,"2":1,"3":1,"4":1,"5":1,"6":1,"7":1,"8":1,"9":0,"10":1,"11":1,"12":1,"13":1,"14":1,"15":0,"16":1,"17":1,"18":1,"19":1,"20":1,"21":1,"22":1,"23":1,"24":1,"25":0,"26":1,"27":1,"28":0,"29":0,"30":0,"31":0,"32":0,"33":0,"34":0,"35":0,"36":1,"37":1,"38":0,"39":0,"40":0,"41":0,"42":1,"43":1,"44":0,"45":1,"46":1,"47":0,"48":1,"49":1,"50":1,"51":1,"52":1,"53":1,"54":1,"55":1,"56":1,"57":1,"58":1,"59":1,"60":0,"61":1,"62":1,"63":1},"b":{"1":[1,1],"2":[0,1],"3":[1,0],"4":[0,1],"5":[0,1],"6":[0,1],"7":[0,0],"8":[1,0],"9":[0,0],"10":[0,1],"11":[0,1],"12":[1,0],"13":[1,1],"14":[1,0],"15":[1,0]},"f":{"1":1,"2":1,"3":1,"4":1,"5":1,"6":1,"7":1,"8":1,"9":0},"fnMap":{"1":{"name":"(anonymous_1)","line":29,"loc":{"start":{"line":29,"column":20},"end":{"line":29,"column":32}},"skip":true},"2":{"name":"defineProperties","line":29,"loc":{"start":{"line":29,"column":34},"end":{"line":29,"column":75}},"skip":true},"3":{"name":"(anonymous_3)","line":29,"loc":{"start":{"line":29,"column":358},"end":{"line":29,"column":406}},"skip":true},"4":{"name":"get","line":33,"loc":{"start":{"line":33,"column":11},"end":{"line":33,"column":38}},"skip":true},"5":{"name":"_classCallCheck","line":37,"loc":{"start":{"line":37,"column":0},"end":{"line":37,"column":48}},"skip":true},"6":{"name":"_inherits","line":41,"loc":{"start":{"line":41,"column":0},"end":{"line":41,"column":41}},"skip":true},"7":{"name":"(anonymous_7)","line":54,"loc":{"start":{"line":54,"column":21},"end":{"line":54,"column":40}}},"8":{"name":"EFailedEntity","line":63,"loc":{"start":{"line":63,"column":2},"end":{"line":63,"column":33}}},"9":{"name":"get","line":80,"loc":{"start":{"line":80,"column":9},"end":{"line":80,"column":24}}}},"statementMap":{"1":{"start":{"line":24,"column":0},"end":{"line":26,"column":3}},"2":{"start":{"line":29,"column":0},"end":{"line":29,"column":566},"skip":true},"3":{"start":{"line":29,"column":34},"end":{"line":29,"column":350},"skip":true},"4":{"start":{"line":29,"column":77},"end":{"line":29,"column":348},"skip":true},"5":{"start":{"line":29,"column":118},"end":{"line":29,"column":144},"skip":true},"6":{"start":{"line":29,"column":145},"end":{"line":29,"column":200},"skip":true},"7":{"start":{"line":29,"column":201},"end":{"line":29,"column":232},"skip":true},"8":{"start":{"line":29,"column":233},"end":{"line":29,"column":287},"skip":true},"9":{"start":{"line":29,"column":260},"end":{"line":29,"column":287},"skip":true},"10":{"start":{"line":29,"column":288},"end":{"line":29,"column":346},"skip":true},"11":{"start":{"line":29,"column":351},"end":{"line":29,"column":560},"skip":true},"12":{"start":{"line":29,"column":408},"end":{"line":29,"column":476},"skip":true},"13":{"start":{"line":29,"column":424},"end":{"line":29,"column":476},"skip":true},"14":{"start":{"line":29,"column":477},"end":{"line":29,"column":537},"skip":true},"15":{"start":{"line":29,"column":494},"end":{"line":29,"column":537},"skip":true},"16":{"start":{"line":29,"column":538},"end":{"line":29,"column":557},"skip":true},"17":{"start":{"line":33,"column":0},"end":{"line":33,"column":667},"skip":true},"18":{"start":{"line":33,"column":40},"end":{"line":33,"column":58},"skip":true},"19":{"start":{"line":33,"column":59},"end":{"line":33,"column":664},"skip":true},"20":{"start":{"line":33,"column":70},"end":{"line":33,"column":664},"skip":true},"21":{"start":{"line":33,"column":87},"end":{"line":33,"column":135},"skip":true},"22":{"start":{"line":33,"column":136},"end":{"line":33,"column":171},"skip":true},"23":{"start":{"line":33,"column":172},"end":{"line":33,"column":187},"skip":true},"24":{"start":{"line":33,"column":188},"end":{"line":33,"column":237},"skip":true},"25":{"start":{"line":33,"column":209},"end":{"line":33,"column":237},"skip":true},"26":{"start":{"line":33,"column":238},"end":{"line":33,"column":299},"skip":true},"27":{"start":{"line":33,"column":300},"end":{"line":33,"column":662},"skip":true},"28":{"start":{"line":33,"column":326},"end":{"line":33,"column":369},"skip":true},"29":{"start":{"line":33,"column":370},"end":{"line":33,"column":501},"skip":true},"30":{"start":{"line":33,"column":393},"end":{"line":33,"column":410},"skip":true},"31":{"start":{"line":33,"column":420},"end":{"line":33,"column":432},"skip":true},"32":{"start":{"line":33,"column":433},"end":{"line":33,"column":448},"skip":true},"33":{"start":{"line":33,"column":449},"end":{"line":33,"column":464},"skip":true},"34":{"start":{"line":33,"column":465},"end":{"line":33,"column":479},"skip":true},"35":{"start":{"line":33,"column":480},"end":{"line":33,"column":499},"skip":true},"36":{"start":{"line":33,"column":509},"end":{"line":33,"column":662},"skip":true},"37":{"start":{"line":33,"column":532},"end":{"line":33,"column":550},"skip":true},"38":{"start":{"line":33,"column":560},"end":{"line":33,"column":582},"skip":true},"39":{"start":{"line":33,"column":583},"end":{"line":33,"column":630},"skip":true},"40":{"start":{"line":33,"column":611},"end":{"line":33,"column":628},"skip":true},"41":{"start":{"line":33,"column":631},"end":{"line":33,"column":660},"skip":true},"42":{"start":{"line":37,"column":0},"end":{"line":37,"column":153},"skip":true},"43":{"start":{"line":37,"column":50},"end":{"line":37,"column":151},"skip":true},"44":{"start":{"line":37,"column":92},"end":{"line":37,"column":149},"skip":true},"45":{"start":{"line":41,"column":0},"end":{"line":41,"column":494},"skip":true},"46":{"start":{"line":41,"column":43},"end":{"line":41,"column":208},"skip":true},"47":{"start":{"line":41,"column":106},"end":{"line":41,"column":206},"skip":true},"48":{"start":{"line":41,"column":209},"end":{"line":41,"column":373},"skip":true},"49":{"start":{"line":41,"column":374},"end":{"line":41,"column":492},"skip":true},"50":{"start":{"line":41,"column":390},"end":{"line":41,"column":492},"skip":true},"51":{"start":{"line":43,"column":0},"end":{"line":44,"column":39}},"52":{"start":{"line":46,"column":0},"end":{"line":46,"column":45}},"53":{"start":{"line":54,"column":0},"end":{"line":88,"column":11}},"54":{"start":{"line":55,"column":2},"end":{"line":55,"column":36}},"55":{"start":{"line":63,"column":2},"end":{"line":70,"column":3}},"56":{"start":{"line":66,"column":4},"end":{"line":66,"column":41}},"57":{"start":{"line":68,"column":4},"end":{"line":68,"column":89}},"58":{"start":{"line":69,"column":4},"end":{"line":69,"column":27}},"59":{"start":{"line":78,"column":2},"end":{"line":85,"column":6}},"60":{"start":{"line":83,"column":6},"end":{"line":83,"column":27}},"61":{"start":{"line":87,"column":2},"end":{"line":87,"column":23}},"62":{"start":{"line":90,"column":0},"end":{"line":90,"column":35}},"63":{"start":{"line":91,"column":0},"end":{"line":91,"column":36}}},"branchMap":{"1":{"line":29,"type":"binary-expr","locations":[{"start":{"line":29,"column":169},"end":{"line":29,"column":190},"skip":true},{"start":{"line":29,"column":194},"end":{"line":29,"column":199},"skip":true}]},"2":{"line":29,"type":"if","locations":[{"start":{"line":29,"column":233},"end":{"line":29,"column":233},"skip":true},{"start":{"line":29,"column":233},"end":{"line":29,"column":233},"skip":true}]},"3":{"line":29,"type":"if","locations":[{"start":{"line":29,"column":408},"end":{"line":29,"column":408},"skip":true},{"start":{"line":29,"column":408},"end":{"line":29,"column":408},"skip":true}]},"4":{"line":29,"type":"if","locations":[{"start":{"line":29,"column":477},"end":{"line":29,"column":477},"skip":true},{"start":{"line":29,"column":477},"end":{"line":29,"column":477},"skip":true}]},"5":{"line":33,"type":"if","locations":[{"start":{"line":33,"column":188},"end":{"line":33,"column":188},"skip":true},{"start":{"line":33,"column":188},"end":{"line":33,"column":188},"skip":true}]},"6":{"line":33,"type":"if","locations":[{"start":{"line":33,"column":300},"end":{"line":33,"column":300},"skip":true},{"start":{"line":33,"column":300},"end":{"line":33,"column":300},"skip":true}]},"7":{"line":33,"type":"if","locations":[{"start":{"line":33,"column":370},"end":{"line":33,"column":370},"skip":true},{"start":{"line":33,"column":370},"end":{"line":33,"column":370},"skip":true}]},"8":{"line":33,"type":"if","locations":[{"start":{"line":33,"column":509},"end":{"line":33,"column":509},"skip":true},{"start":{"line":33,"column":509},"end":{"line":33,"column":509},"skip":true}]},"9":{"line":33,"type":"if","locations":[{"start":{"line":33,"column":583},"end":{"line":33,"column":583},"skip":true},{"start":{"line":33,"column":583},"end":{"line":33,"column":583},"skip":true}]},"10":{"line":37,"type":"if","locations":[{"start":{"line":37,"column":50},"end":{"line":37,"column":50},"skip":true},{"start":{"line":37,"column":50},"end":{"line":37,"column":50},"skip":true}]},"11":{"line":41,"type":"if","locations":[{"start":{"line":41,"column":43},"end":{"line":41,"column":43},"skip":true},{"start":{"line":41,"column":43},"end":{"line":41,"column":43},"skip":true}]},"12":{"line":41,"type":"binary-expr","locations":[{"start":{"line":41,"column":47},"end":{"line":41,"column":79},"skip":true},{"start":{"line":41,"column":83},"end":{"line":41,"column":102},"skip":true}]},"13":{"line":41,"type":"binary-expr","locations":[{"start":{"line":41,"column":244},"end":{"line":41,"column":254},"skip":true},{"start":{"line":41,"column":258},"end":{"line":41,"column":278},"skip":true}]},"14":{"line":41,"type":"if","locations":[{"start":{"line":41,"column":374},"end":{"line":41,"column":374},"skip":true},{"start":{"line":41,"column":374},"end":{"line":41,"column":374},"skip":true}]},"15":{"line":41,"type":"cond-expr","locations":[{"start":{"line":41,"column":414},"end":{"line":41,"column":457},"skip":true},{"start":{"line":41,"column":460},"end":{"line":41,"column":491},"skip":true}]}}},"/home/ubuntu/workspace/entity-ci-core/lib/PluginManager/Plugin.js":{"path":"/home/ubuntu/workspace/entity-ci-core/lib/PluginManager/Plugin.js","s":{"1":1,"2":1,"3":1,"4":1,"5":5,"6":5,"7":5,"8":5,"9":3,"10":5,"11":1,"12":1,"13":1,"14":1,"15":0,"16":1,"17":1,"18":56,"19":0,"20":1,"21":1,"22":1,"23":56,"24":56,"25":56,"26":1,"27":8,"28":6,"29":1,"30":1,"31":0,"32":1,"33":1,"34":1},"b":{"1":[5,5],"2":[3,2],"3":[1,0],"4":[0,1],"5":[0,56]},"f":{"1":1,"2":1,"3":1,"4":56,"5":1,"6":56,"7":8,"8":6,"9":1,"10":1,"11":0},"fnMap":{"1":{"name":"(anonymous_1)","line":28,"loc":{"start":{"line":28,"column":20},"end":{"line":28,"column":32}},"skip":true},"2":{"name":"defineProperties","line":28,"loc":{"start":{"line":28,"column":34},"end":{"line":28,"column":75}},"skip":true},"3":{"name":"(anonymous_3)","line":28,"loc":{"start":{"line":28,"column":358},"end":{"line":28,"column":406}},"skip":true},"4":{"name":"_classCallCheck","line":32,"loc":{"start":{"line":32,"column":0},"end":{"line":32,"column":48}},"skip":true},"5":{"name":"(anonymous_5)","line":41,"loc":{"start":{"line":41,"column":14},"end":{"line":41,"column":26}}},"6":{"name":"Plugin","line":50,"loc":{"start":{"line":50,"column":2},"end":{"line":50,"column":30}}},"7":{"name":"boot","line":75,"loc":{"start":{"line":75,"column":11},"end":{"line":75,"column":31}}},"8":{"name":"enable","line":93,"loc":{"start":{"line":93,"column":11},"end":{"line":93,"column":33}}},"9":{"name":"disable","line":110,"loc":{"start":{"line":110,"column":11},"end":{"line":110,"column":34}}},"10":{"name":"get","line":119,"loc":{"start":{"line":119,"column":9},"end":{"line":119,"column":24}}},"11":{"name":"get","line":132,"loc":{"start":{"line":132,"column":9},"end":{"line":132,"column":24}}}},"statementMap":{"1":{"start":{"line":23,"column":0},"end":{"line":25,"column":3}},"2":{"start":{"line":28,"column":0},"end":{"line":28,"column":566},"skip":true},"3":{"start":{"line":28,"column":34},"end":{"line":28,"column":350},"skip":true},"4":{"start":{"line":28,"column":77},"end":{"line":28,"column":348},"skip":true},"5":{"start":{"line":28,"column":118},"end":{"line":28,"column":144},"skip":true},"6":{"start":{"line":28,"column":145},"end":{"line":28,"column":200},"skip":true},"7":{"start":{"line":28,"column":201},"end":{"line":28,"column":232},"skip":true},"8":{"start":{"line":28,"column":233},"end":{"line":28,"column":287},"skip":true},"9":{"start":{"line":28,"column":260},"end":{"line":28,"column":287},"skip":true},"10":{"start":{"line":28,"column":288},"end":{"line":28,"column":346},"skip":true},"11":{"start":{"line":28,"column":351},"end":{"line":28,"column":560},"skip":true},"12":{"start":{"line":28,"column":408},"end":{"line":28,"column":476},"skip":true},"13":{"start":{"line":28,"column":424},"end":{"line":28,"column":476},"skip":true},"14":{"start":{"line":28,"column":477},"end":{"line":28,"column":537},"skip":true},"15":{"start":{"line":28,"column":494},"end":{"line":28,"column":537},"skip":true},"16":{"start":{"line":28,"column":538},"end":{"line":28,"column":557},"skip":true},"17":{"start":{"line":32,"column":0},"end":{"line":32,"column":153},"skip":true},"18":{"start":{"line":32,"column":50},"end":{"line":32,"column":151},"skip":true},"19":{"start":{"line":32,"column":92},"end":{"line":32,"column":149},"skip":true},"20":{"start":{"line":34,"column":0},"end":{"line":35,"column":34}},"21":{"start":{"line":41,"column":0},"end":{"line":140,"column":5}},"22":{"start":{"line":50,"column":2},"end":{"line":57,"column":3}},"23":{"start":{"line":53,"column":4},"end":{"line":53,"column":34}},"24":{"start":{"line":55,"column":4},"end":{"line":55,"column":23}},"25":{"start":{"line":56,"column":4},"end":{"line":56,"column":23}},"26":{"start":{"line":65,"column":2},"end":{"line":137,"column":6}},"27":{"start":{"line":80,"column":6},"end":{"line":80,"column":17}},"28":{"start":{"line":98,"column":6},"end":{"line":98,"column":17}},"29":{"start":{"line":115,"column":6},"end":{"line":115,"column":17}},"30":{"start":{"line":122,"column":6},"end":{"line":122,"column":25}},"31":{"start":{"line":135,"column":6},"end":{"line":135,"column":25}},"32":{"start":{"line":139,"column":2},"end":{"line":139,"column":16}},"33":{"start":{"line":142,"column":0},"end":{"line":142,"column":28}},"34":{"start":{"line":143,"column":0},"end":{"line":143,"column":36}}},"branchMap":{"1":{"line":28,"type":"binary-expr","locations":[{"start":{"line":28,"column":169},"end":{"line":28,"column":190},"skip":true},{"start":{"line":28,"column":194},"end":{"line":28,"column":199},"skip":true}]},"2":{"line":28,"type":"if","locations":[{"start":{"line":28,"column":233},"end":{"line":28,"column":233},"skip":true},{"start":{"line":28,"column":233},"end":{"line":28,"column":233},"skip":true}]},"3":{"line":28,"type":"if","locations":[{"start":{"line":28,"column":408},"end":{"line":28,"column":408},"skip":true},{"start":{"line":28,"column":408},"end":{"line":28,"column":408},"skip":true}]},"4":{"line":28,"type":"if","locations":[{"start":{"line":28,"column":477},"end":{"line":28,"column":477},"skip":true},{"start":{"line":28,"column":477},"end":{"line":28,"column":477},"skip":true}]},"5":{"line":32,"type":"if","locations":[{"start":{"line":32,"column":50},"end":{"line":32,"column":50},"skip":true},{"start":{"line":32,"column":50},"end":{"line":32,"column":50},"skip":true}]}}}}