{"/home/ubuntu/workspace/entity-core/index.js":{"path":"/home/ubuntu/workspace/entity-core/index.js","s":{"1":1,"2":1,"3":1,"4":1,"5":48,"6":48,"7":41,"8":7,"9":7,"10":0,"11":1,"12":1,"13":109,"14":0,"15":109,"16":109,"17":109,"18":109,"19":0,"20":109,"21":109,"22":109,"23":218,"24":218,"25":218,"26":109,"27":1},"b":{"1":[41,7],"2":[7,0],"3":[1,0],"4":[0,109],"5":[109,109],"6":[0,109],"7":[109,109],"8":[218,0],"9":[218,218]},"f":{"1":1,"2":48,"3":109},"fnMap":{"1":{"name":"(anonymous_1)","line":20,"loc":{"start":{"line":20,"column":26},"end":{"line":20,"column":38}}},"2":{"name":"(anonymous_2)","line":27,"loc":{"start":{"line":27,"column":28},"end":{"line":27,"column":42}}},"3":{"name":"(anonymous_3)","line":45,"loc":{"start":{"line":45,"column":11},"end":{"line":45,"column":28}}}},"statementMap":{"1":{"start":{"line":15,"column":0},"end":{"line":17,"column":33}},"2":{"start":{"line":20,"column":0},"end":{"line":24,"column":3}},"3":{"start":{"line":23,"column":2},"end":{"line":23,"column":56}},"4":{"start":{"line":27,"column":0},"end":{"line":38,"column":3}},"5":{"start":{"line":30,"column":2},"end":{"line":30,"column":77}},"6":{"start":{"line":31,"column":2},"end":{"line":35,"column":3}},"7":{"start":{"line":32,"column":4},"end":{"line":32,"column":28}},"8":{"start":{"line":33,"column":9},"end":{"line":35,"column":3}},"9":{"start":{"line":34,"column":4},"end":{"line":34,"column":43}},"10":{"start":{"line":37,"column":2},"end":{"line":37,"column":15}},"11":{"start":{"line":40,"column":0},"end":{"line":74,"column":1}},"12":{"start":{"line":41,"column":2},"end":{"line":73,"column":5}},"13":{"start":{"line":48,"column":6},"end":{"line":50,"column":7}},"14":{"start":{"line":49,"column":8},"end":{"line":49,"column":71}},"15":{"start":{"line":52,"column":6},"end":{"line":52,"column":30}},"16":{"start":{"line":53,"column":6},"end":{"line":70,"column":7}},"17":{"start":{"line":54,"column":8},"end":{"line":54,"column":38}},"18":{"start":{"line":55,"column":8},"end":{"line":57,"column":9}},"19":{"start":{"line":56,"column":10},"end":{"line":56,"column":19}},"20":{"start":{"line":59,"column":8},"end":{"line":59,"column":40}},"21":{"start":{"line":61,"column":8},"end":{"line":61,"column":56}},"22":{"start":{"line":62,"column":8},"end":{"line":69,"column":9}},"23":{"start":{"line":63,"column":10},"end":{"line":64,"column":74}},"24":{"start":{"line":66,"column":10},"end":{"line":68,"column":11}},"25":{"start":{"line":67,"column":12},"end":{"line":67,"column":46}},"26":{"start":{"line":71,"column":6},"end":{"line":71,"column":16}},"27":{"start":{"line":76,"column":0},"end":{"line":76,"column":34}}},"branchMap":{"1":{"line":31,"type":"if","locations":[{"start":{"line":31,"column":2},"end":{"line":31,"column":2}},{"start":{"line":31,"column":2},"end":{"line":31,"column":2}}]},"2":{"line":33,"type":"if","locations":[{"start":{"line":33,"column":9},"end":{"line":33,"column":9}},{"start":{"line":33,"column":9},"end":{"line":33,"column":9}}]},"3":{"line":40,"type":"if","locations":[{"start":{"line":40,"column":0},"end":{"line":40,"column":0}},{"start":{"line":40,"column":0},"end":{"line":40,"column":0}}]},"4":{"line":48,"type":"if","locations":[{"start":{"line":48,"column":6},"end":{"line":48,"column":6}},{"start":{"line":48,"column":6},"end":{"line":48,"column":6}}]},"5":{"line":48,"type":"binary-expr","locations":[{"start":{"line":48,"column":10},"end":{"line":48,"column":30}},{"start":{"line":48,"column":34},"end":{"line":48,"column":49}}]},"6":{"line":55,"type":"if","locations":[{"start":{"line":55,"column":8},"end":{"line":55,"column":8}},{"start":{"line":55,"column":8},"end":{"line":55,"column":8}}]},"7":{"line":55,"type":"binary-expr","locations":[{"start":{"line":55,"column":12},"end":{"line":55,"column":36}},{"start":{"line":55,"column":40},"end":{"line":55,"column":59}}]},"8":{"line":66,"type":"if","locations":[{"start":{"line":66,"column":10},"end":{"line":66,"column":10}},{"start":{"line":66,"column":10},"end":{"line":66,"column":10}}]},"9":{"line":66,"type":"binary-expr","locations":[{"start":{"line":66,"column":14},"end":{"line":66,"column":32}},{"start":{"line":66,"column":36},"end":{"line":66,"column":51}}]}}},"/home/ubuntu/workspace/entity-core/lib/index.js":{"path":"/home/ubuntu/workspace/entity-core/lib/index.js","s":{"1":1,"2":1,"3":21,"4":21,"5":0,"6":2,"7":3,"8":21,"9":0,"10":0,"11":1,"12":0,"13":0,"14":0,"15":0,"16":1,"17":1,"18":0,"19":0,"20":1,"21":2,"22":1,"23":2,"24":2,"25":2,"26":2,"27":2,"28":2,"29":1,"30":2,"31":2,"32":2,"33":2,"34":2,"35":2,"36":2,"37":1,"38":1,"39":1,"40":1,"41":1,"42":1,"43":1,"44":1,"45":1,"46":1,"47":1,"48":0,"49":1,"50":0,"51":0,"52":0,"53":0,"54":0,"55":0,"56":0,"57":0,"58":0,"59":0,"60":0,"61":0,"62":0,"63":0,"64":0,"65":0,"66":0,"67":0,"68":0,"69":0,"70":0,"71":1,"72":1,"73":0,"74":1,"75":0,"76":0,"77":0,"78":1,"79":0,"80":0,"81":0,"82":0,"83":0,"84":0,"85":0,"86":0,"87":0,"88":0,"89":0,"90":0,"91":0,"92":1,"93":1,"94":1,"95":0,"96":1,"97":1,"98":1,"99":1,"100":1,"101":1,"102":1,"103":0,"104":1,"105":1,"106":0,"107":1,"108":0,"109":0,"110":1,"111":1,"112":7,"113":7,"114":7,"115":1,"116":2,"117":1,"118":3,"119":3,"120":2,"121":2,"122":2,"123":2,"124":2,"125":2,"126":2,"127":2,"128":2,"129":2,"130":2,"131":2,"132":3,"133":2,"134":2,"135":2,"136":2,"137":2,"138":2,"139":1},"b":{"1":[0,2],"2":[0,2],"3":[1,0],"4":[0,1],"5":[0,0],"6":[0,0],"7":[0,0],"8":[0,0],"9":[0,0],"10":[0,1],"11":[0,1],"12":[7,3],"13":[7,3],"14":[0,2],"15":[2,0],"16":[0,2]},"f":{"1":21,"2":0,"3":2,"4":3,"5":21,"6":0,"7":0,"8":1,"9":0,"10":0,"11":0,"12":0,"13":1,"14":1,"15":0,"16":0,"17":2,"18":2,"19":2,"20":2,"21":2,"22":2,"23":2,"24":2,"25":1,"26":1,"27":1,"28":0,"29":0,"30":0,"31":0,"32":0,"33":0,"34":0,"35":0,"36":0,"37":0,"38":1,"39":0,"40":1,"41":0,"42":7,"43":2,"44":3,"45":3,"46":2,"47":2,"48":2,"49":2,"50":2,"51":3,"52":2,"53":2},"fnMap":{"1":{"name":"EntityCore","line":47,"loc":{"start":{"line":47,"column":0},"end":{"line":47,"column":35}}},"2":{"name":"(anonymous_2)","line":67,"loc":{"start":{"line":67,"column":11},"end":{"line":67,"column":23}}},"3":{"name":"(anonymous_3)","line":70,"loc":{"start":{"line":70,"column":11},"end":{"line":70,"column":28}}},"4":{"name":"(anonymous_4)","line":81,"loc":{"start":{"line":81,"column":11},"end":{"line":81,"column":23}}},"5":{"name":"(anonymous_5)","line":173,"loc":{"start":{"line":173,"column":11},"end":{"line":173,"column":23}}},"6":{"name":"(anonymous_6)","line":176,"loc":{"start":{"line":176,"column":11},"end":{"line":176,"column":28}}},"7":{"name":"(anonymous_7)","line":196,"loc":{"start":{"line":196,"column":11},"end":{"line":196,"column":23}}},"8":{"name":"(anonymous_8)","line":199,"loc":{"start":{"line":199,"column":11},"end":{"line":199,"column":28}}},"9":{"name":"(anonymous_9)","line":210,"loc":{"start":{"line":210,"column":11},"end":{"line":210,"column":23}}},"10":{"name":"(anonymous_10)","line":213,"loc":{"start":{"line":213,"column":11},"end":{"line":213,"column":28}}},"11":{"name":"(anonymous_11)","line":224,"loc":{"start":{"line":224,"column":11},"end":{"line":224,"column":23}}},"12":{"name":"(anonymous_12)","line":227,"loc":{"start":{"line":227,"column":11},"end":{"line":227,"column":28}}},"13":{"name":"(anonymous_13)","line":238,"loc":{"start":{"line":238,"column":11},"end":{"line":238,"column":23}}},"14":{"name":"(anonymous_14)","line":241,"loc":{"start":{"line":241,"column":11},"end":{"line":241,"column":28}}},"15":{"name":"(anonymous_15)","line":252,"loc":{"start":{"line":252,"column":11},"end":{"line":252,"column":23}}},"16":{"name":"(anonymous_16)","line":255,"loc":{"start":{"line":255,"column":11},"end":{"line":255,"column":28}}},"17":{"name":"(anonymous_17)","line":269,"loc":{"start":{"line":269,"column":39},"end":{"line":269,"column":55}}},"18":{"name":"connect","line":275,"loc":{"start":{"line":275,"column":2},"end":{"line":275,"column":25}}},"19":{"name":"(anonymous_19)","line":276,"loc":{"start":{"line":276,"column":11},"end":{"line":276,"column":27}}},"20":{"name":"(anonymous_20)","line":292,"loc":{"start":{"line":292,"column":22},"end":{"line":292,"column":37}}},"21":{"name":"(anonymous_21)","line":304,"loc":{"start":{"line":304,"column":32},"end":{"line":304,"column":48}}},"22":{"name":"(anonymous_22)","line":310,"loc":{"start":{"line":310,"column":13},"end":{"line":310,"column":29}}},"23":{"name":"(anonymous_23)","line":320,"loc":{"start":{"line":320,"column":13},"end":{"line":320,"column":29}}},"24":{"name":"(anonymous_24)","line":327,"loc":{"start":{"line":327,"column":22},"end":{"line":327,"column":37}}},"25":{"name":"(anonymous_25)","line":339,"loc":{"start":{"line":339,"column":32},"end":{"line":339,"column":48}}},"26":{"name":"setupSession","line":346,"loc":{"start":{"line":346,"column":2},"end":{"line":346,"column":26}}},"27":{"name":"setupServers","line":364,"loc":{"start":{"line":364,"column":2},"end":{"line":364,"column":26}}},"28":{"name":"setupSocket","line":386,"loc":{"start":{"line":386,"column":2},"end":{"line":386,"column":25}}},"29":{"name":"(anonymous_29)","line":401,"loc":{"start":{"line":401,"column":29},"end":{"line":401,"column":57}}},"30":{"name":"(anonymous_30)","line":415,"loc":{"start":{"line":415,"column":40},"end":{"line":415,"column":58}}},"31":{"name":"(anonymous_31)","line":422,"loc":{"start":{"line":422,"column":30},"end":{"line":422,"column":42}}},"32":{"name":"onAuthorizeSuccess","line":435,"loc":{"start":{"line":435,"column":2},"end":{"line":435,"column":44}}},"33":{"name":"onAuthorizeFail","line":439,"loc":{"start":{"line":439,"column":2},"end":{"line":439,"column":57}}},"34":{"name":"makeRequestResponse","line":447,"loc":{"start":{"line":447,"column":2},"end":{"line":447,"column":41}}},"35":{"name":"(anonymous_35)","line":451,"loc":{"start":{"line":451,"column":26},"end":{"line":451,"column":38}}},"36":{"name":"(anonymous_36)","line":457,"loc":{"start":{"line":457,"column":17},"end":{"line":457,"column":35}}},"37":{"name":"(anonymous_37)","line":462,"loc":{"start":{"line":462,"column":15},"end":{"line":462,"column":31}}},"38":{"name":"(anonymous_38)","line":492,"loc":{"start":{"line":492,"column":31},"end":{"line":492,"column":47}}},"39":{"name":"(anonymous_39)","line":500,"loc":{"start":{"line":500,"column":19},"end":{"line":500,"column":45}}},"40":{"name":"(anonymous_40)","line":506,"loc":{"start":{"line":506,"column":35},"end":{"line":506,"column":50}}},"41":{"name":"(anonymous_41)","line":511,"loc":{"start":{"line":511,"column":19},"end":{"line":511,"column":49}}},"42":{"name":"(anonymous_42)","line":532,"loc":{"start":{"line":532,"column":34},"end":{"line":532,"column":64}}},"43":{"name":"(anonymous_43)","line":551,"loc":{"start":{"line":551,"column":34},"end":{"line":551,"column":50}}},"44":{"name":"middleware","line":557,"loc":{"start":{"line":557,"column":2},"end":{"line":557,"column":28}}},"45":{"name":"(anonymous_45)","line":558,"loc":{"start":{"line":558,"column":11},"end":{"line":558,"column":27}}},"46":{"name":"(anonymous_46)","line":563,"loc":{"start":{"line":563,"column":13},"end":{"line":563,"column":29}}},"47":{"name":"(anonymous_47)","line":567,"loc":{"start":{"line":567,"column":13},"end":{"line":567,"column":29}}},"48":{"name":"(anonymous_48)","line":571,"loc":{"start":{"line":571,"column":13},"end":{"line":571,"column":29}}},"49":{"name":"(anonymous_49)","line":575,"loc":{"start":{"line":575,"column":13},"end":{"line":575,"column":29}}},"50":{"name":"(anonymous_50)","line":582,"loc":{"start":{"line":582,"column":15},"end":{"line":582,"column":31}}},"51":{"name":"(anonymous_51)","line":587,"loc":{"start":{"line":587,"column":27},"end":{"line":587,"column":43}}},"52":{"name":"(anonymous_52)","line":591,"loc":{"start":{"line":591,"column":13},"end":{"line":591,"column":29}}},"53":{"name":"(anonymous_53)","line":597,"loc":{"start":{"line":597,"column":22},"end":{"line":597,"column":37}}}},"statementMap":{"1":{"start":{"line":21,"column":0},"end":{"line":39,"column":51}},"2":{"start":{"line":47,"column":0},"end":{"line":260,"column":1}},"3":{"start":{"line":50,"column":2},"end":{"line":57,"column":26}},"4":{"start":{"line":59,"column":2},"end":{"line":259,"column":5}},"5":{"start":{"line":68,"column":8},"end":{"line":68,"column":29}},"6":{"start":{"line":71,"column":8},"end":{"line":71,"column":39}},"7":{"start":{"line":82,"column":8},"end":{"line":82,"column":29}},"8":{"start":{"line":174,"column":8},"end":{"line":174,"column":26}},"9":{"start":{"line":177,"column":8},"end":{"line":177,"column":27}},"10":{"start":{"line":197,"column":8},"end":{"line":197,"column":20}},"11":{"start":{"line":200,"column":8},"end":{"line":200,"column":21}},"12":{"start":{"line":211,"column":8},"end":{"line":211,"column":21}},"13":{"start":{"line":214,"column":8},"end":{"line":214,"column":22}},"14":{"start":{"line":225,"column":8},"end":{"line":225,"column":22}},"15":{"start":{"line":228,"column":8},"end":{"line":228,"column":23}},"16":{"start":{"line":239,"column":8},"end":{"line":239,"column":23}},"17":{"start":{"line":242,"column":8},"end":{"line":242,"column":24}},"18":{"start":{"line":253,"column":8},"end":{"line":253,"column":28}},"19":{"start":{"line":256,"column":8},"end":{"line":256,"column":29}},"20":{"start":{"line":269,"column":0},"end":{"line":295,"column":2}},"21":{"start":{"line":272,"column":2},"end":{"line":273,"column":17}},"22":{"start":{"line":275,"column":2},"end":{"line":287,"column":3}},"23":{"start":{"line":276,"column":4},"end":{"line":286,"column":6}},"24":{"start":{"line":277,"column":6},"end":{"line":283,"column":8}},"25":{"start":{"line":285,"column":6},"end":{"line":285,"column":13}},"26":{"start":{"line":290,"column":2},"end":{"line":290,"column":33}},"27":{"start":{"line":292,"column":2},"end":{"line":294,"column":5}},"28":{"start":{"line":293,"column":4},"end":{"line":293,"column":27}},"29":{"start":{"line":304,"column":0},"end":{"line":330,"column":2}},"30":{"start":{"line":307,"column":2},"end":{"line":308,"column":17}},"31":{"start":{"line":310,"column":2},"end":{"line":318,"column":5}},"32":{"start":{"line":311,"column":4},"end":{"line":317,"column":6}},"33":{"start":{"line":320,"column":2},"end":{"line":325,"column":5}},"34":{"start":{"line":321,"column":4},"end":{"line":324,"column":6}},"35":{"start":{"line":327,"column":2},"end":{"line":329,"column":5}},"36":{"start":{"line":328,"column":4},"end":{"line":328,"column":27}},"37":{"start":{"line":339,"column":0},"end":{"line":483,"column":2}},"38":{"start":{"line":342,"column":2},"end":{"line":344,"column":61}},"39":{"start":{"line":346,"column":2},"end":{"line":362,"column":3}},"40":{"start":{"line":347,"column":4},"end":{"line":349,"column":7}},"41":{"start":{"line":352,"column":4},"end":{"line":357,"column":8}},"42":{"start":{"line":360,"column":4},"end":{"line":360,"column":42}},"43":{"start":{"line":361,"column":4},"end":{"line":361,"column":39}},"44":{"start":{"line":364,"column":2},"end":{"line":384,"column":3}},"45":{"start":{"line":365,"column":4},"end":{"line":369,"column":5}},"46":{"start":{"line":366,"column":6},"end":{"line":368,"column":62}},"47":{"start":{"line":371,"column":4},"end":{"line":383,"column":5}},"48":{"start":{"line":372,"column":6},"end":{"line":382,"column":50}},"49":{"start":{"line":386,"column":2},"end":{"line":430,"column":3}},"50":{"start":{"line":387,"column":4},"end":{"line":389,"column":6}},"51":{"start":{"line":391,"column":4},"end":{"line":398,"column":8}},"52":{"start":{"line":400,"column":4},"end":{"line":400,"column":53}},"53":{"start":{"line":401,"column":4},"end":{"line":412,"column":7}},"54":{"start":{"line":402,"column":6},"end":{"line":404,"column":41}},"55":{"start":{"line":406,"column":6},"end":{"line":406,"column":41}},"56":{"start":{"line":407,"column":6},"end":{"line":407,"column":21}},"57":{"start":{"line":408,"column":6},"end":{"line":408,"column":21}},"58":{"start":{"line":410,"column":6},"end":{"line":410,"column":42}},"59":{"start":{"line":411,"column":6},"end":{"line":411,"column":13}},"60":{"start":{"line":414,"column":4},"end":{"line":414,"column":37}},"61":{"start":{"line":415,"column":4},"end":{"line":429,"column":7}},"62":{"start":{"line":416,"column":6},"end":{"line":416,"column":38}},"63":{"start":{"line":418,"column":6},"end":{"line":418,"column":40}},"64":{"start":{"line":419,"column":6},"end":{"line":419,"column":26}},"65":{"start":{"line":420,"column":6},"end":{"line":420,"column":38}},"66":{"start":{"line":422,"column":6},"end":{"line":428,"column":9}},"67":{"start":{"line":423,"column":8},"end":{"line":423,"column":40}},"68":{"start":{"line":424,"column":8},"end":{"line":424,"column":42}},"69":{"start":{"line":426,"column":8},"end":{"line":426,"column":31}},"70":{"start":{"line":427,"column":8},"end":{"line":427,"column":40}},"71":{"start":{"line":433,"column":2},"end":{"line":433,"column":61}},"72":{"start":{"line":435,"column":2},"end":{"line":437,"column":3}},"73":{"start":{"line":436,"column":4},"end":{"line":436,"column":23}},"74":{"start":{"line":439,"column":2},"end":{"line":445,"column":3}},"75":{"start":{"line":440,"column":4},"end":{"line":442,"column":5}},"76":{"start":{"line":441,"column":6},"end":{"line":441,"column":31}},"77":{"start":{"line":444,"column":4},"end":{"line":444,"column":24}},"78":{"start":{"line":447,"column":2},"end":{"line":472,"column":3}},"79":{"start":{"line":448,"column":4},"end":{"line":448,"column":26}},"80":{"start":{"line":449,"column":4},"end":{"line":449,"column":25}},"81":{"start":{"line":451,"column":4},"end":{"line":455,"column":6}},"82":{"start":{"line":453,"column":6},"end":{"line":453,"column":56}},"83":{"start":{"line":457,"column":4},"end":{"line":460,"column":6}},"84":{"start":{"line":458,"column":6},"end":{"line":458,"column":26}},"85":{"start":{"line":459,"column":6},"end":{"line":459,"column":17}},"86":{"start":{"line":462,"column":4},"end":{"line":469,"column":6}},"87":{"start":{"line":463,"column":6},"end":{"line":465,"column":7}},"88":{"start":{"line":464,"column":8},"end":{"line":464,"column":33}},"89":{"start":{"line":467,"column":6},"end":{"line":467,"column":29}},"90":{"start":{"line":468,"column":6},"end":{"line":468,"column":17}},"91":{"start":{"line":471,"column":4},"end":{"line":471,"column":24}},"92":{"start":{"line":474,"column":2},"end":{"line":474,"column":17}},"93":{"start":{"line":475,"column":2},"end":{"line":475,"column":17}},"94":{"start":{"line":477,"column":2},"end":{"line":479,"column":3}},"95":{"start":{"line":478,"column":4},"end":{"line":478,"column":18}},"96":{"start":{"line":481,"column":2},"end":{"line":481,"column":40}},"97":{"start":{"line":482,"column":2},"end":{"line":482,"column":21}},"98":{"start":{"line":492,"column":0},"end":{"line":520,"column":2}},"99":{"start":{"line":495,"column":2},"end":{"line":495,"column":16}},"100":{"start":{"line":497,"column":2},"end":{"line":497,"column":33}},"101":{"start":{"line":498,"column":2},"end":{"line":498,"column":37}},"102":{"start":{"line":500,"column":2},"end":{"line":504,"column":5}},"103":{"start":{"line":503,"column":4},"end":{"line":503,"column":11}},"104":{"start":{"line":506,"column":2},"end":{"line":519,"column":5}},"105":{"start":{"line":507,"column":4},"end":{"line":509,"column":5}},"106":{"start":{"line":508,"column":6},"end":{"line":508,"column":23}},"107":{"start":{"line":511,"column":4},"end":{"line":514,"column":7}},"108":{"start":{"line":512,"column":6},"end":{"line":512,"column":31}},"109":{"start":{"line":513,"column":6},"end":{"line":513,"column":47}},"110":{"start":{"line":516,"column":4},"end":{"line":516,"column":15}},"111":{"start":{"line":532,"column":0},"end":{"line":543,"column":2}},"112":{"start":{"line":535,"column":2},"end":{"line":539,"column":5}},"113":{"start":{"line":541,"column":2},"end":{"line":541,"column":37}},"114":{"start":{"line":542,"column":2},"end":{"line":542,"column":14}},"115":{"start":{"line":551,"column":0},"end":{"line":604,"column":2}},"116":{"start":{"line":554,"column":2},"end":{"line":555,"column":17}},"117":{"start":{"line":557,"column":2},"end":{"line":561,"column":3}},"118":{"start":{"line":558,"column":4},"end":{"line":560,"column":6}},"119":{"start":{"line":559,"column":6},"end":{"line":559,"column":52}},"120":{"start":{"line":563,"column":2},"end":{"line":565,"column":5}},"121":{"start":{"line":564,"column":4},"end":{"line":564,"column":25}},"122":{"start":{"line":567,"column":2},"end":{"line":569,"column":5}},"123":{"start":{"line":568,"column":4},"end":{"line":568,"column":29}},"124":{"start":{"line":571,"column":2},"end":{"line":573,"column":5}},"125":{"start":{"line":572,"column":4},"end":{"line":572,"column":60}},"126":{"start":{"line":575,"column":2},"end":{"line":577,"column":5}},"127":{"start":{"line":576,"column":4},"end":{"line":576,"column":22}},"128":{"start":{"line":579,"column":2},"end":{"line":585,"column":3}},"129":{"start":{"line":582,"column":4},"end":{"line":584,"column":7}},"130":{"start":{"line":583,"column":6},"end":{"line":583,"column":24}},"131":{"start":{"line":587,"column":2},"end":{"line":589,"column":5}},"132":{"start":{"line":588,"column":4},"end":{"line":588,"column":33}},"133":{"start":{"line":591,"column":2},"end":{"line":595,"column":5}},"134":{"start":{"line":592,"column":4},"end":{"line":594,"column":7}},"135":{"start":{"line":597,"column":2},"end":{"line":603,"column":5}},"136":{"start":{"line":598,"column":4},"end":{"line":600,"column":5}},"137":{"start":{"line":599,"column":6},"end":{"line":599,"column":31}},"138":{"start":{"line":602,"column":4},"end":{"line":602,"column":27}},"139":{"start":{"line":609,"column":0},"end":{"line":609,"column":28}}},"branchMap":{"1":{"line":293,"type":"cond-expr","locations":[{"start":{"line":293,"column":15},"end":{"line":293,"column":18}},{"start":{"line":293,"column":21},"end":{"line":293,"column":25}}]},"2":{"line":328,"type":"cond-expr","locations":[{"start":{"line":328,"column":15},"end":{"line":328,"column":18}},{"start":{"line":328,"column":21},"end":{"line":328,"column":25}}]},"3":{"line":365,"type":"if","locations":[{"start":{"line":365,"column":4},"end":{"line":365,"column":4}},{"start":{"line":365,"column":4},"end":{"line":365,"column":4}}]},"4":{"line":371,"type":"if","locations":[{"start":{"line":371,"column":4},"end":{"line":371,"column":4}},{"start":{"line":371,"column":4},"end":{"line":371,"column":4}}]},"5":{"line":388,"type":"cond-expr","locations":[{"start":{"line":388,"column":21},"end":{"line":388,"column":30}},{"start":{"line":388,"column":33},"end":{"line":388,"column":41}}]},"6":{"line":440,"type":"if","locations":[{"start":{"line":440,"column":4},"end":{"line":440,"column":4}},{"start":{"line":440,"column":4},"end":{"line":440,"column":4}}]},"7":{"line":453,"type":"binary-expr","locations":[{"start":{"line":453,"column":14},"end":{"line":453,"column":22}},{"start":{"line":453,"column":26},"end":{"line":453,"column":54}}]},"8":{"line":463,"type":"if","locations":[{"start":{"line":463,"column":6},"end":{"line":463,"column":6}},{"start":{"line":463,"column":6},"end":{"line":463,"column":6}}]},"9":{"line":463,"type":"binary-expr","locations":[{"start":{"line":463,"column":10},"end":{"line":463,"column":34}},{"start":{"line":463,"column":38},"end":{"line":463,"column":50}}]},"10":{"line":477,"type":"if","locations":[{"start":{"line":477,"column":2},"end":{"line":477,"column":2}},{"start":{"line":477,"column":2},"end":{"line":477,"column":2}}]},"11":{"line":507,"type":"if","locations":[{"start":{"line":507,"column":4},"end":{"line":507,"column":4}},{"start":{"line":507,"column":4},"end":{"line":507,"column":4}}]},"12":{"line":537,"type":"binary-expr","locations":[{"start":{"line":537,"column":12},"end":{"line":537,"column":18}},{"start":{"line":537,"column":22},"end":{"line":537,"column":24}}]},"13":{"line":538,"type":"binary-expr","locations":[{"start":{"line":538,"column":12},"end":{"line":538,"column":18}},{"start":{"line":538,"column":22},"end":{"line":538,"column":23}}]},"14":{"line":579,"type":"if","locations":[{"start":{"line":579,"column":2},"end":{"line":579,"column":2}},{"start":{"line":579,"column":2},"end":{"line":579,"column":2}}]},"15":{"line":598,"type":"if","locations":[{"start":{"line":598,"column":4},"end":{"line":598,"column":4}},{"start":{"line":598,"column":4},"end":{"line":598,"column":4}}]},"16":{"line":602,"type":"cond-expr","locations":[{"start":{"line":602,"column":15},"end":{"line":602,"column":18}},{"start":{"line":602,"column":21},"end":{"line":602,"column":25}}]}}},"/home/ubuntu/workspace/entity-core/lib/Utils/Config.js":{"path":"/home/ubuntu/workspace/entity-core/lib/Utils/Config.js","s":{"1":1,"2":1,"3":42,"4":42,"5":42,"6":1,"7":1,"8":3,"9":3,"10":1,"11":6,"12":0,"13":6,"14":6,"15":6,"16":1,"17":5,"18":5,"19":4,"20":1,"21":1},"b":{"1":[1,2],"2":[0,6],"3":[1,5]},"f":{"1":42,"2":3,"3":3,"4":6,"5":6},"fnMap":{"1":{"name":"Config","line":33,"loc":{"start":{"line":33,"column":0},"end":{"line":33,"column":32}}},"2":{"name":"(anonymous_2)","line":65,"loc":{"start":{"line":65,"column":24},"end":{"line":65,"column":40}}},"3":{"name":"(anonymous_3)","line":71,"loc":{"start":{"line":71,"column":4},"end":{"line":71,"column":19}}},"4":{"name":"(anonymous_4)","line":83,"loc":{"start":{"line":83,"column":24},"end":{"line":83,"column":40}}},"5":{"name":"(anonymous_5)","line":91,"loc":{"start":{"line":91,"column":29},"end":{"line":91,"column":50}}}},"statementMap":{"1":{"start":{"line":21,"column":0},"end":{"line":24,"column":39}},"2":{"start":{"line":33,"column":0},"end":{"line":55,"column":1}},"3":{"start":{"line":36,"column":2},"end":{"line":36,"column":38}},"4":{"start":{"line":43,"column":2},"end":{"line":45,"column":5}},"5":{"start":{"line":52,"column":2},"end":{"line":54,"column":5}},"6":{"start":{"line":57,"column":0},"end":{"line":57,"column":28}},"7":{"start":{"line":65,"column":0},"end":{"line":75,"column":2}},"8":{"start":{"line":68,"column":2},"end":{"line":74,"column":4}},"9":{"start":{"line":72,"column":6},"end":{"line":72,"column":29}},"10":{"start":{"line":83,"column":0},"end":{"line":103,"column":2}},"11":{"start":{"line":86,"column":2},"end":{"line":88,"column":3}},"12":{"start":{"line":87,"column":4},"end":{"line":87,"column":29}},"13":{"start":{"line":90,"column":2},"end":{"line":90,"column":16}},"14":{"start":{"line":91,"column":2},"end":{"line":102,"column":5}},"15":{"start":{"line":92,"column":4},"end":{"line":94,"column":5}},"16":{"start":{"line":93,"column":6},"end":{"line":93,"column":23}},"17":{"start":{"line":96,"column":4},"end":{"line":101,"column":5}},"18":{"start":{"line":97,"column":6},"end":{"line":97,"column":33}},"19":{"start":{"line":98,"column":6},"end":{"line":98,"column":17}},"20":{"start":{"line":100,"column":6},"end":{"line":100,"column":14}},"21":{"start":{"line":105,"column":0},"end":{"line":105,"column":24}}},"branchMap":{"1":{"line":72,"type":"cond-expr","locations":[{"start":{"line":72,"column":17},"end":{"line":72,"column":20}},{"start":{"line":72,"column":23},"end":{"line":72,"column":27}}]},"2":{"line":86,"type":"if","locations":[{"start":{"line":86,"column":2},"end":{"line":86,"column":2}},{"start":{"line":86,"column":2},"end":{"line":86,"column":2}}]},"3":{"line":92,"type":"if","locations":[{"start":{"line":92,"column":4},"end":{"line":92,"column":4}},{"start":{"line":92,"column":4},"end":{"line":92,"column":4}}]}}},"/home/ubuntu/workspace/entity-core/lib/Utils/Data.js":{"path":"/home/ubuntu/workspace/entity-core/lib/Utils/Data.js","s":{"1":1,"2":65,"3":65,"4":89,"5":4,"6":65,"7":1,"8":50,"9":1,"10":10,"11":10,"12":10,"13":1,"14":25,"15":12,"16":25,"17":25,"18":25,"19":1,"20":7,"21":7,"22":5,"23":5,"24":7,"25":7,"26":1,"27":8,"28":8,"29":1},"b":{"1":[65,42],"2":[65,22],"3":[12,13],"4":[2,3]},"f":{"1":65,"2":89,"3":4,"4":50,"5":10,"6":25,"7":7,"8":8},"fnMap":{"1":{"name":"Data","line":29,"loc":{"start":{"line":29,"column":0},"end":{"line":29,"column":25}}},"2":{"name":"(anonymous_2)","line":40,"loc":{"start":{"line":40,"column":9},"end":{"line":40,"column":21}}},"3":{"name":"(anonymous_3)","line":43,"loc":{"start":{"line":43,"column":9},"end":{"line":43,"column":26}}},"4":{"name":"(anonymous_4)","line":66,"loc":{"start":{"line":66,"column":30},"end":{"line":66,"column":46}}},"5":{"name":"(anonymous_5)","line":78,"loc":{"start":{"line":78,"column":21},"end":{"line":78,"column":37}}},"6":{"name":"(anonymous_6)","line":103,"loc":{"start":{"line":103,"column":21},"end":{"line":103,"column":42}}},"7":{"name":"(anonymous_7)","line":134,"loc":{"start":{"line":134,"column":21},"end":{"line":134,"column":44}}},"8":{"name":"(anonymous_8)","line":165,"loc":{"start":{"line":165,"column":21},"end":{"line":165,"column":37}}}},"statementMap":{"1":{"start":{"line":29,"column":0},"end":{"line":56,"column":1}},"2":{"start":{"line":32,"column":2},"end":{"line":32,"column":25}},"3":{"start":{"line":39,"column":2},"end":{"line":46,"column":5}},"4":{"start":{"line":41,"column":6},"end":{"line":41,"column":19}},"5":{"start":{"line":44,"column":6},"end":{"line":44,"column":20}},"6":{"start":{"line":53,"column":2},"end":{"line":55,"column":5}},"7":{"start":{"line":66,"column":0},"end":{"line":70,"column":2}},"8":{"start":{"line":69,"column":2},"end":{"line":69,"column":49}},"9":{"start":{"line":78,"column":0},"end":{"line":93,"column":2}},"10":{"start":{"line":81,"column":2},"end":{"line":81,"column":18}},"11":{"start":{"line":85,"column":2},"end":{"line":89,"column":6}},"12":{"start":{"line":92,"column":2},"end":{"line":92,"column":13}},"13":{"start":{"line":103,"column":0},"end":{"line":125,"column":2}},"14":{"start":{"line":106,"column":2},"end":{"line":108,"column":3}},"15":{"start":{"line":107,"column":4},"end":{"line":107,"column":15}},"16":{"start":{"line":110,"column":2},"end":{"line":111,"column":10}},"17":{"start":{"line":115,"column":2},"end":{"line":121,"column":6}},"18":{"start":{"line":124,"column":2},"end":{"line":124,"column":13}},"19":{"start":{"line":134,"column":0},"end":{"line":157,"column":2}},"20":{"start":{"line":137,"column":2},"end":{"line":138,"column":17}},"21":{"start":{"line":140,"column":2},"end":{"line":149,"column":3}},"22":{"start":{"line":141,"column":4},"end":{"line":141,"column":43}},"23":{"start":{"line":145,"column":4},"end":{"line":147,"column":8}},"24":{"start":{"line":153,"column":2},"end":{"line":153,"column":64}},"25":{"start":{"line":156,"column":2},"end":{"line":156,"column":14}},"26":{"start":{"line":165,"column":0},"end":{"line":174,"column":2}},"27":{"start":{"line":170,"column":2},"end":{"line":170,"column":63}},"28":{"start":{"line":173,"column":2},"end":{"line":173,"column":14}},"29":{"start":{"line":179,"column":0},"end":{"line":179,"column":22}}},"branchMap":{"1":{"line":32,"type":"binary-expr","locations":[{"start":{"line":32,"column":14},"end":{"line":32,"column":18}},{"start":{"line":32,"column":22},"end":{"line":32,"column":24}}]},"2":{"line":54,"type":"binary-expr","locations":[{"start":{"line":54,"column":11},"end":{"line":54,"column":14}},{"start":{"line":54,"column":18},"end":{"line":54,"column":21}}]},"3":{"line":106,"type":"if","locations":[{"start":{"line":106,"column":2},"end":{"line":106,"column":2}},{"start":{"line":106,"column":2},"end":{"line":106,"column":2}}]},"4":{"line":141,"type":"cond-expr","locations":[{"start":{"line":141,"column":22},"end":{"line":141,"column":28}},{"start":{"line":141,"column":31},"end":{"line":141,"column":33}}]}}},"/home/ubuntu/workspace/entity-core/lib/Utils/SortBy.js":{"path":"/home/ubuntu/workspace/entity-core/lib/Utils/SortBy.js","s":{"1":1,"2":896,"3":92,"4":92,"5":32,"6":60,"7":1,"8":4,"9":4,"10":14,"11":1,"12":13,"13":13,"14":4,"15":11,"16":11,"17":1,"18":10,"19":4,"20":13,"21":1,"22":900,"23":896,"24":4},"b":{"1":[88,4],"2":[2,86],"3":[90,2],"4":[2,88],"5":[32,60],"6":[27,33],"7":[60,54],"8":[1,13],"9":[3,8],"10":[9,2],"11":[1,10],"12":[2,8],"13":[10,7],"14":[896,4],"15":[900,896]},"f":{"1":896,"2":92,"3":4,"4":11,"5":13,"6":900},"fnMap":{"1":{"name":"arraySortBy","line":28,"loc":{"start":{"line":28,"column":0},"end":{"line":28,"column":42}}},"2":{"name":"(anonymous_2)","line":31,"loc":{"start":{"line":31,"column":12},"end":{"line":31,"column":28}}},"3":{"name":"objectSortBy","line":58,"loc":{"start":{"line":58,"column":0},"end":{"line":58,"column":42}}},"4":{"name":"(anonymous_4)","line":71,"loc":{"start":{"line":71,"column":12},"end":{"line":71,"column":28}}},"5":{"name":"(anonymous_5)","line":82,"loc":{"start":{"line":82,"column":15},"end":{"line":82,"column":32}}},"6":{"name":"sortBy","line":94,"loc":{"start":{"line":94,"column":17},"end":{"line":94,"column":54}}}},"statementMap":{"1":{"start":{"line":28,"column":0},"end":{"line":49,"column":1}},"2":{"start":{"line":31,"column":2},"end":{"line":48,"column":5}},"3":{"start":{"line":32,"column":4},"end":{"line":41,"column":14}},"4":{"start":{"line":43,"column":4},"end":{"line":45,"column":5}},"5":{"start":{"line":44,"column":6},"end":{"line":44,"column":15}},"6":{"start":{"line":47,"column":4},"end":{"line":47,"column":48}},"7":{"start":{"line":58,"column":0},"end":{"line":85,"column":1}},"8":{"start":{"line":61,"column":2},"end":{"line":61,"column":16}},"9":{"start":{"line":62,"column":2},"end":{"line":69,"column":3}},"10":{"start":{"line":63,"column":4},"end":{"line":65,"column":5}},"11":{"start":{"line":64,"column":6},"end":{"line":64,"column":15}},"12":{"start":{"line":67,"column":4},"end":{"line":67,"column":40}},"13":{"start":{"line":68,"column":4},"end":{"line":68,"column":19}},"14":{"start":{"line":71,"column":2},"end":{"line":80,"column":5}},"15":{"start":{"line":72,"column":4},"end":{"line":73,"column":73}},"16":{"start":{"line":75,"column":4},"end":{"line":77,"column":5}},"17":{"start":{"line":76,"column":6},"end":{"line":76,"column":15}},"18":{"start":{"line":79,"column":4},"end":{"line":79,"column":48}},"19":{"start":{"line":82,"column":2},"end":{"line":84,"column":5}},"20":{"start":{"line":83,"column":4},"end":{"line":83,"column":34}},"21":{"start":{"line":94,"column":0},"end":{"line":102,"column":2}},"22":{"start":{"line":97,"column":2},"end":{"line":101,"column":3}},"23":{"start":{"line":98,"column":4},"end":{"line":98,"column":36}},"24":{"start":{"line":100,"column":4},"end":{"line":100,"column":37}}},"branchMap":{"1":{"line":32,"type":"cond-expr","locations":[{"start":{"line":33,"column":10},"end":{"line":35,"column":32}},{"start":{"line":36,"column":12},"end":{"line":36,"column":13}}]},"2":{"line":33,"type":"cond-expr","locations":[{"start":{"line":34,"column":12},"end":{"line":34,"column":34}},{"start":{"line":35,"column":12},"end":{"line":35,"column":32}}]},"3":{"line":37,"type":"cond-expr","locations":[{"start":{"line":38,"column":10},"end":{"line":40,"column":32}},{"start":{"line":41,"column":12},"end":{"line":41,"column":13}}]},"4":{"line":38,"type":"cond-expr","locations":[{"start":{"line":39,"column":12},"end":{"line":39,"column":34}},{"start":{"line":40,"column":12},"end":{"line":40,"column":32}}]},"5":{"line":43,"type":"if","locations":[{"start":{"line":43,"column":4},"end":{"line":43,"column":4}},{"start":{"line":43,"column":4},"end":{"line":43,"column":4}}]},"6":{"line":47,"type":"cond-expr","locations":[{"start":{"line":47,"column":41},"end":{"line":47,"column":43}},{"start":{"line":47,"column":46},"end":{"line":47,"column":47}}]},"7":{"line":47,"type":"binary-expr","locations":[{"start":{"line":47,"column":11},"end":{"line":47,"column":27}},{"start":{"line":47,"column":31},"end":{"line":47,"column":38}}]},"8":{"line":63,"type":"if","locations":[{"start":{"line":63,"column":4},"end":{"line":63,"column":4}},{"start":{"line":63,"column":4},"end":{"line":63,"column":4}}]},"9":{"line":72,"type":"cond-expr","locations":[{"start":{"line":72,"column":42},"end":{"line":72,"column":68}},{"start":{"line":72,"column":71},"end":{"line":72,"column":72}}]},"10":{"line":73,"type":"cond-expr","locations":[{"start":{"line":73,"column":42},"end":{"line":73,"column":68}},{"start":{"line":73,"column":71},"end":{"line":73,"column":72}}]},"11":{"line":75,"type":"if","locations":[{"start":{"line":75,"column":4},"end":{"line":75,"column":4}},{"start":{"line":75,"column":4},"end":{"line":75,"column":4}}]},"12":{"line":79,"type":"cond-expr","locations":[{"start":{"line":79,"column":41},"end":{"line":79,"column":43}},{"start":{"line":79,"column":46},"end":{"line":79,"column":47}}]},"13":{"line":79,"type":"binary-expr","locations":[{"start":{"line":79,"column":11},"end":{"line":79,"column":27}},{"start":{"line":79,"column":31},"end":{"line":79,"column":38}}]},"14":{"line":97,"type":"if","locations":[{"start":{"line":97,"column":2},"end":{"line":97,"column":2}},{"start":{"line":97,"column":2},"end":{"line":97,"column":2}}]},"15":{"line":97,"type":"binary-expr","locations":[{"start":{"line":97,"column":6},"end":{"line":97,"column":27}},{"start":{"line":97,"column":31},"end":{"line":97,"column":56}}]}}},"/home/ubuntu/workspace/entity-core/lib/Locale/index.js":{"path":"/home/ubuntu/workspace/entity-core/lib/Locale/index.js","s":{"1":1,"2":1,"3":38,"4":38,"5":109,"6":38,"7":8,"8":38,"9":1,"10":3,"11":3,"12":3,"13":0,"14":3,"15":1,"16":0,"17":1,"18":3,"19":1,"20":16,"21":16,"22":16,"23":11,"24":16,"25":20,"26":5,"27":15,"28":16,"29":0,"30":1,"31":6,"32":6,"33":3,"34":3,"35":6,"36":64,"37":64,"38":35,"39":3,"40":3,"41":3,"42":64,"43":6,"44":1,"45":16,"46":1,"47":3,"48":1,"49":9,"50":9,"51":3,"52":3,"53":0,"54":3,"55":3,"56":9,"57":9,"58":9,"59":3,"60":3,"61":1,"62":13,"63":1,"64":12,"65":1,"66":3,"67":3,"68":1,"69":1,"70":3,"71":3,"72":3,"73":3,"74":1,"75":5,"76":5,"77":5,"78":0,"79":5,"80":4,"81":5,"82":5,"83":3,"84":5,"85":5,"86":5,"87":1,"88":4,"89":1,"90":4,"91":1},"b":{"1":[0,3],"2":[0,1],"3":[11,5],"4":[5,15],"5":[3,32],"6":[3,61],"7":[0,3],"8":[9,0],"9":[9,9],"10":[0,3],"11":[1,12],"12":[1,2],"13":[3,1],"14":[0,3],"15":[0,5],"16":[4,1],"17":[3,2],"18":[0,5],"19":[1,3],"20":[4,2]},"f":{"1":38,"2":109,"3":8,"4":3,"5":3,"6":1,"7":16,"8":6,"9":16,"10":3,"11":9,"12":9,"13":3,"14":9,"15":3,"16":13,"17":3,"18":1,"19":3,"20":3,"21":5,"22":5,"23":5,"24":4},"fnMap":{"1":{"name":"Locale","line":32,"loc":{"start":{"line":32,"column":0},"end":{"line":32,"column":22}}},"2":{"name":"(anonymous_2)","line":44,"loc":{"start":{"line":44,"column":9},"end":{"line":44,"column":21}}},"3":{"name":"(anonymous_3)","line":55,"loc":{"start":{"line":55,"column":9},"end":{"line":55,"column":21}}},"4":{"name":"(anonymous_4)","line":77,"loc":{"start":{"line":77,"column":36},"end":{"line":77,"column":52}}},"5":{"name":"(anonymous_5)","line":81,"loc":{"start":{"line":81,"column":48},"end":{"line":81,"column":69}}},"6":{"name":"(anonymous_6)","line":86,"loc":{"start":{"line":86,"column":17},"end":{"line":86,"column":32}}},"7":{"name":"(anonymous_7)","line":107,"loc":{"start":{"line":107,"column":32},"end":{"line":107,"column":58}}},"8":{"name":"(anonymous_8)","line":141,"loc":{"start":{"line":141,"column":26},"end":{"line":141,"column":49}}},"9":{"name":"(anonymous_9)","line":181,"loc":{"start":{"line":181,"column":31},"end":{"line":181,"column":57}}},"10":{"name":"(anonymous_10)","line":194,"loc":{"start":{"line":194,"column":30},"end":{"line":194,"column":51}}},"11":{"name":"processFile","line":199,"loc":{"start":{"line":199,"column":2},"end":{"line":199,"column":33}}},"12":{"name":"(anonymous_12)","line":200,"loc":{"start":{"line":200,"column":11},"end":{"line":200,"column":27}}},"13":{"name":"(anonymous_13)","line":205,"loc":{"start":{"line":205,"column":39},"end":{"line":205,"column":61}}},"14":{"name":"(anonymous_14)","line":211,"loc":{"start":{"line":211,"column":18},"end":{"line":211,"column":34}}},"15":{"name":"(anonymous_15)","line":218,"loc":{"start":{"line":218,"column":24},"end":{"line":218,"column":39}}},"16":{"name":"(anonymous_16)","line":231,"loc":{"start":{"line":231,"column":27},"end":{"line":231,"column":47}}},"17":{"name":"(anonymous_17)","line":249,"loc":{"start":{"line":249,"column":30},"end":{"line":249,"column":51}}},"18":{"name":"(anonymous_18)","line":256,"loc":{"start":{"line":256,"column":15},"end":{"line":256,"column":31}}},"19":{"name":"(anonymous_19)","line":261,"loc":{"start":{"line":261,"column":13},"end":{"line":261,"column":29}}},"20":{"name":"(anonymous_20)","line":265,"loc":{"start":{"line":265,"column":22},"end":{"line":265,"column":37}}},"21":{"name":"(anonymous_21)","line":279,"loc":{"start":{"line":279,"column":29},"end":{"line":279,"column":73}}},"22":{"name":"(anonymous_22)","line":287,"loc":{"start":{"line":287,"column":5},"end":{"line":287,"column":25}}},"23":{"name":"(anonymous_23)","line":306,"loc":{"start":{"line":306,"column":53},"end":{"line":306,"column":69}}},"24":{"name":"(anonymous_24)","line":320,"loc":{"start":{"line":320,"column":21},"end":{"line":320,"column":54}}}},"statementMap":{"1":{"start":{"line":21,"column":0},"end":{"line":23,"column":29}},"2":{"start":{"line":32,"column":0},"end":{"line":68,"column":1}},"3":{"start":{"line":35,"column":2},"end":{"line":35,"column":19}},"4":{"start":{"line":43,"column":2},"end":{"line":47,"column":5}},"5":{"start":{"line":45,"column":6},"end":{"line":45,"column":21}},"6":{"start":{"line":54,"column":2},"end":{"line":58,"column":5}},"7":{"start":{"line":56,"column":6},"end":{"line":56,"column":34}},"8":{"start":{"line":65,"column":2},"end":{"line":67,"column":5}},"9":{"start":{"line":77,"column":0},"end":{"line":96,"column":2}},"10":{"start":{"line":80,"column":2},"end":{"line":80,"column":16}},"11":{"start":{"line":81,"column":2},"end":{"line":95,"column":5}},"12":{"start":{"line":82,"column":4},"end":{"line":84,"column":5}},"13":{"start":{"line":83,"column":6},"end":{"line":83,"column":23}},"14":{"start":{"line":86,"column":4},"end":{"line":92,"column":7}},"15":{"start":{"line":87,"column":6},"end":{"line":89,"column":7}},"16":{"start":{"line":88,"column":8},"end":{"line":88,"column":39}},"17":{"start":{"line":91,"column":6},"end":{"line":91,"column":59}},"18":{"start":{"line":94,"column":4},"end":{"line":94,"column":15}},"19":{"start":{"line":107,"column":0},"end":{"line":130,"column":2}},"20":{"start":{"line":110,"column":2},"end":{"line":129,"column":3}},"21":{"start":{"line":111,"column":4},"end":{"line":112,"column":42}},"22":{"start":{"line":114,"column":4},"end":{"line":116,"column":5}},"23":{"start":{"line":115,"column":6},"end":{"line":115,"column":35}},"24":{"start":{"line":118,"column":4},"end":{"line":124,"column":5}},"25":{"start":{"line":119,"column":6},"end":{"line":121,"column":7}},"26":{"start":{"line":120,"column":8},"end":{"line":120,"column":17}},"27":{"start":{"line":123,"column":6},"end":{"line":123,"column":49}},"28":{"start":{"line":126,"column":4},"end":{"line":126,"column":15}},"29":{"start":{"line":128,"column":4},"end":{"line":128,"column":14}},"30":{"start":{"line":141,"column":0},"end":{"line":171,"column":2}},"31":{"start":{"line":144,"column":2},"end":{"line":149,"column":20}},"32":{"start":{"line":151,"column":2},"end":{"line":154,"column":3}},"33":{"start":{"line":152,"column":4},"end":{"line":152,"column":25}},"34":{"start":{"line":153,"column":4},"end":{"line":153,"column":25}},"35":{"start":{"line":156,"column":2},"end":{"line":168,"column":3}},"36":{"start":{"line":157,"column":4},"end":{"line":157,"column":18}},"37":{"start":{"line":158,"column":4},"end":{"line":165,"column":5}},"38":{"start":{"line":159,"column":6},"end":{"line":164,"column":7}},"39":{"start":{"line":160,"column":8},"end":{"line":160,"column":21}},"40":{"start":{"line":161,"column":8},"end":{"line":161,"column":37}},"41":{"start":{"line":163,"column":8},"end":{"line":163,"column":14}},"42":{"start":{"line":167,"column":4},"end":{"line":167,"column":41}},"43":{"start":{"line":170,"column":2},"end":{"line":170,"column":13}},"44":{"start":{"line":181,"column":0},"end":{"line":185,"column":2}},"45":{"start":{"line":184,"column":2},"end":{"line":184,"column":36}},"46":{"start":{"line":194,"column":0},"end":{"line":222,"column":2}},"47":{"start":{"line":197,"column":2},"end":{"line":197,"column":16}},"48":{"start":{"line":199,"column":2},"end":{"line":203,"column":3}},"49":{"start":{"line":200,"column":4},"end":{"line":202,"column":6}},"50":{"start":{"line":201,"column":6},"end":{"line":201,"column":37}},"51":{"start":{"line":205,"column":2},"end":{"line":221,"column":5}},"52":{"start":{"line":206,"column":4},"end":{"line":208,"column":5}},"53":{"start":{"line":207,"column":6},"end":{"line":207,"column":23}},"54":{"start":{"line":210,"column":4},"end":{"line":210,"column":19}},"55":{"start":{"line":211,"column":4},"end":{"line":216,"column":7}},"56":{"start":{"line":212,"column":6},"end":{"line":212,"column":33}},"57":{"start":{"line":213,"column":6},"end":{"line":215,"column":7}},"58":{"start":{"line":214,"column":8},"end":{"line":214,"column":38}},"59":{"start":{"line":218,"column":4},"end":{"line":220,"column":7}},"60":{"start":{"line":219,"column":6},"end":{"line":219,"column":29}},"61":{"start":{"line":231,"column":0},"end":{"line":239,"column":2}},"62":{"start":{"line":234,"column":2},"end":{"line":236,"column":3}},"63":{"start":{"line":235,"column":4},"end":{"line":235,"column":22}},"64":{"start":{"line":238,"column":2},"end":{"line":238,"column":33}},"65":{"start":{"line":249,"column":0},"end":{"line":268,"column":2}},"66":{"start":{"line":252,"column":2},"end":{"line":253,"column":17}},"67":{"start":{"line":255,"column":2},"end":{"line":259,"column":3}},"68":{"start":{"line":256,"column":4},"end":{"line":258,"column":7}},"69":{"start":{"line":257,"column":6},"end":{"line":257,"column":31}},"70":{"start":{"line":261,"column":2},"end":{"line":263,"column":5}},"71":{"start":{"line":262,"column":4},"end":{"line":262,"column":30}},"72":{"start":{"line":265,"column":2},"end":{"line":267,"column":5}},"73":{"start":{"line":266,"column":4},"end":{"line":266,"column":27}},"74":{"start":{"line":279,"column":0},"end":{"line":310,"column":2}},"75":{"start":{"line":282,"column":2},"end":{"line":282,"column":16}},"76":{"start":{"line":284,"column":2},"end":{"line":309,"column":5}},"77":{"start":{"line":288,"column":4},"end":{"line":290,"column":5}},"78":{"start":{"line":289,"column":6},"end":{"line":289,"column":23}},"79":{"start":{"line":292,"column":4},"end":{"line":297,"column":5}},"80":{"start":{"line":293,"column":6},"end":{"line":296,"column":8}},"81":{"start":{"line":299,"column":4},"end":{"line":299,"column":34}},"82":{"start":{"line":301,"column":4},"end":{"line":303,"column":5}},"83":{"start":{"line":302,"column":6},"end":{"line":302,"column":33}},"84":{"start":{"line":304,"column":4},"end":{"line":304,"column":45}},"85":{"start":{"line":306,"column":4},"end":{"line":308,"column":7}},"86":{"start":{"line":307,"column":6},"end":{"line":307,"column":31}},"87":{"start":{"line":320,"column":0},"end":{"line":328,"column":2}},"88":{"start":{"line":323,"column":2},"end":{"line":325,"column":3}},"89":{"start":{"line":324,"column":4},"end":{"line":324,"column":39}},"90":{"start":{"line":327,"column":2},"end":{"line":327,"column":34}},"91":{"start":{"line":333,"column":0},"end":{"line":333,"column":24}}},"branchMap":{"1":{"line":82,"type":"if","locations":[{"start":{"line":82,"column":4},"end":{"line":82,"column":4}},{"start":{"line":82,"column":4},"end":{"line":82,"column":4}}]},"2":{"line":87,"type":"if","locations":[{"start":{"line":87,"column":6},"end":{"line":87,"column":6}},{"start":{"line":87,"column":6},"end":{"line":87,"column":6}}]},"3":{"line":114,"type":"if","locations":[{"start":{"line":114,"column":4},"end":{"line":114,"column":4}},{"start":{"line":114,"column":4},"end":{"line":114,"column":4}}]},"4":{"line":119,"type":"if","locations":[{"start":{"line":119,"column":6},"end":{"line":119,"column":6}},{"start":{"line":119,"column":6},"end":{"line":119,"column":6}}]},"5":{"line":159,"type":"if","locations":[{"start":{"line":159,"column":6},"end":{"line":159,"column":6}},{"start":{"line":159,"column":6},"end":{"line":159,"column":6}}]},"6":{"line":167,"type":"cond-expr","locations":[{"start":{"line":167,"column":19},"end":{"line":167,"column":24}},{"start":{"line":167,"column":27},"end":{"line":167,"column":40}}]},"7":{"line":206,"type":"if","locations":[{"start":{"line":206,"column":4},"end":{"line":206,"column":4}},{"start":{"line":206,"column":4},"end":{"line":206,"column":4}}]},"8":{"line":213,"type":"if","locations":[{"start":{"line":213,"column":6},"end":{"line":213,"column":6}},{"start":{"line":213,"column":6},"end":{"line":213,"column":6}}]},"9":{"line":213,"type":"binary-expr","locations":[{"start":{"line":213,"column":10},"end":{"line":213,"column":27}},{"start":{"line":213,"column":31},"end":{"line":213,"column":51}}]},"10":{"line":219,"type":"cond-expr","locations":[{"start":{"line":219,"column":17},"end":{"line":219,"column":20}},{"start":{"line":219,"column":23},"end":{"line":219,"column":27}}]},"11":{"line":234,"type":"if","locations":[{"start":{"line":234,"column":2},"end":{"line":234,"column":2}},{"start":{"line":234,"column":2},"end":{"line":234,"column":2}}]},"12":{"line":255,"type":"if","locations":[{"start":{"line":255,"column":2},"end":{"line":255,"column":2}},{"start":{"line":255,"column":2},"end":{"line":255,"column":2}}]},"13":{"line":255,"type":"binary-expr","locations":[{"start":{"line":255,"column":6},"end":{"line":255,"column":9}},{"start":{"line":255,"column":13},"end":{"line":255,"column":23}}]},"14":{"line":266,"type":"cond-expr","locations":[{"start":{"line":266,"column":15},"end":{"line":266,"column":18}},{"start":{"line":266,"column":21},"end":{"line":266,"column":25}}]},"15":{"line":288,"type":"if","locations":[{"start":{"line":288,"column":4},"end":{"line":288,"column":4}},{"start":{"line":288,"column":4},"end":{"line":288,"column":4}}]},"16":{"line":292,"type":"if","locations":[{"start":{"line":292,"column":4},"end":{"line":292,"column":4}},{"start":{"line":292,"column":4},"end":{"line":292,"column":4}}]},"17":{"line":301,"type":"if","locations":[{"start":{"line":301,"column":4},"end":{"line":301,"column":4}},{"start":{"line":301,"column":4},"end":{"line":301,"column":4}}]},"18":{"line":307,"type":"cond-expr","locations":[{"start":{"line":307,"column":18},"end":{"line":307,"column":22}},{"start":{"line":307,"column":25},"end":{"line":307,"column":29}}]},"19":{"line":323,"type":"if","locations":[{"start":{"line":323,"column":2},"end":{"line":323,"column":2}},{"start":{"line":323,"column":2},"end":{"line":323,"column":2}}]},"20":{"line":323,"type":"binary-expr","locations":[{"start":{"line":323,"column":6},"end":{"line":323,"column":29}},{"start":{"line":323,"column":33},"end":{"line":323,"column":61}}]}}},"/home/ubuntu/workspace/entity-core/lib/Database/index.js":{"path":"/home/ubuntu/workspace/entity-core/lib/Database/index.js","s":{"1":1,"2":1,"3":110,"4":110,"5":110,"6":1392,"7":110,"8":382,"9":203,"10":0,"11":203,"12":110,"13":14,"14":1,"15":110,"16":1,"17":109,"18":104,"19":109,"20":109,"21":105,"22":109,"23":1,"24":98,"25":98,"26":1,"27":97,"28":97,"29":97,"30":97,"31":97,"32":1,"33":7,"34":7,"35":3,"36":4,"37":1,"38":381,"39":381,"40":1,"41":380,"42":1},"b":{"1":[0,203],"2":[203,106],"3":[1,109],"4":[104,5],"5":[105,4],"6":[98,1],"7":[1,97],"8":[97,0],"9":[7,2],"10":[3,4],"11":[381,277],"12":[1,380]},"f":{"1":110,"2":1392,"3":382,"4":203,"5":14,"6":110,"7":98,"8":7,"9":381},"fnMap":{"1":{"name":"Database","line":34,"loc":{"start":{"line":34,"column":0},"end":{"line":34,"column":25}}},"2":{"name":"(anonymous_2)","line":57,"loc":{"start":{"line":57,"column":9},"end":{"line":57,"column":21}}},"3":{"name":"(anonymous_3)","line":68,"loc":{"start":{"line":68,"column":9},"end":{"line":68,"column":21}}},"4":{"name":"(anonymous_4)","line":71,"loc":{"start":{"line":71,"column":9},"end":{"line":71,"column":26}}},"5":{"name":"(anonymous_5)","line":87,"loc":{"start":{"line":87,"column":9},"end":{"line":87,"column":21}}},"6":{"name":"(anonymous_6)","line":103,"loc":{"start":{"line":103,"column":29},"end":{"line":103,"column":58}}},"7":{"name":"(anonymous_7)","line":130,"loc":{"start":{"line":130,"column":32},"end":{"line":130,"column":48}}},"8":{"name":"(anonymous_8)","line":157,"loc":{"start":{"line":157,"column":32},"end":{"line":157,"column":48}}},"9":{"name":"(anonymous_9)","line":177,"loc":{"start":{"line":177,"column":32},"end":{"line":177,"column":60}}}},"statementMap":{"1":{"start":{"line":21,"column":0},"end":{"line":26,"column":77}},"2":{"start":{"line":34,"column":0},"end":{"line":91,"column":1}},"3":{"start":{"line":37,"column":2},"end":{"line":38,"column":23}},"4":{"start":{"line":46,"column":2},"end":{"line":48,"column":5}},"5":{"start":{"line":56,"column":2},"end":{"line":60,"column":5}},"6":{"start":{"line":58,"column":6},"end":{"line":58,"column":25}},"7":{"start":{"line":67,"column":2},"end":{"line":78,"column":5}},"8":{"start":{"line":69,"column":6},"end":{"line":69,"column":31}},"9":{"start":{"line":72,"column":6},"end":{"line":74,"column":7}},"10":{"start":{"line":73,"column":8},"end":{"line":73,"column":46}},"11":{"start":{"line":76,"column":6},"end":{"line":76,"column":32}},"12":{"start":{"line":86,"column":2},"end":{"line":90,"column":5}},"13":{"start":{"line":88,"column":6},"end":{"line":88,"column":38}},"14":{"start":{"line":103,"column":0},"end":{"line":120,"column":2}},"15":{"start":{"line":106,"column":2},"end":{"line":108,"column":3}},"16":{"start":{"line":107,"column":4},"end":{"line":107,"column":39}},"17":{"start":{"line":110,"column":2},"end":{"line":112,"column":3}},"18":{"start":{"line":111,"column":4},"end":{"line":111,"column":15}},"19":{"start":{"line":114,"column":2},"end":{"line":114,"column":63}},"20":{"start":{"line":115,"column":2},"end":{"line":117,"column":3}},"21":{"start":{"line":116,"column":4},"end":{"line":116,"column":34}},"22":{"start":{"line":119,"column":2},"end":{"line":119,"column":14}},"23":{"start":{"line":130,"column":0},"end":{"line":147,"column":2}},"24":{"start":{"line":133,"column":2},"end":{"line":133,"column":40}},"25":{"start":{"line":135,"column":2},"end":{"line":137,"column":3}},"26":{"start":{"line":136,"column":4},"end":{"line":136,"column":41}},"27":{"start":{"line":139,"column":2},"end":{"line":139,"column":39}},"28":{"start":{"line":140,"column":2},"end":{"line":140,"column":33}},"29":{"start":{"line":142,"column":2},"end":{"line":144,"column":3}},"30":{"start":{"line":143,"column":4},"end":{"line":143,"column":32}},"31":{"start":{"line":146,"column":2},"end":{"line":146,"column":14}},"32":{"start":{"line":157,"column":0},"end":{"line":166,"column":2}},"33":{"start":{"line":160,"column":2},"end":{"line":160,"column":40}},"34":{"start":{"line":161,"column":2},"end":{"line":163,"column":3}},"35":{"start":{"line":162,"column":4},"end":{"line":162,"column":41}},"36":{"start":{"line":165,"column":2},"end":{"line":165,"column":33}},"37":{"start":{"line":177,"column":0},"end":{"line":186,"column":2}},"38":{"start":{"line":180,"column":2},"end":{"line":180,"column":52}},"39":{"start":{"line":181,"column":2},"end":{"line":183,"column":3}},"40":{"start":{"line":182,"column":4},"end":{"line":182,"column":47}},"41":{"start":{"line":185,"column":2},"end":{"line":185,"column":56}},"42":{"start":{"line":191,"column":0},"end":{"line":191,"column":26}}},"branchMap":{"1":{"line":72,"type":"if","locations":[{"start":{"line":72,"column":6},"end":{"line":72,"column":6}},{"start":{"line":72,"column":6},"end":{"line":72,"column":6}}]},"2":{"line":72,"type":"binary-expr","locations":[{"start":{"line":72,"column":10},"end":{"line":72,"column":22}},{"start":{"line":72,"column":26},"end":{"line":72,"column":45}}]},"3":{"line":106,"type":"if","locations":[{"start":{"line":106,"column":2},"end":{"line":106,"column":2}},{"start":{"line":106,"column":2},"end":{"line":106,"column":2}}]},"4":{"line":110,"type":"if","locations":[{"start":{"line":110,"column":2},"end":{"line":110,"column":2}},{"start":{"line":110,"column":2},"end":{"line":110,"column":2}}]},"5":{"line":115,"type":"if","locations":[{"start":{"line":115,"column":2},"end":{"line":115,"column":2}},{"start":{"line":115,"column":2},"end":{"line":115,"column":2}}]},"6":{"line":133,"type":"binary-expr","locations":[{"start":{"line":133,"column":9},"end":{"line":133,"column":13}},{"start":{"line":133,"column":17},"end":{"line":133,"column":39}}]},"7":{"line":135,"type":"if","locations":[{"start":{"line":135,"column":2},"end":{"line":135,"column":2}},{"start":{"line":135,"column":2},"end":{"line":135,"column":2}}]},"8":{"line":142,"type":"if","locations":[{"start":{"line":142,"column":2},"end":{"line":142,"column":2}},{"start":{"line":142,"column":2},"end":{"line":142,"column":2}}]},"9":{"line":160,"type":"binary-expr","locations":[{"start":{"line":160,"column":9},"end":{"line":160,"column":13}},{"start":{"line":160,"column":17},"end":{"line":160,"column":39}}]},"10":{"line":161,"type":"if","locations":[{"start":{"line":161,"column":2},"end":{"line":161,"column":2}},{"start":{"line":161,"column":2},"end":{"line":161,"column":2}}]},"11":{"line":180,"type":"binary-expr","locations":[{"start":{"line":180,"column":15},"end":{"line":180,"column":25}},{"start":{"line":180,"column":29},"end":{"line":180,"column":51}}]},"12":{"line":181,"type":"if","locations":[{"start":{"line":181,"column":2},"end":{"line":181,"column":2}},{"start":{"line":181,"column":2},"end":{"line":181,"column":2}}]}}},"/home/ubuntu/workspace/entity-core/lib/Database/Connection.js":{"path":"/home/ubuntu/workspace/entity-core/lib/Database/Connection.js","s":{"1":1,"2":1,"3":109,"4":109,"5":109,"6":109,"7":109,"8":109,"9":19,"10":0,"11":19,"12":0,"13":1,"14":109,"15":109,"16":0,"17":0,"18":0,"19":0,"20":109,"21":109,"22":109,"23":109,"24":109,"25":1,"26":380,"27":1,"28":97,"29":97,"30":1},"b":{"1":[19,90],"2":[109,109],"3":[0,109],"4":[0,0],"5":[109,0],"6":[109,0]},"f":{"1":109,"2":0,"3":0,"4":109,"5":380,"6":97},"fnMap":{"1":{"name":"Connection","line":35,"loc":{"start":{"line":35,"column":0},"end":{"line":35,"column":44}}},"2":{"name":"(anonymous_2)","line":74,"loc":{"start":{"line":74,"column":19},"end":{"line":74,"column":34}}},"3":{"name":"(anonymous_3)","line":81,"loc":{"start":{"line":81,"column":19},"end":{"line":81,"column":31}}},"4":{"name":"(anonymous_4)","line":96,"loc":{"start":{"line":96,"column":36},"end":{"line":96,"column":54}}},"5":{"name":"(anonymous_5)","line":125,"loc":{"start":{"line":125,"column":34},"end":{"line":125,"column":50}}},"6":{"name":"(anonymous_6)","line":136,"loc":{"start":{"line":136,"column":34},"end":{"line":136,"column":46}}}},"statementMap":{"1":{"start":{"line":21,"column":0},"end":{"line":21,"column":33}},"2":{"start":{"line":35,"column":0},"end":{"line":87,"column":1}},"3":{"start":{"line":38,"column":2},"end":{"line":41,"column":5}},"4":{"start":{"line":43,"column":2},"end":{"line":44,"column":46}},"5":{"start":{"line":51,"column":2},"end":{"line":53,"column":5}},"6":{"start":{"line":60,"column":2},"end":{"line":62,"column":5}},"7":{"start":{"line":69,"column":2},"end":{"line":71,"column":5}},"8":{"start":{"line":73,"column":2},"end":{"line":86,"column":3}},"9":{"start":{"line":74,"column":4},"end":{"line":79,"column":7}},"10":{"start":{"line":75,"column":6},"end":{"line":78,"column":9}},"11":{"start":{"line":81,"column":4},"end":{"line":85,"column":7}},"12":{"start":{"line":82,"column":6},"end":{"line":84,"column":9}},"13":{"start":{"line":96,"column":0},"end":{"line":117,"column":2}},"14":{"start":{"line":99,"column":2},"end":{"line":99,"column":15}},"15":{"start":{"line":100,"column":2},"end":{"line":108,"column":3}},"16":{"start":{"line":101,"column":4},"end":{"line":101,"column":23}},"17":{"start":{"line":103,"column":4},"end":{"line":105,"column":5}},"18":{"start":{"line":104,"column":6},"end":{"line":104,"column":31}},"19":{"start":{"line":107,"column":4},"end":{"line":107,"column":15}},"20":{"start":{"line":110,"column":2},"end":{"line":110,"column":47}},"21":{"start":{"line":111,"column":2},"end":{"line":113,"column":3}},"22":{"start":{"line":112,"column":4},"end":{"line":112,"column":29}},"23":{"start":{"line":115,"column":2},"end":{"line":115,"column":27}},"24":{"start":{"line":116,"column":2},"end":{"line":116,"column":13}},"25":{"start":{"line":125,"column":0},"end":{"line":129,"column":2}},"26":{"start":{"line":128,"column":2},"end":{"line":128,"column":40}},"27":{"start":{"line":136,"column":0},"end":{"line":141,"column":2}},"28":{"start":{"line":139,"column":2},"end":{"line":139,"column":24}},"29":{"start":{"line":140,"column":2},"end":{"line":140,"column":14}},"30":{"start":{"line":146,"column":0},"end":{"line":146,"column":28}}},"branchMap":{"1":{"line":73,"type":"if","locations":[{"start":{"line":73,"column":2},"end":{"line":73,"column":2}},{"start":{"line":73,"column":2},"end":{"line":73,"column":2}}]},"2":{"line":73,"type":"binary-expr","locations":[{"start":{"line":73,"column":6},"end":{"line":73,"column":13}},{"start":{"line":73,"column":17},"end":{"line":73,"column":29}}]},"3":{"line":100,"type":"if","locations":[{"start":{"line":100,"column":2},"end":{"line":100,"column":2}},{"start":{"line":100,"column":2},"end":{"line":100,"column":2}}]},"4":{"line":103,"type":"if","locations":[{"start":{"line":103,"column":4},"end":{"line":103,"column":4}},{"start":{"line":103,"column":4},"end":{"line":103,"column":4}}]},"5":{"line":110,"type":"cond-expr","locations":[{"start":{"line":110,"column":23},"end":{"line":110,"column":34}},{"start":{"line":110,"column":37},"end":{"line":110,"column":46}}]},"6":{"line":111,"type":"if","locations":[{"start":{"line":111,"column":2},"end":{"line":111,"column":2}},{"start":{"line":111,"column":2},"end":{"line":111,"column":2}}]}}},"/home/ubuntu/workspace/entity-core/lib/Database/Errors/EUndefinedConnection.js":{"path":"/home/ubuntu/workspace/entity-core/lib/Database/Errors/EUndefinedConnection.js","s":{"1":1,"2":1,"3":5,"4":5,"5":1,"6":1},"b":{},"f":{"1":5},"fnMap":{"1":{"name":"EUndefinedConnection","line":33,"loc":{"start":{"line":33,"column":0},"end":{"line":33,"column":37}}}},"statementMap":{"1":{"start":{"line":22,"column":0},"end":{"line":24,"column":37}},"2":{"start":{"line":33,"column":0},"end":{"line":47,"column":1}},"3":{"start":{"line":36,"column":2},"end":{"line":36,"column":41}},"4":{"start":{"line":43,"column":2},"end":{"line":45,"column":5}},"5":{"start":{"line":49,"column":0},"end":{"line":49,"column":44}},"6":{"start":{"line":54,"column":0},"end":{"line":54,"column":38}}},"branchMap":{}},"/home/ubuntu/workspace/entity-core/lib/EError.js":{"path":"/home/ubuntu/workspace/entity-core/lib/EError.js","s":{"1":1,"2":1,"3":63,"4":63,"5":63,"6":63,"7":1,"8":1},"b":{},"f":{"1":63},"fnMap":{"1":{"name":"EError","line":28,"loc":{"start":{"line":28,"column":0},"end":{"line":28,"column":18}}}},"statementMap":{"1":{"start":{"line":21,"column":0},"end":{"line":21,"column":27}},"2":{"start":{"line":28,"column":0},"end":{"line":53,"column":1}},"3":{"start":{"line":31,"column":2},"end":{"line":31,"column":27}},"4":{"start":{"line":33,"column":2},"end":{"line":34,"column":34}},"5":{"start":{"line":41,"column":2},"end":{"line":43,"column":5}},"6":{"start":{"line":50,"column":2},"end":{"line":52,"column":5}},"7":{"start":{"line":55,"column":0},"end":{"line":55,"column":29}},"8":{"start":{"line":60,"column":0},"end":{"line":60,"column":24}}},"branchMap":{}},"/home/ubuntu/workspace/entity-core/lib/Database/Errors/EDefinedConnection.js":{"path":"/home/ubuntu/workspace/entity-core/lib/Database/Errors/EDefinedConnection.js","s":{"1":1,"2":1,"3":1,"4":1,"5":1,"6":1},"b":{},"f":{"1":1},"fnMap":{"1":{"name":"EDefinedConnection","line":32,"loc":{"start":{"line":32,"column":0},"end":{"line":32,"column":35}}}},"statementMap":{"1":{"start":{"line":22,"column":0},"end":{"line":24,"column":37}},"2":{"start":{"line":32,"column":0},"end":{"line":46,"column":1}},"3":{"start":{"line":35,"column":2},"end":{"line":35,"column":39}},"4":{"start":{"line":42,"column":2},"end":{"line":44,"column":5}},"5":{"start":{"line":48,"column":0},"end":{"line":48,"column":42}},"6":{"start":{"line":53,"column":0},"end":{"line":53,"column":36}}},"branchMap":{}},"/home/ubuntu/workspace/entity-core/lib/Validators/index.js":{"path":"/home/ubuntu/workspace/entity-core/lib/Validators/index.js","s":{"1":1,"2":1,"3":139,"4":139,"5":139,"6":139,"7":1,"8":139,"9":1,"10":668,"11":651,"12":668,"13":668,"14":668,"15":1,"16":110,"17":1,"18":5,"19":1,"20":4,"21":1,"22":3,"23":3,"24":8,"25":4,"26":4,"27":3,"28":2,"29":1,"30":4,"31":1,"32":81,"33":1,"34":1,"35":86,"36":84,"37":84,"38":1,"39":80,"40":80,"41":86,"42":80,"43":80,"44":1},"b":{"1":[651,17],"2":[668,659],"3":[1,4],"4":[1,3],"5":[4,4],"6":[2,1],"7":[1,80],"8":[84,79],"9":[18,62]},"f":{"1":139,"2":1,"3":668,"4":110,"5":5,"6":81,"7":86,"8":84,"9":80},"fnMap":{"1":{"name":"Validators","line":34,"loc":{"start":{"line":34,"column":0},"end":{"line":34,"column":27}}},"2":{"name":"(anonymous_2)","line":66,"loc":{"start":{"line":66,"column":9},"end":{"line":66,"column":21}}},"3":{"name":"(anonymous_3)","line":90,"loc":{"start":{"line":90,"column":32},"end":{"line":90,"column":60}}},"4":{"name":"(anonymous_4)","line":112,"loc":{"start":{"line":112,"column":34},"end":{"line":112,"column":50}}},"5":{"name":"(anonymous_5)","line":125,"loc":{"start":{"line":125,"column":34},"end":{"line":125,"column":54}}},"6":{"name":"(anonymous_6)","line":165,"loc":{"start":{"line":165,"column":32},"end":{"line":165,"column":70}}},"7":{"name":"execValidator","line":172,"loc":{"start":{"line":172,"column":2},"end":{"line":172,"column":36}}},"8":{"name":"(anonymous_8)","line":173,"loc":{"start":{"line":173,"column":11},"end":{"line":173,"column":27}}},"9":{"name":"(anonymous_9)","line":187,"loc":{"start":{"line":187,"column":22},"end":{"line":187,"column":37}}}},"statementMap":{"1":{"start":{"line":21,"column":0},"end":{"line":26,"column":6}},"2":{"start":{"line":34,"column":0},"end":{"line":76,"column":1}},"3":{"start":{"line":37,"column":2},"end":{"line":37,"column":17}},"4":{"start":{"line":45,"column":2},"end":{"line":47,"column":5}},"5":{"start":{"line":56,"column":2},"end":{"line":58,"column":5}},"6":{"start":{"line":65,"column":2},"end":{"line":69,"column":5}},"7":{"start":{"line":67,"column":6},"end":{"line":67,"column":32}},"8":{"start":{"line":71,"column":2},"end":{"line":75,"column":70}},"9":{"start":{"line":90,"column":0},"end":{"line":104,"column":2}},"10":{"start":{"line":93,"column":2},"end":{"line":95,"column":3}},"11":{"start":{"line":94,"column":4},"end":{"line":94,"column":27}},"12":{"start":{"line":97,"column":2},"end":{"line":100,"column":5}},"13":{"start":{"line":102,"column":2},"end":{"line":102,"column":38}},"14":{"start":{"line":103,"column":2},"end":{"line":103,"column":14}},"15":{"start":{"line":112,"column":0},"end":{"line":116,"column":2}},"16":{"start":{"line":115,"column":2},"end":{"line":115,"column":41}},"17":{"start":{"line":125,"column":0},"end":{"line":153,"column":2}},"18":{"start":{"line":128,"column":2},"end":{"line":130,"column":3}},"19":{"start":{"line":129,"column":4},"end":{"line":129,"column":38}},"20":{"start":{"line":132,"column":2},"end":{"line":150,"column":3}},"21":{"start":{"line":133,"column":4},"end":{"line":133,"column":29}},"22":{"start":{"line":135,"column":4},"end":{"line":135,"column":17}},"23":{"start":{"line":137,"column":4},"end":{"line":143,"column":5}},"24":{"start":{"line":138,"column":6},"end":{"line":140,"column":7}},"25":{"start":{"line":139,"column":8},"end":{"line":139,"column":17}},"26":{"start":{"line":142,"column":6},"end":{"line":142,"column":37}},"27":{"start":{"line":145,"column":4},"end":{"line":149,"column":5}},"28":{"start":{"line":146,"column":6},"end":{"line":146,"column":30}},"29":{"start":{"line":148,"column":6},"end":{"line":148,"column":31}},"30":{"start":{"line":152,"column":2},"end":{"line":152,"column":14}},"31":{"start":{"line":165,"column":0},"end":{"line":190,"column":2}},"32":{"start":{"line":168,"column":2},"end":{"line":170,"column":3}},"33":{"start":{"line":169,"column":4},"end":{"line":169,"column":45}},"34":{"start":{"line":172,"column":2},"end":{"line":180,"column":3}},"35":{"start":{"line":173,"column":4},"end":{"line":179,"column":6}},"36":{"start":{"line":174,"column":6},"end":{"line":178,"column":7}},"37":{"start":{"line":175,"column":8},"end":{"line":175,"column":66}},"38":{"start":{"line":177,"column":8},"end":{"line":177,"column":16}},"39":{"start":{"line":182,"column":2},"end":{"line":182,"column":17}},"40":{"start":{"line":183,"column":2},"end":{"line":185,"column":3}},"41":{"start":{"line":184,"column":4},"end":{"line":184,"column":52}},"42":{"start":{"line":187,"column":2},"end":{"line":189,"column":5}},"43":{"start":{"line":188,"column":4},"end":{"line":188,"column":34}},"44":{"start":{"line":195,"column":0},"end":{"line":195,"column":28}}},"branchMap":{"1":{"line":93,"type":"if","locations":[{"start":{"line":93,"column":2},"end":{"line":93,"column":2}},{"start":{"line":93,"column":2},"end":{"line":93,"column":2}}]},"2":{"line":99,"type":"binary-expr","locations":[{"start":{"line":99,"column":12},"end":{"line":99,"column":18}},{"start":{"line":99,"column":22},"end":{"line":99,"column":23}}]},"3":{"line":128,"type":"if","locations":[{"start":{"line":128,"column":2},"end":{"line":128,"column":2}},{"start":{"line":128,"column":2},"end":{"line":128,"column":2}}]},"4":{"line":132,"type":"if","locations":[{"start":{"line":132,"column":2},"end":{"line":132,"column":2}},{"start":{"line":132,"column":2},"end":{"line":132,"column":2}}]},"5":{"line":138,"type":"if","locations":[{"start":{"line":138,"column":6},"end":{"line":138,"column":6}},{"start":{"line":138,"column":6},"end":{"line":138,"column":6}}]},"6":{"line":145,"type":"if","locations":[{"start":{"line":145,"column":4},"end":{"line":145,"column":4}},{"start":{"line":145,"column":4},"end":{"line":145,"column":4}}]},"7":{"line":168,"type":"if","locations":[{"start":{"line":168,"column":2},"end":{"line":168,"column":2}},{"start":{"line":168,"column":2},"end":{"line":168,"column":2}}]},"8":{"line":175,"type":"binary-expr","locations":[{"start":{"line":175,"column":45},"end":{"line":175,"column":52}},{"start":{"line":175,"column":56},"end":{"line":175,"column":58}}]},"9":{"line":188,"type":"cond-expr","locations":[{"start":{"line":188,"column":15},"end":{"line":188,"column":18}},{"start":{"line":188,"column":21},"end":{"line":188,"column":25}}]}}},"/home/ubuntu/workspace/entity-core/lib/Validators/Errors/EUnknownValidator.js":{"path":"/home/ubuntu/workspace/entity-core/lib/Validators/Errors/EUnknownValidator.js","s":{"1":1,"2":1,"3":3,"4":3,"5":1,"6":1},"b":{},"f":{"1":3},"fnMap":{"1":{"name":"EUnknownValidator","line":33,"loc":{"start":{"line":33,"column":0},"end":{"line":33,"column":33}}}},"statementMap":{"1":{"start":{"line":22,"column":0},"end":{"line":24,"column":37}},"2":{"start":{"line":33,"column":0},"end":{"line":46,"column":1}},"3":{"start":{"line":36,"column":2},"end":{"line":36,"column":38}},"4":{"start":{"line":43,"column":2},"end":{"line":45,"column":5}},"5":{"start":{"line":48,"column":0},"end":{"line":48,"column":41}},"6":{"start":{"line":53,"column":0},"end":{"line":53,"column":35}}},"branchMap":{}},"/home/ubuntu/workspace/entity-core/lib/Sanitizers/index.js":{"path":"/home/ubuntu/workspace/entity-core/lib/Sanitizers/index.js","s":{"1":1,"2":1,"3":115,"4":115,"5":115,"6":115,"7":0,"8":115,"9":1,"10":145,"11":127,"12":145,"13":145,"14":145,"15":1,"16":33,"17":1,"18":4,"19":1,"20":3,"21":1,"22":2,"23":2,"24":7,"25":3,"26":4,"27":2,"28":2,"29":0,"30":3,"31":1,"32":63,"33":1,"34":62,"35":1,"36":69,"37":67,"38":67,"39":66,"40":3,"41":63,"42":63,"43":1,"44":62,"45":69,"46":62,"47":62,"48":1},"b":{"1":[127,18],"2":[145,136],"3":[1,3],"4":[1,2],"5":[3,4],"6":[2,0],"7":[1,62],"8":[67,65],"9":[3,63],"10":[4,58]},"f":{"1":115,"2":0,"3":145,"4":33,"5":4,"6":63,"7":69,"8":67,"9":66,"10":62},"fnMap":{"1":{"name":"Sanitizers","line":32,"loc":{"start":{"line":32,"column":0},"end":{"line":32,"column":26}}},"2":{"name":"(anonymous_2)","line":64,"loc":{"start":{"line":64,"column":9},"end":{"line":64,"column":21}}},"3":{"name":"(anonymous_3)","line":86,"loc":{"start":{"line":86,"column":32},"end":{"line":86,"column":60}}},"4":{"name":"(anonymous_4)","line":108,"loc":{"start":{"line":108,"column":34},"end":{"line":108,"column":50}}},"5":{"name":"(anonymous_5)","line":121,"loc":{"start":{"line":121,"column":34},"end":{"line":121,"column":54}}},"6":{"name":"(anonymous_6)","line":160,"loc":{"start":{"line":160,"column":32},"end":{"line":160,"column":70}}},"7":{"name":"execSanitizer","line":170,"loc":{"start":{"line":170,"column":2},"end":{"line":170,"column":36}}},"8":{"name":"(anonymous_8)","line":171,"loc":{"start":{"line":171,"column":11},"end":{"line":171,"column":27}}},"9":{"name":"(anonymous_9)","line":178,"loc":{"start":{"line":178,"column":10},"end":{"line":178,"column":31}}},"10":{"name":"(anonymous_10)","line":197,"loc":{"start":{"line":197,"column":22},"end":{"line":197,"column":37}}}},"statementMap":{"1":{"start":{"line":21,"column":0},"end":{"line":24,"column":77}},"2":{"start":{"line":32,"column":0},"end":{"line":70,"column":1}},"3":{"start":{"line":35,"column":2},"end":{"line":35,"column":17}},"4":{"start":{"line":43,"column":2},"end":{"line":45,"column":5}},"5":{"start":{"line":54,"column":2},"end":{"line":56,"column":5}},"6":{"start":{"line":63,"column":2},"end":{"line":67,"column":5}},"7":{"start":{"line":65,"column":6},"end":{"line":65,"column":32}},"8":{"start":{"line":69,"column":2},"end":{"line":69,"column":64}},"9":{"start":{"line":86,"column":0},"end":{"line":100,"column":2}},"10":{"start":{"line":89,"column":2},"end":{"line":91,"column":3}},"11":{"start":{"line":90,"column":4},"end":{"line":90,"column":27}},"12":{"start":{"line":93,"column":2},"end":{"line":96,"column":5}},"13":{"start":{"line":98,"column":2},"end":{"line":98,"column":38}},"14":{"start":{"line":99,"column":2},"end":{"line":99,"column":14}},"15":{"start":{"line":108,"column":0},"end":{"line":112,"column":2}},"16":{"start":{"line":111,"column":2},"end":{"line":111,"column":41}},"17":{"start":{"line":121,"column":0},"end":{"line":149,"column":2}},"18":{"start":{"line":124,"column":2},"end":{"line":126,"column":3}},"19":{"start":{"line":125,"column":4},"end":{"line":125,"column":38}},"20":{"start":{"line":128,"column":2},"end":{"line":146,"column":3}},"21":{"start":{"line":129,"column":4},"end":{"line":129,"column":29}},"22":{"start":{"line":131,"column":4},"end":{"line":131,"column":17}},"23":{"start":{"line":133,"column":4},"end":{"line":139,"column":5}},"24":{"start":{"line":134,"column":6},"end":{"line":136,"column":7}},"25":{"start":{"line":135,"column":8},"end":{"line":135,"column":17}},"26":{"start":{"line":138,"column":6},"end":{"line":138,"column":37}},"27":{"start":{"line":141,"column":4},"end":{"line":145,"column":5}},"28":{"start":{"line":142,"column":6},"end":{"line":142,"column":30}},"29":{"start":{"line":144,"column":6},"end":{"line":144,"column":31}},"30":{"start":{"line":148,"column":2},"end":{"line":148,"column":14}},"31":{"start":{"line":160,"column":0},"end":{"line":200,"column":2}},"32":{"start":{"line":163,"column":2},"end":{"line":165,"column":3}},"33":{"start":{"line":164,"column":4},"end":{"line":164,"column":45}},"34":{"start":{"line":167,"column":2},"end":{"line":168,"column":17}},"35":{"start":{"line":170,"column":2},"end":{"line":191,"column":3}},"36":{"start":{"line":171,"column":4},"end":{"line":190,"column":6}},"37":{"start":{"line":172,"column":6},"end":{"line":189,"column":7}},"38":{"start":{"line":173,"column":8},"end":{"line":186,"column":10}},"39":{"start":{"line":179,"column":12},"end":{"line":181,"column":13}},"40":{"start":{"line":180,"column":14},"end":{"line":180,"column":31}},"41":{"start":{"line":183,"column":12},"end":{"line":183,"column":23}},"42":{"start":{"line":184,"column":12},"end":{"line":184,"column":19}},"43":{"start":{"line":188,"column":8},"end":{"line":188,"column":16}},"44":{"start":{"line":193,"column":2},"end":{"line":195,"column":3}},"45":{"start":{"line":194,"column":4},"end":{"line":194,"column":52}},"46":{"start":{"line":197,"column":2},"end":{"line":199,"column":5}},"47":{"start":{"line":198,"column":4},"end":{"line":198,"column":39}},"48":{"start":{"line":205,"column":0},"end":{"line":205,"column":28}}},"branchMap":{"1":{"line":89,"type":"if","locations":[{"start":{"line":89,"column":2},"end":{"line":89,"column":2}},{"start":{"line":89,"column":2},"end":{"line":89,"column":2}}]},"2":{"line":95,"type":"binary-expr","locations":[{"start":{"line":95,"column":12},"end":{"line":95,"column":18}},{"start":{"line":95,"column":22},"end":{"line":95,"column":23}}]},"3":{"line":124,"type":"if","locations":[{"start":{"line":124,"column":2},"end":{"line":124,"column":2}},{"start":{"line":124,"column":2},"end":{"line":124,"column":2}}]},"4":{"line":128,"type":"if","locations":[{"start":{"line":128,"column":2},"end":{"line":128,"column":2}},{"start":{"line":128,"column":2},"end":{"line":128,"column":2}}]},"5":{"line":134,"type":"if","locations":[{"start":{"line":134,"column":6},"end":{"line":134,"column":6}},{"start":{"line":134,"column":6},"end":{"line":134,"column":6}}]},"6":{"line":141,"type":"if","locations":[{"start":{"line":141,"column":4},"end":{"line":141,"column":4}},{"start":{"line":141,"column":4},"end":{"line":141,"column":4}}]},"7":{"line":163,"type":"if","locations":[{"start":{"line":163,"column":2},"end":{"line":163,"column":2}},{"start":{"line":163,"column":2},"end":{"line":163,"column":2}}]},"8":{"line":177,"type":"binary-expr","locations":[{"start":{"line":177,"column":10},"end":{"line":177,"column":17}},{"start":{"line":177,"column":21},"end":{"line":177,"column":23}}]},"9":{"line":179,"type":"if","locations":[{"start":{"line":179,"column":12},"end":{"line":179,"column":12}},{"start":{"line":179,"column":12},"end":{"line":179,"column":12}}]},"10":{"line":198,"type":"cond-expr","locations":[{"start":{"line":198,"column":15},"end":{"line":198,"column":18}},{"start":{"line":198,"column":21},"end":{"line":198,"column":25}}]}}},"/home/ubuntu/workspace/entity-core/lib/Sanitizers/Errors/EUnknownSanitizer.js":{"path":"/home/ubuntu/workspace/entity-core/lib/Sanitizers/Errors/EUnknownSanitizer.js","s":{"1":1,"2":1,"3":3,"4":3,"5":1,"6":1},"b":{},"f":{"1":3},"fnMap":{"1":{"name":"EUnknownSanitizer","line":33,"loc":{"start":{"line":33,"column":0},"end":{"line":33,"column":34}}}},"statementMap":{"1":{"start":{"line":22,"column":0},"end":{"line":24,"column":37}},"2":{"start":{"line":33,"column":0},"end":{"line":46,"column":1}},"3":{"start":{"line":36,"column":2},"end":{"line":36,"column":38}},"4":{"start":{"line":43,"column":2},"end":{"line":45,"column":5}},"5":{"start":{"line":48,"column":0},"end":{"line":48,"column":41}},"6":{"start":{"line":53,"column":0},"end":{"line":53,"column":35}}},"branchMap":{}},"/home/ubuntu/workspace/entity-core/lib/EventManager/index.js":{"path":"/home/ubuntu/workspace/entity-core/lib/EventManager/index.js","s":{"1":1,"2":1,"3":34,"4":34,"5":34,"6":106,"7":34,"8":3,"9":1,"10":6,"11":3,"12":3,"13":1,"14":19,"15":11,"16":19,"17":19,"18":19,"19":1,"20":4,"21":1,"22":3,"23":2,"24":2,"25":4,"26":2,"27":2,"28":1,"29":1,"30":1,"31":3,"32":1,"33":8,"34":8,"35":1,"36":7,"37":6,"38":6,"39":1,"40":8,"41":8,"42":9,"43":4,"44":5,"45":7,"46":8,"47":8,"48":1},"b":{"1":[3,3],"2":[11,8],"3":[19,19],"4":[19,17],"5":[1,3],"6":[2,1],"7":[2,2],"8":[1,1],"9":[8,1],"10":[1,7],"11":[4,5],"12":[1,7]},"f":{"1":34,"2":106,"3":3,"4":6,"5":19,"6":4,"7":8,"8":1,"9":7,"10":6,"11":9,"12":7,"13":8},"fnMap":{"1":{"name":"EventManager","line":32,"loc":{"start":{"line":32,"column":0},"end":{"line":32,"column":28}}},"2":{"name":"(anonymous_2)","line":54,"loc":{"start":{"line":54,"column":9},"end":{"line":54,"column":21}}},"3":{"name":"(anonymous_3)","line":65,"loc":{"start":{"line":65,"column":9},"end":{"line":65,"column":21}}},"4":{"name":"(anonymous_4)","line":78,"loc":{"start":{"line":78,"column":35},"end":{"line":78,"column":52}}},"5":{"name":"(anonymous_5)","line":100,"loc":{"start":{"line":100,"column":32},"end":{"line":100,"column":74}}},"6":{"name":"(anonymous_6)","line":126,"loc":{"start":{"line":126,"column":34},"end":{"line":126,"column":61}}},"7":{"name":"(anonymous_7)","line":161,
[...]
{"line":158,"column":33}},{"start":{"line":158,"column":37},"end":{"line":158,"column":39}}]},"6":{"line":161,"type":"if","locations":[{"start":{"line":161,"column":6},"end":{"line":161,"column":6}},{"start":{"line":161,"column":6},"end":{"line":161,"column":6}}]},"7":{"line":171,"type":"cond-expr","locations":[{"start":{"line":171,"column":17},"end":{"line":171,"column":20}},{"start":{"line":171,"column":23},"end":{"line":171,"column":27}}]},"8":{"line":184,"type":"if","locations":[{"start":{"line":184,"column":4},"end":{"line":184,"column":4}},{"start":{"line":184,"column":4},"end":{"line":184,"column":4}}]},"9":{"line":193,"type":"if","locations":[{"start":{"line":193,"column":6},"end":{"line":193,"column":6}},{"start":{"line":193,"column":6},"end":{"line":193,"column":6}}]},"10":{"line":218,"type":"if","locations":[{"start":{"line":218,"column":2},"end":{"line":218,"column":2}},{"start":{"line":218,"column":2},"end":{"line":218,"column":2}}]},"11":{"line":222,"type":"if","locations":[{"start":{"line":222,"column":2},"end":{"line":222,"column":2}},{"start":{"line":222,"column":2},"end":{"line":222,"column":2}}]},"12":{"line":227,"type":"if","locations":[{"start":{"line":227,"column":2},"end":{"line":227,"column":2}},{"start":{"line":227,"column":2},"end":{"line":227,"column":2}}]},"13":{"line":245,"type":"if","locations":[{"start":{"line":245,"column":2},"end":{"line":245,"column":2}},{"start":{"line":245,"column":2},"end":{"line":245,"column":2}}]}}},"/home/ubuntu/workspace/entity-core/lib/PluginManager/Plugin.js":{"path":"/home/ubuntu/workspace/entity-core/lib/PluginManager/Plugin.js","s":{"1":1,"2":56,"3":56,"4":56,"5":1,"6":8,"7":1,"8":6,"9":1,"10":1,"11":1},"b":{},"f":{"1":56,"2":8,"3":6,"4":1},"fnMap":{"1":{"name":"Plugin","line":29,"loc":{"start":{"line":29,"column":0},"end":{"line":29,"column":38}}},"2":{"name":"(anonymous_2)","line":67,"loc":{"start":{"line":67,"column":24},"end":{"line":67,"column":40}}},"3":{"name":"(anonymous_3)","line":83,"loc":{"start":{"line":83,"column":26},"end":{"line":83,"column":42}}},"4":{"name":"(anonymous_4)","line":98,"loc":{"start":{"line":98,"column":27},"end":{"line":98,"column":43}}}},"statementMap":{"1":{"start":{"line":29,"column":0},"end":{"line":58,"column":1}},"2":{"start":{"line":37,"column":2},"end":{"line":39,"column":5}},"3":{"start":{"line":46,"column":2},"end":{"line":48,"column":5}},"4":{"start":{"line":55,"column":2},"end":{"line":57,"column":5}},"5":{"start":{"line":67,"column":0},"end":{"line":73,"column":2}},"6":{"start":{"line":72,"column":2},"end":{"line":72,"column":13}},"7":{"start":{"line":83,"column":0},"end":{"line":89,"column":2}},"8":{"start":{"line":88,"column":2},"end":{"line":88,"column":13}},"9":{"start":{"line":98,"column":0},"end":{"line":104,"column":2}},"10":{"start":{"line":103,"column":2},"end":{"line":103,"column":13}},"11":{"start":{"line":109,"column":0},"end":{"line":109,"column":24}}},"branchMap":{}},"/home/ubuntu/workspace/entity-core/lib/EntityManager/Validators/Entity.js":{"path":"/home/ubuntu/workspace/entity-core/lib/EntityManager/Validators/Entity.js","s":{"1":1,"2":1,"3":4,"4":0,"5":4,"6":1,"7":3,"8":3,"9":2,"10":2,"11":1,"12":2},"b":{"1":[0,4],"2":[4,4],"3":[1,3],"4":[3,0],"5":[2,0],"6":[1,1]},"f":{"1":4},"fnMap":{"1":{"name":"validateEntity","line":35,"loc":{"start":{"line":35,"column":17},"end":{"line":35,"column":64}}}},"statementMap":{"1":{"start":{"line":21,"column":0},"end":{"line":24,"column":72}},"2":{"start":{"line":35,"column":0},"end":{"line":56,"column":2}},"3":{"start":{"line":38,"column":2},"end":{"line":40,"column":3}},"4":{"start":{"line":39,"column":4},"end":{"line":39,"column":18}},"5":{"start":{"line":42,"column":2},"end":{"line":44,"column":3}},"6":{"start":{"line":43,"column":4},"end":{"line":43,"column":38}},"7":{"start":{"line":46,"column":2},"end":{"line":53,"column":3}},"8":{"start":{"line":47,"column":4},"end":{"line":52,"column":5}},"9":{"start":{"line":48,"column":6},"end":{"line":48,"column":75}},"10":{"start":{"line":49,"column":6},"end":{"line":51,"column":7}},"11":{"start":{"line":50,"column":8},"end":{"line":50,"column":44}},"12":{"start":{"line":55,"column":2},"end":{"line":55,"column":9}}},"branchMap":{"1":{"line":38,"type":"if","locations":[{"start":{"line":38,"column":2},"end":{"line":38,"column":2}},{"start":{"line":38,"column":2},"end":{"line":38,"column":2}}]},"2":{"line":38,"type":"binary-expr","locations":[{"start":{"line":38,"column":6},"end":{"line":38,"column":25}},{"start":{"line":38,"column":29},"end":{"line":38,"column":43}}]},"3":{"line":42,"type":"if","locations":[{"start":{"line":42,"column":2},"end":{"line":42,"column":2}},{"start":{"line":42,"column":2},"end":{"line":42,"column":2}}]},"4":{"line":46,"type":"if","locations":[{"start":{"line":46,"column":2},"end":{"line":46,"column":2}},{"start":{"line":46,"column":2},"end":{"line":46,"column":2}}]},"5":{"line":48,"type":"cond-expr","locations":[{"start":{"line":48,"column":49},"end":{"line":48,"column":61}},{"start":{"line":48,"column":64},"end":{"line":48,"column":74}}]},"6":{"line":49,"type":"if","locations":[{"start":{"line":49,"column":6},"end":{"line":49,"column":6}},{"start":{"line":49,"column":6},"end":{"line":49,"column":6}}]}}},"/home/ubuntu/workspace/entity-core/lib/EntityManager/Errors/EInvalidEntity.js":{"path":"/home/ubuntu/workspace/entity-core/lib/EntityManager/Errors/EInvalidEntity.js","s":{"1":1,"2":1,"3":1,"4":1,"5":1},"b":{},"f":{"1":1},"fnMap":{"1":{"name":"EInvalidEntity","line":32,"loc":{"start":{"line":32,"column":0},"end":{"line":32,"column":27}}}},"statementMap":{"1":{"start":{"line":22,"column":0},"end":{"line":24,"column":37}},"2":{"start":{"line":32,"column":0},"end":{"line":36,"column":1}},"3":{"start":{"line":35,"column":2},"end":{"line":35,"column":35}},"4":{"start":{"line":38,"column":0},"end":{"line":38,"column":38}},"5":{"start":{"line":43,"column":0},"end":{"line":43,"column":32}}},"branchMap":{}},"/home/ubuntu/workspace/entity-core/lib/EntityManager/Errors/EFailedEntity.js":{"path":"/home/ubuntu/workspace/entity-core/lib/EntityManager/Errors/EFailedEntity.js","s":{"1":1,"2":1,"3":1,"4":1,"5":1,"6":1},"b":{},"f":{"1":1},"fnMap":{"1":{"name":"EFailedEntity","line":33,"loc":{"start":{"line":33,"column":0},"end":{"line":33,"column":32}}}},"statementMap":{"1":{"start":{"line":22,"column":0},"end":{"line":24,"column":37}},"2":{"start":{"line":33,"column":0},"end":{"line":46,"column":1}},"3":{"start":{"line":36,"column":2},"end":{"line":36,"column":34}},"4":{"start":{"line":43,"column":2},"end":{"line":45,"column":5}},"5":{"start":{"line":48,"column":0},"end":{"line":48,"column":37}},"6":{"start":{"line":53,"column":0},"end":{"line":53,"column":31}}},"branchMap":{}},"/home/ubuntu/workspace/entity-core/lib/Sanitizers/Errors/EInvalidValue.js":{"path":"/home/ubuntu/workspace/entity-core/lib/Sanitizers/Errors/EInvalidValue.js","s":{"1":1,"2":1,"3":2,"4":2,"5":1,"6":1},"b":{},"f":{"1":2},"fnMap":{"1":{"name":"EInvalidValue","line":33,"loc":{"start":{"line":33,"column":0},"end":{"line":33,"column":31}}}},"statementMap":{"1":{"start":{"line":22,"column":0},"end":{"line":24,"column":37}},"2":{"start":{"line":33,"column":0},"end":{"line":46,"column":1}},"3":{"start":{"line":36,"column":2},"end":{"line":36,"column":34}},"4":{"start":{"line":43,"column":2},"end":{"line":45,"column":5}},"5":{"start":{"line":48,"column":0},"end":{"line":48,"column":37}},"6":{"start":{"line":53,"column":0},"end":{"line":53,"column":31}}},"branchMap":{}},"/home/ubuntu/workspace/entity-core/lib/Validators/Errors/EInvalidEmail.js":{"path":"/home/ubuntu/workspace/entity-core/lib/Validators/Errors/EInvalidEmail.js","s":{"1":1,"2":1,"3":1,"4":1,"5":1,"6":1},"b":{},"f":{"1":1},"fnMap":{"1":{"name":"EInvalidEmail","line":33,"loc":{"start":{"line":33,"column":0},"end":{"line":33,"column":30}}}},"statementMap":{"1":{"start":{"line":22,"column":0},"end":{"line":24,"column":37}},"2":{"start":{"line":33,"column":0},"end":{"line":46,"column":1}},"3":{"start":{"line":36,"column":2},"end":{"line":36,"column":34}},"4":{"start":{"line":43,"column":2},"end":{"line":45,"column":5}},"5":{"start":{"line":48,"column":0},"end":{"line":48,"column":37}},"6":{"start":{"line":53,"column":0},"end":{"line":53,"column":31}}},"branchMap":{}},"/home/ubuntu/workspace/entity-core/lib/Validators/Errors/EInvalidLength.js":{"path":"/home/ubuntu/workspace/entity-core/lib/Validators/Errors/EInvalidLength.js","s":{"1":1,"2":1,"3":4,"4":4,"5":4,"6":4,"7":1,"8":1},"b":{},"f":{"1":4},"fnMap":{"1":{"name":"EInvalidLength","line":36,"loc":{"start":{"line":36,"column":0},"end":{"line":36,"column":41}}}},"statementMap":{"1":{"start":{"line":22,"column":0},"end":{"line":24,"column":37}},"2":{"start":{"line":36,"column":0},"end":{"line":67,"column":1}},"3":{"start":{"line":39,"column":2},"end":{"line":39,"column":35}},"4":{"start":{"line":46,"column":2},"end":{"line":48,"column":5}},"5":{"start":{"line":55,"column":2},"end":{"line":57,"column":5}},"6":{"start":{"line":64,"column":2},"end":{"line":66,"column":5}},"7":{"start":{"line":69,"column":0},"end":{"line":69,"column":38}},"8":{"start":{"line":74,"column":0},"end":{"line":74,"column":32}}},"branchMap":{}},"/home/ubuntu/workspace/entity-core/lib/Validators/Errors/EInvalidCharacters.js":{"path":"/home/ubuntu/workspace/entity-core/lib/Validators/Errors/EInvalidCharacters.js","s":{"1":1,"2":1,"3":3,"4":3,"5":1,"6":1},"b":{},"f":{"1":3},"fnMap":{"1":{"name":"EInvalidCharacters","line":33,"loc":{"start":{"line":33,"column":0},"end":{"line":33,"column":35}}}},"statementMap":{"1":{"start":{"line":22,"column":0},"end":{"line":24,"column":37}},"2":{"start":{"line":33,"column":0},"end":{"line":46,"column":1}},"3":{"start":{"line":36,"column":2},"end":{"line":36,"column":39}},"4":{"start":{"line":43,"column":2},"end":{"line":45,"column":5}},"5":{"start":{"line":48,"column":0},"end":{"line":48,"column":42}},"6":{"start":{"line":53,"column":0},"end":{"line":53,"column":36}}},"branchMap":{}},"/home/ubuntu/workspace/entity-core/lib/Validators/Errors/EMustContainDigit.js":{"path":"/home/ubuntu/workspace/entity-core/lib/Validators/Errors/EMustContainDigit.js","s":{"1":1,"2":1,"3":1,"4":1,"5":1,"6":1},"b":{},"f":{"1":1},"fnMap":{"1":{"name":"EMustContainDigit","line":33,"loc":{"start":{"line":33,"column":0},"end":{"line":33,"column":34}}}},"statementMap":{"1":{"start":{"line":22,"column":0},"end":{"line":24,"column":37}},"2":{"start":{"line":33,"column":0},"end":{"line":46,"column":1}},"3":{"start":{"line":36,"column":2},"end":{"line":36,"column":38}},"4":{"start":{"line":43,"column":2},"end":{"line":45,"column":5}},"5":{"start":{"line":48,"column":0},"end":{"line":48,"column":41}},"6":{"start":{"line":53,"column":0},"end":{"line":53,"column":35}}},"branchMap":{}},"/home/ubuntu/workspace/entity-core/lib/Validators/Errors/EMustContainLowercase.js":{"path":"/home/ubuntu/workspace/entity-core/lib/Validators/Errors/EMustContainLowercase.js","s":{"1":1,"2":1,"3":1,"4":1,"5":1,"6":1},"b":{},"f":{"1":1},"fnMap":{"1":{"name":"EMustContainLowercase","line":34,"loc":{"start":{"line":34,"column":0},"end":{"line":34,"column":38}}}},"statementMap":{"1":{"start":{"line":22,"column":0},"end":{"line":24,"column":37}},"2":{"start":{"line":34,"column":0},"end":{"line":47,"column":1}},"3":{"start":{"line":37,"column":2},"end":{"line":37,"column":42}},"4":{"start":{"line":44,"column":2},"end":{"line":46,"column":5}},"5":{"start":{"line":49,"column":0},"end":{"line":49,"column":45}},"6":{"start":{"line":54,"column":0},"end":{"line":54,"column":39}}},"branchMap":{}},"/home/ubuntu/workspace/entity-core/lib/Validators/Errors/EMustContainUppercase.js":{"path":"/home/ubuntu/workspace/entity-core/lib/Validators/Errors/EMustContainUppercase.js","s":{"1":1,"2":1,"3":1,"4":1,"5":1,"6":1},"b":{},"f":{"1":1},"fnMap":{"1":{"name":"EMustContainUppercase","line":34,"loc":{"start":{"line":34,"column":0},"end":{"line":34,"column":38}}}},"statementMap":{"1":{"start":{"line":22,"column":0},"end":{"line":24,"column":37}},"2":{"start":{"line":34,"column":0},"end":{"line":47,"column":1}},"3":{"start":{"line":37,"column":2},"end":{"line":37,"column":42}},"4":{"start":{"line":44,"column":2},"end":{"line":46,"column":5}},"5":{"start":{"line":49,"column":0},"end":{"line":49,"column":45}},"6":{"start":{"line":54,"column":0},"end":{"line":54,"column":39}}},"branchMap":{}},"/home/ubuntu/workspace/entity-core/lib/Validators/Errors/EInvalidURL.js":{"path":"/home/ubuntu/workspace/entity-core/lib/Validators/Errors/EInvalidURL.js","s":{"1":1,"2":1,"3":3,"4":3,"5":1,"6":1},"b":{},"f":{"1":3},"fnMap":{"1":{"name":"EInvalidURL","line":33,"loc":{"start":{"line":33,"column":0},"end":{"line":33,"column":28}}}},"statementMap":{"1":{"start":{"line":22,"column":0},"end":{"line":24,"column":37}},"2":{"start":{"line":33,"column":0},"end":{"line":46,"column":1}},"3":{"start":{"line":36,"column":2},"end":{"line":36,"column":32}},"4":{"start":{"line":43,"column":2},"end":{"line":45,"column":5}},"5":{"start":{"line":48,"column":0},"end":{"line":48,"column":35}},"6":{"start":{"line":53,"column":0},"end":{"line":53,"column":29}}},"branchMap":{}},"/home/ubuntu/workspace/entity-core/lib/Validators/Rules/MachineName.js":{"path":"/home/ubuntu/workspace/entity-core/lib/Validators/Rules/MachineName.js","s":{"1":1,"2":1,"3":59,"4":59,"5":2,"6":57,"7":2,"8":55},"b":{"1":[2,57],"2":[59,58],"3":[2,55]},"f":{"1":59},"fnMap":{"1":{"name":"validateMachineName","line":39,"loc":{"start":{"line":39,"column":17},"end":{"line":39,"column":68}}}},"statementMap":{"1":{"start":{"line":21,"column":0},"end":{"line":27,"column":6}},"2":{"start":{"line":39,"column":0},"end":{"line":54,"column":2}},"3":{"start":{"line":42,"column":2},"end":{"line":43,"column":16}},"4":{"start":{"line":45,"column":2},"end":{"line":47,"column":3}},"5":{"start":{"line":46,"column":4},"end":{"line":46,"column":53}},"6":{"start":{"line":49,"column":2},"end":{"line":51,"column":3}},"7":{"start":{"line":50,"column":4},"end":{"line":50,"column":47}},"8":{"start":{"line":53,"column":2},"end":{"line":53,"column":9}}},"branchMap":{"1":{"line":45,"type":"if","locations":[{"start":{"line":45,"column":2},"end":{"line":45,"column":2}},{"start":{"line":45,"column":2},"end":{"line":45,"column":2}}]},"2":{"line":45,"type":"binary-expr","locations":[{"start":{"line":45,"column":6},"end":{"line":45,"column":24}},{"start":{"line":45,"column":28},"end":{"line":45,"column":46}}]},"3":{"line":49,"type":"if","locations":[{"start":{"line":49,"column":2},"end":{"line":49,"column":2}},{"start":{"line":49,"column":2},"end":{"line":49,"column":2}}]}}},"/home/ubuntu/workspace/entity-core/lib/Validators/Rules/Email.js":{"path":"/home/ubuntu/workspace/entity-core/lib/Validators/Rules/Email.js","s":{"1":1,"2":1,"3":2,"4":1,"5":1},"b":{"1":[1,1]},"f":{"1":2},"fnMap":{"1":{"name":"validateEmail","line":35,"loc":{"start":{"line":35,"column":17},"end":{"line":35,"column":62}}}},"statementMap":{"1":{"start":{"line":21,"column":0},"end":{"line":24,"column":6}},"2":{"start":{"line":35,"column":0},"end":{"line":47,"column":2}},"3":{"start":{"line":40,"column":2},"end":{"line":42,"column":3}},"4":{"start":{"line":41,"column":4},"end":{"line":41,"column":42}},"5":{"start":{"line":46,"column":2},"end":{"line":46,"column":9}}},"branchMap":{"1":{"line":40,"type":"if","locations":[{"start":{"line":40,"column":2},"end":{"line":40,"column":2}},{"start":{"line":40,"column":2},"end":{"line":40,"column":2}}]}}},"/home/ubuntu/workspace/entity-core/lib/Validators/Rules/Url.js":{"path":"/home/ubuntu/workspace/entity-core/lib/Validators/Rules/Url.js","s":{"1":1,"2":1,"3":4,"4":4,"5":3,"6":1},"b":{"1":[3,1]},"f":{"1":4},"fnMap":{"1":{"name":"validateUrl","line":35,"loc":{"start":{"line":35,"column":17},"end":{"line":35,"column":61}}}},"statementMap":{"1":{"start":{"line":21,"column":0},"end":{"line":24,"column":6}},"2":{"start":{"line":35,"column":0},"end":{"line":77,"column":2}},"3":{"start":{"line":38,"column":2},"end":{"line":70,"column":14}},"4":{"start":{"line":72,"column":2},"end":{"line":74,"column":3}},"5":{"start":{"line":73,"column":4},"end":{"line":73,"column":40}},"6":{"start":{"line":76,"column":2},"end":{"line":76,"column":9}}},"branchMap":{"1":{"line":72,"type":"if","locations":[{"start":{"line":72,"column":2},"end":{"line":72,"column":2}},{"start":{"line":72,"column":2},"end":{"line":72,"column":2}}]}}},"/home/ubuntu/workspace/entity-core/lib/Validators/Rules/Password.js":{"path":"/home/ubuntu/workspace/entity-core/lib/Validators/Rules/Password.js","s":{"1":1,"2":1,"3":7,"4":7,"5":2,"6":5,"7":1,"8":4,"9":1,"10":3,"11":1,"12":2,"13":1,"14":1},"b":{"1":[7,7],"2":[7,7],"3":[2,5],"4":[7,6],"5":[1,4],"6":[1,3],"7":[1,2],"8":[1,1]},"f":{"1":7},"fnMap":{"1":{"name":"validatePassword","line":48,"loc":{"start":{"line":48,"column":17},"end":{"line":48,"column":65}}}},"statementMap":{"1":{"start":{"line":21,"column":0},"end":{"line":36,"column":6}},"2":{"start":{"line":48,"column":0},"end":{"line":75,"column":2}},"3":{"start":{"line":51,"column":2},"end":{"line":52,"column":37}},"4":{"start":{"line":54,"column":2},"end":{"line":56,"column":3}},"5":{"start":{"line":55,"column":4},"end":{"line":55,"column":53}},"6":{"start":{"line":58,"column":2},"end":{"line":60,"column":3}},"7":{"start":{"line":59,"column":4},"end":{"line":59,"column":46}},"8":{"start":{"line":62,"column":2},"end":{"line":64,"column":3}},"9":{"start":{"line":63,"column":4},"end":{"line":63,"column":50}},"10":{"start":{"line":66,"column":2},"end":{"line":68,"column":3}},"11":{"start":{"line":67,"column":4},"end":{"line":67,"column":50}},"12":{"start":{"line":70,"column":2},"end":{"line":72,"column":3}},"13":{"start":{"line":71,"column":4},"end":{"line":71,"column":47}},"14":{"start":{"line":74,"column":2},"end":{"line":74,"column":9}}},"branchMap":{"1":{"line":51,"type":"binary-expr","locations":[{"start":{"line":51,"column":12},"end":{"line":51,"column":29}},{"start":{"line":51,"column":33},"end":{"line":51,"column":34}}]},"2":{"line":52,"type":"binary-expr","locations":[{"start":{"line":52,"column":12},"end":{"line":52,"column":29}},{"start":{"line":52,"column":33},"end":{"line":52,"column":36}}]},"3":{"line":54,"type":"if","locations":[{"start":{"line":54,"column":2},"end":{"line":54,"column":2}},{"start":{"line":54,"column":2},"end":{"line":54,"column":2}}]},"4":{"line":54,"type":"binary-expr","locations":[{"start":{"line":54,"column":6},"end":{"line":54,"column":24}},{"start":{"line":54,"column":28},"end":{"line":54,"column":46}}]},"5":{"line":58,"type":"if","locations":[{"start":{"line":58,"column":2},"end":{"line":58,"column":2}},{"start":{"line":58,"column":2},"end":{"line":58,"column":2}}]},"6":{"line":62,"type":"if","locations":[{"start":{"line":62,"column":2},"end":{"line":62,"column":2}},{"start":{"line":62,"column":2},"end":{"line":62,"column":2}}]},"7":{"line":66,"type":"if","locations":[{"start":{"line":66,"column":2},"end":{"line":66,"column":2}},{"start":{"line":66,"column":2},"end":{"line":66,"column":2}}]},"8":{"line":70,"type":"if","locations":[{"start":{"line":70,"column":2},"end":{"line":70,"column":2}},{"start":{"line":70,"column":2},"end":{"line":70,"column":2}}]}}},"/home/ubuntu/workspace/entity-core/lib/Sanitizers/Rules/Trim.js":{"path":"/home/ubuntu/workspace/entity-core/lib/Sanitizers/Rules/Trim.js","s":{"1":1,"2":1,"3":58,"4":2,"5":56},"b":{"1":[2,56]},"f":{"1":58},"fnMap":{"1":{"name":"sanitizeTrim","line":34,"loc":{"start":{"line":34,"column":17},"end":{"line":34,"column":68}}}},"statementMap":{"1":{"start":{"line":21,"column":0},"end":{"line":22,"column":69}},"2":{"start":{"line":34,"column":0},"end":{"line":42,"column":2}},"3":{"start":{"line":37,"column":2},"end":{"line":39,"column":3}},"4":{"start":{"line":38,"column":4},"end":{"line":38,"column":49}},"5":{"start":{"line":41,"column":2},"end":{"line":41,"column":27}}},"branchMap":{"1":{"line":37,"type":"if","locations":[{"start":{"line":37,"column":2},"end":{"line":37,"column":2}},{"start":{"line":37,"column":2},"end":{"line":37,"column":2}}]}}}}