TN:
SF:/home/ubuntu/workspace/entity-ci-core/index.js
FN:22,(anonymous_1)
FN:29,(anonymous_2)
FNF:2
FNH:2
FNDA:1,(anonymous_1)
FNDA:48,(anonymous_2)
DA:15,1
DA:17,1
DA:22,1
DA:25,1
DA:29,1
DA:32,48
DA:33,48
DA:34,41
DA:35,7
DA:36,7
DA:39,0
DA:42,1
DA:43,1
LF:13
LH:12
BRDA:33,1,0,41
BRDA:33,1,1,7
BRDA:35,2,0,7
BRDA:35,2,1,0
BRF:4
BRH:3
end_of_record
TN:
SF:/home/ubuntu/workspace/entity-ci-core/lib/index.js
FN:28,(anonymous_1)
FN:28,defineProperties
FN:28,(anonymous_3)
FN:32,_classCallCheck
FN:62,(anonymous_5)
FN:68,EntityCICore
FN:100,_loadConfig
FN:116,_connectToMongo
FN:122,connect
FN:123,(anonymous_10)
FN:136,(anonymous_11)
FN:150,_plugins
FN:156,(anonymous_13)
FN:160,(anonymous_14)
FN:164,(anonymous_15)
FN:178,initialize
FN:184,(anonymous_17)
FN:188,(anonymous_18)
FN:192,(anonymous_19)
FN:197,(anonymous_20)
FN:201,(anonymous_21)
FN:207,(anonymous_22)
FN:217,get
FN:230,get
FN:243,get
FN:256,get
FN:269,get
FN:282,get
FNF:28
FNH:26
FNDA:1,(anonymous_1)
FNDA:1,defineProperties
FNDA:1,(anonymous_3)
FNDA:6,_classCallCheck
FNDA:1,(anonymous_5)
FNDA:6,EntityCICore
FNDA:4,_loadConfig
FNDA:1,_connectToMongo
FNDA:1,connect
FNDA:1,(anonymous_10)
FNDA:1,(anonymous_11)
FNDA:1,_plugins
FNDA:1,(anonymous_13)
FNDA:1,(anonymous_14)
FNDA:1,(anonymous_15)
FNDA:2,initialize
FNDA:2,(anonymous_17)
FNDA:1,(anonymous_18)
FNDA:1,(anonymous_19)
FNDA:1,(anonymous_20)
FNDA:1,(anonymous_21)
FNDA:2,(anonymous_22)
FNDA:2,get
FNDA:4,get
FNDA:0,get
FNDA:68,get
FNDA:7,get
FNDA:0,get
DA:23,1
DA:28,10
DA:32,6
DA:34,1
DA:46,1
DA:62,1
DA:68,1
DA:71,6
DA:73,6
DA:74,6
DA:75,6
DA:76,6
DA:77,6
DA:78,6
DA:79,6
DA:80,6
DA:89,1
DA:103,4
DA:104,4
DA:119,1
DA:122,1
DA:123,1
DA:124,1
DA:129,1
DA:134,1
DA:136,1
DA:137,1
DA:153,1
DA:156,1
DA:157,1
DA:160,1
DA:161,1
DA:164,1
DA:165,1
DA:181,2
DA:184,2
DA:185,2
DA:188,2
DA:189,1
DA:192,2
DA:193,1
DA:194,1
DA:197,2
DA:198,1
DA:201,2
DA:202,1
DA:207,2
DA:208,2
DA:209,1
DA:212,2
DA:220,2
DA:233,4
DA:246,0
DA:259,68
DA:272,7
DA:285,0
DA:289,1
DA:292,1
DA:293,1
LF:59
LH:57
BRDA:28,1,0,10
BRDA:28,1,1,10
BRDA:28,2,0,4
BRDA:28,2,1,6
BRDA:28,3,0,1
BRDA:28,3,1,0
BRDA:28,4,0,0
BRDA:28,4,1,1
BRDA:32,5,0,0
BRDA:32,5,1,6
BRDA:137,6,0,0
BRDA:137,6,1,1
BRDA:165,7,0,0
BRDA:165,7,1,1
BRDA:208,8,0,1
BRDA:208,8,1,1
BRDA:212,9,0,1
BRDA:212,9,1,1
BRF:18
BRH:16
end_of_record
TN:
SF:/home/ubuntu/workspace/entity-ci-core/lib/Utils/Config.js
FN:28,(anonymous_1)
FN:28,defineProperties
FN:28,(anonymous_3)
FN:32,get
FN:36,_classCallCheck
FN:40,_inherits
FN:54,(anonymous_7)
FN:63,Config
FN:87,save
FN:90,(anonymous_10)
FN:103,load
FN:111,(anonymous_12)
FN:126,get
FNF:13
FNH:13
FNDA:1,(anonymous_1)
FNDA:1,defineProperties
FNDA:1,(anonymous_3)
FNDA:25,get
FNDA:25,_classCallCheck
FNDA:1,_inherits
FNDA:1,(anonymous_7)
FNDA:25,Config
FNDA:3,save
FNDA:3,(anonymous_10)
FNDA:8,load
FNDA:7,(anonymous_12)
FNDA:20,get
DA:23,1
DA:28,3
DA:32,25
DA:36,25
DA:40,1
DA:42,1
DA:46,1
DA:54,1
DA:55,1
DA:63,1
DA:66,25
DA:68,25
DA:69,25
DA:78,1
DA:90,3
DA:91,3
DA:106,8
DA:107,1
DA:110,7
DA:111,7
DA:112,7
DA:113,1
DA:116,6
DA:117,6
DA:118,5
DA:120,1
DA:129,20
DA:133,1
DA:136,1
DA:137,1
LF:30
LH:30
BRDA:28,1,0,3
BRDA:28,1,1,3
BRDA:28,2,0,2
BRDA:28,2,1,1
BRDA:28,3,0,1
BRDA:28,3,1,0
BRDA:28,4,0,0
BRDA:28,4,1,1
BRDA:32,5,0,0
BRDA:32,5,1,25
BRDA:32,6,0,0
BRDA:32,6,1,25
BRDA:32,7,0,0
BRDA:32,7,1,0
BRDA:32,8,0,25
BRDA:32,8,1,0
BRDA:32,9,0,0
BRDA:32,9,1,0
BRDA:36,10,0,0
BRDA:36,10,1,25
BRDA:40,11,0,0
BRDA:40,11,1,1
BRDA:40,12,0,1
BRDA:40,12,1,0
BRDA:40,13,0,1
BRDA:40,13,1,1
BRDA:40,14,0,1
BRDA:40,14,1,0
BRDA:40,15,0,1
BRDA:40,15,1,0
BRDA:91,16,0,1
BRDA:91,16,1,2
BRDA:106,17,0,1
BRDA:106,17,1,7
BRDA:112,18,0,1
BRDA:112,18,1,6
BRF:36
BRH:36
end_of_record
TN:
SF:/home/ubuntu/workspace/entity-ci-core/lib/Utils/Data.js
FN:28,(anonymous_1)
FN:28,defineProperties
FN:28,(anonymous_3)
FN:32,_classCallCheck
FN:41,(anonymous_5)
FN:52,Data
FN:78,_nameToXPath
FN:92,has
FN:119,get
FN:152,set
FN:185,del
FN:197,get
FN:208,set
FN:221,get
FNF:14
FNH:14
FNDA:1,(anonymous_1)
FNDA:1,defineProperties
FNDA:1,(anonymous_3)
FNDA:48,_classCallCheck
FNDA:1,(anonymous_5)
FNDA:48,Data
FNDA:41,_nameToXPath
FNDA:10,has
FNDA:16,get
FNDA:7,set
FNDA:8,del
FNDA:81,get
FNDA:5,set
FNDA:2,get
DA:23,1
DA:28,7
DA:32,48
DA:34,1
DA:41,1
DA:52,1
DA:55,48
DA:57,48
DA:58,48
DA:67,1
DA:81,41
DA:95,10
DA:99,10
DA:106,10
DA:122,16
DA:123,11
DA:126,16
DA:131,16
DA:140,16
DA:155,7
DA:158,7
DA:159,5
DA:163,5
DA:171,7
DA:174,7
DA:190,8
DA:193,8
DA:200,81
DA:211,5
DA:224,2
DA:228,1
DA:231,1
DA:232,1
LF:33
LH:33
BRDA:28,1,0,7
BRDA:28,1,1,7
BRDA:28,2,0,5
BRDA:28,2,1,2
BRDA:28,3,0,1
BRDA:28,3,1,0
BRDA:28,4,0,0
BRDA:28,4,1,1
BRDA:32,5,0,0
BRDA:32,5,1,48
BRDA:57,6,0,48
BRDA:57,6,1,25
BRDA:58,7,0,48
BRDA:58,7,1,22
BRDA:122,8,0,11
BRDA:122,8,1,5
BRDA:159,9,0,2
BRDA:159,9,1,3
BRF:18
BRH:18
end_of_record
TN:
SF:/home/ubuntu/workspace/entity-ci-core/lib/Locale/index.js
FN:8,(anonymous_1)
FN:8,defineProperties
FN:8,(anonymous_3)
FN:12,_classCallCheck
FN:26,(anonymous_5)
FN:34,Locale
FN:59,_addFromDatabase
FN:63,(anonymous_8)
FN:68,(anonymous_9)
FN:91,_processFile
FN:127,_strtr
FN:171,addFromFile
FN:186,addFromDir
FN:191,processFile
FN:192,(anonymous_15)
FN:197,(anonymous_16)
FN:203,(anonymous_17)
FN:210,(anonymous_18)
FN:225,locales
FN:245,initialize
FN:252,(anonymous_21)
FN:257,(anonymous_22)
FN:261,(anonymous_23)
FN:277,translate
FN:285,(anonymous_25)
FN:304,(anonymous_26)
FN:320,t
FN:331,get
FN:344,get
FNF:29
FNH:29
FNDA:1,(anonymous_1)
FNDA:1,defineProperties
FNDA:1,(anonymous_3)
FNDA:18,_classCallCheck
FNDA:1,(anonymous_5)
FNDA:18,Locale
FNDA:2,_addFromDatabase
FNDA:2,(anonymous_8)
FNDA:1,(anonymous_9)
FNDA:16,_processFile
FNDA:6,_strtr
FNDA:16,addFromFile
FNDA:3,addFromDir
FNDA:9,processFile
FNDA:9,(anonymous_15)
FNDA:3,(anonymous_16)
FNDA:9,(anonymous_17)
FNDA:3,(anonymous_18)
FNDA:13,locales
FNDA:2,initialize
FNDA:1,(anonymous_21)
FNDA:2,(anonymous_22)
FNDA:2,(anonymous_23)
FNDA:5,translate
FNDA:5,(anonymous_25)
FNDA:5,(anonymous_26)
FNDA:4,t
FNDA:8,get
FNDA:5,get
DA:3,1
DA:8,11
DA:12,18
DA:14,1
DA:18,1
DA:26,1
DA:34,1
DA:37,18
DA:39,18
DA:40,18
DA:49,1
DA:62,2
DA:63,2
DA:64,2
DA:65,0
DA:68,2
DA:69,1
DA:70,0
DA:73,1
DA:76,2
DA:94,16
DA:95,16
DA:98,16
DA:99,11
DA:102,16
DA:103,20
DA:104,5
DA:107,15
DA:110,16
DA:112,0
DA:130,6
DA:139,6
DA:140,3
DA:141,3
DA:144,6
DA:145,64
DA:146,64
DA:147,35
DA:148,3
DA:149,3
DA:151,3
DA:155,64
DA:158,6
DA:174,16
DA:189,3
DA:191,1
DA:192,9
DA:193,9
DA:197,3
DA:198,3
DA:199,0
DA:202,3
DA:203,3
DA:204,9
DA:205,9
DA:206,9
DA:210,3
DA:211,3
DA:228,13
DA:229,1
DA:232,12
DA:248,2
DA:251,2
DA:252,1
DA:253,1
DA:257,2
DA:258,2
DA:261,2
DA:262,2
DA:280,5
DA:282,5
DA:286,5
DA:287,0
DA:290,5
DA:291,4
DA:297,5
DA:299,5
DA:300,3
DA:302,5
DA:304,5
DA:305,5
DA:323,4
DA:324,1
DA:327,4
DA:334,8
DA:347,5
DA:351,1
DA:354,1
DA:355,1
LF:89
LH:84
BRDA:8,1,0,11
BRDA:8,1,1,11
BRDA:8,2,0,9
BRDA:8,2,1,2
BRDA:8,3,0,1
BRDA:8,3,1,0
BRDA:8,4,0,0
BRDA:8,4,1,1
BRDA:12,5,0,0
BRDA:12,5,1,18
BRDA:64,6,0,0
BRDA:64,6,1,2
BRDA:69,7,0,0
BRDA:69,7,1,1
BRDA:98,8,0,11
BRDA:98,8,1,5
BRDA:103,9,0,5
BRDA:103,9,1,15
BRDA:147,10,0,3
BRDA:147,10,1,32
BRDA:155,11,0,3
BRDA:155,11,1,61
BRDA:198,12,0,0
BRDA:198,12,1,3
BRDA:205,13,0,9
BRDA:205,13,1,0
BRDA:205,14,0,9
BRDA:205,14,1,9
BRDA:211,15,0,0
BRDA:211,15,1,3
BRDA:228,16,0,1
BRDA:228,16,1,12
BRDA:251,17,0,1
BRDA:251,17,1,1
BRDA:251,18,0,2
BRDA:251,18,1,1
BRDA:262,19,0,0
BRDA:262,19,1,2
BRDA:286,20,0,0
BRDA:286,20,1,5
BRDA:290,21,0,4
BRDA:290,21,1,1
BRDA:299,22,0,3
BRDA:299,22,1,2
BRDA:305,23,0,0
BRDA:305,23,1,5
BRDA:323,24,0,1
BRDA:323,24,1,3
BRDA:323,25,0,4
BRDA:323,25,1,2
BRF:50
BRH:42
end_of_record
TN:
SF:/home/ubuntu/workspace/entity-ci-core/lib/Database/index.js
FN:28,(anonymous_1)
FN:28,defineProperties
FN:28,(anonymous_3)
FN:32,_classCallCheck
FN:46,(anonymous_5)
FN:52,Database
FN:80,connect
FN:109,disconnect
FN:138,connection
FN:160,collection
FN:172,get
FN:183,set
FN:200,get
FNF:13
FNH:13
FNDA:1,(anonymous_1)
FNDA:1,defineProperties
FNDA:1,(anonymous_3)
FNDA:95,_classCallCheck
FNDA:1,(anonymous_5)
FNDA:95,Database
FNDA:109,connect
FNDA:98,disconnect
FNDA:5,connection
FNDA:380,collection
FNDA:282,get
FNDA:1,set
FNDA:14,get
DA:23,1
DA:28,6
DA:32,95
DA:34,1
DA:39,1
DA:46,1
DA:52,1
DA:55,95
DA:57,95
DA:58,95
DA:67,1
DA:83,109
DA:84,1
DA:87,108
DA:88,103
DA:91,108
DA:92,108
DA:93,104
DA:96,108
DA:112,98
DA:114,98
DA:115,1
DA:118,97
DA:119,97
DA:121,97
DA:122,97
DA:125,97
DA:141,5
DA:142,5
DA:143,3
DA:146,2
DA:163,380
DA:164,380
DA:165,1
DA:168,379
DA:175,282
DA:186,1
DA:187,0
DA:190,1
DA:203,14
DA:207,1
DA:210,1
DA:211,1
LF:43
LH:42
BRDA:28,1,0,6
BRDA:28,1,1,6
BRDA:28,2,0,4
BRDA:28,2,1,2
BRDA:28,3,0,1
BRDA:28,3,1,0
BRDA:28,4,0,0
BRDA:28,4,1,1
BRDA:32,5,0,0
BRDA:32,5,1,95
BRDA:83,6,0,1
BRDA:83,6,1,108
BRDA:87,7,0,103
BRDA:87,7,1,5
BRDA:92,8,0,104
BRDA:92,8,1,4
BRDA:112,9,0,98
BRDA:112,9,1,1
BRDA:114,10,0,1
BRDA:114,10,1,97
BRDA:121,11,0,97
BRDA:121,11,1,0
BRDA:141,12,0,5
BRDA:141,12,1,0
BRDA:142,13,0,3
BRDA:142,13,1,2
BRDA:163,14,0,380
BRDA:163,14,1,276
BRDA:164,15,0,1
BRDA:164,15,1,379
BRDA:186,16,0,0
BRDA:186,16,1,1
BRF:32
BRH:29
end_of_record
TN:
SF:/home/ubuntu/workspace/entity-ci-core/lib/Database/Connection.js
FN:28,(anonymous_1)
FN:28,defineProperties
FN:28,(anonymous_3)
FN:32,_classCallCheck
FN:44,(anonymous_5)
FN:58,Connection
FN:72,(anonymous_7)
FN:79,(anonymous_8)
FN:102,_configToURI
FN:133,collection
FN:146,disconnect
FN:154,get
FN:167,get
FNF:13
FNH:9
FNDA:1,(anonymous_1)
FNDA:1,defineProperties
FNDA:1,(anonymous_3)
FNDA:108,_classCallCheck
FNDA:1,(anonymous_5)
FNDA:108,Connection
FNDA:0,(anonymous_7)
FNDA:0,(anonymous_8)
FNDA:108,_configToURI
FNDA:379,collection
FNDA:97,disconnect
FNDA:0,get
FNDA:0,get
DA:23,1
DA:28,5
DA:32,108
DA:34,1
DA:37,1
DA:44,1
DA:58,1
DA:61,108
DA:63,108
DA:68,108
DA:69,108
DA:71,108
DA:72,108
DA:73,0
DA:79,108
DA:80,0
DA:92,1
DA:105,108
DA:106,108
DA:107,0
DA:109,0
DA:110,0
DA:113,0
DA:116,108
DA:117,108
DA:118,108
DA:121,108
DA:122,108
DA:136,379
DA:149,97
DA:150,97
DA:157,0
DA:170,0
DA:174,1
DA:177,1
DA:178,1
LF:36
LH:28
BRDA:28,1,0,5
BRDA:28,1,1,5
BRDA:28,2,0,3
BRDA:28,2,1,2
BRDA:28,3,0,1
BRDA:28,3,1,0
BRDA:28,4,0,0
BRDA:28,4,1,1
BRDA:32,5,0,0
BRDA:32,5,1,108
BRDA:106,6,0,0
BRDA:106,6,1,108
BRDA:109,7,0,0
BRDA:109,7,1,0
BRDA:116,8,0,108
BRDA:116,8,1,0
BRDA:117,9,0,108
BRDA:117,9,1,0
BRF:18
BRH:13
end_of_record
TN:
SF:/home/ubuntu/workspace/entity-ci-core/lib/Database/Errors/EUndefinedConnection.js
FN:32,(anonymous_1)
FN:32,defineProperties
FN:32,(anonymous_3)
FN:36,get
FN:40,_classCallCheck
FN:44,_inherits
FN:58,(anonymous_7)
FN:67,EUndefinedConnection
FN:84,get
FNF:9
FNH:8
FNDA:1,(anonymous_1)
FNDA:1,defineProperties
FNDA:1,(anonymous_3)
FNDA:5,get
FNDA:5,_classCallCheck
FNDA:1,_inherits
FNDA:1,(anonymous_7)
FNDA:5,EUndefinedConnection
FNDA:0,get
DA:27,1
DA:32,1
DA:36,5
DA:40,5
DA:44,1
DA:46,1
DA:49,1
DA:58,1
DA:59,1
DA:67,1
DA:70,5
DA:72,5
DA:73,5
DA:82,1
DA:87,0
DA:91,1
DA:94,1
DA:95,1
LF:18
LH:17
BRDA:32,1,0,1
BRDA:32,1,1,1
BRDA:32,2,0,0
BRDA:32,2,1,1
BRDA:32,3,0,1
BRDA:32,3,1,0
BRDA:32,4,0,0
BRDA:32,4,1,1
BRDA:36,5,0,0
BRDA:36,5,1,5
BRDA:36,6,0,0
BRDA:36,6,1,5
BRDA:36,7,0,0
BRDA:36,7,1,0
BRDA:36,8,0,5
BRDA:36,8,1,0
BRDA:36,9,0,0
BRDA:36,9,1,0
BRDA:40,10,0,0
BRDA:40,10,1,5
BRDA:44,11,0,0
BRDA:44,11,1,1
BRDA:44,12,0,1
BRDA:44,12,1,0
BRDA:44,13,0,1
BRDA:44,13,1,1
BRDA:44,14,0,1
BRDA:44,14,1,0
BRDA:44,15,0,1
BRDA:44,15,1,0
BRF:30
BRH:30
end_of_record
TN:
SF:/home/ubuntu/workspace/entity-ci-core/lib/EError.js
FN:28,(anonymous_1)
FN:28,defineProperties
FN:28,(anonymous_3)
FN:32,get
FN:36,_classCallCheck
FN:40,_inherits
FN:51,(anonymous_7)
FN:58,EError
FN:77,get
FN:90,get
FNF:10
FNH:8
FNDA:1,(anonymous_1)
FNDA:1,defineProperties
FNDA:1,(anonymous_3)
FNDA:60,get
FNDA:60,_classCallCheck
FNDA:1,_inherits
FNDA:1,(anonymous_7)
FNDA:60,EError
FNDA:0,get
FNDA:0,get
DA:23,1
DA:28,2
DA:32,60
DA:36,60
DA:40,1
DA:42,1
DA:51,1
DA:52,1
DA:58,1
DA:61,60
DA:63,60
DA:65,60
DA:66,60
DA:75,1
DA:80,0
DA:93,0
DA:97,1
DA:100,1
DA:101,1
LF:19
LH:17
BRDA:28,1,0,2
BRDA:28,1,1,2
BRDA:28,2,0,0
BRDA:28,2,1,2
BRDA:28,3,0,1
BRDA:28,3,1,0
BRDA:28,4,0,0
BRDA:28,4,1,1
BRDA:32,5,0,0
BRDA:32,5,1,60
BRDA:32,6,0,0
BRDA:32,6,1,60
BRDA:32,7,0,0
BRDA:32,7,1,0
BRDA:32,8,0,60
BRDA:32,8,1,0
BRDA:32,9,0,0
BRDA:32,9,1,0
BRDA:36,10,0,0
BRDA:36,10,1,60
BRDA:40,11,0,0
BRDA:40,11,1,1
BRDA:40,12,0,1
BRDA:40,12,1,0
BRDA:40,13,0,1
BRDA:40,13,1,1
BRDA:40,14,0,1
BRDA:40,14,1,0
BRDA:40,15,0,1
BRDA:40,15,1,0
BRF:30
BRH:30
end_of_record
TN:
SF:/home/ubuntu/workspace/entity-ci-core/lib/Database/Errors/EDefinedConnection.js
FN:29,(anonymous_1)
FN:29,defineProperties
FN:29,(anonymous_3)
FN:33,get
FN:37,_classCallCheck
FN:41,_inherits
FN:54,(anonymous_7)
FN:63,EDefinedConnection
FN:80,get
FNF:9
FNH:8
FNDA:1,(anonymous_1)
FNDA:1,defineProperties
FNDA:1,(anonymous_3)
FNDA:1,get
FNDA:1,_classCallCheck
FNDA:1,_inherits
FNDA:1,(anonymous_7)
FNDA:1,EDefinedConnection
FNDA:0,get
DA:24,1
DA:29,1
DA:33,1
DA:37,1
DA:41,1
DA:43,1
DA:46,1
DA:54,1
DA:55,1
DA:63,1
DA:66,1
DA:68,1
DA:69,1
DA:78,1
DA:83,0
DA:87,1
DA:90,1
DA:91,1
LF:18
LH:17
BRDA:29,1,0,1
BRDA:29,1,1,1
BRDA:29,2,0,0
BRDA:29,2,1,1
BRDA:29,3,0,1
BRDA:29,3,1,0
BRDA:29,4,0,0
BRDA:29,4,1,1
BRDA:33,5,0,0
BRDA:33,5,1,1
BRDA:33,6,0,0
BRDA:33,6,1,1
BRDA:33,7,0,0
BRDA:33,7,1,0
BRDA:33,8,0,1
BRDA:33,8,1,0
BRDA:33,9,0,0
BRDA:33,9,1,0
BRDA:37,10,0,0
BRDA:37,10,1,1
BRDA:41,11,0,0
BRDA:41,11,1,1
BRDA:41,12,0,1
BRDA:41,12,1,0
BRDA:41,13,0,1
BRDA:41,13,1,1
BRDA:41,14,0,1
BRDA:41,14,1,0
BRDA:41,15,0,1
BRDA:41,15,1,0
BRF:30
BRH:30
end_of_record
TN:
SF:/home/ubuntu/workspace/entity-ci-core/lib/Validators/index.js
FN:28,(anonymous_1)
FN:28,defineProperties
FN:28,(anonymous_3)
FN:32,_classCallCheck
FN:45,(anonymous_5)
FN:51,Validators
FN:82,register
FN:106,registered
FN:121,unregister
FN:163,validate
FN:170,execValidator
FN:171,(anonymous_12)
FN:185,(anonymous_13)
FN:191,get
FNF:14
FNH:14
FNDA:1,(anonymous_1)
FNDA:1,defineProperties
FNDA:1,(anonymous_3)
FNDA:124,_classCallCheck
FNDA:1,(anonymous_5)
FNDA:124,Validators
FNDA:614,register
FNDA:34,registered
FNDA:5,unregister
FNDA:81,validate
FNDA:86,execValidator
FNDA:84,(anonymous_12)
FNDA:80,(anonymous_13)
FNDA:1,get
DA:23,1
DA:28,5
DA:32,124
DA:34,1
DA:39,1
DA:45,1
DA:51,1
DA:54,124
DA:56,124
DA:58,124
DA:67,1
DA:85,614
DA:86,597
DA:89,614
DA:94,614
DA:95,614
DA:109,34
DA:124,5
DA:125,1
DA:128,4
DA:129,1
DA:131,3
DA:133,3
DA:134,8
DA:135,4
DA:138,4
DA:141,3
DA:142,2
DA:144,1
DA:148,4
DA:166,81
DA:167,1
DA:170,1
DA:171,86
DA:172,84
DA:173,84
DA:175,1
DA:180,80
DA:181,80
DA:182,86
DA:185,80
DA:186,80
DA:194,1
DA:198,1
DA:201,1
DA:202,1
LF:46
LH:46
BRDA:28,1,0,5
BRDA:28,1,1,5
BRDA:28,2,0,4
BRDA:28,2,1,1
BRDA:28,3,0,1
BRDA:28,3,1,0
BRDA:28,4,0,0
BRDA:28,4,1,1
BRDA:32,5,0,0
BRDA:32,5,1,124
BRDA:85,6,0,597
BRDA:85,6,1,17
BRDA:91,7,0,614
BRDA:91,7,1,605
BRDA:124,8,0,1
BRDA:124,8,1,4
BRDA:128,9,0,1
BRDA:128,9,1,3
BRDA:134,10,0,4
BRDA:134,10,1,4
BRDA:141,11,0,2
BRDA:141,11,1,1
BRDA:166,12,0,1
BRDA:166,12,1,80
BRDA:173,13,0,84
BRDA:173,13,1,79
BRDA:186,14,0,18
BRDA:186,14,1,62
BRF:28
BRH:28
end_of_record
TN:
SF:/home/ubuntu/workspace/entity-ci-core/lib/Utils/SortBy.js
FN:34,arraySortBy
FN:37,(anonymous_2)
FN:56,objectSortBy
FN:69,(anonymous_4)
FN:80,(anonymous_5)
FN:93,sortBy
FNF:6
FNH:6
FNDA:818,arraySortBy
FNDA:84,(anonymous_2)
FNDA:4,objectSortBy
FNDA:11,(anonymous_4)
FNDA:13,(anonymous_5)
FNDA:822,sortBy
DA:30,1
DA:33,1
DA:34,1
DA:37,818
DA:38,84
DA:41,84
DA:42,32
DA:45,52
DA:56,1
DA:59,4
DA:60,4
DA:61,14
DA:62,1
DA:65,13
DA:66,13
DA:69,4
DA:70,11
DA:73,11
DA:74,1
DA:77,10
DA:80,4
DA:81,13
DA:93,1
DA:96,822
DA:97,818
DA:99,4
DA:103,1
LF:27
LH:27
BRDA:38,1,0,80
BRDA:38,1,1,4
BRDA:38,2,0,2
BRDA:38,2,1,78
BRDA:39,3,0,82
BRDA:39,3,1,2
BRDA:39,4,0,2
BRDA:39,4,1,80
BRDA:41,5,0,32
BRDA:41,5,1,52
BRDA:45,6,0,23
BRDA:45,6,1,29
BRDA:45,7,0,52
BRDA:45,7,1,46
BRDA:61,8,0,1
BRDA:61,8,1,13
BRDA:70,9,0,3
BRDA:70,9,1,8
BRDA:71,10,0,9
BRDA:71,10,1,2
BRDA:73,11,0,1
BRDA:73,11,1,10
BRDA:77,12,0,2
BRDA:77,12,1,8
BRDA:77,13,0,10
BRDA:77,13,1,7
BRDA:96,14,0,818
BRDA:96,14,1,4
BRDA:96,15,0,822
BRDA:96,15,1,818
BRF:30
BRH:30
end_of_record
TN:
SF:/home/ubuntu/workspace/entity-ci-core/lib/Validators/Errors/EUnknownValidator.js
FN:29,(anonymous_1)
FN:29,defineProperties
FN:29,(anonymous_3)
FN:33,get
FN:37,_classCallCheck
FN:41,_inherits
FN:54,(anonymous_7)
FN:63,EUnknownValidator
FN:80,get
FNF:9
FNH:9
FNDA:1,(anonymous_1)
FNDA:1,defineProperties
FNDA:1,(anonymous_3)
FNDA:3,get
FNDA:3,_classCallCheck
FNDA:1,_inherits
FNDA:1,(anonymous_7)
FNDA:3,EUnknownValidator
FNDA:2,get
DA:24,1
DA:29,1
DA:33,3
DA:37,3
DA:41,1
DA:43,1
DA:46,1
DA:54,1
DA:55,1
DA:63,1
DA:66,3
DA:68,3
DA:69,3
DA:78,1
DA:83,2
DA:87,1
DA:90,1
DA:91,1
LF:18
LH:18
BRDA:29,1,0,1
BRDA:29,1,1,1
BRDA:29,2,0,0
BRDA:29,2,1,1
BRDA:29,3,0,1
BRDA:29,3,1,0
BRDA:29,4,0,0
BRDA:29,4,1,1
BRDA:33,5,0,0
BRDA:33,5,1,3
BRDA:33,6,0,0
BRDA:33,6,1,3
BRDA:33,7,0,0
BRDA:33,7,1,0
BRDA:33,8,0,3
BRDA:33,8,1,0
BRDA:33,9,0,0
BRDA:33,9,1,0
BRDA:37,10,0,0
BRDA:37,10,1,3
BRDA:41,11,0,0
BRDA:41,11,1,1
BRDA:41,12,0,1
BRDA:41,12,1,0
BRDA:41,13,0,1
BRDA:41,13,1,1
BRDA:41,14,0,1
BRDA:41,14,1,0
BRDA:41,15,0,1
BRDA:41,15,1,0
BRF:30
BRH:30
end_of_record
TN:
SF:/home/ubuntu/workspace/entity-ci-core/lib/Sanitizers/index.js
FN:28,(anonymous_1)
FN:28,defineProperties
FN:28,(anonymous_3)
FN:32,_classCallCheck
FN:45,(anonymous_5)
FN:51,Sanitizers
FN:83,register
FN:107,registered
FN:122,unregister
FN:163,sanitize
FN:173,execSanitizer
FN:174,(anonymous_12)
FN:176,(anonymous_13)
FN:194,(anonymous_14)
FN:200,get
FNF:15
FNH:14
FNDA:1,(anonymous_1)
FNDA:1,defineProperties
FNDA:1,(anonymous_3)
FNDA:100,_classCallCheck
FNDA:1,(anonymous_5)
FNDA:100,Sanitizers
FNDA:130,register
FNDA:33,registered
FNDA:4,unregister
FNDA:63,sanitize
FNDA:69,execSanitizer
FNDA:67,(anonymous_12)
FNDA:66,(anonymous_13)
FNDA:62,(anonymous_14)
FNDA:0,get
DA:23,1
DA:28,5
DA:32,100
DA:34,1
DA:39,1
DA:45,1
DA:51,1
DA:54,100
DA:56,100
DA:57,100
DA:66,1
DA:86,130
DA:87,112
DA:90,130
DA:95,130
DA:96,130
DA:110,33
DA:125,4
DA:126,1
DA:129,3
DA:130,1
DA:132,2
DA:134,2
DA:135,7
DA:136,3
DA:139,4
DA:142,2
DA:143,2
DA:145,0
DA:149,3
DA:166,63
DA:167,1
DA:170,62
DA:173,1
DA:174,69
DA:175,67
DA:176,67
DA:177,66
DA:178,3
DA:181,63
DA:182,63
DA:185,1
DA:190,62
DA:191,69
DA:194,62
DA:195,62
DA:203,0
DA:207,1
DA:210,1
DA:211,1
LF:50
LH:48
BRDA:28,1,0,5
BRDA:28,1,1,5
BRDA:28,2,0,4
BRDA:28,2,1,1
BRDA:28,3,0,1
BRDA:28,3,1,0
BRDA:28,4,0,0
BRDA:28,4,1,1
BRDA:32,5,0,0
BRDA:32,5,1,100
BRDA:86,6,0,112
BRDA:86,6,1,18
BRDA:92,7,0,130
BRDA:92,7,1,121
BRDA:125,8,0,1
BRDA:125,8,1,3
BRDA:129,9,0,1
BRDA:129,9,1,2
BRDA:135,10,0,3
BRDA:135,10,1,4
BRDA:142,11,0,2
BRDA:142,11,1,0
BRDA:166,12,0,1
BRDA:166,12,1,62
BRDA:176,13,0,67
BRDA:176,13,1,65
BRDA:177,14,0,3
BRDA:177,14,1,63
BRDA:195,15,0,4
BRDA:195,15,1,58
BRF:30
BRH:29
end_of_record
TN:
SF:/home/ubuntu/workspace/entity-ci-core/lib/Sanitizers/Errors/EUnknownSanitizer.js
FN:29,(anonymous_1)
FN:29,defineProperties
FN:29,(anonymous_3)
FN:33,get
FN:37,_classCallCheck
FN:41,_inherits
FN:55,(anonymous_7)
FN:64,EUnknownSanitizer
FN:81,get
FNF:9
FNH:9
FNDA:1,(anonymous_1)
FNDA:1,defineProperties
FNDA:1,(anonymous_3)
FNDA:3,get
FNDA:3,_classCallCheck
FNDA:1,_inherits
FNDA:1,(anonymous_7)
FNDA:3,EUnknownSanitizer
FNDA:2,get
DA:24,1
DA:29,1
DA:33,3
DA:37,3
DA:41,1
DA:43,1
DA:46,1
DA:55,1
DA:56,1
DA:64,1
DA:67,3
DA:69,3
DA:70,3
DA:79,1
DA:84,2
DA:88,1
DA:91,1
DA:92,1
LF:18
LH:18
BRDA:29,1,0,1
BRDA:29,1,1,1
BRDA:29,2,0,0
BRDA:29,2,1,1
BRDA:29,3,0,1
BRDA:29,3,1,0
BRDA:29,4,0,0
BRDA:29,4,1,1
BRDA:33,5,0,0
BRDA:33,5,1,3
BRDA:33,6,0,0
BRDA:33,6,1,3
BRDA:33,7,0,0
BRDA:33,7,1,0
BRDA:33,8,0,3
BRDA:33,8,1,0
BRDA:33,9,0,0
BRDA:33,9,1,0
BRDA:37,10,0,0
BRDA:37,10,1,3
BRDA:41,11,0,0
BRDA:41,11,1,1
BRDA:41,12,0,1
BRDA:41,12,1,0
BRDA:41,13,0,1
BRDA:41,13,1,1
BRDA:41,14,0,1
BRDA:41,14,1,0
BRDA:41,15,0,1
BRDA:41,15,1,0
BRF:30
BRH:30
end_of_record
TN:
SF:/home/ubuntu/workspace/entity-ci-core/lib/EventManager/index.js
FN:28,(anonymous_1)
FN:28,defineProperties
FN:28,(anonymous_3)
FN:32,_classCallCheck
FN:45,(anonymous_5)
FN:51,EventManager
FN:75,callbacks
FN:99,listen
FN:127,unlisten
FN:164,fire
FN:167,(anonymous_11)
FN:173,fireCallback
FN:174,(anonymous_13)
FN:184,(anonymous_14)
FN:188,(anonymous_15)
FN:194,get
FNF:16
FNH:16
FNDA:1,(anonymous_1)
FNDA:1,defineProperties
FNDA:1,(anonymous_3)
FNDA:18,_classCallCheck
FNDA:1,(anonymous_5)
FNDA:18,EventManager
FNDA:6,callbacks
FNDA:17,listen
FNDA:4,unlisten
FNDA:12,fire
FNDA:8,(anonymous_11)
FNDA:5,fireCallback
FNDA:4,(anonymous_13)
FNDA:5,(anonymous_14)
FNDA:3,(anonymous_15)
FNDA:3,get
DA:23,1
DA:28,5
DA:32,18
DA:34,1
DA:39,1
DA:45,1
DA:51,1
DA:54,18
DA:56,18
DA:65,1
DA:78,6
DA:79,3
DA:82,3
DA:102,17
DA:103,9
DA:106,17
DA:112,17
DA:113,17
DA:130,4
DA:131,1
DA:134,3
DA:135,2
DA:136,2
DA:137,4
DA:138,2
DA:142,2
DA:143,1
DA:145,1
DA:148,1
DA:151,3
DA:167,12
DA:169,12
DA:170,9
DA:173,1
DA:174,5
DA:175,4
DA:176,4
DA:178,1
DA:183,3
DA:184,3
DA:185,5
DA:188,3
DA:189,3
DA:197,3
DA:201,1
DA:204,1
DA:205,1
LF:47
LH:47
BRDA:28,1,0,5
BRDA:28,1,1,5
BRDA:28,2,0,4
BRDA:28,2,1,1
BRDA:28,3,0,1
BRDA:28,3,1,0
BRDA:28,4,0,0
BRDA:28,4,1,1
BRDA:32,5,0,0
BRDA:32,5,1,18
BRDA:78,6,0,3
BRDA:78,6,1,3
BRDA:102,7,0,9
BRDA:102,7,1,8
BRDA:108,8,0,17
BRDA:108,8,1,17
BRDA:109,9,0,17
BRDA:109,9,1,15
BRDA:130,10,0,1
BRDA:130,10,1,3
BRDA:134,11,0,2
BRDA:134,11,1,1
BRDA:137,12,0,2
BRDA:137,12,1,2
BRDA:142,13,0,1
BRDA:142,13,1,1
BRDA:167,14,0,12
BRDA:167,14,1,8
BRDA:169,15,0,9
BRDA:169,15,1,3
BRDA:189,16,0,1
BRDA:189,16,1,2
BRF:32
BRH:32
end_of_record
TN:
SF:/home/ubuntu/workspace/entity-ci-core/lib/EventManager/Errors/EUndefinedEvent.js
FN:29,(anonymous_1)
FN:29,defineProperties
FN:29,(anonymous_3)
FN:33,get
FN:37,_classCallCheck
FN:41,_inherits
FN:54,(anonymous_7)
FN:63,EUndefinedEvent
FN:80,get
FNF:9
FNH:9
FNDA:1,(anonymous_1)
FNDA:1,defineProperties
FNDA:1,(anonymous_3)
FNDA:4,get
FNDA:4,_classCallCheck
FNDA:1,_inherits
FNDA:1,(anonymous_7)
FNDA:4,EUndefinedEvent
FNDA:2,get
DA:24,1
DA:29,1
DA:33,4
DA:37,4
DA:41,1
DA:43,1
DA:46,1
DA:54,1
DA:55,1
DA:63,1
DA:66,4
DA:68,4
DA:69,4
DA:78,1
DA:83,2
DA:87,1
DA:90,1
DA:91,1
LF:18
LH:18
BRDA:29,1,0,1
BRDA:29,1,1,1
BRDA:29,2,0,0
BRDA:29,2,1,1
BRDA:29,3,0,1
BRDA:29,3,1,0
BRDA:29,4,0,0
BRDA:29,4,1,1
BRDA:33,5,0,0
BRDA:33,5,1,4
BRDA:33,6,0,0
BRDA:33,6,1,4
BRDA:33,7,0,0
BRDA:33,7,1,0
BRDA:33,8,0,4
BRDA:33,8,1,0
BRDA:33,9,0,0
BRDA:33,9,1,0
BRDA:37,10,0,0
BRDA:37,10,1,4
BRDA:41,11,0,0
BRDA:41,11,1,1
BRDA:41,12,0,1
BRDA:41,12,1,0
BRDA:41,13,0,1
BRDA:41,13,1,1
BRDA:41,14,0,1
BRDA:41,14,1,0
BRDA:41,15,0,1
BRDA:41,15,1,0
BRF:30
BRH:30
end_of_record
TN:
SF:/home/ubuntu/workspace/entity-ci-core/lib/PluginManager/index.js
FN:28,(anonymous_1)
FN:28,defineProperties
FN:28,(anonymous_3)
FN:32,_classCallCheck
FN:51,(anonymous_5)
FN:57,PluginManager
FN:82,_pluginInfo
FN:107,_enable
FN:113,(anonymous_9)
FN:117,(anonymous_10)
FN:122,(anonymous_11)
FN:141,_boot
FN:147,(anonymous_13)
FN:151,(anonymous_14)
FN:156,(anonymous_15)
FN:171,_disable
FN:177,(anonymous_17)
FN:181,(anonymous_18)
FN:186,(anonymous_19)
FN:191,(anonymous_20)
FN:209,index
FN:213,(anonymous_22)
FN:218,(anonymous_23)
FN:235,initialize
FN:243,enable
FN:244,(anonymous_26)
FN:250,(anonymous_27)
FN:254,(anonymous_28)
FN:267,plugin
FN:281,isEnabled
FN:295,dependencies
FN:332,enable
FN:351,enableDependency
FN:352,(anonymous_34)
FN:357,(anonymous_35)
FN:364,(anonymous_36)
FN:369,(anonymous_37)
FN:373,(anonymous_38)
FN:389,disable
FN:400,(anonymous_40)
FN:406,get
FN:419,get
FNF:42
FNH:42
FNDA:1,(anonymous_1)
FNDA:1,defineProperties
FNDA:1,(anonymous_3)
FNDA:22,_classCallCheck
FNDA:1,(anonymous_5)
FNDA:22,PluginManager
FNDA:56,_pluginInfo
FNDA:6,_enable
FNDA:6,(anonymous_9)
FNDA:6,(anonymous_10)
FNDA:6,(anonymous_11)
FNDA:8,_boot
FNDA:8,(anonymous_13)
FNDA:8,(anonymous_14)
FNDA:8,(anonymous_15)
FNDA:1,_disable
FNDA:1,(anonymous_17)
FNDA:1,(anonymous_18)
FNDA:1,(anonymous_19)
FNDA:1,(anonymous_20)
FNDA:15,index
FNDA:15,(anonymous_22)
FNDA:56,(anonymous_23)
FNDA:4,initialize
FNDA:2,enable
FNDA:2,(anonymous_26)
FNDA:2,(anonymous_27)
FNDA:4,(anonymous_28)
FNDA:2,plugin
FNDA:2,isEnabled
FNDA:11,dependencies
FNDA:11,enable
FNDA:1,enableDependency
FNDA:1,(anonymous_34)
FNDA:1,(anonymous_35)
FNDA:6,(anonymous_36)
FNDA:8,(anonymous_37)
FNDA:8,(anonymous_38)
FNDA:3,disable
FNDA:1,(anonymous_40)
FNDA:1,get
FNDA:7,get
DA:23,1
DA:28,13
DA:32,22
DA:34,1
DA:43,1
DA:51,1
DA:57,1
DA:60,22
DA:62,22
DA:63,22
DA:64,22
DA:73,1
DA:85,56
DA:90,56
DA:110,6
DA:113,6
DA:114,6
DA:117,6
DA:118,6
DA:119,6
DA:122,6
DA:123,6
DA:127,6
DA:144,8
DA:147,8
DA:148,8
DA:151,8
DA:152,8
DA:153,8
DA:156,8
DA:157,8
DA:174,1
DA:177,1
DA:178,1
DA:181,1
DA:182,1
DA:183,1
DA:186,1
DA:187,1
DA:188,1
DA:191,1
DA:192,1
DA:196,1
DA:212,15
DA:213,15
DA:214,15
DA:215,0
DA:218,15
DA:219,56
DA:222,15
DA:238,4
DA:240,4
DA:243,1
DA:244,2
DA:245,2
DA:246,2
DA:250,4
DA:251,2
DA:254,4
DA:255,4
DA:270,2
DA:284,2
DA:298,11
DA:299,0
DA:302,11
DA:305,11
DA:306,3
DA:307,5
DA:308,2
DA:313,11
DA:335,11
DA:336,1
DA:339,10
DA:340,1
DA:343,9
DA:344,9
DA:345,1
DA:348,8
DA:351,1
DA:352,1
DA:353,1
DA:357,8
DA:358,1
DA:359,1
DA:363,8
DA:364,6
DA:365,6
DA:369,8
DA:370,8
DA:373,8
DA:374,8
DA:392,3
DA:393,1
DA:396,2
DA:397,1
DA:400,1
DA:401,1
DA:409,1
DA:422,7
DA:426,1
DA:429,1
DA:430,1
LF:102
LH:100
BRDA:28,1,0,13
BRDA:28,1,1,13
BRDA:28,2,0,11
BRDA:28,2,1,2
BRDA:28,3,0,1
BRDA:28,3,1,0
BRDA:28,4,0,0
BRDA:28,4,1,1
BRDA:32,5,0,0
BRDA:32,5,1,22
BRDA:88,6,0,56
BRDA:88,6,1,56
BRDA:127,7,0,0
BRDA:127,7,1,6
BRDA:157,8,0,0
BRDA:157,8,1,8
BRDA:196,9,0,0
BRDA:196,9,1,1
BRDA:214,10,0,0
BRDA:214,10,1,15
BRDA:238,11,0,4
BRDA:238,11,1,0
BRDA:255,12,0,0
BRDA:255,12,1,4
BRDA:270,13,0,1
BRDA:270,13,1,1
BRDA:270,14,0,2
BRDA:270,14,1,2
BRDA:298,15,0,0
BRDA:298,15,1,11
BRDA:302,16,0,11
BRDA:302,16,1,0
BRDA:305,17,0,3
BRDA:305,17,1,8
BRDA:307,18,0,2
BRDA:307,18,1,3
BRDA:335,19,0,1
BRDA:335,19,1,10
BRDA:339,20,0,1
BRDA:339,20,1,9
BRDA:344,21,0,1
BRDA:344,21,1,8
BRDA:358,22,0,1
BRDA:358,22,1,0
BRDA:363,23,0,6
BRDA:363,23,1,2
BRDA:374,24,0,0
BRDA:374,24,1,8
BRDA:392,25,0,1
BRDA:392,25,1,2
BRDA:396,26,0,1
BRDA:396,26,1,1
BRDA:401,27,0,0
BRDA:401,27,1,1
BRF:54
BRH:43
end_of_record
TN:
SF:/home/ubuntu/workspace/entity-ci-core/lib/PluginManager/Errors/EUnknownPlugin.js
FN:29,(anonymous_1)
FN:29,defineProperties
FN:29,(anonymous_3)
FN:33,get
FN:37,_classCallCheck
FN:41,_inherits
FN:54,(anonymous_7)
FN:63,EUnkownPlugin
FN:80,get
FNF:9
FNH:8
FNDA:1,(anonymous_1)
FNDA:1,defineProperties
FNDA:1,(anonymous_3)
FNDA:2,get
FNDA:2,_classCallCheck
FNDA:1,_inherits
FNDA:1,(anonymous_7)
FNDA:2,EUnkownPlugin
FNDA:0,get
DA:24,1
DA:29,1
DA:33,2
DA:37,2
DA:41,1
DA:43,1
DA:46,1
DA:54,1
DA:55,1
DA:63,1
DA:66,2
DA:68,2
DA:69,2
DA:78,1
DA:83,0
DA:87,1
DA:90,1
DA:91,1
LF:18
LH:17
BRDA:29,1,0,1
BRDA:29,1,1,1
BRDA:29,2,0,0
BRDA:29,2,1,1
BRDA:29,3,0,1
BRDA:29,3,1,0
BRDA:29,4,0,0
BRDA:29,4,1,1
BRDA:33,5,0,0
BRDA:33,5,1,2
BRDA:33,6,0,0
BRDA:33,6,1,2
BRDA:33,7,0,0
BRDA:33,7,1,0
BRDA:33,8,0,2
BRDA:33,8,1,0
BRDA:33,9,0,0
BRDA:33,9,1,0
BRDA:37,10,0,0
BRDA:37,10,1,2
BRDA:41,11,0,0
BRDA:41,11,1,1
BRDA:41,12,0,1
BRDA:41,12,1,0
BRDA:41,13,0,1
BRDA:41,13,1,1
BRDA:41,14,0,1
BRDA:41,14,1,0
BRDA:41,15,0,1
BRDA:41,15,1,0
BRF:30
BRH:30
end_of_record
TN:
SF:/home/ubuntu/workspace/entity-ci-core/lib/PluginManager/Errors/EPluginEnabled.js
FN:29,(anonymous_1)
FN:29,defineProperties
FN:29,(anonymous_3)
FN:33,get
FN:37,_classCallCheck
FN:41,_inherits
FN:54,(anonymous_7)
FN:63,EPluginEnabled
FN:80,get
FNF:9
FNH:8
FNDA:1,(anonymous_1)
FNDA:1,defineProperties
FNDA:1,(anonymous_3)
FNDA:1,get
FNDA:1,_classCallCheck
FNDA:1,_inherits
FNDA:1,(anonymous_7)
FNDA:1,EPluginEnabled
FNDA:0,get
DA:24,1
DA:29,1
DA:33,1
DA:37,1
DA:41,1
DA:43,1
DA:46,1
DA:54,1
DA:55,1
DA:63,1
DA:66,1
DA:68,1
DA:69,1
DA:78,1
DA:83,0
DA:87,1
DA:90,1
DA:91,1
LF:18
LH:17
BRDA:29,1,0,1
BRDA:29,1,1,1
BRDA:29,2,0,0
BRDA:29,2,1,1
BRDA:29,3,0,1
BRDA:29,3,1,0
BRDA:29,4,0,0
BRDA:29,4,1,1
BRDA:33,5,0,0
BRDA:33,5,1,1
BRDA:33,6,0,0
BRDA:33,6,1,1
BRDA:33,7,0,0
BRDA:33,7,1,0
BRDA:33,8,0,1
BRDA:33,8,1,0
BRDA:33,9,0,0
BRDA:33,9,1,0
BRDA:37,10,0,0
BRDA:37,10,1,1
BRDA:41,11,0,0
BRDA:41,11,1,1
BRDA:41,12,0,1
BRDA:41,12,1,0
BRDA:41,13,0,1
BRDA:41,13,1,1
BRDA:41,14,0,1
BRDA:41,14,1,0
BRDA:41,15,0,1
BRDA:41,15,1,0
BRF:30
BRH:30
end_of_record
TN:
SF:/home/ubuntu/workspace/entity-ci-core/lib/PluginManager/Errors/EPluginDisabled.js
FN:29,(anonymous_1)
FN:29,defineProperties
FN:29,(anonymous_3)
FN:33,get
FN:37,_classCallCheck
FN:41,_inherits
FN:54,(anonymous_7)
FN:63,EPluginDisabled
FN:80,get
FNF:9
FNH:8
FNDA:1,(anonymous_1)
FNDA:1,defineProperties
FNDA:1,(anonymous_3)
FNDA:1,get
FNDA:1,_classCallCheck
FNDA:1,_inherits
FNDA:1,(anonymous_7)
FNDA:1,EPluginDisabled
FNDA:0,get
DA:24,1
DA:29,1
DA:33,1
DA:37,1
DA:41,1
DA:43,1
DA:46,1
DA:54,1
DA:55,1
DA:63,1
DA:66,1
DA:68,1
DA:69,1
DA:78,1
DA:83,0
DA:87,1
DA:90,1
DA:91,1
LF:18
LH:17
BRDA:29,1,0,1
BRDA:29,1,1,1
BRDA:29,2,0,0
BRDA:29,2,1,1
BRDA:29,3,0,1
BRDA:29,3,1,0
BRDA:29,4,0,0
BRDA:29,4,1,1
BRDA:33,5,0,0
BRDA:33,5,1,1
BRDA:33,6,0,0
BRDA:33,6,1,1
BRDA:33,7,0,0
BRDA:33,7,1,0
BRDA:33,8,0,1
BRDA:33,8,1,0
BRDA:33,9,0,0
BRDA:33,9,1,0
BRDA:37,10,0,0
BRDA:37,10,1,1
BRDA:41,11,0,0
BRDA:41,11,1,1
BRDA:41,12,0,1
BRDA:41,12,1,0
BRDA:41,13,0,1
BRDA:41,13,1,1
BRDA:41,14,0,1
BRDA:41,14,1,0
BRDA:41,15,0,1
BRDA:41,15,1,0
BRF:30
BRH:30
end_of_record
TN:
SF:/home/ubuntu/workspace/entity-ci-core/lib/PluginManager/Errors/EPluginUnmetDependencies.js
FN:29,(anonymous_1)
FN:29,defineProperties
FN:29,(anonymous_3)
FN:33,get
FN:37,_classCallCheck
FN:41,_inherits
FN:55,(anonymous_7)
FN:65,EPluginUnmetDependencies
FN:83,get
FN:96,get
FNF:10
FNH:8
FNDA:1,(anonymous_1)
FNDA:1,defineProperties
FNDA:1,(anonymous_3)
FNDA:1,get
FNDA:1,_classCallCheck
FNDA:1,_inherits
FNDA:1,(anonymous_7)
FNDA:1,EPluginUnmetDependencies
FNDA:0,get
FNDA:0,get
DA:24,1
DA:29,2
DA:33,1
DA:37,1
DA:41,1
DA:43,1
DA:46,1
DA:55,1
DA:56,1
DA:65,1
DA:68,1
DA:70,1
DA:71,1
DA:72,1
DA:81,1
DA:86,0
DA:99,0
DA:103,1
DA:106,1
DA:107,1
LF:20
LH:18
BRDA:29,1,0,2
BRDA:29,1,1,2
BRDA:29,2,0,0
BRDA:29,2,1,2
BRDA:29,3,0,1
BRDA:29,3,1,0
BRDA:29,4,0,0
BRDA:29,4,1,1
BRDA:33,5,0,0
BRDA:33,5,1,1
BRDA:33,6,0,0
BRDA:33,6,1,1
BRDA:33,7,0,0
BRDA:33,7,1,0
BRDA:33,8,0,1
BRDA:33,8,1,0
BRDA:33,9,0,0
BRDA:33,9,1,0
BRDA:37,10,0,0
BRDA:37,10,1,1
BRDA:41,11,0,0
BRDA:41,11,1,1
BRDA:41,12,0,1
BRDA:41,12,1,0
BRDA:41,13,0,1
BRDA:41,13,1,1
BRDA:41,14,0,1
BRDA:41,14,1,0
BRDA:41,15,0,1
BRDA:41,15,1,0
BRF:30
BRH:30
end_of_record
TN:
SF:/home/ubuntu/workspace/entity-ci-core/lib/EntityManager/index.js
FN:28,(anonymous_1)
FN:28,defineProperties
FN:28,(anonymous_3)
FN:32,_classCallCheck
FN:49,(anonymous_5)
FN:59,get
FN:130,EntityManager
FN:162,schemas
FN:165,(anonymous_9)
FN:171,(anonymous_10)
FN:193,schema
FN:198,(anonymous_12)
FN:218,exists
FN:225,(anonymous_14)
FN:226,(anonymous_15)
FN:236,(anonymous_16)
FN:243,(anonymous_17)
FN:259,count
FN:266,(anonymous_19)
FN:267,(anonymous_20)
FN:277,(anonymous_21)
FN:282,(anonymous_22)
FN:299,create
FN:303,(anonymous_24)
FN:325,load
FN:333,(anonymous_26)
FN:334,(anonymous_27)
FN:344,(anonymous_28)
FN:351,(anonymous_29)
FN:366,(anonymous_30)
FN:389,find
FN:407,setupEntity
FN:408,(anonymous_33)
FN:414,(anonymous_34)
FN:415,(anonymous_35)
FN:425,(anonymous_36)
FN:426,(anonymous_37)
FN:437,(anonymous_38)
FN:438,(anonymous_39)
FN:451,(anonymous_40)
FN:455,(anonymous_41)
FN:461,get
FN:474,get
FN:487,get
FN:500,get
FNF:45
FNH:45
FNDA:1,(anonymous_1)
FNDA:2,defineProperties
FNDA:2,(anonymous_3)
FNDA:82,_classCallCheck
FNDA:1,(anonymous_5)
FNDA:87,get
FNDA:82,EntityManager
FNDA:2,schemas
FNDA:2,(anonymous_9)
FNDA:1,(anonymous_10)
FNDA:38,schema
FNDA:38,(anonymous_12)
FNDA:3,exists
FNDA:3,(anonymous_14)
FNDA:3,(anonymous_15)
FNDA:3,(anonymous_16)
FNDA:2,(anonymous_17)
FNDA:3,count
FNDA:3,(anonymous_19)
FNDA:3,(anonymous_20)
FNDA:3,(anonymous_21)
FNDA:2,(anonymous_22)
FNDA:19,create
FNDA:19,(anonymous_24)
FNDA:5,load
FNDA:5,(anonymous_26)
FNDA:5,(anonymous_27)
FNDA:4,(anonymous_28)
FNDA:4,(anonymous_29)
FNDA:5,(anonymous_30)
FNDA:6,find
FNDA:10,setupEntity
FNDA:10,(anonymous_33)
FNDA:6,(anonymous_34)
FNDA:6,(anonymous_35)
FNDA:5,(anonymous_36)
FNDA:5,(anonymous_37)
FNDA:5,(anonymous_38)
FNDA:15,(anonymous_39)
FNDA:5,(anonymous_40)
FNDA:6,(anonymous_41)
FNDA:189,get
FNDA:82,get
FNDA:85,get
FNDA:44,get
DA:23,1
DA:28,12
DA:32,82
DA:34,1
DA:40,1
DA:49,1
DA:50,1
DA:60,87
DA:62,87
DA:69,87
DA:76,87
DA:83,87
DA:90,87
DA:97,87
DA:104,87
DA:111,87
DA:118,87
DA:130,1
DA:133,82
DA:135,82
DA:136,82
DA:137,82
DA:138,82
DA:140,82
DA:149,1
DA:165,2
DA:166,2
DA:167,0
DA:170,2
DA:171,2
DA:172,1
DA:179,2
DA:196,38
DA:197,38
DA:198,38
DA:199,38
DA:200,6
DA:203,32
DA:221,3
DA:225,3
DA:226,3
DA:227,3
DA:228,1
DA:231,2
DA:232,2
DA:236,3
DA:237,3
DA:238,1
DA:241,2
DA:244,2
DA:262,3
DA:266,3
DA:267,3
DA:268,3
DA:269,1
DA:272,2
DA:273,2
DA:277,3
DA:278,3
DA:279,1
DA:282,2
DA:283,2
DA:302,19
DA:303,19
DA:304,19
DA:305,1
DA:308,18
DA:328,5
DA:333,5
DA:334,5
DA:335,5
DA:336,1
DA:339,4
DA:340,4
DA:344,5
DA:345,4
DA:346,0
DA:349,4
DA:350,4
DA:351,4
DA:352,4
DA:353,0
DA:354,0
DA:357,4
DA:358,1
DA:359,1
DA:362,3
DA:366,5
DA:367,5
DA:392,6
DA:393,6
DA:395,6
DA:405,6
DA:407,1
DA:408,10
DA:409,10
DA:410,10
DA:414,6
DA:415,6
DA:416,6
DA:417,1
DA:420,5
DA:421,5
DA:425,6
DA:426,5
DA:427,5
DA:428,0
DA:431,5
DA:432,5
DA:433,5
DA:437,6
DA:438,5
DA:439,15
DA:440,0
DA:443,15
DA:444,5
DA:447,10
DA:451,6
DA:452,5
DA:455,6
DA:456,6
DA:464,189
DA:477,82
DA:490,85
DA:503,44
DA:507,1
DA:510,1
DA:511,1
LF:128
LH:122
BRDA:28,1,0,12
BRDA:28,1,1,12
BRDA:28,2,0,7
BRDA:28,2,1,5
BRDA:28,3,0,1
BRDA:28,3,1,1
BRDA:28,4,0,1
BRDA:28,4,1,1
BRDA:32,5,0,0
BRDA:32,5,1,82
BRDA:166,6,0,0
BRDA:166,6,1,2
BRDA:174,7,0,1
BRDA:174,7,1,1
BRDA:175,8,0,1
BRDA:175,8,1,1
BRDA:199,9,0,6
BRDA:199,9,1,32
BRDA:203,10,0,0
BRDA:203,10,1,32
BRDA:227,11,0,1
BRDA:227,11,1,2
BRDA:237,12,0,1
BRDA:237,12,1,2
BRDA:244,13,0,0
BRDA:244,13,1,2
BRDA:268,14,0,1
BRDA:268,14,1,2
BRDA:278,15,0,1
BRDA:278,15,1,2
BRDA:283,16,0,0
BRDA:283,16,1,2
BRDA:304,17,0,1
BRDA:304,17,1,18
BRDA:335,18,0,1
BRDA:335,18,1,4
BRDA:345,19,0,0
BRDA:345,19,1,4
BRDA:352,20,0,0
BRDA:352,20,1,4
BRDA:352,21,0,4
BRDA:352,21,1,2
BRDA:357,22,0,1
BRDA:357,22,1,3
BRDA:357,23,0,4
BRDA:357,23,1,2
BRDA:357,23,2,2
BRDA:367,24,0,2
BRDA:367,24,1,3
BRDA:392,25,0,6
BRDA:392,25,1,3
BRDA:393,26,0,6
BRDA:393,26,1,5
BRDA:403,27,0,6
BRDA:403,27,1,5
BRDA:405,28,0,6
BRDA:405,28,1,5
BRDA:416,29,0,1
BRDA:416,29,1,5
BRDA:427,30,0,0
BRDA:427,30,1,5
BRDA:439,31,0,0
BRDA:439,31,1,15
BRDA:443,32,0,5
BRDA:443,32,1,10
BRDA:456,33,0,1
BRDA:456,33,1,5
BRF:67
BRH:59
end_of_record
TN:
SF:/home/ubuntu/workspace/entity-ci-core/lib/EntityManager/Schema.js
FN:28,(anonymous_1)
FN:28,defineProperties
FN:28,(anonymous_3)
FN:32,get
FN:36,_classCallCheck
FN:40,_inherits
FN:63,(anonymous_7)
FN:72,Schema
FN:92,collectionName
FN:105,entityCollectionName
FN:122,_docToEntity
FN:126,(anonymous_12)
FN:141,_entityToDoc
FN:145,(anonymous_14)
FN:163,hasField
FN:187,addField
FN:222,getField
FN:241,delField
FN:265,addFieldValidation
FN:298,addFieldSanitization
FN:331,sanitizeField
FN:342,san
FN:343,(anonymous_23)
FN:344,(anonymous_24)
FN:355,(anonymous_25)
FN:359,(anonymous_26)
FN:375,validateField
FN:385,val
FN:386,(anonymous_29)
FN:387,(anonymous_30)
FN:398,(anonymous_31)
FN:402,(anonymous_32)
FN:408,get
FN:422,get
FN:433,set
FN:447,get
FN:458,set
FN:472,get
FNF:38
FNH:29
FNDA:1,(anonymous_1)
FNDA:1,defineProperties
FNDA:1,(anonymous_3)
FNDA:144,get
FNDA:86,_classCallCheck
FNDA:1,_inherits
FNDA:1,(anonymous_7)
FNDA:86,Schema
FNDA:102,collectionName
FNDA:70,entityCollectionName
FNDA:33,_docToEntity
FNDA:33,(anonymous_12)
FNDA:25,_entityToDoc
FNDA:25,(anonymous_14)
FNDA:108,hasField
FNDA:88,addField
FNDA:6,getField
FNDA:2,delField
FNDA:28,addFieldValidation
FNDA:30,addFieldSanitization
FNDA:3,sanitizeField
FNDA:2,san
FNDA:2,(anonymous_23)
FNDA:2,(anonymous_24)
FNDA:2,(anonymous_25)
FNDA:2,(anonymous_26)
FNDA:1,validateField
FNDA:0,val
FNDA:0,(anonymous_29)
FNDA:0,(anonymous_30)
FNDA:0,(anonymous_31)
FNDA:0,(anonymous_32)
FNDA:14,get
FNDA:0,get
FNDA:0,set
FNDA:0,get
FNDA:0,set
FNDA:2,get
DA:23,1
DA:28,16
DA:32,144
DA:36,86
DA:40,1
DA:42,1
DA:52,1
DA:63,1
DA:64,1
DA:72,1
DA:75,86
DA:77,86
DA:79,86
DA:80,86
DA:81,86
DA:90,1
DA:95,102
DA:108,70
DA:125,33
DA:126,33
DA:127,33
DA:128,0
DA:131,33
DA:132,33
DA:144,25
DA:145,25
DA:146,25
DA:147,0
DA:150,25
DA:151,25
DA:166,108
DA:190,88
DA:192,88
DA:193,1
DA:196,87
DA:197,1
DA:200,86
DA:201,86
DA:210,86
DA:225,6
DA:226,1
DA:229,5
DA:244,2
DA:245,1
DA:248,1
DA:249,1
DA:251,1
DA:268,28
DA:269,1
DA:272,27
DA:273,1
DA:276,26
DA:282,26
DA:284,26
DA:301,30
DA:302,1
DA:305,29
DA:306,1
DA:309,28
DA:315,28
DA:317,28
DA:334,3
DA:335,1
DA:338,2
DA:342,1
DA:343,2
DA:344,2
DA:345,2
DA:346,0
DA:349,2
DA:350,2
DA:355,2
DA:356,2
DA:359,2
DA:360,2
DA:378,1
DA:379,1
DA:382,0
DA:385,1
DA:386,0
DA:387,0
DA:388,0
DA:389,0
DA:392,0
DA:393,0
DA:398,0
DA:399,0
DA:402,0
DA:403,0
DA:411,14
DA:412,14
DA:425,0
DA:436,0
DA:437,0
DA:450,0
DA:461,0
DA:462,0
DA:475,2
DA:479,1
DA:482,1
DA:483,1
LF:101
LH:81
BRDA:28,1,0,16
BRDA:28,1,1,16
BRDA:28,2,0,12
BRDA:28,2,1,4
BRDA:28,3,0,1
BRDA:28,3,1,0
BRDA:28,4,0,0
BRDA:28,4,1,1
BRDA:32,5,0,0
BRDA:32,5,1,144
BRDA:32,6,0,0
BRDA:32,6,1,144
BRDA:32,7,0,0
BRDA:32,7,1,0
BRDA:32,8,0,144
BRDA:32,8,1,0
BRDA:32,9,0,0
BRDA:32,9,1,0
BRDA:36,10,0,0
BRDA:36,10,1,86
BRDA:40,11,0,0
BRDA:40,11,1,1
BRDA:40,12,0,1
BRDA:40,12,1,0
BRDA:40,13,0,1
BRDA:40,13,1,1
BRDA:40,14,0,1
BRDA:40,14,1,0
BRDA:40,15,0,1
BRDA:40,15,1,0
BRDA:127,16,0,0
BRDA:127,16,1,33
BRDA:146,17,0,0
BRDA:146,17,1,25
BRDA:192,18,0,1
BRDA:192,18,1,87
BRDA:196,19,0,1
BRDA:196,19,1,86
BRDA:205,20,0,86
BRDA:205,20,1,55
BRDA:225,21,0,1
BRDA:225,21,1,5
BRDA:244,22,0,1
BRDA:244,22,1,1
BRDA:268,23,0,1
BRDA:268,23,1,27
BRDA:272,24,0,1
BRDA:272,24,1,26
BRDA:278,25,0,26
BRDA:278,25,1,2
BRDA:279,26,0,26
BRDA:279,26,1,26
BRDA:301,27,0,1
BRDA:301,27,1,29
BRDA:305,28,0,1
BRDA:305,28,1,28
BRDA:311,29,0,28
BRDA:311,29,1,28
BRDA:312,30,0,28
BRDA:312,30,1,28
BRDA:334,31,0,1
BRDA:334,31,1,2
BRDA:345,32,0,0
BRDA:345,32,1,2
BRDA:360,33,0,0
BRDA:360,33,1,2
BRDA:378,34,0,1
BRDA:378,34,1,0
BRDA:388,35,0,0
BRDA:388,35,1,0
BRDA:403,36,0,0
BRDA:403,36,1,0
BRF:72
BRH:63
end_of_record
TN:
SF:/home/ubuntu/workspace/entity-ci-core/lib/EntityManager/BaseEntity.js
FN:28,(anonymous_1)
FN:28,defineProperties
FN:28,(anonymous_3)
FN:32,_classCallCheck
FN:56,(anonymous_5)
FN:64,BaseEntity
FN:93,collectionName
FN:115,_docToEntity
FN:139,_entityToDoc
FN:170,_setDoc
FN:187,_sanitize
FN:191,(anonymous_12)
FN:209,validate
FN:216,(anonymous_14)
FN:230,save
FN:237,(anonymous_16)
FN:241,(anonymous_17)
FN:245,(anonymous_18)
FN:246,(anonymous_19)
FN:256,(anonymous_20)
FN:259,(anonymous_21)
FN:268,(anonymous_22)
FN:269,(anonymous_23)
FN:280,(anonymous_24)
FN:283,(anonymous_25)
FN:294,(anonymous_26)
FN:320,load
FN:332,(anonymous_28)
FN:335,(anonymous_29)
FN:345,(anonymous_30)
FN:353,(anonymous_31)
FN:365,(anonymous_32)
FN:373,(anonymous_33)
FN:389,_delete
FN:405,(anonymous_35)
FN:410,(anonymous_36)
FN:411,(anonymous_37)
FN:429,(anonymous_38)
FN:430,(anonymous_39)
FN:444,(anonymous_40)
FN:451,(anonymous_41)
FN:458,(anonymous_42)
FN:464,get
FN:477,get
FN:491,get
FN:504,get
FN:517,get
FN:530,get
FN:543,get
FN:556,get
FN:567,set
FN:583,get
FN:596,get
FN:609,get
FN:622,get
FNF:55
FNH:50
FNDA:1,(anonymous_1)
FNDA:1,defineProperties
FNDA:1,(anonymous_3)
FNDA:158,_classCallCheck
FNDA:1,(anonymous_5)
FNDA:158,BaseEntity
FNDA:0,collectionName
FNDA:53,_docToEntity
FNDA:55,_entityToDoc
FNDA:53,_setDoc
FNDA:54,_sanitize
FNDA:54,(anonymous_12)
FNDA:56,validate
FNDA:55,(anonymous_14)
FNDA:54,save
FNDA:54,(anonymous_16)
FNDA:53,(anonymous_17)
FNDA:53,(anonymous_18)
FNDA:53,(anonymous_19)
FNDA:53,(anonymous_20)
FNDA:53,(anonymous_21)
FNDA:52,(anonymous_22)
FNDA:52,(anonymous_23)
FNDA:1,(anonymous_24)
FNDA:1,(anonymous_25)
FNDA:54,(anonymous_26)
FNDA:54,load
FNDA:53,(anonymous_28)
FNDA:53,(anonymous_29)
FNDA:53,(anonymous_30)
FNDA:12,(anonymous_31)
FNDA:53,(anonymous_32)
FNDA:53,(anonymous_33)
FNDA:6,_delete
FNDA:3,(anonymous_35)
FNDA:2,(anonymous_36)
FNDA:2,(anonymous_37)
FNDA:2,(anonymous_38)
FNDA:2,(anonymous_39)
FNDA:1,(anonymous_40)
FNDA:3,(anonymous_41)
FNDA:5,(anonymous_42)
FNDA:79,get
FNDA:175,get
FNDA:37,get
FNDA:1,get
FNDA:2,get
FNDA:1,get
FNDA:1,get
FNDA:119,get
FNDA:104,set
FNDA:0,get
FNDA:0,get
FNDA:0,get
FNDA:0,get
DA:23,1
DA:28,21
DA:32,158
DA:34,1
DA:40,1
DA:56,1
DA:64,1
DA:67,158
DA:69,158
DA:71,158
DA:72,158
DA:73,158
DA:74,158
DA:75,158
DA:76,158
DA:78,158
DA:79,158
DA:80,158
DA:81,158
DA:82,158
DA:91,1
DA:96,0
DA:118,53
DA:119,53
DA:120,53
DA:121,53
DA:122,53
DA:123,53
DA:125,53
DA:142,55
DA:145,55
DA:147,55
DA:148,4
DA:151,55
DA:152,55
DA:153,55
DA:154,55
DA:155,55
DA:157,55
DA:173,53
DA:174,53
DA:175,53
DA:190,54
DA:191,54
DA:192,54
DA:193,1
DA:196,53
DA:197,53
DA:212,56
DA:213,1
DA:216,55
DA:217,55
DA:233,54
DA:237,54
DA:238,54
DA:241,54
DA:242,53
DA:245,54
DA:246,53
DA:247,53
DA:248,0
DA:251,53
DA:252,53
DA:256,54
DA:257,53
DA:260,53
DA:261,0
DA:264,53
DA:268,54
DA:269,52
DA:270,52
DA:271,0
DA:274,52
DA:275,52
DA:279,54
DA:280,1
DA:281,1
DA:284,1
DA:285,0
DA:288,1
DA:289,1
DA:294,54
DA:295,54
DA:296,2
DA:299,52
DA:300,52
DA:301,52
DA:302,52
DA:304,52
DA:323,54
DA:324,54
DA:325,1
DA:328,53
DA:332,53
DA:333,53
DA:336,53
DA:337,0
DA:340,53
DA:341,53
DA:345,53
DA:346,53
DA:347,41
DA:350,12
DA:354,12
DA:355,0
DA:358,12
DA:359,12
DA:361,12
DA:365,53
DA:366,53
DA:367,10
DA:370,43
DA:373,53
DA:374,53
DA:392,6
DA:393,1
DA:396,5
DA:400,5
DA:401,5
DA:402,3
DA:404,3
DA:405,3
DA:406,3
DA:410,3
DA:411,2
DA:412,2
DA:413,0
DA:416,2
DA:417,2
DA:419,2
DA:425,2
DA:429,3
DA:430,2
DA:431,2
DA:432,0
DA:435,2
DA:436,2
DA:438,2
DA:443,5
DA:444,1
DA:445,1
DA:451,4
DA:452,3
DA:458,5
DA:459,5
DA:467,79
DA:480,175
DA:481,175
DA:494,37
DA:507,1
DA:520,2
DA:533,1
DA:546,1
DA:559,119
DA:570,104
DA:571,104
DA:572,104
DA:586,0
DA:599,0
DA:612,0
DA:625,0
DA:629,1
DA:632,1
DA:633,1
LF:164
LH:151
BRDA:28,1,0,21
BRDA:28,1,1,21
BRDA:28,2,0,9
BRDA:28,2,1,12
BRDA:28,3,0,1
BRDA:28,3,1,0
BRDA:28,4,0,0
BRDA:28,4,1,1
BRDA:32,5,0,0
BRDA:32,5,1,158
BRDA:145,6,0,55
BRDA:145,6,1,55
BRDA:147,7,0,4
BRDA:147,7,1,51
BRDA:152,8,0,55
BRDA:152,8,1,3
BRDA:153,9,0,55
BRDA:153,9,1,55
BRDA:192,10,0,1
BRDA:192,10,1,53
BRDA:212,11,0,1
BRDA:212,11,1,55
BRDA:212,12,0,56
BRDA:212,12,1,55
BRDA:247,13,0,0
BRDA:247,13,1,53
BRDA:260,14,0,0
BRDA:260,14,1,53
BRDA:264,15,0,1
BRDA:264,15,1,52
BRDA:270,16,0,0
BRDA:270,16,1,52
BRDA:279,17,0,1
BRDA:279,17,1,53
BRDA:284,18,0,0
BRDA:284,18,1,1
BRDA:295,19,0,2
BRDA:295,19,1,52
BRDA:323,20,0,54
BRDA:323,20,1,50
BRDA:324,21,0,1
BRDA:324,21,1,53
BRDA:336,22,0,0
BRDA:336,22,1,53
BRDA:340,23,0,53
BRDA:340,23,1,12
BRDA:346,24,0,41
BRDA:346,24,1,12
BRDA:354,25,0,0
BRDA:354,25,1,12
BRDA:358,26,0,12
BRDA:358,26,1,10
BRDA:366,27,0,10
BRDA:366,27,1,43
BRDA:374,28,0,10
BRDA:374,28,1,43
BRDA:392,29,0,1
BRDA:392,29,1,5
BRDA:400,30,0,1
BRDA:400,30,1,4
BRDA:400,31,0,4
BRDA:400,31,1,3
BRDA:401,32,0,3
BRDA:401,32,1,2
BRDA:404,33,0,3
BRDA:404,33,1,0
BRDA:404,34,0,3
BRDA:404,34,1,0
BRDA:412,35,0,0
BRDA:412,35,1,2
BRDA:431,36,0,0
BRDA:431,36,1,2
BRDA:443,37,0,1
BRDA:443,37,1,4
BRDA:459,38,0,1
BRDA:459,38,1,4
BRDA:570,39,0,104
BRDA:570,39,1,0
BRF:78
BRH:67
end_of_record
TN:
SF:/home/ubuntu/workspace/entity-ci-core/lib/EntityManager/Errors/EMissingMachineName.js
FN:34,get
FN:38,_classCallCheck
FN:42,_inherits
FN:44,(anonymous_4)
FN:47,EMissingMachineName
FNF:5
FNH:5
FNDA:3,get
FNDA:3,_classCallCheck
FNDA:1,_inherits
FNDA:1,(anonymous_4)
FNDA:3,EMissingMachineName
DA:29,1
DA:34,3
DA:38,3
DA:42,1
DA:44,1
DA:45,1
DA:47,1
DA:48,3
DA:50,3
DA:53,1
DA:56,1
DA:57,1
LF:12
LH:12
BRDA:34,1,0,0
BRDA:34,1,1,3
BRDA:34,2,0,0
BRDA:34,2,1,3
BRDA:34,3,0,0
BRDA:34,3,1,0
BRDA:34,4,0,3
BRDA:34,4,1,0
BRDA:34,5,0,0
BRDA:34,5,1,0
BRDA:38,6,0,0
BRDA:38,6,1,3
BRDA:42,7,0,0
BRDA:42,7,1,1
BRDA:42,8,0,1
BRDA:42,8,1,0
BRDA:42,9,0,1
BRDA:42,9,1,1
BRDA:42,10,0,1
BRDA:42,10,1,0
BRDA:42,11,0,1
BRDA:42,11,1,0
BRF:22
BRH:22
end_of_record
TN:
SF:/home/ubuntu/workspace/entity-ci-core/lib/EntityManager/Errors/EMachineNameExists.js
FN:29,(anonymous_1)
FN:29,defineProperties
FN:29,(anonymous_3)
FN:33,get
FN:37,_classCallCheck
FN:41,_inherits
FN:54,(anonymous_7)
FN:63,EMachineNameExists
FN:80,get
FNF:9
FNH:8
FNDA:1,(anonymous_1)
FNDA:1,defineProperties
FNDA:1,(anonymous_3)
FNDA:1,get
FNDA:1,_classCallCheck
FNDA:1,_inherits
FNDA:1,(anonymous_7)
FNDA:1,EMachineNameExists
FNDA:0,get
DA:24,1
DA:29,1
DA:33,1
DA:37,1
DA:41,1
DA:43,1
DA:46,1
DA:54,1
DA:55,1
DA:63,1
DA:66,1
DA:68,1
DA:69,1
DA:78,1
DA:83,0
DA:87,1
DA:90,1
DA:91,1
LF:18
LH:17
BRDA:29,1,0,1
BRDA:29,1,1,1
BRDA:29,2,0,0
BRDA:29,2,1,1
BRDA:29,3,0,1
BRDA:29,3,1,0
BRDA:29,4,0,0
BRDA:29,4,1,1
BRDA:33,5,0,0
BRDA:33,5,1,1
BRDA:33,6,0,0
BRDA:33,6,1,1
BRDA:33,7,0,0
BRDA:33,7,1,0
BRDA:33,8,0,1
BRDA:33,8,1,0
BRDA:33,9,0,0
BRDA:33,9,1,0
BRDA:37,10,0,0
BRDA:37,10,1,1
BRDA:41,11,0,0
BRDA:41,11,1,1
BRDA:41,12,0,1
BRDA:41,12,1,0
BRDA:41,13,0,1
BRDA:41,13,1,1
BRDA:41,14,0,1
BRDA:41,14,1,0
BRDA:41,15,0,1
BRDA:41,15,1,0
BRF:30
BRH:30
end_of_record
TN:
SF:/home/ubuntu/workspace/entity-ci-core/lib/EntityManager/Errors/ECantFindEntity.js
FN:29,(anonymous_1)
FN:29,defineProperties
FN:29,(anonymous_3)
FN:33,get
FN:37,_classCallCheck
FN:41,_inherits
FN:55,(anonymous_7)
FN:65,ECantFindEntity
FN:83,get
FN:96,get
FNF:10
FNH:8
FNDA:1,(anonymous_1)
FNDA:1,defineProperties
FNDA:1,(anonymous_3)
FNDA:10,get
FNDA:10,_classCallCheck
FNDA:1,_inherits
FNDA:1,(anonymous_7)
FNDA:10,ECantFindEntity
FNDA:0,get
FNDA:0,get
DA:24,1
DA:29,2
DA:33,10
DA:37,10
DA:41,1
DA:43,1
DA:46,1
DA:55,1
DA:56,1
DA:65,1
DA:68,10
DA:70,10
DA:71,10
DA:72,10
DA:81,1
DA:86,0
DA:99,0
DA:103,1
DA:106,1
DA:107,1
LF:20
LH:18
BRDA:29,1,0,2
BRDA:29,1,1,2
BRDA:29,2,0,0
BRDA:29,2,1,2
BRDA:29,3,0,1
BRDA:29,3,1,0
BRDA:29,4,0,0
BRDA:29,4,1,1
BRDA:33,5,0,0
BRDA:33,5,1,10
BRDA:33,6,0,0
BRDA:33,6,1,10
BRDA:33,7,0,0
BRDA:33,7,1,0
BRDA:33,8,0,10
BRDA:33,8,1,0
BRDA:33,9,0,0
BRDA:33,9,1,0
BRDA:37,10,0,0
BRDA:37,10,1,10
BRDA:41,11,0,0
BRDA:41,11,1,1
BRDA:41,12,0,1
BRDA:41,12,1,0
BRDA:41,13,0,1
BRDA:41,13,1,1
BRDA:41,14,0,1
BRDA:41,14,1,0
BRDA:41,15,0,1
BRDA:41,15,1,0
BRF:30
BRH:30
end_of_record
TN:
SF:/home/ubuntu/workspace/entity-ci-core/lib/EntityManager/Errors/EUnknownFieldType.js
FN:29,(anonymous_1)
FN:29,defineProperties
FN:29,(anonymous_3)
FN:33,get
FN:37,_classCallCheck
FN:41,_inherits
FN:55,(anonymous_7)
FN:65,EUnknownFieldType
FN:83,get
FN:96,get
FNF:10
FNH:8
FNDA:1,(anonymous_1)
FNDA:1,defineProperties
FNDA:1,(anonymous_3)
FNDA:1,get
FNDA:1,_classCallCheck
FNDA:1,_inherits
FNDA:1,(anonymous_7)
FNDA:1,EUnknownFieldType
FNDA:0,get
FNDA:0,get
DA:24,1
DA:29,2
DA:33,1
DA:37,1
DA:41,1
DA:43,1
DA:46,1
DA:55,1
DA:56,1
DA:65,1
DA:68,1
DA:70,1
DA:71,1
DA:72,1
DA:81,1
DA:86,0
DA:99,0
DA:103,1
DA:106,1
DA:107,1
LF:20
LH:18
BRDA:29,1,0,2
BRDA:29,1,1,2
BRDA:29,2,0,0
BRDA:29,2,1,2
BRDA:29,3,0,1
BRDA:29,3,1,0
BRDA:29,4,0,0
BRDA:29,4,1,1
BRDA:33,5,0,0
BRDA:33,5,1,1
BRDA:33,6,0,0
BRDA:33,6,1,1
BRDA:33,7,0,0
BRDA:33,7,1,0
BRDA:33,8,0,1
BRDA:33,8,1,0
BRDA:33,9,0,0
BRDA:33,9,1,0
BRDA:37,10,0,0
BRDA:37,10,1,1
BRDA:41,11,0,0
BRDA:41,11,1,1
BRDA:41,12,0,1
BRDA:41,12,1,0
BRDA:41,13,0,1
BRDA:41,13,1,1
BRDA:41,14,0,1
BRDA:41,14,1,0
BRDA:41,15,0,1
BRDA:41,15,1,0
BRF:30
BRH:30
end_of_record
TN:
SF:/home/ubuntu/workspace/entity-ci-core/lib/EntityManager/Errors/ESchemaFieldDefined.js
FN:29,(anonymous_1)
FN:29,defineProperties
FN:29,(anonymous_3)
FN:33,get
FN:37,_classCallCheck
FN:41,_inherits
FN:54,(anonymous_7)
FN:63,ESchemaFieldDefined
FN:80,get
FNF:9
FNH:8
FNDA:1,(anonymous_1)
FNDA:1,defineProperties
FNDA:1,(anonymous_3)
FNDA:1,get
FNDA:1,_classCallCheck
FNDA:1,_inherits
FNDA:1,(anonymous_7)
FNDA:1,ESchemaFieldDefined
FNDA:0,get
DA:24,1
DA:29,1
DA:33,1
DA:37,1
DA:41,1
DA:43,1
DA:46,1
DA:54,1
DA:55,1
DA:63,1
DA:66,1
DA:68,1
DA:69,1
DA:78,1
DA:83,0
DA:87,1
DA:90,1
DA:91,1
LF:18
LH:17
BRDA:29,1,0,1
BRDA:29,1,1,1
BRDA:29,2,0,0
BRDA:29,2,1,1
BRDA:29,3,0,1
BRDA:29,3,1,0
BRDA:29,4,0,0
BRDA:29,4,1,1
BRDA:33,5,0,0
BRDA:33,5,1,1
BRDA:33,6,0,0
BRDA:33,6,1,1
BRDA:33,7,0,0
BRDA:33,7,1,0
BRDA:33,8,0,1
BRDA:33,8,1,0
BRDA:33,9,0,0
BRDA:33,9,1,0
BRDA:37,10,0,0
BRDA:37,10,1,1
BRDA:41,11,0,0
BRDA:41,11,1,1
BRDA:41,12,0,1
BRDA:41,12,1,0
BRDA:41,13,0,1
BRDA:41,13,1,1
BRDA:41,14,0,1
BRDA:41,14,1,0
BRDA:41,15,0,1
BRDA:41,15,1,0
BRF:30
BRH:30
end_of_record
TN:
SF:/home/ubuntu/workspace/entity-ci-core/lib/EntityManager/Errors/EUnknownSchemaField.js
FN:29,(anonymous_1)
FN:29,defineProperties
FN:29,(anonymous_3)
FN:33,get
FN:37,_classCallCheck
FN:41,_inherits
FN:54,(anonymous_7)
FN:63,EUnknownSchemaField
FN:80,get
FNF:9
FNH:8
FNDA:1,(anonymous_1)
FNDA:1,defineProperties
FNDA:1,(anonymous_3)
FNDA:8,get
FNDA:8,_classCallCheck
FNDA:1,_inherits
FNDA:1,(anonymous_7)
FNDA:8,EUnknownSchemaField
FNDA:0,get
DA:24,1
DA:29,1
DA:33,8
DA:37,8
DA:41,1
DA:43,1
DA:46,1
DA:54,1
DA:55,1
DA:63,1
DA:66,8
DA:68,8
DA:69,8
DA:78,1
DA:83,0
DA:87,1
DA:90,1
DA:91,1
LF:18
LH:17
BRDA:29,1,0,1
BRDA:29,1,1,1
BRDA:29,2,0,0
BRDA:29,2,1,1
BRDA:29,3,0,1
BRDA:29,3,1,0
BRDA:29,4,0,0
BRDA:29,4,1,1
BRDA:33,5,0,0
BRDA:33,5,1,8
BRDA:33,6,0,0
BRDA:33,6,1,8
BRDA:33,7,0,0
BRDA:33,7,1,0
BRDA:33,8,0,8
BRDA:33,8,1,0
BRDA:33,9,0,0
BRDA:33,9,1,0
BRDA:37,10,0,0
BRDA:37,10,1,8
BRDA:41,11,0,0
BRDA:41,11,1,1
BRDA:41,12,0,1
BRDA:41,12,1,0
BRDA:41,13,0,1
BRDA:41,13,1,1
BRDA:41,14,0,1
BRDA:41,14,1,0
BRDA:41,15,0,1
BRDA:41,15,1,0
BRF:30
BRH:30
end_of_record
TN:
SF:/home/ubuntu/workspace/entity-ci-core/lib/EntityManager/Entity.js
FN:28,(anonymous_1)
FN:28,defineProperties
FN:28,(anonymous_3)
FN:32,get
FN:36,_classCallCheck
FN:40,_inherits
FN:57,(anonymous_7)
FN:68,Entity
FN:86,collectionName
FN:103,_docToEntity
FN:107,(anonymous_11)
FN:114,subload
FN:115,(anonymous_13)
FN:116,(anonymous_14)
FN:136,(anonymous_15)
FN:147,_entityToDoc
FN:151,(anonymous_17)
FN:185,get
FN:214,set
FN:226,get
FN:239,get
FNF:21
FNH:21
FNDA:1,(anonymous_1)
FNDA:1,defineProperties
FNDA:1,(anonymous_3)
FNDA:85,get
FNDA:49,_classCallCheck
FNDA:1,_inherits
FNDA:1,(anonymous_7)
FNDA:49,Entity
FNDA:56,collectionName
FNDA:14,_docToEntity
FNDA:14,(anonymous_11)
FNDA:1,subload
FNDA:1,(anonymous_13)
FNDA:1,(anonymous_14)
FNDA:14,(anonymous_15)
FNDA:22,_entityToDoc
FNDA:22,(anonymous_17)
FNDA:9,get
FNDA:9,set
FNDA:6,get
FNDA:1,get
DA:23,1
DA:28,7
DA:32,85
DA:36,49
DA:40,1
DA:42,1
DA:47,1
DA:57,1
DA:58,1
DA:68,1
DA:71,49
DA:73,49
DA:75,49
DA:76,49
DA:77,49
DA:84,1
DA:89,56
DA:106,14
DA:107,14
DA:108,14
DA:109,0
DA:112,14
DA:114,1
DA:115,1
DA:116,1
DA:117,1
DA:118,0
DA:121,1
DA:122,1
DA:127,14
DA:128,14
DA:130,14
DA:131,7
DA:132,1
DA:136,14
DA:137,14
DA:150,22
DA:151,22
DA:152,22
DA:153,0
DA:156,22
DA:157,22
DA:159,22
DA:160,22
DA:161,7
DA:162,1
DA:168,6
DA:172,22
DA:188,9
DA:189,1
DA:192,8
DA:193,6
DA:196,2
DA:197,2
DA:198,1
DA:201,1
DA:217,9
DA:218,1
DA:221,8
DA:222,8
DA:229,6
DA:242,1
DA:246,1
DA:249,1
DA:250,1
LF:65
LH:62
BRDA:28,1,0,7
BRDA:28,1,1,7
BRDA:28,2,0,5
BRDA:28,2,1,2
BRDA:28,3,0,1
BRDA:28,3,1,0
BRDA:28,4,0,0
BRDA:28,4,1,1
BRDA:32,5,0,0
BRDA:32,5,1,85
BRDA:32,6,0,0
BRDA:32,6,1,85
BRDA:32,7,0,0
BRDA:32,7,1,0
BRDA:32,8,0,85
BRDA:32,8,1,0
BRDA:32,9,0,0
BRDA:32,9,1,0
BRDA:36,10,0,0
BRDA:36,10,1,49
BRDA:40,11,0,0
BRDA:40,11,1,1
BRDA:40,12,0,1
BRDA:40,12,1,0
BRDA:40,13,0,1
BRDA:40,13,1,1
BRDA:40,14,0,1
BRDA:40,14,1,0
BRDA:40,15,0,1
BRDA:40,15,1,0
BRDA:108,16,0,0
BRDA:108,16,1,14
BRDA:117,17,0,0
BRDA:117,17,1,1
BRDA:128,18,0,14
BRDA:128,18,1,0
BRDA:131,19,0,1
BRDA:131,19,1,6
BRDA:131,20,0,7
BRDA:131,20,1,1
BRDA:137,21,0,0
BRDA:137,21,1,14
BRDA:152,22,0,0
BRDA:152,22,1,22
BRDA:161,23,0,1
BRDA:161,23,1,6
BRDA:188,24,0,1
BRDA:188,24,1,8
BRDA:192,25,0,6
BRDA:192,25,1,2
BRDA:197,26,0,1
BRDA:197,26,1,1
BRDA:217,27,0,1
BRDA:217,27,1,8
BRF:54
BRH:49
end_of_record
TN:
SF:/home/ubuntu/workspace/entity-ci-core/lib/Validators/Rules/MachineName.js
FN:42,validateMachineName
FNF:1
FNH:1
FNDA:59,validateMachineName
DA:23,1
DA:26,1
DA:27,1
DA:42,1
DA:45,59
DA:48,59
DA:49,2
DA:52,57
DA:53,2
DA:56,55
DA:59,1
LF:11
LH:11
BRDA:48,1,0,2
BRDA:48,1,1,57
BRDA:48,2,0,59
BRDA:48,2,1,58
BRDA:52,3,0,2
BRDA:52,3,1,55
BRF:6
BRH:6
end_of_record
TN:
SF:/home/ubuntu/workspace/entity-ci-core/lib/Validators/Errors/EInvalidLength.js
FN:29,(anonymous_1)
FN:29,defineProperties
FN:29,(anonymous_3)
FN:33,get
FN:37,_classCallCheck
FN:41,_inherits
FN:57,(anonymous_7)
FN:68,EInvalidLength
FN:87,get
FN:100,get
FN:113,get
FNF:11
FNH:11
FNDA:1,(anonymous_1)
FNDA:1,defineProperties
FNDA:1,(anonymous_3)
FNDA:4,get
FNDA:4,_classCallCheck
FNDA:1,_inherits
FNDA:1,(anonymous_7)
FNDA:4,EInvalidLength
FNDA:4,get
FNDA:4,get
FNDA:4,get
DA:24,1
DA:29,3
DA:33,4
DA:37,4
DA:41,1
DA:43,1
DA:46,1
DA:57,1
DA:58,1
DA:68,1
DA:71,4
DA:73,4
DA:74,4
DA:75,4
DA:76,4
DA:85,1
DA:90,4
DA:103,4
DA:116,4
DA:120,1
DA:123,1
DA:124,1
LF:22
LH:22
BRDA:29,1,0,3
BRDA:29,1,1,3
BRDA:29,2,0,0
BRDA:29,2,1,3
BRDA:29,3,0,1
BRDA:29,3,1,0
BRDA:29,4,0,0
BRDA:29,4,1,1
BRDA:33,5,0,0
BRDA:33,5,1,4
BRDA:33,6,0,0
BRDA:33,6,1,4
BRDA:33,7,0,0
BRDA:33,7,1,0
BRDA:33,8,0,4
BRDA:33,8,1,0
BRDA:33,9,0,0
BRDA:33,9,1,0
BRDA:37,10,0,0
BRDA:37,10,1,4
BRDA:41,11,0,0
BRDA:41,11,1,1
BRDA:41,12,0,1
BRDA:41,12,1,0
BRDA:41,13,0,1
BRDA:41,13,1,1
BRDA:41,14,0,1
BRDA:41,14,1,0
BRDA:41,15,0,1
BRDA:41,15,1,0
BRF:30
BRH:30
end_of_record
TN:
SF:/home/ubuntu/workspace/entity-ci-core/lib/Validators/Errors/EInvalidCharacters.js
FN:29,(anonymous_1)
FN:29,defineProperties
FN:29,(anonymous_3)
FN:33,get
FN:37,_classCallCheck
FN:41,_inherits
FN:54,(anonymous_7)
FN:64,EInvalidCharacters
FN:81,get
FNF:9
FNH:9
FNDA:1,(anonymous_1)
FNDA:1,defineProperties
FNDA:1,(anonymous_3)
FNDA:3,get
FNDA:3,_classCallCheck
FNDA:1,_inherits
FNDA:1,(anonymous_7)
FNDA:3,EInvalidCharacters
FNDA:2,get
DA:24,1
DA:29,1
DA:33,3
DA:37,3
DA:41,1
DA:43,1
DA:46,1
DA:54,1
DA:55,1
DA:64,1
DA:67,3
DA:69,3
DA:70,3
DA:79,1
DA:84,2
DA:88,1
DA:91,1
DA:92,1
LF:18
LH:18
BRDA:29,1,0,1
BRDA:29,1,1,1
BRDA:29,2,0,0
BRDA:29,2,1,1
BRDA:29,3,0,1
BRDA:29,3,1,0
BRDA:29,4,0,0
BRDA:29,4,1,1
BRDA:33,5,0,0
BRDA:33,5,1,3
BRDA:33,6,0,0
BRDA:33,6,1,3
BRDA:33,7,0,0
BRDA:33,7,1,0
BRDA:33,8,0,3
BRDA:33,8,1,0
BRDA:33,9,0,0
BRDA:33,9,1,0
BRDA:37,10,0,0
BRDA:37,10,1,3
BRDA:41,11,0,0
BRDA:41,11,1,1
BRDA:41,12,0,1
BRDA:41,12,1,0
BRDA:41,13,0,1
BRDA:41,13,1,1
BRDA:41,14,0,1
BRDA:41,14,1,0
BRDA:41,15,0,1
BRDA:41,15,1,0
BRF:30
BRH:30
end_of_record
TN:
SF:/home/ubuntu/workspace/entity-ci-core/lib/Validators/Rules/Email.js
FN:40,validateEmail
FNF:1
FNH:1
FNDA:2,validateEmail
DA:23,1
DA:26,1
DA:27,1
DA:40,1
DA:45,2
DA:46,1
DA:51,1
DA:54,1
LF:8
LH:8
BRDA:45,1,0,1
BRDA:45,1,1,1
BRF:2
BRH:2
end_of_record
TN:
SF:/home/ubuntu/workspace/entity-ci-core/lib/Validators/Errors/EInvalidEmail.js
FN:29,(anonymous_1)
FN:29,defineProperties
FN:29,(anonymous_3)
FN:33,get
FN:37,_classCallCheck
FN:41,_inherits
FN:54,(anonymous_7)
FN:63,EInvalidEmail
FN:80,get
FNF:9
FNH:9
FNDA:1,(anonymous_1)
FNDA:1,defineProperties
FNDA:1,(anonymous_3)
FNDA:1,get
FNDA:1,_classCallCheck
FNDA:1,_inherits
FNDA:1,(anonymous_7)
FNDA:1,EInvalidEmail
FNDA:1,get
DA:24,1
DA:29,1
DA:33,1
DA:37,1
DA:41,1
DA:43,1
DA:46,1
DA:54,1
DA:55,1
DA:63,1
DA:66,1
DA:68,1
DA:69,1
DA:78,1
DA:83,1
DA:87,1
DA:90,1
DA:91,1
LF:18
LH:18
BRDA:29,1,0,1
BRDA:29,1,1,1
BRDA:29,2,0,0
BRDA:29,2,1,1
BRDA:29,3,0,1
BRDA:29,3,1,0
BRDA:29,4,0,0
BRDA:29,4,1,1
BRDA:33,5,0,0
BRDA:33,5,1,1
BRDA:33,6,0,0
BRDA:33,6,1,1
BRDA:33,7,0,0
BRDA:33,7,1,0
BRDA:33,8,0,1
BRDA:33,8,1,0
BRDA:33,9,0,0
BRDA:33,9,1,0
BRDA:37,10,0,0
BRDA:37,10,1,1
BRDA:41,11,0,0
BRDA:41,11,1,1
BRDA:41,12,0,1
BRDA:41,12,1,0
BRDA:41,13,0,1
BRDA:41,13,1,1
BRDA:41,14,0,1
BRDA:41,14,1,0
BRDA:41,15,0,1
BRDA:41,15,1,0
BRF:30
BRH:30
end_of_record
TN:
SF:/home/ubuntu/workspace/entity-ci-core/lib/Validators/Rules/Url.js
FN:40,validateUrl
FNF:1
FNH:1
FNDA:4,validateUrl
DA:23,1
DA:26,1
DA:27,1
DA:40,1
DA:43,4
DA:68,4
DA:69,3
DA:72,1
DA:75,1
LF:9
LH:9
BRDA:68,1,0,3
BRDA:68,1,1,1
BRF:2
BRH:2
end_of_record
TN:
SF:/home/ubuntu/workspace/entity-ci-core/lib/Validators/Errors/EInvalidURL.js
FN:29,(anonymous_1)
FN:29,defineProperties
FN:29,(anonymous_3)
FN:33,get
FN:37,_classCallCheck
FN:41,_inherits
FN:54,(anonymous_7)
FN:63,EInvalidURL
FN:80,get
FNF:9
FNH:9
FNDA:1,(anonymous_1)
FNDA:1,defineProperties
FNDA:1,(anonymous_3)
FNDA:3,get
FNDA:3,_classCallCheck
FNDA:1,_inherits
FNDA:1,(anonymous_7)
FNDA:3,EInvalidURL
FNDA:3,get
DA:24,1
DA:29,1
DA:33,3
DA:37,3
DA:41,1
DA:43,1
DA:46,1
DA:54,1
DA:55,1
DA:63,1
DA:66,3
DA:68,3
DA:69,3
DA:78,1
DA:83,3
DA:87,1
DA:90,1
DA:91,1
LF:18
LH:18
BRDA:29,1,0,1
BRDA:29,1,1,1
BRDA:29,2,0,0
BRDA:29,2,1,1
BRDA:29,3,0,1
BRDA:29,3,1,0
BRDA:29,4,0,0
BRDA:29,4,1,1
BRDA:33,5,0,0
BRDA:33,5,1,3
BRDA:33,6,0,0
BRDA:33,6,1,3
BRDA:33,7,0,0
BRDA:33,7,1,0
BRDA:33,8,0,3
BRDA:33,8,1,0
BRDA:33,9,0,0
BRDA:33,9,1,0
BRDA:37,10,0,0
BRDA:37,10,1,3
BRDA:41,11,0,0
BRDA:41,11,1,1
BRDA:41,12,0,1
BRDA:41,12,1,0
BRDA:41,13,0,1
BRDA:41,13,1,1
BRDA:41,14,0,1
BRDA:41,14,1,0
BRDA:41,15,0,1
BRDA:41,15,1,0
BRF:30
BRH:30
end_of_record
TN:
SF:/home/ubuntu/workspace/entity-ci-core/lib/Validators/Rules/Password.js
FN:45,validatePassword
FNF:1
FNH:1
FNDA:7,validatePassword
DA:23,1
DA:26,1
DA:27,1
DA:45,1
DA:48,7
DA:51,7
DA:52,2
DA:55,5
DA:56,1
DA:59,4
DA:60,1
DA:63,3
DA:64,1
DA:67,2
DA:68,1
DA:71,1
DA:74,1
LF:17
LH:17
BRDA:48,1,0,7
BRDA:48,1,1,7
BRDA:49,2,0,7
BRDA:49,2,1,7
BRDA:51,3,0,2
BRDA:51,3,1,5
BRDA:51,4,0,7
BRDA:51,4,1,6
BRDA:55,5,0,1
BRDA:55,5,1,4
BRDA:59,6,0,1
BRDA:59,6,1,3
BRDA:63,7,0,1
BRDA:63,7,1,2
BRDA:67,8,0,1
BRDA:67,8,1,1
BRF:16
BRH:16
end_of_record
TN:
SF:/home/ubuntu/workspace/entity-ci-core/lib/Validators/Errors/EMustContainDigit.js
FN:29,(anonymous_1)
FN:29,defineProperties
FN:29,(anonymous_3)
FN:33,get
FN:37,_classCallCheck
FN:41,_inherits
FN:54,(anonymous_7)
FN:63,EMustContainDigit
FN:80,get
FNF:9
FNH:9
FNDA:1,(anonymous_1)
FNDA:1,defineProperties
FNDA:1,(anonymous_3)
FNDA:1,get
FNDA:1,_classCallCheck
FNDA:1,_inherits
FNDA:1,(anonymous_7)
FNDA:1,EMustContainDigit
FNDA:1,get
DA:24,1
DA:29,1
DA:33,1
DA:37,1
DA:41,1
DA:43,1
DA:46,1
DA:54,1
DA:55,1
DA:63,1
DA:66,1
DA:68,1
DA:69,1
DA:78,1
DA:83,1
DA:87,1
DA:90,1
DA:91,1
LF:18
LH:18
BRDA:29,1,0,1
BRDA:29,1,1,1
BRDA:29,2,0,0
BRDA:29,2,1,1
BRDA:29,3,0,1
BRDA:29,3,1,0
BRDA:29,4,0,0
BRDA:29,4,1,1
BRDA:33,5,0,0
BRDA:33,5,1,1
BRDA:33,6,0,0
BRDA:33,6,1,1
BRDA:33,7,0,0
BRDA:33,7,1,0
BRDA:33,8,0,1
BRDA:33,8,1,0
BRDA:33,9,0,0
BRDA:33,9,1,0
BRDA:37,10,0,0
BRDA:37,10,1,1
BRDA:41,11,0,0
BRDA:41,11,1,1
BRDA:41,12,0,1
BRDA:41,12,1,0
BRDA:41,13,0,1
BRDA:41,13,1,1
BRDA:41,14,0,1
BRDA:41,14,1,0
BRDA:41,15,0,1
BRDA:41,15,1,0
BRF:30
BRH:30
end_of_record
TN:
SF:/home/ubuntu/workspace/entity-ci-core/lib/Validators/Errors/EMustContainLowercase.js
FN:29,(anonymous_1)
FN:29,defineProperties
FN:29,(anonymous_3)
FN:33,get
FN:37,_classCallCheck
FN:41,_inherits
FN:55,(anonymous_7)
FN:64,EMustContainLowercase
FN:81,get
FNF:9
FNH:9
FNDA:1,(anonymous_1)
FNDA:1,defineProperties
FNDA:1,(anonymous_3)
FNDA:1,get
FNDA:1,_classCallCheck
FNDA:1,_inherits
FNDA:1,(anonymous_7)
FNDA:1,EMustContainLowercase
FNDA:1,get
DA:24,1
DA:29,1
DA:33,1
DA:37,1
DA:41,1
DA:43,1
DA:46,1
DA:55,1
DA:56,1
DA:64,1
DA:67,1
DA:69,1
DA:70,1
DA:79,1
DA:84,1
DA:88,1
DA:91,1
DA:92,1
LF:18
LH:18
BRDA:29,1,0,1
BRDA:29,1,1,1
BRDA:29,2,0,0
BRDA:29,2,1,1
BRDA:29,3,0,1
BRDA:29,3,1,0
BRDA:29,4,0,0
BRDA:29,4,1,1
BRDA:33,5,0,0
BRDA:33,5,1,1
BRDA:33,6,0,0
BRDA:33,6,1,1
BRDA:33,7,0,0
BRDA:33,7,1,0
BRDA:33,8,0,1
BRDA:33,8,1,0
BRDA:33,9,0,0
BRDA:33,9,1,0
BRDA:37,10,0,0
BRDA:37,10,1,1
BRDA:41,11,0,0
BRDA:41,11,1,1
BRDA:41,12,0,1
BRDA:41,12,1,0
BRDA:41,13,0,1
BRDA:41,13,1,1
BRDA:41,14,0,1
BRDA:41,14,1,0
BRDA:41,15,0,1
BRDA:41,15,1,0
BRF:30
BRH:30
end_of_record
TN:
SF:/home/ubuntu/workspace/entity-ci-core/lib/Validators/Errors/EMustContainUppercase.js
FN:29,(anonymous_1)
FN:29,defineProperties
FN:29,(anonymous_3)
FN:33,get
FN:37,_classCallCheck
FN:41,_inherits
FN:55,(anonymous_7)
FN:64,EMustContainUppercase
FN:81,get
FNF:9
FNH:9
FNDA:1,(anonymous_1)
FNDA:1,defineProperties
FNDA:1,(anonymous_3)
FNDA:1,get
FNDA:1,_classCallCheck
FNDA:1,_inherits
FNDA:1,(anonymous_7)
FNDA:1,EMustContainUppercase
FNDA:1,get
DA:24,1
DA:29,1
DA:33,1
DA:37,1
DA:41,1
DA:43,1
DA:46,1
DA:55,1
DA:56,1
DA:64,1
DA:67,1
DA:69,1
DA:70,1
DA:79,1
DA:84,1
DA:88,1
DA:91,1
DA:92,1
LF:18
LH:18
BRDA:29,1,0,1
BRDA:29,1,1,1
BRDA:29,2,0,0
BRDA:29,2,1,1
BRDA:29,3,0,1
BRDA:29,3,1,0
BRDA:29,4,0,0
BRDA:29,4,1,1
BRDA:33,5,0,0
BRDA:33,5,1,1
BRDA:33,6,0,0
BRDA:33,6,1,1
BRDA:33,7,0,0
BRDA:33,7,1,0
BRDA:33,8,0,1
BRDA:33,8,1,0
BRDA:33,9,0,0
BRDA:33,9,1,0
BRDA:37,10,0,0
BRDA:37,10,1,1
BRDA:41,11,0,0
BRDA:41,11,1,1
BRDA:41,12,0,1
BRDA:41,12,1,0
BRDA:41,13,0,1
BRDA:41,13,1,1
BRDA:41,14,0,1
BRDA:41,14,1,0
BRDA:41,15,0,1
BRDA:41,15,1,0
BRF:30
BRH:30
end_of_record
TN:
SF:/home/ubuntu/workspace/entity-ci-core/lib/Sanitizers/Rules/Trim.js
FN:41,sanitizeTrim
FNF:1
FNH:1
FNDA:58,sanitizeTrim
DA:23,1
DA:26,1
DA:27,1
DA:41,1
DA:44,58
DA:45,2
DA:48,56
DA:51,1
LF:8
LH:8
BRDA:44,1,0,2
BRDA:44,1,1,56
BRF:2
BRH:2
end_of_record
TN:
SF:/home/ubuntu/workspace/entity-ci-core/lib/Sanitizers/Errors/EInvalidValue.js
FN:29,(anonymous_1)
FN:29,defineProperties
FN:29,(anonymous_3)
FN:33,get
FN:37,_classCallCheck
FN:41,_inherits
FN:54,(anonymous_7)
FN:63,EInvalidValue
FN:80,get
FNF:9
FNH:9
FNDA:1,(anonymous_1)
FNDA:1,defineProperties
FNDA:1,(anonymous_3)
FNDA:2,get
FNDA:2,_classCallCheck
FNDA:1,_inherits
FNDA:1,(anonymous_7)
FNDA:2,EInvalidValue
FNDA:1,get
DA:24,1
DA:29,1
DA:33,2
DA:37,2
DA:41,1
DA:43,1
DA:46,1
DA:54,1
DA:55,1
DA:63,1
DA:66,2
DA:68,2
DA:69,2
DA:78,1
DA:83,1
DA:87,1
DA:90,1
DA:91,1
LF:18
LH:18
BRDA:29,1,0,1
BRDA:29,1,1,1
BRDA:29,2,0,0
BRDA:29,2,1,1
BRDA:29,3,0,1
BRDA:29,3,1,0
BRDA:29,4,0,0
BRDA:29,4,1,1
BRDA:33,5,0,0
BRDA:33,5,1,2
BRDA:33,6,0,0
BRDA:33,6,1,2
BRDA:33,7,0,0
BRDA:33,7,1,0
BRDA:33,8,0,2
BRDA:33,8,1,0
BRDA:33,9,0,0
BRDA:33,9,1,0
BRDA:37,10,0,0
BRDA:37,10,1,2
BRDA:41,11,0,0
BRDA:41,11,1,1
BRDA:41,12,0,1
BRDA:41,12,1,0
BRDA:41,13,0,1
BRDA:41,13,1,1
BRDA:41,14,0,1
BRDA:41,14,1,0
BRDA:41,15,0,1
BRDA:41,15,1,0
BRF:30
BRH:30
end_of_record
TN:
SF:/home/ubuntu/workspace/entity-ci-core/lib/EntityManager/Validators/Entity.js
FN:42,validateEntity
FNF:1
FNH:1
FNDA:4,validateEntity
DA:23,1
DA:26,1
DA:27,1
DA:42,1
DA:45,4
DA:46,0
DA:49,4
DA:50,1
DA:53,3
DA:54,3
DA:55,2
DA:56,1
DA:61,2
DA:64,1
LF:14
LH:13
BRDA:45,1,0,0
BRDA:45,1,1,4
BRDA:45,2,0,4
BRDA:45,2,1,4
BRDA:49,3,0,1
BRDA:49,3,1,3
BRDA:53,4,0,3
BRDA:53,4,1,0
BRDA:55,5,0,1
BRDA:55,5,1,1
BRF:10
BRH:8
end_of_record
TN:
SF:/home/ubuntu/workspace/entity-ci-core/lib/EntityManager/Errors/EInvalidEntity.js
FN:29,get
FN:33,_classCallCheck
FN:37,_inherits
FN:48,(anonymous_4)
FN:51,EInvalidEntity
FNF:5
FNH:5
FNDA:1,get
FNDA:1,_classCallCheck
FNDA:1,_inherits
FNDA:1,(anonymous_4)
FNDA:1,EInvalidEntity
DA:24,1
DA:29,1
DA:33,1
DA:37,1
DA:39,1
DA:48,1
DA:49,1
DA:51,1
DA:52,1
DA:54,1
DA:57,1
DA:60,1
DA:61,1
LF:13
LH:13
BRDA:29,1,0,0
BRDA:29,1,1,1
BRDA:29,2,0,0
BRDA:29,2,1,1
BRDA:29,3,0,0
BRDA:29,3,1,0
BRDA:29,4,0,1
BRDA:29,4,1,0
BRDA:29,5,0,0
BRDA:29,5,1,0
BRDA:33,6,0,0
BRDA:33,6,1,1
BRDA:37,7,0,0
BRDA:37,7,1,1
BRDA:37,8,0,1
BRDA:37,8,1,0
BRDA:37,9,0,1
BRDA:37,9,1,1
BRDA:37,10,0,1
BRDA:37,10,1,0
BRDA:37,11,0,1
BRDA:37,11,1,0
BRF:22
BRH:22
end_of_record
TN:
SF:/home/ubuntu/workspace/entity-ci-core/lib/EntityManager/Errors/EFailedEntity.js
FN:29,(anonymous_1)
FN:29,defineProperties
FN:29,(anonymous_3)
FN:33,get
FN:37,_classCallCheck
FN:41,_inherits
FN:54,(anonymous_7)
FN:63,EFailedEntity
FN:80,get
FNF:9
FNH:8
FNDA:1,(anonymous_1)
FNDA:1,defineProperties
FNDA:1,(anonymous_3)
FNDA:1,get
FNDA:1,_classCallCheck
FNDA:1,_inherits
FNDA:1,(anonymous_7)
FNDA:1,EFailedEntity
FNDA:0,get
DA:24,1
DA:29,1
DA:33,1
DA:37,1
DA:41,1
DA:43,1
DA:46,1
DA:54,1
DA:55,1
DA:63,1
DA:66,1
DA:68,1
DA:69,1
DA:78,1
DA:83,0
DA:87,1
DA:90,1
DA:91,1
LF:18
LH:17
BRDA:29,1,0,1
BRDA:29,1,1,1
BRDA:29,2,0,0
BRDA:29,2,1,1
BRDA:29,3,0,1
BRDA:29,3,1,0
BRDA:29,4,0,0
BRDA:29,4,1,1
BRDA:33,5,0,0
BRDA:33,5,1,1
BRDA:33,6,0,0
BRDA:33,6,1,1
BRDA:33,7,0,0
BRDA:33,7,1,0
BRDA:33,8,0,1
BRDA:33,8,1,0
BRDA:33,9,0,0
BRDA:33,9,1,0
BRDA:37,10,0,0
BRDA:37,10,1,1
BRDA:41,11,0,0
BRDA:41,11,1,1
BRDA:41,12,0,1
BRDA:41,12,1,0
BRDA:41,13,0,1
BRDA:41,13,1,1
BRDA:41,14,0,1
BRDA:41,14,1,0
BRDA:41,15,0,1
BRDA:41,15,1,0
BRF:30
BRH:30
end_of_record
TN:
SF:/home/ubuntu/workspace/entity-ci-core/lib/PluginManager/Plugin.js
FN:28,(anonymous_1)
FN:28,defineProperties
FN:28,(anonymous_3)
FN:32,_classCallCheck
FN:41,(anonymous_5)
FN:50,Plugin
FN:75,boot
FN:93,enable
FN:110,disable
FN:119,get
FN:132,get
FNF:11
FNH:10
FNDA:1,(anonymous_1)
FNDA:1,defineProperties
FNDA:1,(anonymous_3)
FNDA:56,_classCallCheck
FNDA:1,(anonymous_5)
FNDA:56,Plugin
FNDA:8,boot
FNDA:6,enable
FNDA:1,disable
FNDA:1,get
FNDA:0,get
DA:23,1
DA:28,5
DA:32,56
DA:34,1
DA:41,1
DA:50,1
DA:53,56
DA:55,56
DA:56,56
DA:65,1
DA:80,8
DA:98,6
DA:115,1
DA:122,1
DA:135,0
DA:139,1
DA:142,1
DA:143,1
LF:18
LH:17
BRDA:28,1,0,5
BRDA:28,1,1,5
BRDA:28,2,0,3
BRDA:28,2,1,2
BRDA:28,3,0,1
BRDA:28,3,1,0
BRDA:28,4,0,0
BRDA:28,4,1,1
BRDA:32,5,0,0
BRDA:32,5,1,56
BRF:10
BRH:10
end_of_record
