TN:
SF:/home/ubuntu/workspace/entity-core/index.js
FN:20,(anonymous_1)
FN:27,(anonymous_2)
FN:45,(anonymous_3)
FNF:3
FNH:3
FNDA:1,(anonymous_1)
FNDA:48,(anonymous_2)
FNDA:109,(anonymous_3)
DA:15,1
DA:20,1
DA:23,1
DA:27,1
DA:30,48
DA:31,48
DA:32,41
DA:33,7
DA:34,7
DA:37,0
DA:40,1
DA:41,1
DA:48,109
DA:49,0
DA:52,109
DA:53,109
DA:54,109
DA:55,109
DA:56,0
DA:59,109
DA:61,109
DA:62,109
DA:63,218
DA:66,218
DA:67,218
DA:71,109
DA:76,1
LF:27
LH:24
BRDA:31,1,0,41
BRDA:31,1,1,7
BRDA:33,2,0,7
BRDA:33,2,1,0
BRDA:40,3,0,1
BRDA:40,3,1,0
BRDA:48,4,0,0
BRDA:48,4,1,109
BRDA:48,5,0,109
BRDA:48,5,1,109
BRDA:55,6,0,0
BRDA:55,6,1,109
BRDA:55,7,0,109
BRDA:55,7,1,109
BRDA:66,8,0,218
BRDA:66,8,1,0
BRDA:66,9,0,218
BRDA:66,9,1,218
BRF:18
BRH:13
end_of_record
TN:
SF:/home/ubuntu/workspace/entity-core/lib/index.js
FN:47,EntityCore
FN:67,(anonymous_2)
FN:70,(anonymous_3)
FN:81,(anonymous_4)
FN:173,(anonymous_5)
FN:176,(anonymous_6)
FN:196,(anonymous_7)
FN:199,(anonymous_8)
FN:210,(anonymous_9)
FN:213,(anonymous_10)
FN:224,(anonymous_11)
FN:227,(anonymous_12)
FN:238,(anonymous_13)
FN:241,(anonymous_14)
FN:252,(anonymous_15)
FN:255,(anonymous_16)
FN:269,(anonymous_17)
FN:275,connect
FN:276,(anonymous_19)
FN:292,(anonymous_20)
FN:304,(anonymous_21)
FN:310,(anonymous_22)
FN:320,(anonymous_23)
FN:327,(anonymous_24)
FN:339,(anonymous_25)
FN:346,setupSession
FN:364,setupServers
FN:386,setupSocket
FN:401,(anonymous_29)
FN:415,(anonymous_30)
FN:422,(anonymous_31)
FN:435,onAuthorizeSuccess
FN:439,onAuthorizeFail
FN:447,makeRequestResponse
FN:451,(anonymous_35)
FN:457,(anonymous_36)
FN:462,(anonymous_37)
FN:492,(anonymous_38)
FN:500,(anonymous_39)
FN:506,(anonymous_40)
FN:511,(anonymous_41)
FN:532,(anonymous_42)
FN:551,(anonymous_43)
FN:557,middleware
FN:558,(anonymous_45)
FN:563,(anonymous_46)
FN:567,(anonymous_47)
FN:571,(anonymous_48)
FN:575,(anonymous_49)
FN:582,(anonymous_50)
FN:587,(anonymous_51)
FN:591,(anonymous_52)
FN:597,(anonymous_53)
FNF:53
FNH:32
FNDA:21,EntityCore
FNDA:0,(anonymous_2)
FNDA:2,(anonymous_3)
FNDA:3,(anonymous_4)
FNDA:21,(anonymous_5)
FNDA:0,(anonymous_6)
FNDA:0,(anonymous_7)
FNDA:1,(anonymous_8)
FNDA:0,(anonymous_9)
FNDA:0,(anonymous_10)
FNDA:0,(anonymous_11)
FNDA:0,(anonymous_12)
FNDA:1,(anonymous_13)
FNDA:1,(anonymous_14)
FNDA:0,(anonymous_15)
FNDA:0,(anonymous_16)
FNDA:2,(anonymous_17)
FNDA:2,connect
FNDA:2,(anonymous_19)
FNDA:2,(anonymous_20)
FNDA:2,(anonymous_21)
FNDA:2,(anonymous_22)
FNDA:2,(anonymous_23)
FNDA:2,(anonymous_24)
FNDA:1,(anonymous_25)
FNDA:1,setupSession
FNDA:1,setupServers
FNDA:0,setupSocket
FNDA:0,(anonymous_29)
FNDA:0,(anonymous_30)
FNDA:0,(anonymous_31)
FNDA:0,onAuthorizeSuccess
FNDA:0,onAuthorizeFail
FNDA:0,makeRequestResponse
FNDA:0,(anonymous_35)
FNDA:0,(anonymous_36)
FNDA:0,(anonymous_37)
FNDA:1,(anonymous_38)
FNDA:0,(anonymous_39)
FNDA:1,(anonymous_40)
FNDA:0,(anonymous_41)
FNDA:7,(anonymous_42)
FNDA:2,(anonymous_43)
FNDA:3,middleware
FNDA:3,(anonymous_45)
FNDA:2,(anonymous_46)
FNDA:2,(anonymous_47)
FNDA:2,(anonymous_48)
FNDA:2,(anonymous_49)
FNDA:2,(anonymous_50)
FNDA:3,(anonymous_51)
FNDA:2,(anonymous_52)
FNDA:2,(anonymous_53)
DA:21,1
DA:47,1
DA:50,21
DA:59,21
DA:68,0
DA:71,2
DA:82,3
DA:174,21
DA:177,0
DA:197,0
DA:200,1
DA:211,0
DA:214,0
DA:225,0
DA:228,0
DA:239,1
DA:242,1
DA:253,0
DA:256,0
DA:269,1
DA:272,2
DA:275,1
DA:276,2
DA:277,2
DA:285,2
DA:290,2
DA:292,2
DA:293,2
DA:304,1
DA:307,2
DA:310,2
DA:311,2
DA:320,2
DA:321,2
DA:327,2
DA:328,2
DA:339,1
DA:342,1
DA:346,1
DA:347,1
DA:352,1
DA:360,1
DA:361,1
DA:364,1
DA:365,1
DA:366,1
DA:371,1
DA:372,0
DA:386,1
DA:387,0
DA:391,0
DA:400,0
DA:401,0
DA:402,0
DA:406,0
DA:407,0
DA:408,0
DA:410,0
DA:411,0
DA:414,0
DA:415,0
DA:416,0
DA:418,0
DA:419,0
DA:420,0
DA:422,0
DA:423,0
DA:424,0
DA:426,0
DA:427,0
DA:433,1
DA:435,1
DA:436,0
DA:439,1
DA:440,0
DA:441,0
DA:444,0
DA:447,1
DA:448,0
DA:449,0
DA:451,0
DA:453,0
DA:457,0
DA:458,0
DA:459,0
DA:462,0
DA:463,0
DA:464,0
DA:467,0
DA:468,0
DA:471,0
DA:474,1
DA:475,1
DA:477,1
DA:478,0
DA:481,1
DA:482,1
DA:492,1
DA:495,1
DA:497,1
DA:498,1
DA:500,1
DA:503,0
DA:506,1
DA:507,1
DA:508,0
DA:511,1
DA:512,0
DA:513,0
DA:516,1
DA:532,1
DA:535,7
DA:541,7
DA:542,7
DA:551,1
DA:554,2
DA:557,1
DA:558,3
DA:559,3
DA:563,2
DA:564,2
DA:567,2
DA:568,2
DA:571,2
DA:572,2
DA:575,2
DA:576,2
DA:579,2
DA:582,2
DA:583,2
DA:587,2
DA:588,3
DA:591,2
DA:592,2
DA:597,2
DA:598,2
DA:599,2
DA:602,2
DA:609,1
LF:139
LH:86
BRDA:293,1,0,0
BRDA:293,1,1,2
BRDA:328,2,0,0
BRDA:328,2,1,2
BRDA:365,3,0,1
BRDA:365,3,1,0
BRDA:371,4,0,0
BRDA:371,4,1,1
BRDA:388,5,0,0
BRDA:388,5,1,0
BRDA:440,6,0,0
BRDA:440,6,1,0
BRDA:453,7,0,0
BRDA:453,7,1,0
BRDA:463,8,0,0
BRDA:463,8,1,0
BRDA:463,9,0,0
BRDA:463,9,1,0
BRDA:477,10,0,0
BRDA:477,10,1,1
BRDA:507,11,0,0
BRDA:507,11,1,1
BRDA:537,12,0,7
BRDA:537,12,1,3
BRDA:538,13,0,7
BRDA:538,13,1,3
BRDA:579,14,0,0
BRDA:579,14,1,2
BRDA:598,15,0,2
BRDA:598,15,1,0
BRDA:602,16,0,0
BRDA:602,16,1,2
BRF:32
BRH:13
end_of_record
TN:
SF:/home/ubuntu/workspace/entity-core/lib/Utils/Config.js
FN:33,Config
FN:65,(anonymous_2)
FN:71,(anonymous_3)
FN:83,(anonymous_4)
FN:91,(anonymous_5)
FNF:5
FNH:5
FNDA:42,Config
FNDA:3,(anonymous_2)
FNDA:3,(anonymous_3)
FNDA:6,(anonymous_4)
FNDA:6,(anonymous_5)
DA:21,1
DA:33,1
DA:36,42
DA:43,42
DA:52,42
DA:57,1
DA:65,1
DA:68,3
DA:72,3
DA:83,1
DA:86,6
DA:87,0
DA:90,6
DA:91,6
DA:92,6
DA:93,1
DA:96,5
DA:97,5
DA:98,4
DA:100,1
DA:105,1
LF:21
LH:20
BRDA:72,1,0,1
BRDA:72,1,1,2
BRDA:86,2,0,0
BRDA:86,2,1,6
BRDA:92,3,0,1
BRDA:92,3,1,5
BRF:6
BRH:5
end_of_record
TN:
SF:/home/ubuntu/workspace/entity-core/lib/Utils/Data.js
FN:29,Data
FN:40,(anonymous_2)
FN:43,(anonymous_3)
FN:66,(anonymous_4)
FN:78,(anonymous_5)
FN:103,(anonymous_6)
FN:134,(anonymous_7)
FN:165,(anonymous_8)
FNF:8
FNH:8
FNDA:65,Data
FNDA:89,(anonymous_2)
FNDA:4,(anonymous_3)
FNDA:50,(anonymous_4)
FNDA:10,(anonymous_5)
FNDA:25,(anonymous_6)
FNDA:7,(anonymous_7)
FNDA:8,(anonymous_8)
DA:29,1
DA:32,65
DA:39,65
DA:41,89
DA:44,4
DA:53,65
DA:66,1
DA:69,50
DA:78,1
DA:81,10
DA:85,10
DA:92,10
DA:103,1
DA:106,25
DA:107,12
DA:110,25
DA:115,25
DA:124,25
DA:134,1
DA:137,7
DA:140,7
DA:141,5
DA:145,5
DA:153,7
DA:156,7
DA:165,1
DA:170,8
DA:173,8
DA:179,1
LF:29
LH:29
BRDA:32,1,0,65
BRDA:32,1,1,42
BRDA:54,2,0,65
BRDA:54,2,1,22
BRDA:106,3,0,12
BRDA:106,3,1,13
BRDA:141,4,0,2
BRDA:141,4,1,3
BRF:8
BRH:8
end_of_record
TN:
SF:/home/ubuntu/workspace/entity-core/lib/Utils/SortBy.js
FN:28,arraySortBy
FN:31,(anonymous_2)
FN:58,objectSortBy
FN:71,(anonymous_4)
FN:82,(anonymous_5)
FN:94,sortBy
FNF:6
FNH:6
FNDA:896,arraySortBy
FNDA:92,(anonymous_2)
FNDA:4,objectSortBy
FNDA:11,(anonymous_4)
FNDA:13,(anonymous_5)
FNDA:900,sortBy
DA:28,1
DA:31,896
DA:32,92
DA:43,92
DA:44,32
DA:47,60
DA:58,1
DA:61,4
DA:62,4
DA:63,14
DA:64,1
DA:67,13
DA:68,13
DA:71,4
DA:72,11
DA:75,11
DA:76,1
DA:79,10
DA:82,4
DA:83,13
DA:94,1
DA:97,900
DA:98,896
DA:100,4
LF:24
LH:24
BRDA:32,1,0,88
BRDA:32,1,1,4
BRDA:33,2,0,2
BRDA:33,2,1,86
BRDA:37,3,0,90
BRDA:37,3,1,2
BRDA:38,4,0,2
BRDA:38,4,1,88
BRDA:43,5,0,32
BRDA:43,5,1,60
BRDA:47,6,0,27
BRDA:47,6,1,33
BRDA:47,7,0,60
BRDA:47,7,1,54
BRDA:63,8,0,1
BRDA:63,8,1,13
BRDA:72,9,0,3
BRDA:72,9,1,8
BRDA:73,10,0,9
BRDA:73,10,1,2
BRDA:75,11,0,1
BRDA:75,11,1,10
BRDA:79,12,0,2
BRDA:79,12,1,8
BRDA:79,13,0,10
BRDA:79,13,1,7
BRDA:97,14,0,896
BRDA:97,14,1,4
BRDA:97,15,0,900
BRDA:97,15,1,896
BRF:30
BRH:30
end_of_record
TN:
SF:/home/ubuntu/workspace/entity-core/lib/Locale/index.js
FN:32,Locale
FN:44,(anonymous_2)
FN:55,(anonymous_3)
FN:77,(anonymous_4)
FN:81,(anonymous_5)
FN:86,(anonymous_6)
FN:107,(anonymous_7)
FN:141,(anonymous_8)
FN:181,(anonymous_9)
FN:194,(anonymous_10)
FN:199,processFile
FN:200,(anonymous_12)
FN:205,(anonymous_13)
FN:211,(anonymous_14)
FN:218,(anonymous_15)
FN:231,(anonymous_16)
FN:249,(anonymous_17)
FN:256,(anonymous_18)
FN:261,(anonymous_19)
FN:265,(anonymous_20)
FN:279,(anonymous_21)
FN:287,(anonymous_22)
FN:306,(anonymous_23)
FN:320,(anonymous_24)
FNF:24
FNH:24
FNDA:38,Locale
FNDA:109,(anonymous_2)
FNDA:8,(anonymous_3)
FNDA:3,(anonymous_4)
FNDA:3,(anonymous_5)
FNDA:1,(anonymous_6)
FNDA:16,(anonymous_7)
FNDA:6,(anonymous_8)
FNDA:16,(anonymous_9)
FNDA:3,(anonymous_10)
FNDA:9,processFile
FNDA:9,(anonymous_12)
FNDA:3,(anonymous_13)
FNDA:9,(anonymous_14)
FNDA:3,(anonymous_15)
FNDA:13,(anonymous_16)
FNDA:3,(anonymous_17)
FNDA:1,(anonymous_18)
FNDA:3,(anonymous_19)
FNDA:3,(anonymous_20)
FNDA:5,(anonymous_21)
FNDA:5,(anonymous_22)
FNDA:5,(anonymous_23)
FNDA:4,(anonymous_24)
DA:21,1
DA:32,1
DA:35,38
DA:43,38
DA:45,109
DA:54,38
DA:56,8
DA:65,38
DA:77,1
DA:80,3
DA:81,3
DA:82,3
DA:83,0
DA:86,3
DA:87,1
DA:88,0
DA:91,1
DA:94,3
DA:107,1
DA:110,16
DA:111,16
DA:114,16
DA:115,11
DA:118,16
DA:119,20
DA:120,5
DA:123,15
DA:126,16
DA:128,0
DA:141,1
DA:144,6
DA:151,6
DA:152,3
DA:153,3
DA:156,6
DA:157,64
DA:158,64
DA:159,35
DA:160,3
DA:161,3
DA:163,3
DA:167,64
DA:170,6
DA:181,1
DA:184,16
DA:194,1
DA:197,3
DA:199,1
DA:200,9
DA:201,9
DA:205,3
DA:206,3
DA:207,0
DA:210,3
DA:211,3
DA:212,9
DA:213,9
DA:214,9
DA:218,3
DA:219,3
DA:231,1
DA:234,13
DA:235,1
DA:238,12
DA:249,1
DA:252,3
DA:255,3
DA:256,1
DA:257,1
DA:261,3
DA:262,3
DA:265,3
DA:266,3
DA:279,1
DA:282,5
DA:284,5
DA:288,5
DA:289,0
DA:292,5
DA:293,4
DA:299,5
DA:301,5
DA:302,3
DA:304,5
DA:306,5
DA:307,5
DA:320,1
DA:323,4
DA:324,1
DA:327,4
DA:333,1
LF:91
LH:86
BRDA:82,1,0,0
BRDA:82,1,1,3
BRDA:87,2,0,0
BRDA:87,2,1,1
BRDA:114,3,0,11
BRDA:114,3,1,5
BRDA:119,4,0,5
BRDA:119,4,1,15
BRDA:159,5,0,3
BRDA:159,5,1,32
BRDA:167,6,0,3
BRDA:167,6,1,61
BRDA:206,7,0,0
BRDA:206,7,1,3
BRDA:213,8,0,9
BRDA:213,8,1,0
BRDA:213,9,0,9
BRDA:213,9,1,9
BRDA:219,10,0,0
BRDA:219,10,1,3
BRDA:234,11,0,1
BRDA:234,11,1,12
BRDA:255,12,0,1
BRDA:255,12,1,2
BRDA:255,13,0,3
BRDA:255,13,1,1
BRDA:266,14,0,0
BRDA:266,14,1,3
BRDA:288,15,0,0
BRDA:288,15,1,5
BRDA:292,16,0,4
BRDA:292,16,1,1
BRDA:301,17,0,3
BRDA:301,17,1,2
BRDA:307,18,0,0
BRDA:307,18,1,5
BRDA:323,19,0,1
BRDA:323,19,1,3
BRDA:323,20,0,4
BRDA:323,20,1,2
BRF:40
BRH:32
end_of_record
TN:
SF:/home/ubuntu/workspace/entity-core/lib/Database/index.js
FN:34,Database
FN:57,(anonymous_2)
FN:68,(anonymous_3)
FN:71,(anonymous_4)
FN:87,(anonymous_5)
FN:103,(anonymous_6)
FN:130,(anonymous_7)
FN:157,(anonymous_8)
FN:177,(anonymous_9)
FNF:9
FNH:9
FNDA:110,Database
FNDA:1392,(anonymous_2)
FNDA:382,(anonymous_3)
FNDA:203,(anonymous_4)
FNDA:14,(anonymous_5)
FNDA:110,(anonymous_6)
FNDA:98,(anonymous_7)
FNDA:7,(anonymous_8)
FNDA:381,(anonymous_9)
DA:21,1
DA:34,1
DA:37,110
DA:46,110
DA:56,110
DA:58,1392
DA:67,110
DA:69,382
DA:72,203
DA:73,0
DA:76,203
DA:86,110
DA:88,14
DA:103,1
DA:106,110
DA:107,1
DA:110,109
DA:111,104
DA:114,109
DA:115,109
DA:116,105
DA:119,109
DA:130,1
DA:133,98
DA:135,98
DA:136,1
DA:139,97
DA:140,97
DA:142,97
DA:143,97
DA:146,97
DA:157,1
DA:160,7
DA:161,7
DA:162,3
DA:165,4
DA:177,1
DA:180,381
DA:181,381
DA:182,1
DA:185,380
DA:191,1
LF:42
LH:41
BRDA:72,1,0,0
BRDA:72,1,1,203
BRDA:72,2,0,203
BRDA:72,2,1,106
BRDA:106,3,0,1
BRDA:106,3,1,109
BRDA:110,4,0,104
BRDA:110,4,1,5
BRDA:115,5,0,105
BRDA:115,5,1,4
BRDA:133,6,0,98
BRDA:133,6,1,1
BRDA:135,7,0,1
BRDA:135,7,1,97
BRDA:142,8,0,97
BRDA:142,8,1,0
BRDA:160,9,0,7
BRDA:160,9,1,2
BRDA:161,10,0,3
BRDA:161,10,1,4
BRDA:180,11,0,381
BRDA:180,11,1,277
BRDA:181,12,0,1
BRDA:181,12,1,380
BRF:24
BRH:22
end_of_record
TN:
SF:/home/ubuntu/workspace/entity-core/lib/Database/Connection.js
FN:35,Connection
FN:74,(anonymous_2)
FN:81,(anonymous_3)
FN:96,(anonymous_4)
FN:125,(anonymous_5)
FN:136,(anonymous_6)
FNF:6
FNH:4
FNDA:109,Connection
FNDA:0,(anonymous_2)
FNDA:0,(anonymous_3)
FNDA:109,(anonymous_4)
FNDA:380,(anonymous_5)
FNDA:97,(anonymous_6)
DA:21,1
DA:35,1
DA:38,109
DA:43,109
DA:51,109
DA:60,109
DA:69,109
DA:73,109
DA:74,19
DA:75,0
DA:81,19
DA:82,0
DA:96,1
DA:99,109
DA:100,109
DA:101,0
DA:103,0
DA:104,0
DA:107,0
DA:110,109
DA:111,109
DA:112,109
DA:115,109
DA:116,109
DA:125,1
DA:128,380
DA:136,1
DA:139,97
DA:140,97
DA:146,1
LF:30
LH:24
BRDA:73,1,0,19
BRDA:73,1,1,90
BRDA:73,2,0,109
BRDA:73,2,1,109
BRDA:100,3,0,0
BRDA:100,3,1,109
BRDA:103,4,0,0
BRDA:103,4,1,0
BRDA:110,5,0,109
BRDA:110,5,1,0
BRDA:111,6,0,109
BRDA:111,6,1,0
BRF:12
BRH:7
end_of_record
TN:
SF:/home/ubuntu/workspace/entity-core/lib/Database/Errors/EUndefinedConnection.js
FN:33,EUndefinedConnection
FNF:1
FNH:1
FNDA:5,EUndefinedConnection
DA:22,1
DA:33,1
DA:36,5
DA:43,5
DA:49,1
DA:54,1
LF:6
LH:6
BRF:0
BRH:0
end_of_record
TN:
SF:/home/ubuntu/workspace/entity-core/lib/EError.js
FN:28,EError
FNF:1
FNH:1
FNDA:63,EError
DA:21,1
DA:28,1
DA:31,63
DA:33,63
DA:41,63
DA:50,63
DA:55,1
DA:60,1
LF:8
LH:8
BRF:0
BRH:0
end_of_record
TN:
SF:/home/ubuntu/workspace/entity-core/lib/Database/Errors/EDefinedConnection.js
FN:32,EDefinedConnection
FNF:1
FNH:1
FNDA:1,EDefinedConnection
DA:22,1
DA:32,1
DA:35,1
DA:42,1
DA:48,1
DA:53,1
LF:6
LH:6
BRF:0
BRH:0
end_of_record
TN:
SF:/home/ubuntu/workspace/entity-core/lib/Validators/index.js
FN:34,Validators
FN:66,(anonymous_2)
FN:90,(anonymous_3)
FN:112,(anonymous_4)
FN:125,(anonymous_5)
FN:165,(anonymous_6)
FN:172,execValidator
FN:173,(anonymous_8)
FN:187,(anonymous_9)
FNF:9
FNH:9
FNDA:139,Validators
FNDA:1,(anonymous_2)
FNDA:668,(anonymous_3)
FNDA:110,(anonymous_4)
FNDA:5,(anonymous_5)
FNDA:81,(anonymous_6)
FNDA:86,execValidator
FNDA:84,(anonymous_8)
FNDA:80,(anonymous_9)
DA:21,1
DA:34,1
DA:37,139
DA:45,139
DA:56,139
DA:65,139
DA:67,1
DA:71,139
DA:90,1
DA:93,668
DA:94,651
DA:97,668
DA:102,668
DA:103,668
DA:112,1
DA:115,110
DA:125,1
DA:128,5
DA:129,1
DA:132,4
DA:133,1
DA:135,3
DA:137,3
DA:138,8
DA:139,4
DA:142,4
DA:145,3
DA:146,2
DA:148,1
DA:152,4
DA:165,1
DA:168,81
DA:169,1
DA:172,1
DA:173,86
DA:174,84
DA:175,84
DA:177,1
DA:182,80
DA:183,80
DA:184,86
DA:187,80
DA:188,80
DA:195,1
LF:44
LH:44
BRDA:93,1,0,651
BRDA:93,1,1,17
BRDA:99,2,0,668
BRDA:99,2,1,659
BRDA:128,3,0,1
BRDA:128,3,1,4
BRDA:132,4,0,1
BRDA:132,4,1,3
BRDA:138,5,0,4
BRDA:138,5,1,4
BRDA:145,6,0,2
BRDA:145,6,1,1
BRDA:168,7,0,1
BRDA:168,7,1,80
BRDA:175,8,0,84
BRDA:175,8,1,79
BRDA:188,9,0,18
BRDA:188,9,1,62
BRF:18
BRH:18
end_of_record
TN:
SF:/home/ubuntu/workspace/entity-core/lib/Validators/Errors/EUnknownValidator.js
FN:33,EUnknownValidator
FNF:1
FNH:1
FNDA:3,EUnknownValidator
DA:22,1
DA:33,1
DA:36,3
DA:43,3
DA:48,1
DA:53,1
LF:6
LH:6
BRF:0
BRH:0
end_of_record
TN:
SF:/home/ubuntu/workspace/entity-core/lib/Sanitizers/index.js
FN:32,Sanitizers
FN:64,(anonymous_2)
FN:86,(anonymous_3)
FN:108,(anonymous_4)
FN:121,(anonymous_5)
FN:160,(anonymous_6)
FN:170,execSanitizer
FN:171,(anonymous_8)
FN:178,(anonymous_9)
FN:197,(anonymous_10)
FNF:10
FNH:9
FNDA:115,Sanitizers
FNDA:0,(anonymous_2)
FNDA:145,(anonymous_3)
FNDA:33,(anonymous_4)
FNDA:4,(anonymous_5)
FNDA:63,(anonymous_6)
FNDA:69,execSanitizer
FNDA:67,(anonymous_8)
FNDA:66,(anonymous_9)
FNDA:62,(anonymous_10)
DA:21,1
DA:32,1
DA:35,115
DA:43,115
DA:54,115
DA:63,115
DA:65,0
DA:69,115
DA:86,1
DA:89,145
DA:90,127
DA:93,145
DA:98,145
DA:99,145
DA:108,1
DA:111,33
DA:121,1
DA:124,4
DA:125,1
DA:128,3
DA:129,1
DA:131,2
DA:133,2
DA:134,7
DA:135,3
DA:138,4
DA:141,2
DA:142,2
DA:144,0
DA:148,3
DA:160,1
DA:163,63
DA:164,1
DA:167,62
DA:170,1
DA:171,69
DA:172,67
DA:173,67
DA:179,66
DA:180,3
DA:183,63
DA:184,63
DA:188,1
DA:193,62
DA:194,69
DA:197,62
DA:198,62
DA:205,1
LF:48
LH:46
BRDA:89,1,0,127
BRDA:89,1,1,18
BRDA:95,2,0,145
BRDA:95,2,1,136
BRDA:124,3,0,1
BRDA:124,3,1,3
BRDA:128,4,0,1
BRDA:128,4,1,2
BRDA:134,5,0,3
BRDA:134,5,1,4
BRDA:141,6,0,2
BRDA:141,6,1,0
BRDA:163,7,0,1
BRDA:163,7,1,62
BRDA:177,8,0,67
BRDA:177,8,1,65
BRDA:179,9,0,3
BRDA:179,9,1,63
BRDA:198,10,0,4
BRDA:198,10,1,58
BRF:20
BRH:19
end_of_record
TN:
SF:/home/ubuntu/workspace/entity-core/lib/Sanitizers/Errors/EUnknownSanitizer.js
FN:33,EUnknownSanitizer
FNF:1
FNH:1
FNDA:3,EUnknownSanitizer
DA:22,1
DA:33,1
DA:36,3
DA:43,3
DA:48,1
DA:53,1
LF:6
LH:6
BRF:0
BRH:0
end_of_record
TN:
SF:/home/ubuntu/workspace/entity-core/lib/EventManager/index.js
FN:32,EventManager
FN:54,(anonymous_2)
FN:65,(anonymous_3)
FN:78,(anonymous_4)
FN:100,(anonymous_5)
FN:126,(anonymous_6)
FN:161,(anonymous_7)
FN:164,(anonymous_8)
FN:167,fireCallback
FN:168,(anonymous_10)
FN:180,(anonymous_11)
FN:185,(anonymous_12)
FN:190,(anonymous_13)
FNF:13
FNH:13
FNDA:34,EventManager
FNDA:106,(anonymous_2)
FNDA:3,(anonymous_3)
FNDA:6,(anonymous_4)
FNDA:19,(anonymous_5)
FNDA:4,(anonymous_6)
FNDA:8,(anonymous_7)
FNDA:1,(anonymous_8)
FNDA:7,fireCallback
FNDA:6,(anonymous_10)
FNDA:9,(anonymous_11)
FNDA:7,(anonymous_12)
FNDA:8,(anonymous_13)
DA:21,1
DA:32,1
DA:35,34
DA:43,34
DA:53,34
DA:55,106
DA:64,34
DA:66,3
DA:78,1
DA:81,6
DA:82,3
DA:85,3
DA:100,1
DA:103,19
DA:104,11
DA:107,19
DA:113,19
DA:114,19
DA:126,1
DA:129,4
DA:130,1
DA:133,3
DA:134,2
DA:135,2
DA:136,4
DA:137,2
DA:141,2
DA:142,1
DA:144,1
DA:147,1
DA:150,3
DA:161,1
DA:164,8
DA:165,8
DA:167,1
DA:168,7
DA:169,6
DA:170,6
DA:172,1
DA:177,8
DA:180,8
DA:181,9
DA:182,4
DA:185,5
DA:186,7
DA:190,8
DA:191,8
DA:198,1
LF:48
LH:48
BRDA:81,1,0,3
BRDA:81,1,1,3
BRDA:103,2,0,11
BRDA:103,2,1,8
BRDA:109,3,0,19
BRDA:109,3,1,19
BRDA:110,4,0,19
BRDA:110,4,1,17
BRDA:129,5,0,1
BRDA:129,5,1,3
BRDA:133,6,0,2
BRDA:133,6,1,1
BRDA:136,7,0,2
BRDA:136,7,1,2
BRDA:141,8,0,1
BRDA:141,8,1,1
BRDA:164,9,0,8
BRDA:164,9,1,1
BRDA:165,10,0,1
BRDA:165,10,1,7
BRDA:181,11,0,4
BRDA:181,11,1,5
BRDA:191,12,0,1
BRDA:191,12,1,7
BRF:24
BRH:24
end_of_record
TN:
SF:/home/ubuntu/workspace/entity-core/lib/EventManager/Errors/EUndefinedEvent.js
FN:33,EUndefinedEvent
FNF:1
FNH:1
FNDA:4,EUndefinedEvent
DA:22,1
DA:33,1
DA:36,4
DA:43,4
DA:48,1
DA:53,1
LF:6
LH:6
BRF:0
BRH:0
end_of_record
TN:
SF:/home/ubuntu/workspace/entity-core/lib/PluginManager/index.js
FN:44,PluginManager
FN:66,(anonymous_2)
FN:108,(anonymous_3)
FN:131,(anonymous_4)
FN:137,(anonymous_5)
FN:141,(anonymous_6)
FN:146,(anonymous_7)
FN:165,(anonymous_8)
FN:171,(anonymous_9)
FN:175,(anonymous_10)
FN:180,(anonymous_11)
FN:193,(anonymous_12)
FN:199,(anonymous_13)
FN:203,(anonymous_14)
FN:208,(anonymous_15)
FN:213,(anonymous_16)
FN:231,(anonymous_17)
FN:235,(anonymous_18)
FN:240,(anonymous_19)
FN:255,(anonymous_20)
FN:263,enable
FN:264,(anonymous_22)
FN:270,(anonymous_23)
FN:274,(anonymous_24)
FN:285,(anonymous_25)
FN:299,(anonymous_26)
FN:311,(anonymous_27)
FN:346,(anonymous_28)
FN:365,enableDependency
FN:366,(anonymous_30)
FN:371,(anonymous_31)
FN:378,(anonymous_32)
FN:383,(anonymous_33)
FN:387,(anonymous_34)
FN:401,(anonymous_35)
FN:412,(anonymous_36)
FNF:36
FNH:36
FNDA:37,PluginManager
FNDA:1,(anonymous_2)
FNDA:56,(anonymous_3)
FNDA:6,(anonymous_4)
FNDA:6,(anonymous_5)
FNDA:6,(anonymous_6)
FNDA:6,(anonymous_7)
FNDA:8,(anonymous_8)
FNDA:8,(anonymous_9)
FNDA:8,(anonymous_10)
FNDA:8,(anonymous_11)
FNDA:1,(anonymous_12)
FNDA:1,(anonymous_13)
FNDA:1,(anonymous_14)
FNDA:1,(anonymous_15)
FNDA:1,(anonymous_16)
FNDA:16,(anonymous_17)
FNDA:16,(anonymous_18)
FNDA:56,(anonymous_19)
FNDA:5,(anonymous_20)
FNDA:2,enable
FNDA:2,(anonymous_22)
FNDA:2,(anonymous_23)
FNDA:5,(anonymous_24)
FNDA:2,(anonymous_25)
FNDA:2,(anonymous_26)
FNDA:11,(anonymous_27)
FNDA:11,(anonymous_28)
FNDA:1,enableDependency
FNDA:1,(anonymous_30)
FNDA:1,(anonymous_31)
FNDA:6,(anonymous_32)
FNDA:8,(anonymous_33)
FNDA:8,(anonymous_34)
FNDA:3,(anonymous_35)
FNDA:1,(anonymous_36)
DA:21,1
DA:44,1
DA:47,37
DA:56,37
DA:65,37
DA:67,1
DA:77,37
DA:87,37
DA:97,37
DA:108,1
DA:111,56
DA:116,56
DA:131,1
DA:134,6
DA:137,6
DA:138,6
DA:141,6
DA:142,6
DA:143,6
DA:146,6
DA:147,6
DA:148,0
DA:153,6
DA:165,1
DA:168,8
DA:171,8
DA:172,8
DA:175,8
DA:176,8
DA:177,8
DA:180,8
DA:181,8
DA:193,1
DA:196,1
DA:199,1
DA:200,1
DA:203,1
DA:204,1
DA:205,1
DA:208,1
DA:209,1
DA:210,1
DA:213,1
DA:214,1
DA:215,0
DA:220,1
DA:231,1
DA:234,16
DA:235,16
DA:236,16
DA:237,0
DA:240,16
DA:241,56
DA:244,16
DA:255,1
DA:258,5
DA:260,5
DA:263,1
DA:264,2
DA:265,2
DA:266,2
DA:270,5
DA:271,2
DA:274,5
DA:275,5
DA:285,1
DA:288,2
DA:299,1
DA:302,2
DA:311,1
DA:314,11
DA:315,0
DA:318,11
DA:321,11
DA:322,3
DA:323,5
DA:324,2
DA:329,11
DA:346,1
DA:349,11
DA:350,1
DA:353,10
DA:354,1
DA:357,9
DA:358,9
DA:359,1
DA:362,8
DA:365,1
DA:366,1
DA:367,1
DA:371,8
DA:372,1
DA:373,1
DA:377,8
DA:378,6
DA:379,6
DA:383,8
DA:384,8
DA:387,8
DA:388,8
DA:401,1
DA:404,3
DA:405,1
DA:408,2
DA:409,1
DA:412,1
DA:413,1
DA:420,1
LF:108
LH:104
BRDA:114,1,0,56
BRDA:114,1,1,56
BRDA:147,2,0,0
BRDA:147,2,1,6
BRDA:153,3,0,0
BRDA:153,3,1,6
BRDA:181,4,0,0
BRDA:181,4,1,8
BRDA:214,5,0,0
BRDA:214,5,1,1
BRDA:220,6,0,0
BRDA:220,6,1,1
BRDA:236,7,0,0
BRDA:236,7,1,16
BRDA:258,8,0,5
BRDA:258,8,1,0
BRDA:275,9,0,0
BRDA:275,9,1,5
BRDA:288,10,0,1
BRDA:288,10,1,1
BRDA:288,11,0,2
BRDA:288,11,1,2
BRDA:314,12,0,0
BRDA:314,12,1,11
BRDA:318,13,0,11
BRDA:318,13,1,0
BRDA:321,14,0,3
BRDA:321,14,1,8
BRDA:323,15,0,2
BRDA:323,15,1,3
BRDA:349,16,0,1
BRDA:349,16,1,10
BRDA:353,17,0,1
BRDA:353,17,1,9
BRDA:358,18,0,1
BRDA:358,18,1,8
BRDA:372,19,0,1
BRDA:372,19,1,0
BRDA:377,20,0,6
BRDA:377,20,1,2
BRDA:388,21,0,0
BRDA:388,21,1,8
BRDA:404,22,0,1
BRDA:404,22,1,2
BRDA:408,23,0,1
BRDA:408,23,1,1
BRDA:413,24,0,0
BRDA:413,24,1,1
BRF:48
BRH:35
end_of_record
TN:
SF:/home/ubuntu/workspace/entity-core/lib/PluginManager/Errors/EUnknownPlugin.js
FN:34,EUnkownPlugin
FNF:1
FNH:1
FNDA:2,EUnkownPlugin
DA:22,1
DA:34,1
DA:37,2
DA:44,2
DA:49,1
DA:54,1
LF:6
LH:6
BRF:0
BRH:0
end_of_record
TN:
SF:/home/ubuntu/workspace/entity-core/lib/PluginManager/Errors/EPluginEnabled.js
FN:33,EPluginEnabled
FNF:1
FNH:1
FNDA:1,EPluginEnabled
DA:22,1
DA:33,1
DA:36,1
DA:43,1
DA:48,1
DA:53,1
LF:6
LH:6
BRF:0
BRH:0
end_of_record
TN:
SF:/home/ubuntu/workspace/entity-core/lib/PluginManager/Errors/EPluginDisabled.js
FN:33,EPluginDisabled
FNF:1
FNH:1
FNDA:1,EPluginDisabled
DA:22,1
DA:33,1
DA:36,1
DA:43,1
DA:48,1
DA:53,1
LF:6
LH:6
BRF:0
BRH:0
end_of_record
TN:
SF:/home/ubuntu/workspace/entity-core/lib/PluginManager/Errors/EPluginUnmetDependencies.js
FN:34,EPluginUnmetDependencies
FNF:1
FNH:1
FNDA:1,EPluginUnmetDependencies
DA:22,1
DA:34,1
DA:37,1
DA:44,1
DA:53,1
DA:58,1
DA:63,1
LF:7
LH:7
BRF:0
BRH:0
end_of_record
TN:
SF:/home/ubuntu/workspace/entity-core/lib/EntityManager/index.js
FN:35,EntityManager
FN:53,(anonymous_2)
FN:63,(anonymous_3)
FN:144,(anonymous_4)
FN:147,(anonymous_5)
FN:153,(anonymous_6)
FN:173,(anonymous_7)
FN:178,(anonymous_8)
FN:196,(anonymous_9)
FN:203,(anonymous_10)
FN:204,(anonymous_11)
FN:214,(anonymous_12)
FN:221,(anonymous_13)
FN:235,(anonymous_14)
FN:242,(anonymous_15)
FN:243,(anonymous_16)
FN:253,(anonymous_17)
FN:258,(anonymous_18)
FN:273,(anonymous_19)
FN:277,(anonymous_20)
FN:297,(anonymous_21)
FN:305,(anonymous_22)
FN:306,(anonymous_23)
FN:316,(anonymous_24)
FN:323,(anonymous_25)
FN:338,(anonymous_26)
FN:359,(anonymous_27)
FN:377,setupEntity
FN:378,(anonymous_29)
FN:384,(anonymous_30)
FN:385,(anonymous_31)
FN:395,(anonymous_32)
FN:396,(anonymous_33)
FN:407,(anonymous_34)
FN:412,(anonymous_35)
FN:425,(anonymous_36)
FN:429,(anonymous_37)
FNF:37
FNH:37
FNDA:97,EntityManager
FNDA:2,(anonymous_2)
FNDA:44,(anonymous_3)
FNDA:2,(anonymous_4)
FNDA:2,(anonymous_5)
FNDA:1,(anonymous_6)
FNDA:38,(anonymous_7)
FNDA:38,(anonymous_8)
FNDA:3,(anonymous_9)
FNDA:3,(anonymous_10)
FNDA:3,(anonymous_11)
FNDA:3,(anonymous_12)
FNDA:2,(anonymous_13)
FNDA:3,(anonymous_14)
FNDA:3,(anonymous_15)
FNDA:3,(anonymous_16)
FNDA:3,(anonymous_17)
FNDA:2,(anonymous_18)
FNDA:19,(anonymous_19)
FNDA:19,(anonymous_20)
FNDA:5,(anonymous_21)
FNDA:5,(anonymous_22)
FNDA:5,(anonymous_23)
FNDA:4,(anonymous_24)
FNDA:4,(anonymous_25)
FNDA:5,(anonymous_26)
FNDA:6,(anonymous_27)
FNDA:10,setupEntity
FNDA:10,(anonymous_29)
FNDA:6,(anonymous_30)
FNDA:6,(anonymous_31)
FNDA:5,(anonymous_32)
FNDA:5,(anonymous_33)
FNDA:5,(anonymous_34)
FNDA:15,(anonymous_35)
FNDA:5,(anonymous_36)
FNDA:6,(anonymous_37)
DA:21,1
DA:35,1
DA:38,97
DA:54,2
DA:64,44
DA:69,97
DA:70,76
DA:83,1
DA:144,1
DA:147,2
DA:148,2
DA:149,0
DA:152,2
DA:153,2
DA:154,1
DA:161,2
DA:173,1
DA:176,38
DA:177,38
DA:178,38
DA:179,38
DA:180,6
DA:183,32
DA:196,1
DA:199,3
DA:203,3
DA:204,3
DA:205,3
DA:206,1
DA:209,2
DA:210,2
DA:214,3
DA:215,3
DA:216,1
DA:219,2
DA:222,2
DA:235,1
DA:238,3
DA:242,3
DA:243,3
DA:244,3
DA:245,1
DA:248,2
DA:249,2
DA:253,3
DA:254,3
DA:255,1
DA:258,2
DA:259,2
DA:273,1
DA:276,19
DA:277,19
DA:278,19
DA:279,1
DA:282,18
DA:297,1
DA:300,5
DA:305,5
DA:306,5
DA:307,5
DA:308,1
DA:311,4
DA:312,4
DA:316,5
DA:317,4
DA:318,0
DA:321,4
DA:322,4
DA:323,4
DA:324,4
DA:325,0
DA:326,0
DA:329,4
DA:330,1
DA:331,1
DA:334,3
DA:338,5
DA:339,5
DA:359,1
DA:362,6
DA:363,6
DA:365,6
DA:375,6
DA:377,1
DA:378,10
DA:379,10
DA:380,10
DA:384,6
DA:385,6
DA:386,6
DA:387,1
DA:390,5
DA:391,5
DA:395,6
DA:396,5
DA:397,5
DA:398,0
DA:401,5
DA:402,5
DA:403,5
DA:407,6
DA:408,5
DA:413,15
DA:414,0
DA:417,15
DA:418,5
DA:421,10
DA:425,6
DA:426,5
DA:429,6
DA:430,6
DA:437,1
LF:112
LH:106
BRDA:69,1,0,76
BRDA:69,1,1,21
BRDA:69,2,0,97
BRDA:69,2,1,76
BRDA:148,3,0,0
BRDA:148,3,1,2
BRDA:156,4,0,1
BRDA:156,4,1,1
BRDA:157,5,0,1
BRDA:157,5,1,1
BRDA:179,6,0,6
BRDA:179,6,1,32
BRDA:183,7,0,0
BRDA:183,7,1,32
BRDA:205,8,0,1
BRDA:205,8,1,2
BRDA:215,9,0,1
BRDA:215,9,1,2
BRDA:222,10,0,0
BRDA:222,10,1,2
BRDA:244,11,0,1
BRDA:244,11,1,2
BRDA:254,12,0,1
BRDA:254,12,1,2
BRDA:259,13,0,0
BRDA:259,13,1,2
BRDA:278,14,0,1
BRDA:278,14,1,18
BRDA:307,15,0,1
BRDA:307,15,1,4
BRDA:317,16,0,0
BRDA:317,16,1,4
BRDA:324,17,0,0
BRDA:324,17,1,4
BRDA:324,18,0,4
BRDA:324,18,1,2
BRDA:329,19,0,1
BRDA:329,19,1,3
BRDA:329,20,0,4
BRDA:329,20,1,2
BRDA:329,20,2,2
BRDA:339,21,0,2
BRDA:339,21,1,3
BRDA:362,22,0,6
BRDA:362,22,1,3
BRDA:363,23,0,6
BRDA:363,23,1,5
BRDA:373,24,0,6
BRDA:373,24,1,5
BRDA:375,25,0,6
BRDA:375,25,1,5
BRDA:386,26,0,1
BRDA:386,26,1,5
BRDA:397,27,0,0
BRDA:397,27,1,5
BRDA:413,28,0,0
BRDA:413,28,1,15
BRDA:417,29,0,5
BRDA:417,29,1,10
BRDA:430,30,0,1
BRDA:430,30,1,5
BRF:61
BRH:53
end_of_record
TN:
SF:/home/ubuntu/workspace/entity-core/lib/EntityManager/Schema.js
FN:49,Schema
FN:75,(anonymous_2)
FN:87,(anonymous_3)
FN:90,(anonymous_4)
FN:102,(anonymous_5)
FN:105,(anonymous_6)
FN:117,(anonymous_7)
FN:120,(anonymous_8)
FN:132,(anonymous_9)
FN:145,(anonymous_10)
FN:156,(anonymous_11)
FN:165,(anonymous_12)
FN:169,(anonymous_13)
FN:182,(anonymous_14)
FN:186,(anonymous_15)
FN:202,(anonymous_16)
FN:224,(anonymous_17)
FN:255,(anonymous_18)
FN:272,(anonymous_19)
FN:294,(anonymous_20)
FN:325,(anonymous_21)
FN:356,(anonymous_22)
FN:367,san
FN:368,(anonymous_24)
FN:369,(anonymous_25)
FN:380,(anonymous_26)
FN:384,(anonymous_27)
FN:398,(anonymous_28)
FN:408,val
FN:409,(anonymous_30)
FN:410,(anonymous_31)
FN:421,(anonymous_32)
FN:425,(anonymous_33)
FNF:33
FNH:24
FNDA:86,Schema
FNDA:14,(anonymous_2)
FNDA:0,(anonymous_3)
FNDA:0,(anonymous_4)
FNDA:0,(anonymous_5)
FNDA:0,(anonymous_6)
FNDA:413,(anonymous_7)
FNDA:33,(anonymous_8)
FNDA:2,(anonymous_9)
FNDA:102,(anonymous_10)
FNDA:70,(anonymous_11)
FNDA:33,(anonymous_12)
FNDA:33,(anonymous_13)
FNDA:25,(anonymous_14)
FNDA:25,(anonymous_15)
FNDA:108,(anonymous_16)
FNDA:88,(anonymous_17)
FNDA:6,(anonymous_18)
FNDA:2,(anonymous_19)
FNDA:28,(anonymous_20)
FNDA:30,(anonymous_21)
FNDA:3,(anonymous_22)
FNDA:2,san
FNDA:2,(anonymous_24)
FNDA:2,(anonymous_25)
FNDA:2,(anonymous_26)
FNDA:2,(anonymous_27)
FNDA:1,(anonymous_28)
FNDA:0,val
FNDA:0,(anonymous_30)
FNDA:0,(anonymous_31)
FNDA:0,(anonymous_32)
FNDA:0,(anonymous_33)
DA:21,1
DA:49,1
DA:52,86
DA:54,86
DA:58,86
DA:65,86
DA:74,86
DA:76,14
DA:77,14
DA:86,86
DA:88,0
DA:91,0
DA:92,0
DA:101,86
DA:103,0
DA:106,0
DA:107,0
DA:116,86
DA:118,413
DA:121,33
DA:122,33
DA:131,86
DA:133,2
DA:138,1
DA:145,1
DA:148,102
DA:156,1
DA:159,70
DA:165,1
DA:168,33
DA:169,33
DA:170,33
DA:171,0
DA:174,33
DA:175,33
DA:182,1
DA:185,25
DA:186,25
DA:187,25
DA:188,0
DA:191,25
DA:192,25
DA:202,1
DA:205,108
DA:224,1
DA:227,88
DA:228,1
DA:231,87
DA:232,1
DA:235,86
DA:236,86
DA:245,86
DA:255,1
DA:258,6
DA:259,1
DA:262,5
DA:272,1
DA:275,2
DA:276,1
DA:279,1
DA:280,1
DA:282,1
DA:294,1
DA:297,28
DA:298,1
DA:301,27
DA:302,1
DA:305,26
DA:311,26
DA:312,26
DA:313,26
DA:325,1
DA:328,30
DA:329,1
DA:332,29
DA:333,1
DA:336,28
DA:342,28
DA:343,28
DA:344,28
DA:356,1
DA:359,3
DA:360,1
DA:363,2
DA:367,1
DA:368,2
DA:369,2
DA:370,2
DA:371,0
DA:374,2
DA:375,2
DA:380,2
DA:381,2
DA:384,2
DA:385,2
DA:398,1
DA:401,1
DA:402,1
DA:405,0
DA:408,1
DA:409,0
DA:410,0
DA:411,0
DA:412,0
DA:415,0
DA:416,0
DA:421,0
DA:422,0
DA:425,0
DA:426,0
DA:433,1
LF:111
LH:91
BRDA:170,1,0,0
BRDA:170,1,1,33
BRDA:187,2,0,0
BRDA:187,2,1,25
BRDA:227,3,0,1
BRDA:227,3,1,87
BRDA:231,4,0,1
BRDA:231,4,1,86
BRDA:240,5,0,86
BRDA:240,5,1,55
BRDA:258,6,0,1
BRDA:258,6,1,5
BRDA:275,7,0,1
BRDA:275,7,1,1
BRDA:297,8,0,1
BRDA:297,8,1,27
BRDA:301,9,0,1
BRDA:301,9,1,26
BRDA:307,10,0,26
BRDA:307,10,1,2
BRDA:308,11,0,26
BRDA:308,11,1,26
BRDA:328,12,0,1
BRDA:328,12,1,29
BRDA:332,13,0,1
BRDA:332,13,1,28
BRDA:338,14,0,28
BRDA:338,14,1,28
BRDA:339,15,0,28
BRDA:339,15,1,28
BRDA:359,16,0,1
BRDA:359,16,1,2
BRDA:370,17,0,0
BRDA:370,17,1,2
BRDA:385,18,0,0
BRDA:385,18,1,2
BRDA:401,19,0,1
BRDA:401,19,1,0
BRDA:411,20,0,0
BRDA:411,20,1,0
BRDA:426,21,0,0
BRDA:426,21,1,0
BRF:42
BRH:33
end_of_record
TN:
SF:/home/ubuntu/workspace/entity-core/lib/EntityManager/BaseEntity.js
FN:39,BaseEntity
FN:69,(anonymous_2)
FN:80,(anonymous_3)
FN:91,(anonymous_4)
FN:94,(anonymous_5)
FN:105,(anonymous_6)
FN:108,(anonymous_7)
FN:118,(anonymous_8)
FN:129,(anonymous_9)
FN:132,(anonymous_10)
FN:142,(anonymous_11)
FN:153,(anonymous_12)
FN:156,(anonymous_13)
FN:166,(anonymous_14)
FN:177,(anonymous_15)
FN:180,(anonymous_16)
FN:190,(anonymous_17)
FN:193,(anonymous_18)
FN:207,(anonymous_19)
FN:213,(anonymous_20)
FN:224,(anonymous_21)
FN:234,(anonymous_22)
FN:245,(anonymous_23)
FN:251,(anonymous_24)
FN:262,(anonymous_25)
FN:272,(anonymous_26)
FN:284,(anonymous_27)
FN:298,(anonymous_28)
FN:325,(anonymous_29)
FN:359,(anonymous_30)
FN:374,(anonymous_31)
FN:378,(anonymous_32)
FN:394,(anonymous_33)
FN:401,(anonymous_34)
FN:413,(anonymous_35)
FN:420,(anonymous_36)
FN:424,(anonymous_37)
FN:428,(anonymous_38)
FN:429,(anonymous_39)
FN:439,(anonymous_40)
FN:442,(anonymous_41)
FN:451,(anonymous_42)
FN:452,(anonymous_43)
FN:463,(anonymous_44)
FN:466,(anonymous_45)
FN:477,(anonymous_46)
FN:501,(anonymous_47)
FN:513,(anonymous_48)
FN:516,(anonymous_49)
FN:526,(anonymous_50)
FN:534,(anonymous_51)
FN:546,(anonymous_52)
FN:554,(anonymous_53)
FN:568,(anonymous_54)
FN:584,(anonymous_55)
FN:589,(anonymous_56)
FN:590,(anonymous_57)
FN:608,(anonymous_58)
FN:609,(anonymous_59)
FN:623,(anonymous_60)
FN:630,(anonymous_61)
FN:637,(anonymous_62)
FNF:62
FNH:53
FNDA:158,BaseEntity
FNDA:175,(anonymous_2)
FNDA:60,(anonymous_3)
FNDA:0,(anonymous_4)
FNDA:107,(anonymous_5)
FNDA:0,(anonymous_6)
FNDA:105,(anonymous_7)
FNDA:40,(anonymous_8)
FNDA:0,(anonymous_9)
FNDA:279,(anonymous_10)
FNDA:1,(anonymous_11)
FNDA:0,(anonymous_12)
FNDA:15,(anonymous_13)
FNDA:61,(anonymous_14)
FNDA:1,(anonymous_15)
FNDA:52,(anonymous_16)
FNDA:508,(anonymous_17)
FNDA:210,(anonymous_18)
FNDA:0,(anonymous_19)
FNDA:53,(anonymous_20)
FNDA:55,(anonymous_21)
FNDA:55,(anonymous_22)
FNDA:0,(anonymous_23)
FNDA:53,(anonymous_24)
FNDA:0,(anonymous_25)
FNDA:0,(anonymous_26)
FNDA:0,(anonymous_27)
FNDA:53,(anonymous_28)
FNDA:55,(anonymous_29)
FNDA:53,(anonymous_30)
FNDA:54,(anonymous_31)
FNDA:54,(anonymous_32)
FNDA:56,(anonymous_33)
FNDA:55,(anonymous_34)
FNDA:54,(anonymous_35)
FNDA:54,(anonymous_36)
FNDA:53,(anonymous_37)
FNDA:53,(anonymous_38)
FNDA:53,(anonymous_39)
FNDA:53,(anonymous_40)
FNDA:53,(anonymous_41)
FNDA:52,(anonymous_42)
FNDA:52,(anonymous_43)
FNDA:1,(anonymous_44)
FNDA:1,(anonymous_45)
FNDA:54,(anonymous_46)
FNDA:54,(anonymous_47)
FNDA:53,(anonymous_48)
FNDA:53,(anonymous_49)
FNDA:53,(anonymous_50)
FNDA:12,(anonymous_51)
FNDA:53,(anonymous_52)
FNDA:53,(anonymous_53)
FNDA:6,(anonymous_54)
FNDA:3,(anonymous_55)
FNDA:2,(anonymous_56)
FNDA:2,(anonymous_57)
FNDA:2,(anonymous_58)
FNDA:2,(anonymous_59)
FNDA:1,(anonymous_60)
FNDA:3,(anonymous_61)
FNDA:5,(anonymous_62)
DA:21,1
DA:39,1
DA:42,158
DA:54,158
DA:70,175
DA:71,175
DA:81,60
DA:92,0
DA:95,107
DA:106,0
DA:109,105
DA:119,40
DA:130,0
DA:133,279
DA:143,1
DA:154,0
DA:157,15
DA:167,61
DA:178,1
DA:181,52
DA:191,508
DA:194,210
DA:195,117
DA:196,117
DA:208,0
DA:214,53
DA:215,53
DA:225,55
DA:235,55
DA:246,0
DA:252,53
DA:253,53
DA:263,0
DA:273,0
DA:284,1
DA:287,0
DA:298,1
DA:301,53
DA:302,53
DA:303,53
DA:308,53
DA:313,53
DA:325,1
DA:328,55
DA:331,55
DA:333,55
DA:334,4
DA:337,55
DA:338,55
DA:343,55
DA:348,55
DA:359,1
DA:362,53
DA:363,53
DA:364,53
DA:374,1
DA:377,54
DA:378,54
DA:379,54
DA:380,1
DA:383,53
DA:384,53
DA:394,1
DA:397,56
DA:398,1
DA:401,55
DA:402,55
DA:413,1
DA:416,54
DA:420,54
DA:421,54
DA:424,54
DA:425,53
DA:428,54
DA:429,53
DA:430,53
DA:431,0
DA:434,53
DA:435,53
DA:439,54
DA:440,53
DA:443,53
DA:444,0
DA:447,53
DA:451,54
DA:452,52
DA:453,52
DA:454,0
DA:457,52
DA:458,52
DA:462,54
DA:463,1
DA:464,1
DA:467,1
DA:468,0
DA:471,1
DA:472,1
DA:477,54
DA:478,54
DA:479,2
DA:482,52
DA:483,52
DA:484,52
DA:485,52
DA:487,52
DA:501,1
DA:504,54
DA:505,54
DA:506,1
DA:509,53
DA:513,53
DA:514,53
DA:517,53
DA:518,0
DA:521,53
DA:522,53
DA:526,53
DA:527,53
DA:528,41
DA:531,12
DA:535,12
DA:536,0
DA:539,12
DA:540,12
DA:542,12
DA:546,53
DA:547,53
DA:548,10
DA:551,43
DA:554,53
DA:555,53
DA:568,1
DA:571,6
DA:572,1
DA:575,5
DA:579,5
DA:580,5
DA:581,3
DA:583,3
DA:584,3
DA:585,3
DA:589,3
DA:590,2
DA:591,2
DA:592,0
DA:595,2
DA:596,2
DA:598,2
DA:604,2
DA:608,3
DA:609,2
DA:610,2
DA:611,0
DA:614,2
DA:615,2
DA:617,2
DA:622,5
DA:623,1
DA:624,1
DA:630,4
DA:631,3
DA:637,5
DA:638,5
DA:645,1
LF:164
LH:147
BRDA:194,1,0,117
BRDA:194,1,1,93
BRDA:331,2,0,55
BRDA:331,2,1,55
BRDA:333,3,0,4
BRDA:333,3,1,51
BRDA:339,4,0,55
BRDA:339,4,1,3
BRDA:340,5,0,55
BRDA:340,5,1,55
BRDA:379,6,0,1
BRDA:379,6,1,53
BRDA:397,7,0,1
BRDA:397,7,1,55
BRDA:397,8,0,56
BRDA:397,8,1,55
BRDA:430,9,0,0
BRDA:430,9,1,53
BRDA:443,10,0,0
BRDA:443,10,1,53
BRDA:447,11,0,1
BRDA:447,11,1,52
BRDA:453,12,0,0
BRDA:453,12,1,52
BRDA:462,13,0,1
BRDA:462,13,1,53
BRDA:467,14,0,0
BRDA:467,14,1,1
BRDA:478,15,0,2
BRDA:478,15,1,52
BRDA:504,16,0,54
BRDA:504,16,1,50
BRDA:505,17,0,1
BRDA:505,17,1,53
BRDA:517,18,0,0
BRDA:517,18,1,53
BRDA:521,19,0,53
BRDA:521,19,1,12
BRDA:527,20,0,41
BRDA:527,20,1,12
BRDA:535,21,0,0
BRDA:535,21,1,12
BRDA:539,22,0,12
BRDA:539,22,1,10
BRDA:547,23,0,10
BRDA:547,23,1,43
BRDA:555,24,0,10
BRDA:555,24,1,43
BRDA:571,25,0,1
BRDA:571,25,1,5
BRDA:579,26,0,1
BRDA:579,26,1,4
BRDA:579,27,0,4
BRDA:579,27,1,3
BRDA:580,28,0,3
BRDA:580,28,1,2
BRDA:583,29,0,3
BRDA:583,29,1,0
BRDA:583,30,0,3
BRDA:583,30,1,0
BRDA:591,31,0,0
BRDA:591,31,1,2
BRDA:610,32,0,0
BRDA:610,32,1,2
BRDA:622,33,0,1
BRDA:622,33,1,4
BRDA:638,34,0,1
BRDA:638,34,1,4
BRF:68
BRH:58
end_of_record
TN:
SF:/home/ubuntu/workspace/entity-core/lib/EntityManager/Errors/EMissingMachineName.js
FN:32,EMissingMachineName
FNF:1
FNH:1
FNDA:3,EMissingMachineName
DA:22,1
DA:32,1
DA:35,3
DA:38,1
DA:43,1
LF:5
LH:5
BRF:0
BRH:0
end_of_record
TN:
SF:/home/ubuntu/workspace/entity-core/lib/EntityManager/Errors/EMachineNameExists.js
FN:33,EMachineNameExists
FNF:1
FNH:1
FNDA:1,EMachineNameExists
DA:22,1
DA:33,1
DA:36,1
DA:43,1
DA:48,1
DA:53,1
LF:6
LH:6
BRF:0
BRH:0
end_of_record
TN:
SF:/home/ubuntu/workspace/entity-core/lib/EntityManager/Errors/ECantFindEntity.js
FN:34,ECantFindEntity
FNF:1
FNH:1
FNDA:10,ECantFindEntity
DA:22,1
DA:34,1
DA:37,10
DA:44,10
DA:53,10
DA:58,1
DA:63,1
LF:7
LH:7
BRF:0
BRH:0
end_of_record
TN:
SF:/home/ubuntu/workspace/entity-core/lib/EntityManager/Errors/EUnknownFieldType.js
FN:34,EUnknownFieldType
FNF:1
FNH:1
FNDA:1,EUnknownFieldType
DA:22,1
DA:34,1
DA:37,1
DA:44,1
DA:53,1
DA:58,1
DA:63,1
LF:7
LH:7
BRF:0
BRH:0
end_of_record
TN:
SF:/home/ubuntu/workspace/entity-core/lib/EntityManager/Errors/ESchemaFieldDefined.js
FN:33,ESchemaFieldDefined
FNF:1
FNH:1
FNDA:1,ESchemaFieldDefined
DA:22,1
DA:33,1
DA:36,1
DA:43,1
DA:48,1
DA:53,1
LF:6
LH:6
BRF:0
BRH:0
end_of_record
TN:
SF:/home/ubuntu/workspace/entity-core/lib/EntityManager/Errors/EUnknownSchemaField.js
FN:33,EUnknownSchemaField
FNF:1
FNH:1
FNDA:8,EUnknownSchemaField
DA:22,1
DA:33,1
DA:36,8
DA:43,8
DA:48,1
DA:53,1
LF:6
LH:6
BRF:0
BRH:0
end_of_record
TN:
SF:/home/ubuntu/workspace/entity-core/lib/EntityManager/Entity.js
FN:38,Entity
FN:53,(anonymous_2)
FN:56,(anonymous_3)
FN:68,(anonymous_4)
FN:90,(anonymous_5)
FN:93,(anonymous_6)
FN:115,(anonymous_7)
FN:124,(anonymous_8)
FN:133,(anonymous_9)
FN:137,(anonymous_10)
FN:144,subload
FN:145,(anonymous_12)
FN:146,(anonymous_13)
FN:170,(anonymous_14)
FN:179,(anonymous_15)
FN:183,(anonymous_16)
FN:215,(anonymous_17)
FN:242,(anonymous_18)
FNF:18
FNH:16
FNDA:49,Entity
FNDA:0,(anonymous_2)
FNDA:0,(anonymous_3)
FNDA:23,(anonymous_4)
FNDA:86,(anonymous_5)
FNDA:14,(anonymous_6)
FNDA:25,(anonymous_7)
FNDA:56,(anonymous_8)
FNDA:14,(anonymous_9)
FNDA:14,(anonymous_10)
FNDA:1,subload
FNDA:1,(anonymous_12)
FNDA:1,(anonymous_13)
FNDA:14,(anonymous_14)
FNDA:22,(anonymous_15)
FNDA:22,(anonymous_16)
FNDA:9,(anonymous_17)
FNDA:9,(anonymous_18)
DA:21,1
DA:38,1
DA:41,49
DA:43,49
DA:52,49
DA:54,0
DA:57,0
DA:67,49
DA:69,23
DA:79,49
DA:89,49
DA:91,86
DA:94,14
DA:98,49
DA:99,0
DA:108,1
DA:115,1
DA:118,25
DA:124,1
DA:127,56
DA:133,1
DA:136,14
DA:137,14
DA:138,14
DA:139,0
DA:142,14
DA:144,1
DA:145,1
DA:146,1
DA:147,1
DA:148,0
DA:151,1
DA:152,1
DA:157,14
DA:158,14
DA:160,14
DA:161,7
DA:162,1
DA:170,14
DA:171,14
DA:179,1
DA:182,22
DA:183,22
DA:184,22
DA:185,0
DA:188,22
DA:189,22
DA:191,22
DA:192,22
DA:193,7
DA:194,1
DA:200,6
DA:204,22
DA:215,1
DA:218,9
DA:219,1
DA:222,8
DA:223,6
DA:226,2
DA:227,2
DA:228,1
DA:231,1
DA:242,1
DA:245,9
DA:246,1
DA:249,8
DA:250,8
DA:256,1
LF:68
LH:62
BRDA:98,1,0,0
BRDA:98,1,1,49
BRDA:98,2,0,49
BRDA:98,2,1,46
BRDA:98,2,2,46
BRDA:138,3,0,0
BRDA:138,3,1,14
BRDA:147,4,0,0
BRDA:147,4,1,1
BRDA:158,5,0,14
BRDA:158,5,1,0
BRDA:161,6,0,1
BRDA:161,6,1,6
BRDA:171,7,0,0
BRDA:171,7,1,14
BRDA:184,8,0,0
BRDA:184,8,1,22
BRDA:193,9,0,1
BRDA:193,9,1,6
BRDA:218,10,0,1
BRDA:218,10,1,8
BRDA:222,11,0,6
BRDA:222,11,1,2
BRDA:227,12,0,1
BRDA:227,12,1,1
BRDA:245,13,0,1
BRDA:245,13,1,8
BRF:27
BRH:21
end_of_record
TN:
SF:/home/ubuntu/workspace/entity-core/lib/PluginManager/Plugin.js
FN:29,Plugin
FN:67,(anonymous_2)
FN:83,(anonymous_3)
FN:98,(anonymous_4)
FNF:4
FNH:4
FNDA:56,Plugin
FNDA:8,(anonymous_2)
FNDA:6,(anonymous_3)
FNDA:1,(anonymous_4)
DA:29,1
DA:37,56
DA:46,56
DA:55,56
DA:67,1
DA:72,8
DA:83,1
DA:88,6
DA:98,1
DA:103,1
DA:109,1
LF:11
LH:11
BRF:0
BRH:0
end_of_record
TN:
SF:/home/ubuntu/workspace/entity-core/lib/EntityManager/Validators/Entity.js
FN:35,validateEntity
FNF:1
FNH:1
FNDA:4,validateEntity
DA:21,1
DA:35,1
DA:38,4
DA:39,0
DA:42,4
DA:43,1
DA:46,3
DA:47,3
DA:48,2
DA:49,2
DA:50,1
DA:55,2
LF:12
LH:11
BRDA:38,1,0,0
BRDA:38,1,1,4
BRDA:38,2,0,4
BRDA:38,2,1,4
BRDA:42,3,0,1
BRDA:42,3,1,3
BRDA:46,4,0,3
BRDA:46,4,1,0
BRDA:48,5,0,2
BRDA:48,5,1,0
BRDA:49,6,0,1
BRDA:49,6,1,1
BRF:12
BRH:9
end_of_record
TN:
SF:/home/ubuntu/workspace/entity-core/lib/EntityManager/Errors/EInvalidEntity.js
FN:32,EInvalidEntity
FNF:1
FNH:1
FNDA:1,EInvalidEntity
DA:22,1
DA:32,1
DA:35,1
DA:38,1
DA:43,1
LF:5
LH:5
BRF:0
BRH:0
end_of_record
TN:
SF:/home/ubuntu/workspace/entity-core/lib/EntityManager/Errors/EFailedEntity.js
FN:33,EFailedEntity
FNF:1
FNH:1
FNDA:1,EFailedEntity
DA:22,1
DA:33,1
DA:36,1
DA:43,1
DA:48,1
DA:53,1
LF:6
LH:6
BRF:0
BRH:0
end_of_record
TN:
SF:/home/ubuntu/workspace/entity-core/lib/Sanitizers/Errors/EInvalidValue.js
FN:33,EInvalidValue
FNF:1
FNH:1
FNDA:2,EInvalidValue
DA:22,1
DA:33,1
DA:36,2
DA:43,2
DA:48,1
DA:53,1
LF:6
LH:6
BRF:0
BRH:0
end_of_record
TN:
SF:/home/ubuntu/workspace/entity-core/lib/Validators/Errors/EInvalidEmail.js
FN:33,EInvalidEmail
FNF:1
FNH:1
FNDA:1,EInvalidEmail
DA:22,1
DA:33,1
DA:36,1
DA:43,1
DA:48,1
DA:53,1
LF:6
LH:6
BRF:0
BRH:0
end_of_record
TN:
SF:/home/ubuntu/workspace/entity-core/lib/Validators/Errors/EInvalidLength.js
FN:36,EInvalidLength
FNF:1
FNH:1
FNDA:4,EInvalidLength
DA:22,1
DA:36,1
DA:39,4
DA:46,4
DA:55,4
DA:64,4
DA:69,1
DA:74,1
LF:8
LH:8
BRF:0
BRH:0
end_of_record
TN:
SF:/home/ubuntu/workspace/entity-core/lib/Validators/Errors/EInvalidCharacters.js
FN:33,EInvalidCharacters
FNF:1
FNH:1
FNDA:3,EInvalidCharacters
DA:22,1
DA:33,1
DA:36,3
DA:43,3
DA:48,1
DA:53,1
LF:6
LH:6
BRF:0
BRH:0
end_of_record
TN:
SF:/home/ubuntu/workspace/entity-core/lib/Validators/Errors/EMustContainDigit.js
FN:33,EMustContainDigit
FNF:1
FNH:1
FNDA:1,EMustContainDigit
DA:22,1
DA:33,1
DA:36,1
DA:43,1
DA:48,1
DA:53,1
LF:6
LH:6
BRF:0
BRH:0
end_of_record
TN:
SF:/home/ubuntu/workspace/entity-core/lib/Validators/Errors/EMustContainLowercase.js
FN:34,EMustContainLowercase
FNF:1
FNH:1
FNDA:1,EMustContainLowercase
DA:22,1
DA:34,1
DA:37,1
DA:44,1
DA:49,1
DA:54,1
LF:6
LH:6
BRF:0
BRH:0
end_of_record
TN:
SF:/home/ubuntu/workspace/entity-core/lib/Validators/Errors/EMustContainUppercase.js
FN:34,EMustContainUppercase
FNF:1
FNH:1
FNDA:1,EMustContainUppercase
DA:22,1
DA:34,1
DA:37,1
DA:44,1
DA:49,1
DA:54,1
LF:6
LH:6
BRF:0
BRH:0
end_of_record
TN:
SF:/home/ubuntu/workspace/entity-core/lib/Validators/Errors/EInvalidURL.js
FN:33,EInvalidURL
FNF:1
FNH:1
FNDA:3,EInvalidURL
DA:22,1
DA:33,1
DA:36,3
DA:43,3
DA:48,1
DA:53,1
LF:6
LH:6
BRF:0
BRH:0
end_of_record
TN:
SF:/home/ubuntu/workspace/entity-core/lib/Validators/Rules/MachineName.js
FN:39,validateMachineName
FNF:1
FNH:1
FNDA:59,validateMachineName
DA:21,1
DA:39,1
DA:42,59
DA:45,59
DA:46,2
DA:49,57
DA:50,2
DA:53,55
LF:8
LH:8
BRDA:45,1,0,2
BRDA:45,1,1,57
BRDA:45,2,0,59
BRDA:45,2,1,58
BRDA:49,3,0,2
BRDA:49,3,1,55
BRF:6
BRH:6
end_of_record
TN:
SF:/home/ubuntu/workspace/entity-core/lib/Validators/Rules/Email.js
FN:35,validateEmail
FNF:1
FNH:1
FNDA:2,validateEmail
DA:21,1
DA:35,1
DA:40,2
DA:41,1
DA:46,1
LF:5
LH:5
BRDA:40,1,0,1
BRDA:40,1,1,1
BRF:2
BRH:2
end_of_record
TN:
SF:/home/ubuntu/workspace/entity-core/lib/Validators/Rules/Url.js
FN:35,validateUrl
FNF:1
FNH:1
FNDA:4,validateUrl
DA:21,1
DA:35,1
DA:38,4
DA:72,4
DA:73,3
DA:76,1
LF:6
LH:6
BRDA:72,1,0,3
BRDA:72,1,1,1
BRF:2
BRH:2
end_of_record
TN:
SF:/home/ubuntu/workspace/entity-core/lib/Validators/Rules/Password.js
FN:48,validatePassword
FNF:1
FNH:1
FNDA:7,validatePassword
DA:21,1
DA:48,1
DA:51,7
DA:54,7
DA:55,2
DA:58,5
DA:59,1
DA:62,4
DA:63,1
DA:66,3
DA:67,1
DA:70,2
DA:71,1
DA:74,1
LF:14
LH:14
BRDA:51,1,0,7
BRDA:51,1,1,7
BRDA:52,2,0,7
BRDA:52,2,1,7
BRDA:54,3,0,2
BRDA:54,3,1,5
BRDA:54,4,0,7
BRDA:54,4,1,6
BRDA:58,5,0,1
BRDA:58,5,1,4
BRDA:62,6,0,1
BRDA:62,6,1,3
BRDA:66,7,0,1
BRDA:66,7,1,2
BRDA:70,8,0,1
BRDA:70,8,1,1
BRF:16
BRH:16
end_of_record
TN:
SF:/home/ubuntu/workspace/entity-core/lib/Sanitizers/Rules/Trim.js
FN:34,sanitizeTrim
FNF:1
FNH:1
FNDA:58,sanitizeTrim
DA:21,1
DA:34,1
DA:37,58
DA:38,2
DA:41,56
LF:5
LH:5
BRDA:37,1,0,2
BRDA:37,1,1,56
BRF:2
BRH:2
end_of_record
